Gym has been unmaintained since 2022 and does not support NumPy 2.0 amongst other critical functionality.
Please upgrade to Gymnasium, the maintained drop-in replacement of Gym, or contact the authors of your software and request that they upgrade.
See the migration guide at https://gymnasium.farama.org/introduction/migration_guide/ for additional information.
/234/miniconda/envs/libero/lib/python3.8/site-packages/torch/utils/tensorboard/__init__.py:4: DeprecationWarning: distutils Version classes are deprecated. Use packaging.version instead.
  if not hasattr(tensorboard, "__version__") or LooseVersion(
/234/miniconda/envs/libero/lib/python3.8/site-packages/robosuite/__init__.py:7: DeprecationWarning: The 'warn' method is deprecated, use 'warning' instead
  ROBOSUITE_DEFAULT_LOGGER.warn("No private macro file found!")
[robosuite WARNING] No private macro file found! (__init__.py:7)
[robosuite WARNING] It is recommended to use a private macro file (__init__.py:8)
[robosuite WARNING] To setup, run: python /234/miniconda/envs/libero/lib/python3.8/site-packages/robosuite/scripts/setup_macros.py (__init__.py:9)
/234/miniconda/envs/libero/lib/python3.8/site-packages/thop/profile.py:12: DeprecationWarning: distutils Version classes are deprecated. Use packaging.version instead.
  if LooseVersion(torch.__version__) < LooseVersion("1.0.0"):
[info] using task orders [0, 1, 2, 3, 4, 5, 6, 7, 8, 9]
Task 5: BC + Vanilla PPO (sparse reward only)...

============= Initialized Observation Utils with Obs Spec =============

using obs modality: rgb with keys: ['agentview_rgb', 'eye_in_hand_rgb']
using obs modality: depth with keys: []
using obs modality: low_dim with keys: ['joint_states', 'gripper_states']
SequenceDataset: loading dataset into memory...
  0%|          | 0/50 [00:00<?, ?it/s]100%|██████████| 50/50 [00:00<00:00, 861.88it/s]
Using cuda device
Logging to /234/outputs/ppo_bc_vanilla/task5/tb_logs/PPO_1
---------------------------------
| rollout/           |          |
|    ep_len_mean     | 139      |
|    ep_rew_mean     | 0.643    |
| time/              |          |
|    fps             | 4        |
|    iterations      | 1        |
|    time_elapsed    | 435      |
|    total_timesteps | 2048     |
---------------------------------
-----------------------------------------
| rollout/                |             |
|    ep_len_mean          | 130         |
|    ep_rew_mean          | 0.71        |
| time/                   |             |
|    fps                  | 4           |
|    iterations           | 2           |
|    time_elapsed         | 932         |
|    total_timesteps      | 4096        |
| train/                  |             |
|    approx_kl            | 0.020998113 |
|    clip_fraction        | 0.229       |
|    clip_range           | 0.2         |
|    entropy_loss         | -9.95       |
|    explained_variance   | -0.713      |
|    learning_rate        | 0.0003      |
|    loss                 | -0.12       |
|    n_updates            | 10          |
|    policy_gradient_loss | -0.0205     |
|    std                  | 1           |
|    value_loss           | 0.0168      |
-----------------------------------------
-----------------------------------------
| rollout/                |             |
|    ep_len_mean          | 126         |
|    ep_rew_mean          | 0.75        |
| time/                   |             |
|    fps                  | 4           |
|    iterations           | 3           |
|    time_elapsed         | 1432        |
|    total_timesteps      | 6144        |
| train/                  |             |
|    approx_kl            | 0.021416854 |
|    clip_fraction        | 0.248       |
|    clip_range           | 0.2         |
|    entropy_loss         | -9.96       |
|    explained_variance   | 0.474       |
|    learning_rate        | 0.0003      |
|    loss                 | -0.119      |
|    n_updates            | 20          |
|    policy_gradient_loss | -0.0213     |
|    std                  | 1.01        |
|    value_loss           | 0.00618     |
-----------------------------------------
---------------------------------------
| rollout/                |           |
|    ep_len_mean          | 127       |
|    ep_rew_mean          | 0.734     |
| time/                   |           |
|    fps                  | 4         |
|    iterations           | 4         |
|    time_elapsed         | 1929      |
|    total_timesteps      | 8192      |
| train/                  |           |
|    approx_kl            | 0.0247534 |
|    clip_fraction        | 0.286     |
|    clip_range           | 0.2       |
|    entropy_loss         | -10       |
|    explained_variance   | 0.848     |
|    learning_rate        | 0.0003    |
|    loss                 | -0.151    |
|    n_updates            | 30        |
|    policy_gradient_loss | -0.0269   |
|    std                  | 1.01      |
|    value_loss           | 0.00373   |
---------------------------------------
Eval num_timesteps=10000, episode_reward=0.75 +/- 0.43
Episode length: 122.60 +/- 44.84
-----------------------------------------
| eval/                   |             |
|    mean_ep_length       | 123         |
|    mean_reward          | 0.75        |
| time/                   |             |
|    total_timesteps      | 10000       |
| train/                  |             |
|    approx_kl            | 0.022049535 |
|    clip_fraction        | 0.256       |
|    clip_range           | 0.2         |
|    entropy_loss         | -10         |
|    explained_variance   | 0.803       |
|    learning_rate        | 0.0003      |
|    loss                 | -0.159      |
|    n_updates            | 40          |
|    policy_gradient_loss | -0.0226     |
|    std                  | 1.01        |
|    value_loss           | 0.00278     |
-----------------------------------------
New best mean reward!
---------------------------------
| rollout/           |          |
|    ep_len_mean     | 129      |
|    ep_rew_mean     | 0.722    |
| time/              |          |
|    fps             | 3        |
|    iterations      | 5        |
|    time_elapsed    | 3016     |
|    total_timesteps | 10240    |
---------------------------------
-----------------------------------------
| rollout/                |             |
|    ep_len_mean          | 128         |
|    ep_rew_mean          | 0.726       |
| time/                   |             |
|    fps                  | 3           |
|    iterations           | 6           |
|    time_elapsed         | 3510        |
|    total_timesteps      | 12288       |
| train/                  |             |
|    approx_kl            | 0.023616023 |
|    clip_fraction        | 0.295       |
|    clip_range           | 0.2         |
|    entropy_loss         | -10         |
|    explained_variance   | 0.864       |
|    learning_rate        | 0.0003      |
|    loss                 | -0.111      |
|    n_updates            | 50          |
|    policy_gradient_loss | -0.0267     |
|    std                  | 1.01        |
|    value_loss           | 0.00233     |
-----------------------------------------
-----------------------------------------
| rollout/                |             |
|    ep_len_mean          | 128         |
|    ep_rew_mean          | 0.72        |
| time/                   |             |
|    fps                  | 3           |
|    iterations           | 7           |
|    time_elapsed         | 4004        |
|    total_timesteps      | 14336       |
| train/                  |             |
|    approx_kl            | 0.027037285 |
|    clip_fraction        | 0.273       |
|    clip_range           | 0.2         |
|    entropy_loss         | -10         |
|    explained_variance   | 0.799       |
|    learning_rate        | 0.0003      |
|    loss                 | -0.118      |
|    n_updates            | 60          |
|    policy_gradient_loss | -0.0256     |
|    std                  | 1.02        |
|    value_loss           | 0.00346     |
-----------------------------------------
-----------------------------------------
| rollout/                |             |
|    ep_len_mean          | 127         |
|    ep_rew_mean          | 0.73        |
| time/                   |             |
|    fps                  | 3           |
|    iterations           | 8           |
|    time_elapsed         | 4501        |
|    total_timesteps      | 16384       |
| train/                  |             |
|    approx_kl            | 0.029660944 |
|    clip_fraction        | 0.323       |
|    clip_range           | 0.2         |
|    entropy_loss         | -10.1       |
|    explained_variance   | 0.893       |
|    learning_rate        | 0.0003      |
|    loss                 | -0.184      |
|    n_updates            | 70          |
|    policy_gradient_loss | -0.0296     |
|    std                  | 1.02        |
|    value_loss           | 0.00204     |
-----------------------------------------
-----------------------------------------
| rollout/                |             |
|    ep_len_mean          | 127         |
|    ep_rew_mean          | 0.72        |
| time/                   |             |
|    fps                  | 3           |
|    iterations           | 9           |
|    time_elapsed         | 5002        |
|    total_timesteps      | 18432       |
| train/                  |             |
|    approx_kl            | 0.026893321 |
|    clip_fraction        | 0.295       |
|    clip_range           | 0.2         |
|    entropy_loss         | -10.1       |
|    explained_variance   | 0.87        |
|    learning_rate        | 0.0003      |
|    loss                 | -0.14       |
|    n_updates            | 80          |
|    policy_gradient_loss | -0.0291     |
|    std                  | 1.03        |
|    value_loss           | 0.00211     |
-----------------------------------------
Eval num_timesteps=20000, episode_reward=0.85 +/- 0.36
Episode length: 114.10 +/- 36.51
-----------------------------------------
| eval/                   |             |
|    mean_ep_length       | 114         |
|    mean_reward          | 0.85        |
| time/                   |             |
|    total_timesteps      | 20000       |
| train/                  |             |
|    approx_kl            | 0.029752843 |
|    clip_fraction        | 0.312       |
|    clip_range           | 0.2         |
|    entropy_loss         | -10.1       |
|    explained_variance   | 0.875       |
|    learning_rate        | 0.0003      |
|    loss                 | -0.171      |
|    n_updates            | 90          |
|    policy_gradient_loss | -0.0262     |
|    std                  | 1.03        |
|    value_loss           | 0.00218     |
-----------------------------------------
New best mean reward!
---------------------------------
| rollout/           |          |
|    ep_len_mean     | 125      |
|    ep_rew_mean     | 0.74     |
| time/              |          |
|    fps             | 3        |
|    iterations      | 10       |
|    time_elapsed    | 6051     |
|    total_timesteps | 20480    |
---------------------------------
-----------------------------------------
| rollout/                |             |
|    ep_len_mean          | 123         |
|    ep_rew_mean          | 0.76        |
| time/                   |             |
|    fps                  | 3           |
|    iterations           | 11          |
|    time_elapsed         | 6550        |
|    total_timesteps      | 22528       |
| train/                  |             |
|    approx_kl            | 0.029706515 |
|    clip_fraction        | 0.314       |
|    clip_range           | 0.2         |
|    entropy_loss         | -10.2       |
|    explained_variance   | 0.855       |
|    learning_rate        | 0.0003      |
|    loss                 | -0.158      |
|    n_updates            | 100         |
|    policy_gradient_loss | -0.0273     |
|    std                  | 1.04        |
|    value_loss           | 0.0031      |
-----------------------------------------
-----------------------------------------
| rollout/                |             |
|    ep_len_mean          | 125         |
|    ep_rew_mean          | 0.74        |
| time/                   |             |
|    fps                  | 3           |
|    iterations           | 12          |
|    time_elapsed         | 7053        |
|    total_timesteps      | 24576       |
| train/                  |             |
|    approx_kl            | 0.034198225 |
|    clip_fraction        | 0.344       |
|    clip_range           | 0.2         |
|    entropy_loss         | -10.2       |
|    explained_variance   | 0.719       |
|    learning_rate        | 0.0003      |
|    loss                 | -0.103      |
|    n_updates            | 110         |
|    policy_gradient_loss | -0.0308     |
|    std                  | 1.04        |
|    value_loss           | 0.00355     |
-----------------------------------------
-----------------------------------------
| rollout/                |             |
|    ep_len_mean          | 125         |
|    ep_rew_mean          | 0.75        |
| time/                   |             |
|    fps                  | 3           |
|    iterations           | 13          |
|    time_elapsed         | 7549        |
|    total_timesteps      | 26624       |
| train/                  |             |
|    approx_kl            | 0.034920994 |
|    clip_fraction        | 0.328       |
|    clip_range           | 0.2         |
|    entropy_loss         | -10.2       |
|    explained_variance   | 0.791       |
|    learning_rate        | 0.0003      |
|    loss                 | -0.129      |
|    n_updates            | 120         |
|    policy_gradient_loss | -0.0364     |
|    std                  | 1.04        |
|    value_loss           | 0.00293     |
-----------------------------------------
-----------------------------------------
| rollout/                |             |
|    ep_len_mean          | 124         |
|    ep_rew_mean          | 0.76        |
| time/                   |             |
|    fps                  | 3           |
|    iterations           | 14          |
|    time_elapsed         | 8044        |
|    total_timesteps      | 28672       |
| train/                  |             |
|    approx_kl            | 0.029616844 |
|    clip_fraction        | 0.321       |
|    clip_range           | 0.2         |
|    entropy_loss         | -10.3       |
|    explained_variance   | 0.769       |
|    learning_rate        | 0.0003      |
|    loss                 | -0.159      |
|    n_updates            | 130         |
|    policy_gradient_loss | -0.0294     |
|    std                  | 1.05        |
|    value_loss           | 0.00305     |
-----------------------------------------
Eval num_timesteps=30000, episode_reward=0.60 +/- 0.49
Episode length: 137.60 +/- 51.08
----------------------------------------
| eval/                   |            |
|    mean_ep_length       | 138        |
|    mean_reward          | 0.6        |
| time/                   |            |
|    total_timesteps      | 30000      |
| train/                  |            |
|    approx_kl            | 0.02812262 |
|    clip_fraction        | 0.325      |
|    clip_range           | 0.2        |
|    entropy_loss         | -10.3      |
|    explained_variance   | 0.797      |
|    learning_rate        | 0.0003     |
|    loss                 | -0.161     |
|    n_updates            | 140        |
|    policy_gradient_loss | -0.0266    |
|    std                  | 1.06       |
|    value_loss           | 0.00268    |
----------------------------------------
---------------------------------
| rollout/           |          |
|    ep_len_mean     | 129      |
|    ep_rew_mean     | 0.71     |
| time/              |          |
|    fps             | 3        |
|    iterations      | 15       |
|    time_elapsed    | 9203     |
|    total_timesteps | 30720    |
---------------------------------
----------------------------------------
| rollout/                |            |
|    ep_len_mean          | 127        |
|    ep_rew_mean          | 0.74       |
| time/                   |            |
|    fps                  | 3          |
|    iterations           | 16         |
|    time_elapsed         | 9701       |
|    total_timesteps      | 32768      |
| train/                  |            |
|    approx_kl            | 0.03548178 |
|    clip_fraction        | 0.357      |
|    clip_range           | 0.2        |
|    entropy_loss         | -10.3      |
|    explained_variance   | 0.859      |
|    learning_rate        | 0.0003     |
|    loss                 | -0.14      |
|    n_updates            | 150        |
|    policy_gradient_loss | -0.0374    |
|    std                  | 1.06       |
|    value_loss           | 0.0023     |
----------------------------------------
-----------------------------------------
| rollout/                |             |
|    ep_len_mean          | 130         |
|    ep_rew_mean          | 0.71        |
| time/                   |             |
|    fps                  | 3           |
|    iterations           | 17          |
|    time_elapsed         | 10197       |
|    total_timesteps      | 34816       |
| train/                  |             |
|    approx_kl            | 0.037745018 |
|    clip_fraction        | 0.346       |
|    clip_range           | 0.2         |
|    entropy_loss         | -10.4       |
|    explained_variance   | 0.808       |
|    learning_rate        | 0.0003      |
|    loss                 | -0.147      |
|    n_updates            | 160         |
|    policy_gradient_loss | -0.0317     |
|    std                  | 1.07        |
|    value_loss           | 0.00331     |
-----------------------------------------
----------------------------------------
| rollout/                |            |
|    ep_len_mean          | 128        |
|    ep_rew_mean          | 0.73       |
| time/                   |            |
|    fps                  | 3          |
|    iterations           | 18         |
|    time_elapsed         | 10701      |
|    total_timesteps      | 36864      |
| train/                  |            |
|    approx_kl            | 0.03365016 |
|    clip_fraction        | 0.361      |
|    clip_range           | 0.2        |
|    entropy_loss         | -10.4      |
|    explained_variance   | 0.859      |
|    learning_rate        | 0.0003     |
|    loss                 | -0.128     |
|    n_updates            | 170        |
|    policy_gradient_loss | -0.0353    |
|    std                  | 1.07       |
|    value_loss           | 0.00333    |
----------------------------------------
-----------------------------------------
| rollout/                |             |
|    ep_len_mean          | 125         |
|    ep_rew_mean          | 0.75        |
| time/                   |             |
|    fps                  | 3           |
|    iterations           | 19          |
|    time_elapsed         | 11205       |
|    total_timesteps      | 38912       |
| train/                  |             |
|    approx_kl            | 0.030357007 |
|    clip_fraction        | 0.315       |
|    clip_range           | 0.2         |
|    entropy_loss         | -10.4       |
|    explained_variance   | 0.847       |
|    learning_rate        | 0.0003      |
|    loss                 | -0.155      |
|    n_updates            | 180         |
|    policy_gradient_loss | -0.0309     |
|    std                  | 1.08        |
|    value_loss           | 0.00237     |
-----------------------------------------
Eval num_timesteps=40000, episode_reward=0.75 +/- 0.43
Episode length: 125.30 +/- 43.31
-----------------------------------------
| eval/                   |             |
|    mean_ep_length       | 125         |
|    mean_reward          | 0.75        |
| time/                   |             |
|    total_timesteps      | 40000       |
| train/                  |             |
|    approx_kl            | 0.029497797 |
|    clip_fraction        | 0.333       |
|    clip_range           | 0.2         |
|    entropy_loss         | -10.5       |
|    explained_variance   | 0.845       |
|    learning_rate        | 0.0003      |
|    loss                 | -0.17       |
|    n_updates            | 190         |
|    policy_gradient_loss | -0.0279     |
|    std                  | 1.08        |
|    value_loss           | 0.0021      |
-----------------------------------------
---------------------------------
| rollout/           |          |
|    ep_len_mean     | 128      |
|    ep_rew_mean     | 0.72     |
| time/              |          |
|    fps             | 3        |
|    iterations      | 20       |
|    time_elapsed    | 12308    |
|    total_timesteps | 40960    |
---------------------------------
-----------------------------------------
| rollout/                |             |
|    ep_len_mean          | 127         |
|    ep_rew_mean          | 0.73        |
| time/                   |             |
|    fps                  | 3           |
|    iterations           | 21          |
|    time_elapsed         | 12813       |
|    total_timesteps      | 43008       |
| train/                  |             |
|    approx_kl            | 0.042786077 |
|    clip_fraction        | 0.342       |
|    clip_range           | 0.2         |
|    entropy_loss         | -10.5       |
|    explained_variance   | 0.803       |
|    learning_rate        | 0.0003      |
|    loss                 | -0.143      |
|    n_updates            | 200         |
|    policy_gradient_loss | -0.0376     |
|    std                  | 1.09        |
|    value_loss           | 0.0023      |
-----------------------------------------
----------------------------------------
| rollout/                |            |
|    ep_len_mean          | 126        |
|    ep_rew_mean          | 0.74       |
| time/                   |            |
|    fps                  | 3          |
|    iterations           | 22         |
|    time_elapsed         | 13314      |
|    total_timesteps      | 45056      |
| train/                  |            |
|    approx_kl            | 0.03617087 |
|    clip_fraction        | 0.358      |
|    clip_range           | 0.2        |
|    entropy_loss         | -10.5      |
|    explained_variance   | 0.866      |
|    learning_rate        | 0.0003     |
|    loss                 | -0.166     |
|    n_updates            | 210        |
|    policy_gradient_loss | -0.0392    |
|    std                  | 1.1        |
|    value_loss           | 0.00241    |
----------------------------------------
-----------------------------------------
| rollout/                |             |
|    ep_len_mean          | 122         |
|    ep_rew_mean          | 0.78        |
| time/                   |             |
|    fps                  | 3           |
|    iterations           | 23          |
|    time_elapsed         | 13820       |
|    total_timesteps      | 47104       |
| train/                  |             |
|    approx_kl            | 0.042248573 |
|    clip_fraction        | 0.356       |
|    clip_range           | 0.2         |
|    entropy_loss         | -10.6       |
|    explained_variance   | 0.787       |
|    learning_rate        | 0.0003      |
|    loss                 | -0.177      |
|    n_updates            | 220         |
|    policy_gradient_loss | -0.0346     |
|    std                  | 1.09        |
|    value_loss           | 0.00276     |
-----------------------------------------
-----------------------------------------
| rollout/                |             |
|    ep_len_mean          | 123         |
|    ep_rew_mean          | 0.77        |
| time/                   |             |
|    fps                  | 3           |
|    iterations           | 24          |
|    time_elapsed         | 14319       |
|    total_timesteps      | 49152       |
| train/                  |             |
|    approx_kl            | 0.040240902 |
|    clip_fraction        | 0.337       |
|    clip_range           | 0.2         |
|    entropy_loss         | -10.6       |
|    explained_variance   | 0.846       |
|    learning_rate        | 0.0003      |
|    loss                 | -0.161      |
|    n_updates            | 230         |
|    policy_gradient_loss | -0.0345     |
|    std                  | 1.1         |
|    value_loss           | 0.00211     |
-----------------------------------------
Eval num_timesteps=50000, episode_reward=0.80 +/- 0.40
Episode length: 121.05 +/- 40.16
----------------------------------------
| eval/                   |            |
|    mean_ep_length       | 121        |
|    mean_reward          | 0.8        |
| time/                   |            |
|    total_timesteps      | 50000      |
| train/                  |            |
|    approx_kl            | 0.03745475 |
|    clip_fraction        | 0.342      |
|    clip_range           | 0.2        |
|    entropy_loss         | -10.6      |
|    explained_variance   | 0.874      |
|    learning_rate        | 0.0003     |
|    loss                 | -0.177     |
|    n_updates            | 240        |
|    policy_gradient_loss | -0.037     |
|    std                  | 1.1        |
|    value_loss           | 0.00209    |
----------------------------------------
---------------------------------
| rollout/           |          |
|    ep_len_mean     | 121      |
|    ep_rew_mean     | 0.79     |
| time/              |          |
|    fps             | 3        |
|    iterations      | 25       |
|    time_elapsed    | 15402    |
|    total_timesteps | 51200    |
---------------------------------
-----------------------------------------
| rollout/                |             |
|    ep_len_mean          | 119         |
|    ep_rew_mean          | 0.82        |
| time/                   |             |
|    fps                  | 3           |
|    iterations           | 26          |
|    time_elapsed         | 15903       |
|    total_timesteps      | 53248       |
| train/                  |             |
|    approx_kl            | 0.038108498 |
|    clip_fraction        | 0.352       |
|    clip_range           | 0.2         |
|    entropy_loss         | -10.6       |
|    explained_variance   | 0.868       |
|    learning_rate        | 0.0003      |
|    loss                 | -0.154      |
|    n_updates            | 250         |
|    policy_gradient_loss | -0.0314     |
|    std                  | 1.11        |
|    value_loss           | 0.00144     |
-----------------------------------------
----------------------------------------
| rollout/                |            |
|    ep_len_mean          | 120        |
|    ep_rew_mean          | 0.81       |
| time/                   |            |
|    fps                  | 3          |
|    iterations           | 27         |
|    time_elapsed         | 16406      |
|    total_timesteps      | 55296      |
| train/                  |            |
|    approx_kl            | 0.03383424 |
|    clip_fraction        | 0.332      |
|    clip_range           | 0.2        |
|    entropy_loss         | -10.6      |
|    explained_variance   | 0.849      |
|    learning_rate        | 0.0003     |
|    loss                 | -0.17      |
|    n_updates            | 260        |
|    policy_gradient_loss | -0.037     |
|    std                  | 1.1        |
|    value_loss           | 0.00164    |
----------------------------------------
-----------------------------------------
| rollout/                |             |
|    ep_len_mean          | 120         |
|    ep_rew_mean          | 0.81        |
| time/                   |             |
|    fps                  | 3           |
|    iterations           | 28          |
|    time_elapsed         | 16907       |
|    total_timesteps      | 57344       |
| train/                  |             |
|    approx_kl            | 0.041073248 |
|    clip_fraction        | 0.352       |
|    clip_range           | 0.2         |
|    entropy_loss         | -10.6       |
|    explained_variance   | 0.841       |
|    learning_rate        | 0.0003      |
|    loss                 | -0.162      |
|    n_updates            | 270         |
|    policy_gradient_loss | -0.0337     |
|    std                  | 1.11        |
|    value_loss           | 0.00274     |
-----------------------------------------
-----------------------------------------
| rollout/                |             |
|    ep_len_mean          | 123         |
|    ep_rew_mean          | 0.78        |
| time/                   |             |
|    fps                  | 3           |
|    iterations           | 29          |
|    time_elapsed         | 17409       |
|    total_timesteps      | 59392       |
| train/                  |             |
|    approx_kl            | 0.038511835 |
|    clip_fraction        | 0.356       |
|    clip_range           | 0.2         |
|    entropy_loss         | -10.7       |
|    explained_variance   | 0.851       |
|    learning_rate        | 0.0003      |
|    loss                 | -0.18       |
|    n_updates            | 280         |
|    policy_gradient_loss | -0.0392     |
|    std                  | 1.12        |
|    value_loss           | 0.00198     |
-----------------------------------------
Eval num_timesteps=60000, episode_reward=0.95 +/- 0.22
Episode length: 106.75 +/- 23.47
-----------------------------------------
| eval/                   |             |
|    mean_ep_length       | 107         |
|    mean_reward          | 0.95        |
| time/                   |             |
|    total_timesteps      | 60000       |
| train/                  |             |
|    approx_kl            | 0.036000863 |
|    clip_fraction        | 0.349       |
|    clip_range           | 0.2         |
|    entropy_loss         | -10.7       |
|    explained_variance   | 0.837       |
|    learning_rate        | 0.0003      |
|    loss                 | -0.172      |
|    n_updates            | 290         |
|    policy_gradient_loss | -0.0412     |
|    std                  | 1.12        |
|    value_loss           | 0.00265     |
-----------------------------------------
New best mean reward!
---------------------------------
| rollout/           |          |
|    ep_len_mean     | 120      |
|    ep_rew_mean     | 0.81     |
| time/              |          |
|    fps             | 3        |
|    iterations      | 30       |
|    time_elapsed    | 18443    |
|    total_timesteps | 61440    |
---------------------------------
----------------------------------------
| rollout/                |            |
|    ep_len_mean          | 124        |
|    ep_rew_mean          | 0.77       |
| time/                   |            |
|    fps                  | 3          |
|    iterations           | 31         |
|    time_elapsed         | 18939      |
|    total_timesteps      | 63488      |
| train/                  |            |
|    approx_kl            | 0.04403549 |
|    clip_fraction        | 0.368      |
|    clip_range           | 0.2        |
|    entropy_loss         | -10.7      |
|    explained_variance   | 0.871      |
|    learning_rate        | 0.0003     |
|    loss                 | -0.144     |
|    n_updates            | 300        |
|    policy_gradient_loss | -0.0356    |
|    std                  | 1.12       |
|    value_loss           | 0.0016     |
----------------------------------------
-----------------------------------------
| rollout/                |             |
|    ep_len_mean          | 122         |
|    ep_rew_mean          | 0.79        |
| time/                   |             |
|    fps                  | 3           |
|    iterations           | 32          |
|    time_elapsed         | 19445       |
|    total_timesteps      | 65536       |
| train/                  |             |
|    approx_kl            | 0.037611675 |
|    clip_fraction        | 0.342       |
|    clip_range           | 0.2         |
|    entropy_loss         | -10.8       |
|    explained_variance   | 0.832       |
|    learning_rate        | 0.0003      |
|    loss                 | -0.151      |
|    n_updates            | 310         |
|    policy_gradient_loss | -0.0386     |
|    std                  | 1.13        |
|    value_loss           | 0.00274     |
-----------------------------------------
-----------------------------------------
| rollout/                |             |
|    ep_len_mean          | 125         |
|    ep_rew_mean          | 0.77        |
| time/                   |             |
|    fps                  | 3           |
|    iterations           | 33          |
|    time_elapsed         | 19942       |
|    total_timesteps      | 67584       |
| train/                  |             |
|    approx_kl            | 0.040226176 |
|    clip_fraction        | 0.36        |
|    clip_range           | 0.2         |
|    entropy_loss         | -10.8       |
|    explained_variance   | 0.872       |
|    learning_rate        | 0.0003      |
|    loss                 | -0.133      |
|    n_updates            | 320         |
|    policy_gradient_loss | -0.0376     |
|    std                  | 1.13        |
|    value_loss           | 0.00148     |
-----------------------------------------
-----------------------------------------
| rollout/                |             |
|    ep_len_mean          | 122         |
|    ep_rew_mean          | 0.79        |
| time/                   |             |
|    fps                  | 3           |
|    iterations           | 34          |
|    time_elapsed         | 20445       |
|    total_timesteps      | 69632       |
| train/                  |             |
|    approx_kl            | 0.039684884 |
|    clip_fraction        | 0.351       |
|    clip_range           | 0.2         |
|    entropy_loss         | -10.8       |
|    explained_variance   | 0.827       |
|    learning_rate        | 0.0003      |
|    loss                 | -0.193      |
|    n_updates            | 330         |
|    policy_gradient_loss | -0.0378     |
|    std                  | 1.14        |
|    value_loss           | 0.00209     |
-----------------------------------------
Eval num_timesteps=70000, episode_reward=0.80 +/- 0.40
Episode length: 118.05 +/- 41.20
-----------------------------------------
| eval/                   |             |
|    mean_ep_length       | 118         |
|    mean_reward          | 0.8         |
| time/                   |             |
|    total_timesteps      | 70000       |
| train/                  |             |
|    approx_kl            | 0.039698627 |
|    clip_fraction        | 0.369       |
|    clip_range           | 0.2         |
|    entropy_loss         | -10.8       |
|    explained_variance   | 0.802       |
|    learning_rate        | 0.0003      |
|    loss                 | -0.139      |
|    n_updates            | 340         |
|    policy_gradient_loss | -0.0368     |
|    std                  | 1.13        |
|    value_loss           | 0.00244     |
-----------------------------------------
---------------------------------
| rollout/           |          |
|    ep_len_mean     | 122      |
|    ep_rew_mean     | 0.79     |
| time/              |          |
|    fps             | 3        |
|    iterations      | 35       |
|    time_elapsed    | 21516    |
|    total_timesteps | 71680    |
---------------------------------
-----------------------------------------
| rollout/                |             |
|    ep_len_mean          | 125         |
|    ep_rew_mean          | 0.76        |
| time/                   |             |
|    fps                  | 3           |
|    iterations           | 36          |
|    time_elapsed         | 22016       |
|    total_timesteps      | 73728       |
| train/                  |             |
|    approx_kl            | 0.037970368 |
|    clip_fraction        | 0.371       |
|    clip_range           | 0.2         |
|    entropy_loss         | -10.8       |
|    explained_variance   | 0.907       |
|    learning_rate        | 0.0003      |
|    loss                 | -0.133      |
|    n_updates            | 350         |
|    policy_gradient_loss | -0.0384     |
|    std                  | 1.13        |
|    value_loss           | 0.00272     |
-----------------------------------------
----------------------------------------
| rollout/                |            |
|    ep_len_mean          | 120        |
|    ep_rew_mean          | 0.8        |
| time/                   |            |
|    fps                  | 3          |
|    iterations           | 37         |
|    time_elapsed         | 22522      |
|    total_timesteps      | 75776      |
| train/                  |            |
|    approx_kl            | 0.04037172 |
|    clip_fraction        | 0.371      |
|    clip_range           | 0.2        |
|    entropy_loss         | -10.8      |
|    explained_variance   | 0.84       |
|    learning_rate        | 0.0003     |
|    loss                 | -0.146     |
|    n_updates            | 360        |
|    policy_gradient_loss | -0.0361    |
|    std                  | 1.13       |
|    value_loss           | 0.00325    |
----------------------------------------
----------------------------------------
| rollout/                |            |
|    ep_len_mean          | 117        |
|    ep_rew_mean          | 0.83       |
| time/                   |            |
|    fps                  | 3          |
|    iterations           | 38         |
|    time_elapsed         | 23033      |
|    total_timesteps      | 77824      |
| train/                  |            |
|    approx_kl            | 0.03973323 |
|    clip_fraction        | 0.365      |
|    clip_range           | 0.2        |
|    entropy_loss         | -10.8      |
|    explained_variance   | 0.87       |
|    learning_rate        | 0.0003     |
|    loss                 | -0.126     |
|    n_updates            | 370        |
|    policy_gradient_loss | -0.0347    |
|    std                  | 1.13       |
|    value_loss           | 0.00265    |
----------------------------------------
-----------------------------------------
| rollout/                |             |
|    ep_len_mean          | 115         |
|    ep_rew_mean          | 0.85        |
| time/                   |             |
|    fps                  | 3           |
|    iterations           | 39          |
|    time_elapsed         | 23541       |
|    total_timesteps      | 79872       |
| train/                  |             |
|    approx_kl            | 0.040302828 |
|    clip_fraction        | 0.349       |
|    clip_range           | 0.2         |
|    entropy_loss         | -10.8       |
|    explained_variance   | 0.896       |
|    learning_rate        | 0.0003      |
|    loss                 | -0.168      |
|    n_updates            | 380         |
|    policy_gradient_loss | -0.0355     |
|    std                  | 1.14        |
|    value_loss           | 0.00129     |
-----------------------------------------
Eval num_timesteps=80000, episode_reward=0.85 +/- 0.36
Episode length: 114.80 +/- 35.88
----------------------------------------
| eval/                   |            |
|    mean_ep_length       | 115        |
|    mean_reward          | 0.85       |
| time/                   |            |
|    total_timesteps      | 80000      |
| train/                  |            |
|    approx_kl            | 0.06309025 |
|    clip_fraction        | 0.386      |
|    clip_range           | 0.2        |
|    entropy_loss         | -10.8      |
|    explained_variance   | 0.909      |
|    learning_rate        | 0.0003     |
|    loss                 | -0.167     |
|    n_updates            | 390        |
|    policy_gradient_loss | -0.0492    |
|    std                  | 1.14       |
|    value_loss           | 0.000968   |
----------------------------------------
---------------------------------
| rollout/           |          |
|    ep_len_mean     | 114      |
|    ep_rew_mean     | 0.86     |
| time/              |          |
|    fps             | 3        |
|    iterations      | 40       |
|    time_elapsed    | 24607    |
|    total_timesteps | 81920    |
---------------------------------
----------------------------------------
| rollout/                |            |
|    ep_len_mean          | 114        |
|    ep_rew_mean          | 0.86       |
| time/                   |            |
|    fps                  | 3          |
|    iterations           | 41         |
|    time_elapsed         | 25110      |
|    total_timesteps      | 83968      |
| train/                  |            |
|    approx_kl            | 0.04731567 |
|    clip_fraction        | 0.366      |
|    clip_range           | 0.2        |
|    entropy_loss         | -10.8      |
|    explained_variance   | 0.863      |
|    learning_rate        | 0.0003     |
|    loss                 | -0.159     |
|    n_updates            | 400        |
|    policy_gradient_loss | -0.0379    |
|    std                  | 1.14       |
|    value_loss           | 0.00186    |
----------------------------------------
-----------------------------------------
| rollout/                |             |
|    ep_len_mean          | 113         |
|    ep_rew_mean          | 0.87        |
| time/                   |             |
|    fps                  | 3           |
|    iterations           | 42          |
|    time_elapsed         | 25615       |
|    total_timesteps      | 86016       |
| train/                  |             |
|    approx_kl            | 0.041960403 |
|    clip_fraction        | 0.376       |
|    clip_range           | 0.2         |
|    entropy_loss         | -10.8       |
|    explained_variance   | 0.903       |
|    learning_rate        | 0.0003      |
|    loss                 | -0.188      |
|    n_updates            | 410         |
|    policy_gradient_loss | -0.0358     |
|    std                  | 1.14        |
|    value_loss           | 0.00129     |
-----------------------------------------
-----------------------------------------
| rollout/                |             |
|    ep_len_mean          | 116         |
|    ep_rew_mean          | 0.84        |
| time/                   |             |
|    fps                  | 3           |
|    iterations           | 43          |
|    time_elapsed         | 26123       |
|    total_timesteps      | 88064       |
| train/                  |             |
|    approx_kl            | 0.046596877 |
|    clip_fraction        | 0.377       |
|    clip_range           | 0.2         |
|    entropy_loss         | -10.9       |
|    explained_variance   | 0.837       |
|    learning_rate        | 0.0003      |
|    loss                 | -0.166      |
|    n_updates            | 420         |
|    policy_gradient_loss | -0.0374     |
|    std                  | 1.15        |
|    value_loss           | 0.00307     |
-----------------------------------------
Eval num_timesteps=90000, episode_reward=0.90 +/- 0.30
Episode length: 108.55 +/- 30.86
-----------------------------------------
| eval/                   |             |
|    mean_ep_length       | 109         |
|    mean_reward          | 0.9         |
| time/                   |             |
|    total_timesteps      | 90000       |
| train/                  |             |
|    approx_kl            | 0.056449566 |
|    clip_fraction        | 0.409       |
|    clip_range           | 0.2         |
|    entropy_loss         | -10.9       |
|    explained_variance   | 0.86        |
|    learning_rate        | 0.0003      |
|    loss                 | -0.169      |
|    n_updates            | 430         |
|    policy_gradient_loss | -0.0467     |
|    std                  | 1.15        |
|    value_loss           | 0.00155     |
-----------------------------------------
---------------------------------
| rollout/           |          |
|    ep_len_mean     | 115      |
|    ep_rew_mean     | 0.84     |
| time/              |          |
|    fps             | 3        |
|    iterations      | 44       |
|    time_elapsed    | 27158    |
|    total_timesteps | 90112    |
---------------------------------
----------------------------------------
| rollout/                |            |
|    ep_len_mean          | 118        |
|    ep_rew_mean          | 0.82       |
| time/                   |            |
|    fps                  | 3          |
|    iterations           | 45         |
|    time_elapsed         | 27658      |
|    total_timesteps      | 92160      |
| train/                  |            |
|    approx_kl            | 0.04547485 |
|    clip_fraction        | 0.375      |
|    clip_range           | 0.2        |
|    entropy_loss         | -11        |
|    explained_variance   | 0.89       |
|    learning_rate        | 0.0003     |
|    loss                 | -0.153     |
|    n_updates            | 440        |
|    policy_gradient_loss | -0.0446    |
|    std                  | 1.16       |
|    value_loss           | 0.00223    |
----------------------------------------
-----------------------------------------
| rollout/                |             |
|    ep_len_mean          | 115         |
|    ep_rew_mean          | 0.84        |
| time/                   |             |
|    fps                  | 3           |
|    iterations           | 46          |
|    time_elapsed         | 28173       |
|    total_timesteps      | 94208       |
| train/                  |             |
|    approx_kl            | 0.043758713 |
|    clip_fraction        | 0.385       |
|    clip_range           | 0.2         |
|    entropy_loss         | -11         |
|    explained_variance   | 0.923       |
|    learning_rate        | 0.0003      |
|    loss                 | -0.168      |
|    n_updates            | 450         |
|    policy_gradient_loss | -0.0465     |
|    std                  | 1.17        |
|    value_loss           | 0.00135     |
-----------------------------------------
-----------------------------------------
| rollout/                |             |
|    ep_len_mean          | 117         |
|    ep_rew_mean          | 0.82        |
| time/                   |             |
|    fps                  | 3           |
|    iterations           | 47          |
|    time_elapsed         | 28680       |
|    total_timesteps      | 96256       |
| train/                  |             |
|    approx_kl            | 0.039533786 |
|    clip_fraction        | 0.382       |
|    clip_range           | 0.2         |
|    entropy_loss         | -11         |
|    explained_variance   | 0.93        |
|    learning_rate        | 0.0003      |
|    loss                 | -0.153      |
|    n_updates            | 460         |
|    policy_gradient_loss | -0.0403     |
|    std                  | 1.17        |
|    value_loss           | 0.00111     |
-----------------------------------------
-----------------------------------------
| rollout/                |             |
|    ep_len_mean          | 118         |
|    ep_rew_mean          | 0.81        |
| time/                   |             |
|    fps                  | 3           |
|    iterations           | 48          |
|    time_elapsed         | 29183       |
|    total_timesteps      | 98304       |
| train/                  |             |
|    approx_kl            | 0.050932206 |
|    clip_fraction        | 0.418       |
|    clip_range           | 0.2         |
|    entropy_loss         | -11.1       |
|    explained_variance   | 0.873       |
|    learning_rate        | 0.0003      |
|    loss                 | -0.184      |
|    n_updates            | 470         |
|    policy_gradient_loss | -0.0464     |
|    std                  | 1.18        |
|    value_loss           | 0.00152     |
-----------------------------------------
Eval num_timesteps=100000, episode_reward=0.80 +/- 0.40
Episode length: 118.05 +/- 41.28
-----------------------------------------
| eval/                   |             |
|    mean_ep_length       | 118         |
|    mean_reward          | 0.8         |
| time/                   |             |
|    total_timesteps      | 100000      |
| train/                  |             |
|    approx_kl            | 0.039937496 |
|    clip_fraction        | 0.373       |
|    clip_range           | 0.2         |
|    entropy_loss         | -11.1       |
|    explained_variance   | 0.849       |
|    learning_rate        | 0.0003      |
|    loss                 | -0.175      |
|    n_updates            | 480         |
|    policy_gradient_loss | -0.0404     |
|    std                  | 1.18        |
|    value_loss           | 0.00317     |
-----------------------------------------
---------------------------------
| rollout/           |          |
|    ep_len_mean     | 113      |
|    ep_rew_mean     | 0.86     |
| time/              |          |
|    fps             | 3        |
|    iterations      | 49       |
|    time_elapsed    | 30264    |
|    total_timesteps | 100352   |
---------------------------------
----------------------------------------
| rollout/                |            |
|    ep_len_mean          | 113        |
|    ep_rew_mean          | 0.86       |
| time/                   |            |
|    fps                  | 3          |
|    iterations           | 50         |
|    time_elapsed         | 30780      |
|    total_timesteps      | 102400     |
| train/                  |            |
|    approx_kl            | 0.05093726 |
|    clip_fraction        | 0.4        |
|    clip_range           | 0.2        |
|    entropy_loss         | -11.1      |
|    explained_variance   | 0.884      |
|    learning_rate        | 0.0003     |
|    loss                 | -0.175     |
|    n_updates            | 490        |
|    policy_gradient_loss | -0.0383    |
|    std                  | 1.19       |
|    value_loss           | 0.000793   |
----------------------------------------
-----------------------------------------
| rollout/                |             |
|    ep_len_mean          | 113         |
|    ep_rew_mean          | 0.86        |
| time/                   |             |
|    fps                  | 3           |
|    iterations           | 51          |
|    time_elapsed         | 31292       |
|    total_timesteps      | 104448      |
| train/                  |             |
|    approx_kl            | 0.043292932 |
|    clip_fraction        | 0.397       |
|    clip_range           | 0.2         |
|    entropy_loss         | -11.2       |
|    explained_variance   | 0.859       |
|    learning_rate        | 0.0003      |
|    loss                 | -0.173      |
|    n_updates            | 500         |
|    policy_gradient_loss | -0.0362     |
|    std                  | 1.2         |
|    value_loss           | 0.00127     |
-----------------------------------------
-----------------------------------------
| rollout/                |             |
|    ep_len_mean          | 113         |
|    ep_rew_mean          | 0.87        |
| time/                   |             |
|    fps                  | 3           |
|    iterations           | 52          |
|    time_elapsed         | 31802       |
|    total_timesteps      | 106496      |
| train/                  |             |
|    approx_kl            | 0.045960024 |
|    clip_fraction        | 0.379       |
|    clip_range           | 0.2         |
|    entropy_loss         | -11.2       |
|    explained_variance   | 0.86        |
|    learning_rate        | 0.0003      |
|    loss                 | -0.201      |
|    n_updates            | 510         |
|    policy_gradient_loss | -0.0442     |
|    std                  | 1.2         |
|    value_loss           | 0.00153     |
-----------------------------------------
-----------------------------------------
| rollout/                |             |
|    ep_len_mean          | 108         |
|    ep_rew_mean          | 0.92        |
| time/                   |             |
|    fps                  | 3           |
|    iterations           | 53          |
|    time_elapsed         | 32311       |
|    total_timesteps      | 108544      |
| train/                  |             |
|    approx_kl            | 0.043673493 |
|    clip_fraction        | 0.376       |
|    clip_range           | 0.2         |
|    entropy_loss         | -11.2       |
|    explained_variance   | 0.905       |
|    learning_rate        | 0.0003      |
|    loss                 | -0.143      |
|    n_updates            | 520         |
|    policy_gradient_loss | -0.039      |
|    std                  | 1.2         |
|    value_loss           | 0.00153     |
-----------------------------------------
Eval num_timesteps=110000, episode_reward=0.65 +/- 0.48
Episode length: 134.95 +/- 47.81
-----------------------------------------
| eval/                   |             |
|    mean_ep_length       | 135         |
|    mean_reward          | 0.65        |
| time/                   |             |
|    total_timesteps      | 110000      |
| train/                  |             |
|    approx_kl            | 0.041350868 |
|    clip_fraction        | 0.383       |
|    clip_range           | 0.2         |
|    entropy_loss         | -11.2       |
|    explained_variance   | 0.942       |
|    learning_rate        | 0.0003      |
|    loss                 | -0.161      |
|    n_updates            | 530         |
|    policy_gradient_loss | -0.0437     |
|    std                  | 1.2         |
|    value_loss           | 0.00102     |
-----------------------------------------
---------------------------------
| rollout/           |          |
|    ep_len_mean     | 111      |
|    ep_rew_mean     | 0.88     |
| time/              |          |
|    fps             | 3        |
|    iterations      | 54       |
|    time_elapsed    | 33460    |
|    total_timesteps | 110592   |
---------------------------------
-----------------------------------------
| rollout/                |             |
|    ep_len_mean          | 115         |
|    ep_rew_mean          | 0.85        |
| time/                   |             |
|    fps                  | 3           |
|    iterations           | 55          |
|    time_elapsed         | 33966       |
|    total_timesteps      | 112640      |
| train/                  |             |
|    approx_kl            | 0.054868296 |
|    clip_fraction        | 0.389       |
|    clip_range           | 0.2         |
|    entropy_loss         | -11.2       |
|    explained_variance   | 0.853       |
|    learning_rate        | 0.0003      |
|    loss                 | -0.19       |
|    n_updates            | 540         |
|    policy_gradient_loss | -0.0467     |
|    std                  | 1.2         |
|    value_loss           | 0.00138     |
-----------------------------------------
-----------------------------------------
| rollout/                |             |
|    ep_len_mean          | 115         |
|    ep_rew_mean          | 0.85        |
| time/                   |             |
|    fps                  | 3           |
|    iterations           | 56          |
|    time_elapsed         | 34478       |
|    total_timesteps      | 114688      |
| train/                  |             |
|    approx_kl            | 0.046889395 |
|    clip_fraction        | 0.37        |
|    clip_range           | 0.2         |
|    entropy_loss         | -11.2       |
|    explained_variance   | 0.818       |
|    learning_rate        | 0.0003      |
|    loss                 | -0.181      |
|    n_updates            | 550         |
|    policy_gradient_loss | -0.0422     |
|    std                  | 1.21        |
|    value_loss           | 0.00193     |
-----------------------------------------
-----------------------------------------
| rollout/                |             |
|    ep_len_mean          | 116         |
|    ep_rew_mean          | 0.84        |
| time/                   |             |
|    fps                  | 3           |
|    iterations           | 57          |
|    time_elapsed         | 34989       |
|    total_timesteps      | 116736      |
| train/                  |             |
|    approx_kl            | 0.046137106 |
|    clip_fraction        | 0.378       |
|    clip_range           | 0.2         |
|    entropy_loss         | -11.3       |
|    explained_variance   | 0.871       |
|    learning_rate        | 0.0003      |
|    loss                 | -0.162      |
|    n_updates            | 560         |
|    policy_gradient_loss | -0.0424     |
|    std                  | 1.21        |
|    value_loss           | 0.00215     |
-----------------------------------------
-----------------------------------------
| rollout/                |             |
|    ep_len_mean          | 119         |
|    ep_rew_mean          | 0.81        |
| time/                   |             |
|    fps                  | 3           |
|    iterations           | 58          |
|    time_elapsed         | 35496       |
|    total_timesteps      | 118784      |
| train/                  |             |
|    approx_kl            | 0.048446503 |
|    clip_fraction        | 0.391       |
|    clip_range           | 0.2         |
|    entropy_loss         | -11.3       |
|    explained_variance   | 0.701       |
|    learning_rate        | 0.0003      |
|    loss                 | -0.103      |
|    n_updates            | 570         |
|    policy_gradient_loss | -0.0328     |
|    std                  | 1.21        |
|    value_loss           | 0.00399     |
-----------------------------------------
Eval num_timesteps=120000, episode_reward=0.60 +/- 0.49
Episode length: 140.95 +/- 48.61
-----------------------------------------
| eval/                   |             |
|    mean_ep_length       | 141         |
|    mean_reward          | 0.6         |
| time/                   |             |
|    total_timesteps      | 120000      |
| train/                  |             |
|    approx_kl            | 0.047480773 |
|    clip_fraction        | 0.373       |
|    clip_range           | 0.2         |
|    entropy_loss         | -11.3       |
|    explained_variance   | 0.819       |
|    learning_rate        | 0.0003      |
|    loss                 | -0.185      |
|    n_updates            | 580         |
|    policy_gradient_loss | -0.0487     |
|    std                  | 1.22        |
|    value_loss           | 0.00164     |
-----------------------------------------
---------------------------------
| rollout/           |          |
|    ep_len_mean     | 124      |
|    ep_rew_mean     | 0.76     |
| time/              |          |
|    fps             | 3        |
|    iterations      | 59       |
|    time_elapsed    | 36668    |
|    total_timesteps | 120832   |
---------------------------------
-----------------------------------------
| rollout/                |             |
|    ep_len_mean          | 125         |
|    ep_rew_mean          | 0.75        |
| time/                   |             |
|    fps                  | 3           |
|    iterations           | 60          |
|    time_elapsed         | 37173       |
|    total_timesteps      | 122880      |
| train/                  |             |
|    approx_kl            | 0.049832817 |
|    clip_fraction        | 0.378       |
|    clip_range           | 0.2         |
|    entropy_loss         | -11.4       |
|    explained_variance   | 0.878       |
|    learning_rate        | 0.0003      |
|    loss                 | -0.172      |
|    n_updates            | 590         |
|    policy_gradient_loss | -0.0499     |
|    std                  | 1.23        |
|    value_loss           | 0.0021      |
-----------------------------------------
-----------------------------------------
| rollout/                |             |
|    ep_len_mean          | 122         |
|    ep_rew_mean          | 0.78        |
| time/                   |             |
|    fps                  | 3           |
|    iterations           | 61          |
|    time_elapsed         | 37682       |
|    total_timesteps      | 124928      |
| train/                  |             |
|    approx_kl            | 0.046028532 |
|    clip_fraction        | 0.388       |
|    clip_range           | 0.2         |
|    entropy_loss         | -11.4       |
|    explained_variance   | 0.84        |
|    learning_rate        | 0.0003      |
|    loss                 | -0.172      |
|    n_updates            | 600         |
|    policy_gradient_loss | -0.0423     |
|    std                  | 1.23        |
|    value_loss           | 0.00249     |
-----------------------------------------
----------------------------------------
| rollout/                |            |
|    ep_len_mean          | 119        |
|    ep_rew_mean          | 0.81       |
| time/                   |            |
|    fps                  | 3          |
|    iterations           | 62         |
|    time_elapsed         | 38196      |
|    total_timesteps      | 126976     |
| train/                  |            |
|    approx_kl            | 0.04705429 |
|    clip_fraction        | 0.402      |
|    clip_range           | 0.2        |
|    entropy_loss         | -11.4      |
|    explained_variance   | 0.845      |
|    learning_rate        | 0.0003     |
|    loss                 | -0.187     |
|    n_updates            | 610        |
|    policy_gradient_loss | -0.0421    |
|    std                  | 1.24       |
|    value_loss           | 0.00214    |
----------------------------------------
----------------------------------------
| rollout/                |            |
|    ep_len_mean          | 119        |
|    ep_rew_mean          | 0.8        |
| time/                   |            |
|    fps                  | 3          |
|    iterations           | 63         |
|    time_elapsed         | 38708      |
|    total_timesteps      | 129024     |
| train/                  |            |
|    approx_kl            | 0.05017655 |
|    clip_fraction        | 0.409      |
|    clip_range           | 0.2        |
|    entropy_loss         | -11.4      |
|    explained_variance   | 0.921      |
|    learning_rate        | 0.0003     |
|    loss                 | -0.181     |
|    n_updates            | 620        |
|    policy_gradient_loss | -0.0462    |
|    std                  | 1.23       |
|    value_loss           | 0.00107    |
----------------------------------------
Eval num_timesteps=130000, episode_reward=0.95 +/- 0.22
Episode length: 102.05 +/- 22.89
-----------------------------------------
| eval/                   |             |
|    mean_ep_length       | 102         |
|    mean_reward          | 0.95        |
| time/                   |             |
|    total_timesteps      | 130000      |
| train/                  |             |
|    approx_kl            | 0.051734917 |
|    clip_fraction        | 0.395       |
|    clip_range           | 0.2         |
|    entropy_loss         | -11.4       |
|    explained_variance   | 0.886       |
|    learning_rate        | 0.0003      |
|    loss                 | -0.194      |
|    n_updates            | 630         |
|    policy_gradient_loss | -0.0458     |
|    std                  | 1.24        |
|    value_loss           | 0.00182     |
-----------------------------------------
---------------------------------
| rollout/           |          |
|    ep_len_mean     | 112      |
|    ep_rew_mean     | 0.87     |
| time/              |          |
|    fps             | 3        |
|    iterations      | 64       |
|    time_elapsed    | 39710    |
|    total_timesteps | 131072   |
---------------------------------
----------------------------------------
| rollout/                |            |
|    ep_len_mean          | 113        |
|    ep_rew_mean          | 0.86       |
| time/                   |            |
|    fps                  | 3          |
|    iterations           | 65         |
|    time_elapsed         | 40213      |
|    total_timesteps      | 133120     |
| train/                  |            |
|    approx_kl            | 0.04943886 |
|    clip_fraction        | 0.414      |
|    clip_range           | 0.2        |
|    entropy_loss         | -11.4      |
|    explained_variance   | 0.941      |
|    learning_rate        | 0.0003     |
|    loss                 | -0.192     |
|    n_updates            | 640        |
|    policy_gradient_loss | -0.0479    |
|    std                  | 1.25       |
|    value_loss           | 0.000913   |
----------------------------------------
-----------------------------------------
| rollout/                |             |
|    ep_len_mean          | 111         |
|    ep_rew_mean          | 0.88        |
| time/                   |             |
|    fps                  | 3           |
|    iterations           | 66          |
|    time_elapsed         | 40731       |
|    total_timesteps      | 135168      |
| train/                  |             |
|    approx_kl            | 0.044665635 |
|    clip_fraction        | 0.4         |
|    clip_range           | 0.2         |
|    entropy_loss         | -11.5       |
|    explained_variance   | 0.852       |
|    learning_rate        | 0.0003      |
|    loss                 | -0.197      |
|    n_updates            | 650         |
|    policy_gradient_loss | -0.0473     |
|    std                  | 1.25        |
|    value_loss           | 0.00208     |
-----------------------------------------
-----------------------------------------
| rollout/                |             |
|    ep_len_mean          | 112         |
|    ep_rew_mean          | 0.87        |
| time/                   |             |
|    fps                  | 3           |
|    iterations           | 67          |
|    time_elapsed         | 41240       |
|    total_timesteps      | 137216      |
| train/                  |             |
|    approx_kl            | 0.042068228 |
|    clip_fraction        | 0.384       |
|    clip_range           | 0.2         |
|    entropy_loss         | -11.5       |
|    explained_variance   | 0.93        |
|    learning_rate        | 0.0003      |
|    loss                 | -0.194      |
|    n_updates            | 660         |
|    policy_gradient_loss | -0.0476     |
|    std                  | 1.25        |
|    value_loss           | 0.00118     |
-----------------------------------------
-----------------------------------------
| rollout/                |             |
|    ep_len_mean          | 109         |
|    ep_rew_mean          | 0.89        |
| time/                   |             |
|    fps                  | 3           |
|    iterations           | 68          |
|    time_elapsed         | 41757       |
|    total_timesteps      | 139264      |
| train/                  |             |
|    approx_kl            | 0.054936893 |
|    clip_fraction        | 0.403       |
|    clip_range           | 0.2         |
|    entropy_loss         | -11.5       |
|    explained_variance   | 0.844       |
|    learning_rate        | 0.0003      |
|    loss                 | -0.182      |
|    n_updates            | 670         |
|    policy_gradient_loss | -0.0427     |
|    std                  | 1.26        |
|    value_loss           | 0.00205     |
-----------------------------------------
Eval num_timesteps=140000, episode_reward=0.95 +/- 0.22
Episode length: 101.70 +/- 22.80
----------------------------------------
| eval/                   |            |
|    mean_ep_length       | 102        |
|    mean_reward          | 0.95       |
| time/                   |            |
|    total_timesteps      | 140000     |
| train/                  |            |
|    approx_kl            | 0.03779359 |
|    clip_fraction        | 0.372      |
|    clip_range           | 0.2        |
|    entropy_loss         | -11.6      |
|    explained_variance   | 0.842      |
|    learning_rate        | 0.0003     |
|    loss                 | -0.176     |
|    n_updates            | 680        |
|    policy_gradient_loss | -0.0356    |
|    std                  | 1.26       |
|    value_loss           | 0.000778   |
----------------------------------------
---------------------------------
| rollout/           |          |
|    ep_len_mean     | 113      |
|    ep_rew_mean     | 0.86     |
| time/              |          |
|    fps             | 3        |
|    iterations      | 69       |
|    time_elapsed    | 42758    |
|    total_timesteps | 141312   |
---------------------------------
----------------------------------------
| rollout/                |            |
|    ep_len_mean          | 112        |
|    ep_rew_mean          | 0.86       |
| time/                   |            |
|    fps                  | 3          |
|    iterations           | 70         |
|    time_elapsed         | 43270      |
|    total_timesteps      | 143360     |
| train/                  |            |
|    approx_kl            | 0.05375134 |
|    clip_fraction        | 0.404      |
|    clip_range           | 0.2        |
|    entropy_loss         | -11.6      |
|    explained_variance   | 0.855      |
|    learning_rate        | 0.0003     |
|    loss                 | -0.188     |
|    n_updates            | 690        |
|    policy_gradient_loss | -0.053     |
|    std                  | 1.27       |
|    value_loss           | 0.00217    |
----------------------------------------
-----------------------------------------
| rollout/                |             |
|    ep_len_mean          | 110         |
|    ep_rew_mean          | 0.88        |
| time/                   |             |
|    fps                  | 3           |
|    iterations           | 71          |
|    time_elapsed         | 43786       |
|    total_timesteps      | 145408      |
| train/                  |             |
|    approx_kl            | 0.048451006 |
|    clip_fraction        | 0.409       |
|    clip_range           | 0.2         |
|    entropy_loss         | -11.6       |
|    explained_variance   | 0.876       |
|    learning_rate        | 0.0003      |
|    loss                 | -0.189      |
|    n_updates            | 700         |
|    policy_gradient_loss | -0.0458     |
|    std                  | 1.27        |
|    value_loss           | 0.00148     |
-----------------------------------------
-----------------------------------------
| rollout/                |             |
|    ep_len_mean          | 111         |
|    ep_rew_mean          | 0.87        |
| time/                   |             |
|    fps                  | 3           |
|    iterations           | 72          |
|    time_elapsed         | 44299       |
|    total_timesteps      | 147456      |
| train/                  |             |
|    approx_kl            | 0.053237222 |
|    clip_fraction        | 0.409       |
|    clip_range           | 0.2         |
|    entropy_loss         | -11.6       |
|    explained_variance   | 0.908       |
|    learning_rate        | 0.0003      |
|    loss                 | -0.161      |
|    n_updates            | 710         |
|    policy_gradient_loss | -0.0418     |
|    std                  | 1.27        |
|    value_loss           | 0.00103     |
-----------------------------------------
-----------------------------------------
| rollout/                |             |
|    ep_len_mean          | 110         |
|    ep_rew_mean          | 0.88        |
| time/                   |             |
|    fps                  | 3           |
|    iterations           | 73          |
|    time_elapsed         | 44817       |
|    total_timesteps      | 149504      |
| train/                  |             |
|    approx_kl            | 0.041561864 |
|    clip_fraction        | 0.367       |
|    clip_range           | 0.2         |
|    entropy_loss         | -11.6       |
|    explained_variance   | 0.889       |
|    learning_rate        | 0.0003      |
|    loss                 | -0.175      |
|    n_updates            | 720         |
|    policy_gradient_loss | -0.043      |
|    std                  | 1.27        |
|    value_loss           | 0.00149     |
-----------------------------------------
Eval num_timesteps=150000, episode_reward=0.90 +/- 0.30
Episode length: 107.40 +/- 31.21
-----------------------------------------
| eval/                   |             |
|    mean_ep_length       | 107         |
|    mean_reward          | 0.9         |
| time/                   |             |
|    total_timesteps      | 150000      |
| train/                  |             |
|    approx_kl            | 0.050980277 |
|    clip_fraction        | 0.404       |
|    clip_range           | 0.2         |
|    entropy_loss         | -11.6       |
|    explained_variance   | 0.927       |
|    learning_rate        | 0.0003      |
|    loss                 | -0.174      |
|    n_updates            | 730         |
|    policy_gradient_loss | -0.0415     |
|    std                  | 1.28        |
|    value_loss           | 0.000836    |
-----------------------------------------
---------------------------------
| rollout/           |          |
|    ep_len_mean     | 109      |
|    ep_rew_mean     | 0.89     |
| time/              |          |
|    fps             | 3        |
|    iterations      | 74       |
|    time_elapsed    | 45846    |
|    total_timesteps | 151552   |
---------------------------------
-----------------------------------------
| rollout/                |             |
|    ep_len_mean          | 110         |
|    ep_rew_mean          | 0.88        |
| time/                   |             |
|    fps                  | 3           |
|    iterations           | 75          |
|    time_elapsed         | 46360       |
|    total_timesteps      | 153600      |
| train/                  |             |
|    approx_kl            | 0.048889857 |
|    clip_fraction        | 0.408       |
|    clip_range           | 0.2         |
|    entropy_loss         | -11.7       |
|    explained_variance   | 0.843       |
|    learning_rate        | 0.0003      |
|    loss                 | -0.168      |
|    n_updates            | 740         |
|    policy_gradient_loss | -0.0387     |
|    std                  | 1.29        |
|    value_loss           | 0.00274     |
-----------------------------------------
-----------------------------------------
| rollout/                |             |
|    ep_len_mean          | 110         |
|    ep_rew_mean          | 0.88        |
| time/                   |             |
|    fps                  | 3           |
|    iterations           | 76          |
|    time_elapsed         | 46876       |
|    total_timesteps      | 155648      |
| train/                  |             |
|    approx_kl            | 0.057971645 |
|    clip_fraction        | 0.42        |
|    clip_range           | 0.2         |
|    entropy_loss         | -11.7       |
|    explained_variance   | 0.877       |
|    learning_rate        | 0.0003      |
|    loss                 | -0.199      |
|    n_updates            | 750         |
|    policy_gradient_loss | -0.0535     |
|    std                  | 1.3         |
|    value_loss           | 0.00139     |
-----------------------------------------
-----------------------------------------
| rollout/                |             |
|    ep_len_mean          | 112         |
|    ep_rew_mean          | 0.87        |
| time/                   |             |
|    fps                  | 3           |
|    iterations           | 77          |
|    time_elapsed         | 47394       |
|    total_timesteps      | 157696      |
| train/                  |             |
|    approx_kl            | 0.050415292 |
|    clip_fraction        | 0.394       |
|    clip_range           | 0.2         |
|    entropy_loss         | -11.7       |
|    explained_variance   | 0.896       |
|    learning_rate        | 0.0003      |
|    loss                 | -0.185      |
|    n_updates            | 760         |
|    policy_gradient_loss | -0.048      |
|    std                  | 1.3         |
|    value_loss           | 0.00147     |
-----------------------------------------
-----------------------------------------
| rollout/                |             |
|    ep_len_mean          | 115         |
|    ep_rew_mean          | 0.84        |
| time/                   |             |
|    fps                  | 3           |
|    iterations           | 78          |
|    time_elapsed         | 47906       |
|    total_timesteps      | 159744      |
| train/                  |             |
|    approx_kl            | 0.059404284 |
|    clip_fraction        | 0.439       |
|    clip_range           | 0.2         |
|    entropy_loss         | -11.7       |
|    explained_variance   | 0.783       |
|    learning_rate        | 0.0003      |
|    loss                 | -0.175      |
|    n_updates            | 770         |
|    policy_gradient_loss | -0.0497     |
|    std                  | 1.3         |
|    value_loss           | 0.00275     |
-----------------------------------------
Eval num_timesteps=160000, episode_reward=0.85 +/- 0.36
Episode length: 111.40 +/- 37.81
-----------------------------------------
| eval/                   |             |
|    mean_ep_length       | 111         |
|    mean_reward          | 0.85        |
| time/                   |             |
|    total_timesteps      | 160000      |
| train/                  |             |
|    approx_kl            | 0.055691835 |
|    clip_fraction        | 0.406       |
|    clip_range           | 0.2         |
|    entropy_loss         | -11.8       |
|    explained_variance   | 0.878       |
|    learning_rate        | 0.0003      |
|    loss                 | -0.191      |
|    n_updates            | 780         |
|    policy_gradient_loss | -0.0542     |
|    std                  | 1.3         |
|    value_loss           | 0.00138     |
-----------------------------------------
---------------------------------
| rollout/           |          |
|    ep_len_mean     | 117      |
|    ep_rew_mean     | 0.82     |
| time/              |          |
|    fps             | 3        |
|    iterations      | 79       |
|    time_elapsed    | 48948    |
|    total_timesteps | 161792   |
---------------------------------
-----------------------------------------
| rollout/                |             |
|    ep_len_mean          | 114         |
|    ep_rew_mean          | 0.84        |
| time/                   |             |
|    fps                  | 3           |
|    iterations           | 80          |
|    time_elapsed         | 49468       |
|    total_timesteps      | 163840      |
| train/                  |             |
|    approx_kl            | 0.046975657 |
|    clip_fraction        | 0.391       |
|    clip_range           | 0.2         |
|    entropy_loss         | -11.8       |
|    explained_variance   | 0.829       |
|    learning_rate        | 0.0003      |
|    loss                 | -0.18       |
|    n_updates            | 790         |
|    policy_gradient_loss | -0.0487     |
|    std                  | 1.31        |
|    value_loss           | 0.00247     |
-----------------------------------------
-----------------------------------------
| rollout/                |             |
|    ep_len_mean          | 112         |
|    ep_rew_mean          | 0.86        |
| time/                   |             |
|    fps                  | 3           |
|    iterations           | 81          |
|    time_elapsed         | 49986       |
|    total_timesteps      | 165888      |
| train/                  |             |
|    approx_kl            | 0.046376023 |
|    clip_fraction        | 0.393       |
|    clip_range           | 0.2         |
|    entropy_loss         | -11.8       |
|    explained_variance   | 0.896       |
|    learning_rate        | 0.0003      |
|    loss                 | -0.203      |
|    n_updates            | 800         |
|    policy_gradient_loss | -0.0495     |
|    std                  | 1.31        |
|    value_loss           | 0.002       |
-----------------------------------------
-----------------------------------------
| rollout/                |             |
|    ep_len_mean          | 111         |
|    ep_rew_mean          | 0.86        |
| time/                   |             |
|    fps                  | 3           |
|    iterations           | 82          |
|    time_elapsed         | 50500       |
|    total_timesteps      | 167936      |
| train/                  |             |
|    approx_kl            | 0.059133105 |
|    clip_fraction        | 0.413       |
|    clip_range           | 0.2         |
|    entropy_loss         | -11.8       |
|    explained_variance   | 0.893       |
|    learning_rate        | 0.0003      |
|    loss                 | -0.198      |
|    n_updates            | 810         |
|    policy_gradient_loss | -0.0514     |
|    std                  | 1.31        |
|    value_loss           | 0.00112     |
-----------------------------------------
---------------------------------------
| rollout/                |           |
|    ep_len_mean          | 111       |
|    ep_rew_mean          | 0.87      |
| time/                   |           |
|    fps                  | 3         |
|    iterations           | 83        |
|    time_elapsed         | 51013     |
|    total_timesteps      | 169984    |
| train/                  |           |
|    approx_kl            | 0.0523588 |
|    clip_fraction        | 0.409     |
|    clip_range           | 0.2       |
|    entropy_loss         | -11.8     |
|    explained_variance   | 0.898     |
|    learning_rate        | 0.0003    |
|    loss                 | -0.178    |
|    n_updates            | 820       |
|    policy_gradient_loss | -0.0474   |
|    std                  | 1.31      |
|    value_loss           | 0.00159   |
---------------------------------------
Eval num_timesteps=170000, episode_reward=0.95 +/- 0.22
Episode length: 100.90 +/- 23.46
-----------------------------------------
| eval/                   |             |
|    mean_ep_length       | 101         |
|    mean_reward          | 0.95        |
| time/                   |             |
|    total_timesteps      | 170000      |
| train/                  |             |
|    approx_kl            | 0.049485885 |
|    clip_fraction        | 0.39        |
|    clip_range           | 0.2         |
|    entropy_loss         | -11.8       |
|    explained_variance   | 0.85        |
|    learning_rate        | 0.0003      |
|    loss                 | -0.174      |
|    n_updates            | 830         |
|    policy_gradient_loss | -0.0428     |
|    std                  | 1.31        |
|    value_loss           | 0.00321     |
-----------------------------------------
---------------------------------
| rollout/           |          |
|    ep_len_mean     | 107      |
|    ep_rew_mean     | 0.9      |
| time/              |          |
|    fps             | 3        |
|    iterations      | 84       |
|    time_elapsed    | 52010    |
|    total_timesteps | 172032   |
---------------------------------
----------------------------------------
| rollout/                |            |
|    ep_len_mean          | 108        |
|    ep_rew_mean          | 0.9        |
| time/                   |            |
|    fps                  | 3          |
|    iterations           | 85         |
|    time_elapsed         | 52523      |
|    total_timesteps      | 174080     |
| train/                  |            |
|    approx_kl            | 0.06161785 |
|    clip_fraction        | 0.402      |
|    clip_range           | 0.2        |
|    entropy_loss         | -11.8      |
|    explained_variance   | 0.889      |
|    learning_rate        | 0.0003     |
|    loss                 | -0.184     |
|    n_updates            | 840        |
|    policy_gradient_loss | -0.0523    |
|    std                  | 1.31       |
|    value_loss           | 0.000778   |
----------------------------------------
----------------------------------------
| rollout/                |            |
|    ep_len_mean          | 109        |
|    ep_rew_mean          | 0.89       |
| time/                   |            |
|    fps                  | 3          |
|    iterations           | 86         |
|    time_elapsed         | 53044      |
|    total_timesteps      | 176128     |
| train/                  |            |
|    approx_kl            | 0.05164946 |
|    clip_fraction        | 0.384      |
|    clip_range           | 0.2        |
|    entropy_loss         | -11.8      |
|    explained_variance   | 0.876      |
|    learning_rate        | 0.0003     |
|    loss                 | -0.183     |
|    n_updates            | 850        |
|    policy_gradient_loss | -0.0486    |
|    std                  | 1.31       |
|    value_loss           | 0.00149    |
----------------------------------------
-----------------------------------------
| rollout/                |             |
|    ep_len_mean          | 108         |
|    ep_rew_mean          | 0.9         |
| time/                   |             |
|    fps                  | 3           |
|    iterations           | 87          |
|    time_elapsed         | 53565       |
|    total_timesteps      | 178176      |
| train/                  |             |
|    approx_kl            | 0.049250092 |
|    clip_fraction        | 0.379       |
|    clip_range           | 0.2         |
|    entropy_loss         | -11.8       |
|    explained_variance   | 0.914       |
|    learning_rate        | 0.0003      |
|    loss                 | -0.189      |
|    n_updates            | 860         |
|    policy_gradient_loss | -0.0443     |
|    std                  | 1.32        |
|    value_loss           | 0.00093     |
-----------------------------------------
Eval num_timesteps=180000, episode_reward=1.00 +/- 0.00
Episode length: 96.20 +/- 7.35
----------------------------------------
| eval/                   |            |
|    mean_ep_length       | 96.2       |
|    mean_reward          | 1          |
| time/                   |            |
|    total_timesteps      | 180000     |
| train/                  |            |
|    approx_kl            | 0.04967563 |
|    clip_fraction        | 0.403      |
|    clip_range           | 0.2        |
|    entropy_loss         | -11.8      |
|    explained_variance   | 0.909      |
|    learning_rate        | 0.0003     |
|    loss                 | -0.194     |
|    n_updates            | 870        |
|    policy_gradient_loss | -0.0449    |
|    std                  | 1.32       |
|    value_loss           | 0.000747   |
----------------------------------------
New best mean reward!
---------------------------------
| rollout/           |          |
|    ep_len_mean     | 111      |
|    ep_rew_mean     | 0.88     |
| time/              |          |
|    fps             | 3        |
|    iterations      | 88       |
|    time_elapsed    | 54541    |
|    total_timesteps | 180224   |
---------------------------------
-----------------------------------------
| rollout/                |             |
|    ep_len_mean          | 110         |
|    ep_rew_mean          | 0.89        |
| time/                   |             |
|    fps                  | 3           |
|    iterations           | 89          |
|    time_elapsed         | 55055       |
|    total_timesteps      | 182272      |
| train/                  |             |
|    approx_kl            | 0.066010475 |
|    clip_fraction        | 0.43        |
|    clip_range           | 0.2         |
|    entropy_loss         | -11.9       |
|    explained_variance   | 0.874       |
|    learning_rate        | 0.0003      |
|    loss                 | -0.201      |
|    n_updates            | 880         |
|    policy_gradient_loss | -0.0541     |
|    std                  | 1.33        |
|    value_loss           | 0.00112     |
-----------------------------------------
-----------------------------------------
| rollout/                |             |
|    ep_len_mean          | 109         |
|    ep_rew_mean          | 0.9         |
| time/                   |             |
|    fps                  | 3           |
|    iterations           | 90          |
|    time_elapsed         | 55580       |
|    total_timesteps      | 184320      |
| train/                  |             |
|    approx_kl            | 0.061533622 |
|    clip_fraction        | 0.407       |
|    clip_range           | 0.2         |
|    entropy_loss         | -11.9       |
|    explained_variance   | 0.868       |
|    learning_rate        | 0.0003      |
|    loss                 | -0.175      |
|    n_updates            | 890         |
|    policy_gradient_loss | -0.0461     |
|    std                  | 1.33        |
|    value_loss           | 0.00103     |
-----------------------------------------
----------------------------------------
| rollout/                |            |
|    ep_len_mean          | 109        |
|    ep_rew_mean          | 0.9        |
| time/                   |            |
|    fps                  | 3          |
|    iterations           | 91         |
|    time_elapsed         | 56100      |
|    total_timesteps      | 186368     |
| train/                  |            |
|    approx_kl            | 0.05400787 |
|    clip_fraction        | 0.427      |
|    clip_range           | 0.2        |
|    entropy_loss         | -11.9      |
|    explained_variance   | 0.953      |
|    learning_rate        | 0.0003     |
|    loss                 | -0.205     |
|    n_updates            | 900        |
|    policy_gradient_loss | -0.0522    |
|    std                  | 1.33       |
|    value_loss           | 0.000485   |
----------------------------------------
-----------------------------------------
| rollout/                |             |
|    ep_len_mean          | 113         |
|    ep_rew_mean          | 0.86        |
| time/                   |             |
|    fps                  | 3           |
|    iterations           | 92          |
|    time_elapsed         | 56610       |
|    total_timesteps      | 188416      |
| train/                  |             |
|    approx_kl            | 0.051096234 |
|    clip_fraction        | 0.387       |
|    clip_range           | 0.2         |
|    entropy_loss         | -11.9       |
|    explained_variance   | 0.917       |
|    learning_rate        | 0.0003      |
|    loss                 | -0.206      |
|    n_updates            | 910         |
|    policy_gradient_loss | -0.0453     |
|    std                  | 1.33        |
|    value_loss           | 0.000694    |
-----------------------------------------
Eval num_timesteps=190000, episode_reward=0.95 +/- 0.22
Episode length: 100.35 +/- 23.48
----------------------------------------
| eval/                   |            |
|    mean_ep_length       | 100        |
|    mean_reward          | 0.95       |
| time/                   |            |
|    total_timesteps      | 190000     |
| train/                  |            |
|    approx_kl            | 0.05431672 |
|    clip_fraction        | 0.402      |
|    clip_range           | 0.2        |
|    entropy_loss         | -11.9      |
|    explained_variance   | 0.8        |
|    learning_rate        | 0.0003     |
|    loss                 | -0.211     |
|    n_updates            | 920        |
|    policy_gradient_loss | -0.0534    |
|    std                  | 1.32       |
|    value_loss           | 0.00195    |
----------------------------------------
---------------------------------
| rollout/           |          |
|    ep_len_mean     | 111      |
|    ep_rew_mean     | 0.88     |
| time/              |          |
|    fps             | 3        |
|    iterations      | 93       |
|    time_elapsed    | 57604    |
|    total_timesteps | 190464   |
---------------------------------
-----------------------------------------
| rollout/                |             |
|    ep_len_mean          | 107         |
|    ep_rew_mean          | 0.9         |
| time/                   |             |
|    fps                  | 3           |
|    iterations           | 94          |
|    time_elapsed         | 58125       |
|    total_timesteps      | 192512      |
| train/                  |             |
|    approx_kl            | 0.055689692 |
|    clip_fraction        | 0.431       |
|    clip_range           | 0.2         |
|    entropy_loss         | -11.9       |
|    explained_variance   | 0.929       |
|    learning_rate        | 0.0003      |
|    loss                 | -0.2        |
|    n_updates            | 930         |
|    policy_gradient_loss | -0.0504     |
|    std                  | 1.33        |
|    value_loss           | 0.00107     |
-----------------------------------------
-----------------------------------------
| rollout/                |             |
|    ep_len_mean          | 107         |
|    ep_rew_mean          | 0.91        |
| time/                   |             |
|    fps                  | 3           |
|    iterations           | 95          |
|    time_elapsed         | 58652       |
|    total_timesteps      | 194560      |
| train/                  |             |
|    approx_kl            | 0.055206403 |
|    clip_fraction        | 0.448       |
|    clip_range           | 0.2         |
|    entropy_loss         | -11.9       |
|    explained_variance   | 0.931       |
|    learning_rate        | 0.0003      |
|    loss                 | -0.209      |
|    n_updates            | 940         |
|    policy_gradient_loss | -0.0516     |
|    std                  | 1.34        |
|    value_loss           | 0.000524    |
-----------------------------------------
