Gym has been unmaintained since 2022 and does not support NumPy 2.0 amongst other critical functionality.
Please upgrade to Gymnasium, the maintained drop-in replacement of Gym, or contact the authors of your software and request that they upgrade.
See the migration guide at https://gymnasium.farama.org/introduction/migration_guide/ for additional information.
/234/miniconda/envs/libero/lib/python3.8/site-packages/torch/utils/tensorboard/__init__.py:4: DeprecationWarning: distutils Version classes are deprecated. Use packaging.version instead.
  if not hasattr(tensorboard, "__version__") or LooseVersion(
/234/miniconda/envs/libero/lib/python3.8/site-packages/robosuite/__init__.py:7: DeprecationWarning: The 'warn' method is deprecated, use 'warning' instead
  ROBOSUITE_DEFAULT_LOGGER.warn("No private macro file found!")
[robosuite WARNING] No private macro file found! (__init__.py:7)
[robosuite WARNING] It is recommended to use a private macro file (__init__.py:8)
[robosuite WARNING] To setup, run: python /234/miniconda/envs/libero/lib/python3.8/site-packages/robosuite/scripts/setup_macros.py (__init__.py:9)
/234/miniconda/envs/libero/lib/python3.8/site-packages/thop/profile.py:12: DeprecationWarning: distutils Version classes are deprecated. Use packaging.version instead.
  if LooseVersion(torch.__version__) < LooseVersion("1.0.0"):
[info] using task orders [0, 1, 2, 3, 4, 5, 6, 7, 8, 9]
Task 2: BC + Vanilla PPO (sparse reward only)...

============= Initialized Observation Utils with Obs Spec =============

using obs modality: rgb with keys: ['agentview_rgb', 'eye_in_hand_rgb']
using obs modality: depth with keys: []
using obs modality: low_dim with keys: ['joint_states', 'gripper_states']
SequenceDataset: loading dataset into memory...
  0%|          | 0/50 [00:00<?, ?it/s]100%|██████████| 50/50 [00:00<00:00, 1398.13it/s]
Using cuda device
Logging to /234/outputs/ppo_bc_vanilla/task2/tb_logs/PPO_1
---------------------------------
| rollout/           |          |
|    ep_len_mean     | 96.7     |
|    ep_rew_mean     | 1        |
| time/              |          |
|    fps             | 26       |
|    iterations      | 1        |
|    time_elapsed    | 76       |
|    total_timesteps | 2048     |
---------------------------------
----------------------------------------
| rollout/                |            |
|    ep_len_mean          | 96.7       |
|    ep_rew_mean          | 1          |
| time/                   |            |
|    fps                  | 8          |
|    iterations           | 2          |
|    time_elapsed         | 478        |
|    total_timesteps      | 4096       |
| train/                  |            |
|    approx_kl            | 0.01592097 |
|    clip_fraction        | 0.201      |
|    clip_range           | 0.2        |
|    entropy_loss         | -9.94      |
|    explained_variance   | -2.3       |
|    learning_rate        | 0.0003     |
|    loss                 | -0.122     |
|    n_updates            | 10         |
|    policy_gradient_loss | -0.0175    |
|    std                  | 1          |
|    value_loss           | 0.0119     |
----------------------------------------
-----------------------------------------
| rollout/                |             |
|    ep_len_mean          | 97.1        |
|    ep_rew_mean          | 1           |
| time/                   |             |
|    fps                  | 6           |
|    iterations           | 3           |
|    time_elapsed         | 980         |
|    total_timesteps      | 6144        |
| train/                  |             |
|    approx_kl            | 0.014829481 |
|    clip_fraction        | 0.178       |
|    clip_range           | 0.2         |
|    entropy_loss         | -9.97       |
|    explained_variance   | -0.0966     |
|    learning_rate        | 0.0003      |
|    loss                 | -0.0794     |
|    n_updates            | 20          |
|    policy_gradient_loss | -0.0112     |
|    std                  | 1.01        |
|    value_loss           | 0.00314     |
-----------------------------------------
-----------------------------------------
| rollout/                |             |
|    ep_len_mean          | 97.2        |
|    ep_rew_mean          | 1           |
| time/                   |             |
|    fps                  | 5           |
|    iterations           | 4           |
|    time_elapsed         | 1482        |
|    total_timesteps      | 8192        |
| train/                  |             |
|    approx_kl            | 0.018462898 |
|    clip_fraction        | 0.215       |
|    clip_range           | 0.2         |
|    entropy_loss         | -10         |
|    explained_variance   | 0.752       |
|    learning_rate        | 0.0003      |
|    loss                 | -0.101      |
|    n_updates            | 30          |
|    policy_gradient_loss | -0.0145     |
|    std                  | 1.02        |
|    value_loss           | 0.00142     |
-----------------------------------------
Eval num_timesteps=10000, episode_reward=0.95 +/- 0.22
Episode length: 101.65 +/- 23.10
-----------------------------------------
| eval/                   |             |
|    mean_ep_length       | 102         |
|    mean_reward          | 0.95        |
| time/                   |             |
|    total_timesteps      | 10000       |
| train/                  |             |
|    approx_kl            | 0.017392442 |
|    clip_fraction        | 0.217       |
|    clip_range           | 0.2         |
|    entropy_loss         | -10         |
|    explained_variance   | 0.908       |
|    learning_rate        | 0.0003      |
|    loss                 | -0.111      |
|    n_updates            | 40          |
|    policy_gradient_loss | -0.0148     |
|    std                  | 1.02        |
|    value_loss           | 0.00102     |
-----------------------------------------
New best mean reward!
---------------------------------
| rollout/           |          |
|    ep_len_mean     | 100      |
|    ep_rew_mean     | 0.97     |
| time/              |          |
|    fps             | 4        |
|    iterations      | 5        |
|    time_elapsed    | 2467     |
|    total_timesteps | 10240    |
---------------------------------
-----------------------------------------
| rollout/                |             |
|    ep_len_mean          | 102         |
|    ep_rew_mean          | 0.96        |
| time/                   |             |
|    fps                  | 4           |
|    iterations           | 6           |
|    time_elapsed         | 2974        |
|    total_timesteps      | 12288       |
| train/                  |             |
|    approx_kl            | 0.028615303 |
|    clip_fraction        | 0.251       |
|    clip_range           | 0.2         |
|    entropy_loss         | -10.1       |
|    explained_variance   | 0.699       |
|    learning_rate        | 0.0003      |
|    loss                 | -0.136      |
|    n_updates            | 50          |
|    policy_gradient_loss | -0.0238     |
|    std                  | 1.02        |
|    value_loss           | 0.00149     |
-----------------------------------------
-----------------------------------------
| rollout/                |             |
|    ep_len_mean          | 105         |
|    ep_rew_mean          | 0.93        |
| time/                   |             |
|    fps                  | 4           |
|    iterations           | 7           |
|    time_elapsed         | 3469        |
|    total_timesteps      | 14336       |
| train/                  |             |
|    approx_kl            | 0.030702233 |
|    clip_fraction        | 0.282       |
|    clip_range           | 0.2         |
|    entropy_loss         | -10.1       |
|    explained_variance   | 0.843       |
|    learning_rate        | 0.0003      |
|    loss                 | -0.157      |
|    n_updates            | 60          |
|    policy_gradient_loss | -0.0255     |
|    std                  | 1.03        |
|    value_loss           | 0.00186     |
-----------------------------------------
-----------------------------------------
| rollout/                |             |
|    ep_len_mean          | 106         |
|    ep_rew_mean          | 0.92        |
| time/                   |             |
|    fps                  | 4           |
|    iterations           | 8           |
|    time_elapsed         | 3968        |
|    total_timesteps      | 16384       |
| train/                  |             |
|    approx_kl            | 0.020828124 |
|    clip_fraction        | 0.244       |
|    clip_range           | 0.2         |
|    entropy_loss         | -10.2       |
|    explained_variance   | 0.838       |
|    learning_rate        | 0.0003      |
|    loss                 | -0.119      |
|    n_updates            | 70          |
|    policy_gradient_loss | -0.0175     |
|    std                  | 1.04        |
|    value_loss           | 0.00124     |
-----------------------------------------
-----------------------------------------
| rollout/                |             |
|    ep_len_mean          | 106         |
|    ep_rew_mean          | 0.92        |
| time/                   |             |
|    fps                  | 4           |
|    iterations           | 9           |
|    time_elapsed         | 4471        |
|    total_timesteps      | 18432       |
| train/                  |             |
|    approx_kl            | 0.025924375 |
|    clip_fraction        | 0.264       |
|    clip_range           | 0.2         |
|    entropy_loss         | -10.2       |
|    explained_variance   | 0.917       |
|    learning_rate        | 0.0003      |
|    loss                 | -0.162      |
|    n_updates            | 80          |
|    policy_gradient_loss | -0.0221     |
|    std                  | 1.04        |
|    value_loss           | 0.000704    |
-----------------------------------------
Eval num_timesteps=20000, episode_reward=0.90 +/- 0.30
Episode length: 105.15 +/- 31.77
----------------------------------------
| eval/                   |            |
|    mean_ep_length       | 105        |
|    mean_reward          | 0.9        |
| time/                   |            |
|    total_timesteps      | 20000      |
| train/                  |            |
|    approx_kl            | 0.02194038 |
|    clip_fraction        | 0.277      |
|    clip_range           | 0.2        |
|    entropy_loss         | -10.2      |
|    explained_variance   | 0.97       |
|    learning_rate        | 0.0003     |
|    loss                 | -0.12      |
|    n_updates            | 90         |
|    policy_gradient_loss | -0.0183    |
|    std                  | 1.04       |
|    value_loss           | 0.000353   |
----------------------------------------
---------------------------------
| rollout/           |          |
|    ep_len_mean     | 105      |
|    ep_rew_mean     | 0.92     |
| time/              |          |
|    fps             | 3        |
|    iterations      | 10       |
|    time_elapsed    | 5480     |
|    total_timesteps | 20480    |
---------------------------------
-----------------------------------------
| rollout/                |             |
|    ep_len_mean          | 105         |
|    ep_rew_mean          | 0.92        |
| time/                   |             |
|    fps                  | 3           |
|    iterations           | 11          |
|    time_elapsed         | 5983        |
|    total_timesteps      | 22528       |
| train/                  |             |
|    approx_kl            | 0.026317645 |
|    clip_fraction        | 0.297       |
|    clip_range           | 0.2         |
|    entropy_loss         | -10.2       |
|    explained_variance   | 0.834       |
|    learning_rate        | 0.0003      |
|    loss                 | -0.124      |
|    n_updates            | 100         |
|    policy_gradient_loss | -0.0267     |
|    std                  | 1.04        |
|    value_loss           | 0.00109     |
-----------------------------------------
-----------------------------------------
| rollout/                |             |
|    ep_len_mean          | 102         |
|    ep_rew_mean          | 0.94        |
| time/                   |             |
|    fps                  | 3           |
|    iterations           | 12          |
|    time_elapsed         | 6481        |
|    total_timesteps      | 24576       |
| train/                  |             |
|    approx_kl            | 0.026534397 |
|    clip_fraction        | 0.298       |
|    clip_range           | 0.2         |
|    entropy_loss         | -10.2       |
|    explained_variance   | 0.969       |
|    learning_rate        | 0.0003      |
|    loss                 | -0.0998     |
|    n_updates            | 110         |
|    policy_gradient_loss | -0.0231     |
|    std                  | 1.04        |
|    value_loss           | 0.000321    |
-----------------------------------------
----------------------------------------
| rollout/                |            |
|    ep_len_mean          | 101        |
|    ep_rew_mean          | 0.95       |
| time/                   |            |
|    fps                  | 3          |
|    iterations           | 13         |
|    time_elapsed         | 6982       |
|    total_timesteps      | 26624      |
| train/                  |            |
|    approx_kl            | 0.02937974 |
|    clip_fraction        | 0.282      |
|    clip_range           | 0.2        |
|    entropy_loss         | -10.2      |
|    explained_variance   | 0.825      |
|    learning_rate        | 0.0003     |
|    loss                 | -0.153     |
|    n_updates            | 120        |
|    policy_gradient_loss | -0.0238    |
|    std                  | 1.04       |
|    value_loss           | 0.00209    |
----------------------------------------
-----------------------------------------
| rollout/                |             |
|    ep_len_mean          | 101         |
|    ep_rew_mean          | 0.95        |
| time/                   |             |
|    fps                  | 3           |
|    iterations           | 14          |
|    time_elapsed         | 7491        |
|    total_timesteps      | 28672       |
| train/                  |             |
|    approx_kl            | 0.026364285 |
|    clip_fraction        | 0.271       |
|    clip_range           | 0.2         |
|    entropy_loss         | -10.2       |
|    explained_variance   | 0.976       |
|    learning_rate        | 0.0003      |
|    loss                 | -0.16       |
|    n_updates            | 130         |
|    policy_gradient_loss | -0.0194     |
|    std                  | 1.04        |
|    value_loss           | 0.000372    |
-----------------------------------------
Eval num_timesteps=30000, episode_reward=0.85 +/- 0.36
Episode length: 113.50 +/- 36.65
-----------------------------------------
| eval/                   |             |
|    mean_ep_length       | 114         |
|    mean_reward          | 0.85        |
| time/                   |             |
|    total_timesteps      | 30000       |
| train/                  |             |
|    approx_kl            | 0.028154824 |
|    clip_fraction        | 0.293       |
|    clip_range           | 0.2         |
|    entropy_loss         | -10.2       |
|    explained_variance   | 0.982       |
|    learning_rate        | 0.0003      |
|    loss                 | -0.126      |
|    n_updates            | 140         |
|    policy_gradient_loss | -0.0213     |
|    std                  | 1.05        |
|    value_loss           | 0.000262    |
-----------------------------------------
---------------------------------
| rollout/           |          |
|    ep_len_mean     | 100      |
|    ep_rew_mean     | 0.97     |
| time/              |          |
|    fps             | 3        |
|    iterations      | 15       |
|    time_elapsed    | 8541     |
|    total_timesteps | 30720    |
---------------------------------
----------------------------------------
| rollout/                |            |
|    ep_len_mean          | 105        |
|    ep_rew_mean          | 0.93       |
| time/                   |            |
|    fps                  | 3          |
|    iterations           | 16         |
|    time_elapsed         | 9041       |
|    total_timesteps      | 32768      |
| train/                  |            |
|    approx_kl            | 0.03840214 |
|    clip_fraction        | 0.307      |
|    clip_range           | 0.2        |
|    entropy_loss         | -10.3      |
|    explained_variance   | 0.869      |
|    learning_rate        | 0.0003     |
|    loss                 | -0.149     |
|    n_updates            | 150        |
|    policy_gradient_loss | -0.0295    |
|    std                  | 1.05       |
|    value_loss           | 0.0011     |
----------------------------------------
-----------------------------------------
| rollout/                |             |
|    ep_len_mean          | 106         |
|    ep_rew_mean          | 0.92        |
| time/                   |             |
|    fps                  | 3           |
|    iterations           | 17          |
|    time_elapsed         | 9544        |
|    total_timesteps      | 34816       |
| train/                  |             |
|    approx_kl            | 0.025871387 |
|    clip_fraction        | 0.274       |
|    clip_range           | 0.2         |
|    entropy_loss         | -10.3       |
|    explained_variance   | 0.763       |
|    learning_rate        | 0.0003      |
|    loss                 | -0.138      |
|    n_updates            | 160         |
|    policy_gradient_loss | -0.0221     |
|    std                  | 1.06        |
|    value_loss           | 0.00221     |
-----------------------------------------
-----------------------------------------
| rollout/                |             |
|    ep_len_mean          | 106         |
|    ep_rew_mean          | 0.92        |
| time/                   |             |
|    fps                  | 3           |
|    iterations           | 18          |
|    time_elapsed         | 10047       |
|    total_timesteps      | 36864       |
| train/                  |             |
|    approx_kl            | 0.025062311 |
|    clip_fraction        | 0.276       |
|    clip_range           | 0.2         |
|    entropy_loss         | -10.4       |
|    explained_variance   | 0.882       |
|    learning_rate        | 0.0003      |
|    loss                 | -0.123      |
|    n_updates            | 170         |
|    policy_gradient_loss | -0.0238     |
|    std                  | 1.07        |
|    value_loss           | 0.00114     |
-----------------------------------------
----------------------------------------
| rollout/                |            |
|    ep_len_mean          | 109        |
|    ep_rew_mean          | 0.89       |
| time/                   |            |
|    fps                  | 3          |
|    iterations           | 19         |
|    time_elapsed         | 10546      |
|    total_timesteps      | 38912      |
| train/                  |            |
|    approx_kl            | 0.03122855 |
|    clip_fraction        | 0.314      |
|    clip_range           | 0.2        |
|    entropy_loss         | -10.4      |
|    explained_variance   | 0.918      |
|    learning_rate        | 0.0003     |
|    loss                 | -0.141     |
|    n_updates            | 180        |
|    policy_gradient_loss | -0.0201    |
|    std                  | 1.07       |
|    value_loss           | 0.000756   |
----------------------------------------
Eval num_timesteps=40000, episode_reward=1.00 +/- 0.00
Episode length: 98.00 +/- 4.96
-----------------------------------------
| eval/                   |             |
|    mean_ep_length       | 98          |
|    mean_reward          | 1           |
| time/                   |             |
|    total_timesteps      | 40000       |
| train/                  |             |
|    approx_kl            | 0.024651414 |
|    clip_fraction        | 0.259       |
|    clip_range           | 0.2         |
|    entropy_loss         | -10.4       |
|    explained_variance   | 0.789       |
|    learning_rate        | 0.0003      |
|    loss                 | -0.163      |
|    n_updates            | 190         |
|    policy_gradient_loss | -0.0252     |
|    std                  | 1.07        |
|    value_loss           | 0.00162     |
-----------------------------------------
New best mean reward!
---------------------------------
| rollout/           |          |
|    ep_len_mean     | 110      |
|    ep_rew_mean     | 0.88     |
| time/              |          |
|    fps             | 3        |
|    iterations      | 20       |
|    time_elapsed    | 11527    |
|    total_timesteps | 40960    |
---------------------------------
-----------------------------------------
| rollout/                |             |
|    ep_len_mean          | 107         |
|    ep_rew_mean          | 0.91        |
| time/                   |             |
|    fps                  | 3           |
|    iterations           | 21          |
|    time_elapsed         | 12032       |
|    total_timesteps      | 43008       |
| train/                  |             |
|    approx_kl            | 0.025426058 |
|    clip_fraction        | 0.289       |
|    clip_range           | 0.2         |
|    entropy_loss         | -10.5       |
|    explained_variance   | 0.92        |
|    learning_rate        | 0.0003      |
|    loss                 | -0.139      |
|    n_updates            | 200         |
|    policy_gradient_loss | -0.0205     |
|    std                  | 1.08        |
|    value_loss           | 0.000747    |
-----------------------------------------
-----------------------------------------
| rollout/                |             |
|    ep_len_mean          | 107         |
|    ep_rew_mean          | 0.91        |
| time/                   |             |
|    fps                  | 3           |
|    iterations           | 22          |
|    time_elapsed         | 12543       |
|    total_timesteps      | 45056       |
| train/                  |             |
|    approx_kl            | 0.026955089 |
|    clip_fraction        | 0.298       |
|    clip_range           | 0.2         |
|    entropy_loss         | -10.5       |
|    explained_variance   | 0.922       |
|    learning_rate        | 0.0003      |
|    loss                 | -0.153      |
|    n_updates            | 210         |
|    policy_gradient_loss | -0.0274     |
|    std                  | 1.09        |
|    value_loss           | 0.000924    |
-----------------------------------------
-----------------------------------------
| rollout/                |             |
|    ep_len_mean          | 107         |
|    ep_rew_mean          | 0.91        |
| time/                   |             |
|    fps                  | 3           |
|    iterations           | 23          |
|    time_elapsed         | 13043       |
|    total_timesteps      | 47104       |
| train/                  |             |
|    approx_kl            | 0.027011693 |
|    clip_fraction        | 0.277       |
|    clip_range           | 0.2         |
|    entropy_loss         | -10.5       |
|    explained_variance   | 0.876       |
|    learning_rate        | 0.0003      |
|    loss                 | -0.152      |
|    n_updates            | 220         |
|    policy_gradient_loss | -0.0277     |
|    std                  | 1.09        |
|    value_loss           | 0.00101     |
-----------------------------------------
-----------------------------------------
| rollout/                |             |
|    ep_len_mean          | 104         |
|    ep_rew_mean          | 0.94        |
| time/                   |             |
|    fps                  | 3           |
|    iterations           | 24          |
|    time_elapsed         | 13551       |
|    total_timesteps      | 49152       |
| train/                  |             |
|    approx_kl            | 0.028918736 |
|    clip_fraction        | 0.295       |
|    clip_range           | 0.2         |
|    entropy_loss         | -10.6       |
|    explained_variance   | 0.861       |
|    learning_rate        | 0.0003      |
|    loss                 | -0.141      |
|    n_updates            | 230         |
|    policy_gradient_loss | -0.0218     |
|    std                  | 1.11        |
|    value_loss           | 0.00145     |
-----------------------------------------
Eval num_timesteps=50000, episode_reward=1.00 +/- 0.00
Episode length: 96.85 +/- 7.47
-----------------------------------------
| eval/                   |             |
|    mean_ep_length       | 96.8        |
|    mean_reward          | 1           |
| time/                   |             |
|    total_timesteps      | 50000       |
| train/                  |             |
|    approx_kl            | 0.027787253 |
|    clip_fraction        | 0.324       |
|    clip_range           | 0.2         |
|    entropy_loss         | -10.6       |
|    explained_variance   | 0.965       |
|    learning_rate        | 0.0003      |
|    loss                 | -0.138      |
|    n_updates            | 240         |
|    policy_gradient_loss | -0.028      |
|    std                  | 1.11        |
|    value_loss           | 0.000433    |
-----------------------------------------
---------------------------------
| rollout/           |          |
|    ep_len_mean     | 104      |
|    ep_rew_mean     | 0.94     |
| time/              |          |
|    fps             | 3        |
|    iterations      | 25       |
|    time_elapsed    | 14528    |
|    total_timesteps | 51200    |
---------------------------------
-----------------------------------------
| rollout/                |             |
|    ep_len_mean          | 103         |
|    ep_rew_mean          | 0.94        |
| time/                   |             |
|    fps                  | 3           |
|    iterations           | 26          |
|    time_elapsed         | 15035       |
|    total_timesteps      | 53248       |
| train/                  |             |
|    approx_kl            | 0.035864096 |
|    clip_fraction        | 0.307       |
|    clip_range           | 0.2         |
|    entropy_loss         | -10.7       |
|    explained_variance   | 0.903       |
|    learning_rate        | 0.0003      |
|    loss                 | -0.151      |
|    n_updates            | 250         |
|    policy_gradient_loss | -0.0282     |
|    std                  | 1.11        |
|    value_loss           | 0.000725    |
-----------------------------------------
-----------------------------------------
| rollout/                |             |
|    ep_len_mean          | 101         |
|    ep_rew_mean          | 0.96        |
| time/                   |             |
|    fps                  | 3           |
|    iterations           | 27          |
|    time_elapsed         | 15545       |
|    total_timesteps      | 55296       |
| train/                  |             |
|    approx_kl            | 0.038599305 |
|    clip_fraction        | 0.319       |
|    clip_range           | 0.2         |
|    entropy_loss         | -10.7       |
|    explained_variance   | 0.862       |
|    learning_rate        | 0.0003      |
|    loss                 | -0.149      |
|    n_updates            | 260         |
|    policy_gradient_loss | -0.0271     |
|    std                  | 1.12        |
|    value_loss           | 0.00115     |
-----------------------------------------
-----------------------------------------
| rollout/                |             |
|    ep_len_mean          | 99.2        |
|    ep_rew_mean          | 0.98        |
| time/                   |             |
|    fps                  | 3           |
|    iterations           | 28          |
|    time_elapsed         | 16058       |
|    total_timesteps      | 57344       |
| train/                  |             |
|    approx_kl            | 0.028026467 |
|    clip_fraction        | 0.322       |
|    clip_range           | 0.2         |
|    entropy_loss         | -10.7       |
|    explained_variance   | 0.932       |
|    learning_rate        | 0.0003      |
|    loss                 | -0.145      |
|    n_updates            | 270         |
|    policy_gradient_loss | -0.0285     |
|    std                  | 1.12        |
|    value_loss           | 0.000507    |
-----------------------------------------
-----------------------------------------
| rollout/                |             |
|    ep_len_mean          | 99.2        |
|    ep_rew_mean          | 0.98        |
| time/                   |             |
|    fps                  | 3           |
|    iterations           | 29          |
|    time_elapsed         | 16561       |
|    total_timesteps      | 59392       |
| train/                  |             |
|    approx_kl            | 0.034089565 |
|    clip_fraction        | 0.306       |
|    clip_range           | 0.2         |
|    entropy_loss         | -10.7       |
|    explained_variance   | 0.977       |
|    learning_rate        | 0.0003      |
|    loss                 | -0.186      |
|    n_updates            | 280         |
|    policy_gradient_loss | -0.0297     |
|    std                  | 1.13        |
|    value_loss           | 0.000257    |
-----------------------------------------
Eval num_timesteps=60000, episode_reward=0.95 +/- 0.22
Episode length: 101.20 +/- 23.02
----------------------------------------
| eval/                   |            |
|    mean_ep_length       | 101        |
|    mean_reward          | 0.95       |
| time/                   |            |
|    total_timesteps      | 60000      |
| train/                  |            |
|    approx_kl            | 0.05270216 |
|    clip_fraction        | 0.291      |
|    clip_range           | 0.2        |
|    entropy_loss         | -10.8      |
|    explained_variance   | 0.924      |
|    learning_rate        | 0.0003     |
|    loss                 | -0.183     |
|    n_updates            | 290        |
|    policy_gradient_loss | -0.0286    |
|    std                  | 1.13       |
|    value_loss           | 0.000499   |
----------------------------------------
---------------------------------
| rollout/           |          |
|    ep_len_mean     | 101      |
|    ep_rew_mean     | 0.97     |
| time/              |          |
|    fps             | 3        |
|    iterations      | 30       |
|    time_elapsed    | 17564    |
|    total_timesteps | 61440    |
---------------------------------
-----------------------------------------
| rollout/                |             |
|    ep_len_mean          | 99          |
|    ep_rew_mean          | 0.98        |
| time/                   |             |
|    fps                  | 3           |
|    iterations           | 31          |
|    time_elapsed         | 18076       |
|    total_timesteps      | 63488       |
| train/                  |             |
|    approx_kl            | 0.049205992 |
|    clip_fraction        | 0.31        |
|    clip_range           | 0.2         |
|    entropy_loss         | -10.8       |
|    explained_variance   | 0.9         |
|    learning_rate        | 0.0003      |
|    loss                 | -0.162      |
|    n_updates            | 300         |
|    policy_gradient_loss | -0.0251     |
|    std                  | 1.13        |
|    value_loss           | 0.000709    |
-----------------------------------------
-----------------------------------------
| rollout/                |             |
|    ep_len_mean          | 99.9        |
|    ep_rew_mean          | 0.97        |
| time/                   |             |
|    fps                  | 3           |
|    iterations           | 32          |
|    time_elapsed         | 18593       |
|    total_timesteps      | 65536       |
| train/                  |             |
|    approx_kl            | 0.031514186 |
|    clip_fraction        | 0.346       |
|    clip_range           | 0.2         |
|    entropy_loss         | -10.8       |
|    explained_variance   | 0.968       |
|    learning_rate        | 0.0003      |
|    loss                 | -0.16       |
|    n_updates            | 310         |
|    policy_gradient_loss | -0.0304     |
|    std                  | 1.13        |
|    value_loss           | 0.00037     |
-----------------------------------------
-----------------------------------------
| rollout/                |             |
|    ep_len_mean          | 100         |
|    ep_rew_mean          | 0.97        |
| time/                   |             |
|    fps                  | 3           |
|    iterations           | 33          |
|    time_elapsed         | 19103       |
|    total_timesteps      | 67584       |
| train/                  |             |
|    approx_kl            | 0.050865058 |
|    clip_fraction        | 0.316       |
|    clip_range           | 0.2         |
|    entropy_loss         | -10.8       |
|    explained_variance   | 0.872       |
|    learning_rate        | 0.0003      |
|    loss                 | -0.0818     |
|    n_updates            | 320         |
|    policy_gradient_loss | -0.026      |
|    std                  | 1.13        |
|    value_loss           | 0.000484    |
-----------------------------------------
----------------------------------------
| rollout/                |            |
|    ep_len_mean          | 97.9       |
|    ep_rew_mean          | 0.99       |
| time/                   |            |
|    fps                  | 3          |
|    iterations           | 34         |
|    time_elapsed         | 19612      |
|    total_timesteps      | 69632      |
| train/                  |            |
|    approx_kl            | 0.02989165 |
|    clip_fraction        | 0.318      |
|    clip_range           | 0.2        |
|    entropy_loss         | -10.8      |
|    explained_variance   | 0.836      |
|    learning_rate        | 0.0003     |
|    loss                 | -0.124     |
|    n_updates            | 330        |
|    policy_gradient_loss | -0.0228    |
|    std                  | 1.14       |
|    value_loss           | 0.00113    |
----------------------------------------
Eval num_timesteps=70000, episode_reward=0.75 +/- 0.43
Episode length: 121.60 +/- 45.65
-----------------------------------------
| eval/                   |             |
|    mean_ep_length       | 122         |
|    mean_reward          | 0.75        |
| time/                   |             |
|    total_timesteps      | 70000       |
| train/                  |             |
|    approx_kl            | 0.047609292 |
|    clip_fraction        | 0.333       |
|    clip_range           | 0.2         |
|    entropy_loss         | -10.9       |
|    explained_variance   | 0.931       |
|    learning_rate        | 0.0003      |
|    loss                 | -0.137      |
|    n_updates            | 340         |
|    policy_gradient_loss | -0.0373     |
|    std                  | 1.14        |
|    value_loss           | 0.000531    |
-----------------------------------------
---------------------------------
| rollout/           |          |
|    ep_len_mean     | 99.8     |
|    ep_rew_mean     | 0.97     |
| time/              |          |
|    fps             | 3        |
|    iterations      | 35       |
|    time_elapsed    | 20703    |
|    total_timesteps | 71680    |
---------------------------------
-----------------------------------------
| rollout/                |             |
|    ep_len_mean          | 98.7        |
|    ep_rew_mean          | 0.98        |
| time/                   |             |
|    fps                  | 3           |
|    iterations           | 36          |
|    time_elapsed         | 21215       |
|    total_timesteps      | 73728       |
| train/                  |             |
|    approx_kl            | 0.045471046 |
|    clip_fraction        | 0.313       |
|    clip_range           | 0.2         |
|    entropy_loss         | -10.8       |
|    explained_variance   | 0.912       |
|    learning_rate        | 0.0003      |
|    loss                 | -0.165      |
|    n_updates            | 350         |
|    policy_gradient_loss | -0.0334     |
|    std                  | 1.14        |
|    value_loss           | 0.00039     |
-----------------------------------------
-----------------------------------------
| rollout/                |             |
|    ep_len_mean          | 99.4        |
|    ep_rew_mean          | 0.97        |
| time/                   |             |
|    fps                  | 3           |
|    iterations           | 37          |
|    time_elapsed         | 21733       |
|    total_timesteps      | 75776       |
| train/                  |             |
|    approx_kl            | 0.031094564 |
|    clip_fraction        | 0.348       |
|    clip_range           | 0.2         |
|    entropy_loss         | -10.9       |
|    explained_variance   | 0.963       |
|    learning_rate        | 0.0003      |
|    loss                 | -0.146      |
|    n_updates            | 360         |
|    policy_gradient_loss | -0.0288     |
|    std                  | 1.14        |
|    value_loss           | 0.000287    |
-----------------------------------------
----------------------------------------
| rollout/                |            |
|    ep_len_mean          | 100        |
|    ep_rew_mean          | 0.95       |
| time/                   |            |
|    fps                  | 3          |
|    iterations           | 38         |
|    time_elapsed         | 22242      |
|    total_timesteps      | 77824      |
| train/                  |            |
|    approx_kl            | 0.04325957 |
|    clip_fraction        | 0.313      |
|    clip_range           | 0.2        |
|    entropy_loss         | -10.9      |
|    explained_variance   | 0.927      |
|    learning_rate        | 0.0003     |
|    loss                 | -0.166     |
|    n_updates            | 370        |
|    policy_gradient_loss | -0.0317    |
|    std                  | 1.14       |
|    value_loss           | 0.000361   |
----------------------------------------
-----------------------------------------
| rollout/                |             |
|    ep_len_mean          | 98.8        |
|    ep_rew_mean          | 0.97        |
| time/                   |             |
|    fps                  | 3           |
|    iterations           | 39          |
|    time_elapsed         | 22748       |
|    total_timesteps      | 79872       |
| train/                  |             |
|    approx_kl            | 0.040416412 |
|    clip_fraction        | 0.305       |
|    clip_range           | 0.2         |
|    entropy_loss         | -10.9       |
|    explained_variance   | 0.883       |
|    learning_rate        | 0.0003      |
|    loss                 | -0.151      |
|    n_updates            | 380         |
|    policy_gradient_loss | -0.0345     |
|    std                  | 1.14        |
|    value_loss           | 0.000707    |
-----------------------------------------
Eval num_timesteps=80000, episode_reward=0.90 +/- 0.30
Episode length: 107.00 +/- 31.79
-----------------------------------------
| eval/                   |             |
|    mean_ep_length       | 107         |
|    mean_reward          | 0.9         |
| time/                   |             |
|    total_timesteps      | 80000       |
| train/                  |             |
|    approx_kl            | 0.030941965 |
|    clip_fraction        | 0.327       |
|    clip_range           | 0.2         |
|    entropy_loss         | -10.9       |
|    explained_variance   | 0.959       |
|    learning_rate        | 0.0003      |
|    loss                 | -0.133      |
|    n_updates            | 390         |
|    policy_gradient_loss | -0.0204     |
|    std                  | 1.15        |
|    value_loss           | 0.000534    |
-----------------------------------------
---------------------------------
| rollout/           |          |
|    ep_len_mean     | 99.5     |
|    ep_rew_mean     | 0.96     |
| time/              |          |
|    fps             | 3        |
|    iterations      | 40       |
|    time_elapsed    | 23765    |
|    total_timesteps | 81920    |
---------------------------------
----------------------------------------
| rollout/                |            |
|    ep_len_mean          | 101        |
|    ep_rew_mean          | 0.95       |
| time/                   |            |
|    fps                  | 3          |
|    iterations           | 41         |
|    time_elapsed         | 24275      |
|    total_timesteps      | 83968      |
| train/                  |            |
|    approx_kl            | 0.04589352 |
|    clip_fraction        | 0.307      |
|    clip_range           | 0.2        |
|    entropy_loss         | -10.9      |
|    explained_variance   | 0.848      |
|    learning_rate        | 0.0003     |
|    loss                 | -0.146     |
|    n_updates            | 400        |
|    policy_gradient_loss | -0.0298    |
|    std                  | 1.15       |
|    value_loss           | 0.000942   |
----------------------------------------
-----------------------------------------
| rollout/                |             |
|    ep_len_mean          | 99.8        |
|    ep_rew_mean          | 0.96        |
| time/                   |             |
|    fps                  | 3           |
|    iterations           | 42          |
|    time_elapsed         | 24786       |
|    total_timesteps      | 86016       |
| train/                  |             |
|    approx_kl            | 0.034441307 |
|    clip_fraction        | 0.31        |
|    clip_range           | 0.2         |
|    entropy_loss         | -11         |
|    explained_variance   | 0.877       |
|    learning_rate        | 0.0003      |
|    loss                 | -0.171      |
|    n_updates            | 410         |
|    policy_gradient_loss | -0.0314     |
|    std                  | 1.16        |
|    value_loss           | 0.000538    |
-----------------------------------------
-----------------------------------------
| rollout/                |             |
|    ep_len_mean          | 99.6        |
|    ep_rew_mean          | 0.96        |
| time/                   |             |
|    fps                  | 3           |
|    iterations           | 43          |
|    time_elapsed         | 25298       |
|    total_timesteps      | 88064       |
| train/                  |             |
|    approx_kl            | 0.033673193 |
|    clip_fraction        | 0.343       |
|    clip_range           | 0.2         |
|    entropy_loss         | -11         |
|    explained_variance   | 0.982       |
|    learning_rate        | 0.0003      |
|    loss                 | -0.172      |
|    n_updates            | 420         |
|    policy_gradient_loss | -0.0285     |
|    std                  | 1.17        |
|    value_loss           | 0.000239    |
-----------------------------------------
Eval num_timesteps=90000, episode_reward=0.95 +/- 0.22
Episode length: 98.25 +/- 24.01
-----------------------------------------
| eval/                   |             |
|    mean_ep_length       | 98.2        |
|    mean_reward          | 0.95        |
| time/                   |             |
|    total_timesteps      | 90000       |
| train/                  |             |
|    approx_kl            | 0.052952163 |
|    clip_fraction        | 0.339       |
|    clip_range           | 0.2         |
|    entropy_loss         | -11         |
|    explained_variance   | 0.916       |
|    learning_rate        | 0.0003      |
|    loss                 | -0.182      |
|    n_updates            | 430         |
|    policy_gradient_loss | -0.0351     |
|    std                  | 1.17        |
|    value_loss           | 0.000439    |
-----------------------------------------
---------------------------------
| rollout/           |          |
|    ep_len_mean     | 99       |
|    ep_rew_mean     | 0.96     |
| time/              |          |
|    fps             | 3        |
|    iterations      | 44       |
|    time_elapsed    | 26288    |
|    total_timesteps | 90112    |
---------------------------------
----------------------------------------
| rollout/                |            |
|    ep_len_mean          | 101        |
|    ep_rew_mean          | 0.94       |
| time/                   |            |
|    fps                  | 3          |
|    iterations           | 45         |
|    time_elapsed         | 26800      |
|    total_timesteps      | 92160      |
| train/                  |            |
|    approx_kl            | 0.07420601 |
|    clip_fraction        | 0.317      |
|    clip_range           | 0.2        |
|    entropy_loss         | -11        |
|    explained_variance   | 0.909      |
|    learning_rate        | 0.0003     |
|    loss                 | -0.181     |
|    n_updates            | 440        |
|    policy_gradient_loss | -0.0232    |
|    std                  | 1.17       |
|    value_loss           | 0.000528   |
----------------------------------------
-----------------------------------------
| rollout/                |             |
|    ep_len_mean          | 102         |
|    ep_rew_mean          | 0.92        |
| time/                   |             |
|    fps                  | 3           |
|    iterations           | 46          |
|    time_elapsed         | 27309       |
|    total_timesteps      | 94208       |
| train/                  |             |
|    approx_kl            | 0.039988026 |
|    clip_fraction        | 0.336       |
|    clip_range           | 0.2         |
|    entropy_loss         | -11         |
|    explained_variance   | 0.911       |
|    learning_rate        | 0.0003      |
|    loss                 | -0.17       |
|    n_updates            | 450         |
|    policy_gradient_loss | -0.0364     |
|    std                  | 1.17        |
|    value_loss           | 0.00051     |
-----------------------------------------
-----------------------------------------
| rollout/                |             |
|    ep_len_mean          | 103         |
|    ep_rew_mean          | 0.91        |
| time/                   |             |
|    fps                  | 3           |
|    iterations           | 47          |
|    time_elapsed         | 27825       |
|    total_timesteps      | 96256       |
| train/                  |             |
|    approx_kl            | 0.041585915 |
|    clip_fraction        | 0.34        |
|    clip_range           | 0.2         |
|    entropy_loss         | -11.1       |
|    explained_variance   | 0.901       |
|    learning_rate        | 0.0003      |
|    loss                 | -0.165      |
|    n_updates            | 460         |
|    policy_gradient_loss | -0.0393     |
|    std                  | 1.18        |
|    value_loss           | 0.00125     |
-----------------------------------------
----------------------------------------
| rollout/                |            |
|    ep_len_mean          | 104        |
|    ep_rew_mean          | 0.9        |
| time/                   |            |
|    fps                  | 3          |
|    iterations           | 48         |
|    time_elapsed         | 28336      |
|    total_timesteps      | 98304      |
| train/                  |            |
|    approx_kl            | 0.04212314 |
|    clip_fraction        | 0.337      |
|    clip_range           | 0.2        |
|    entropy_loss         | -11.1      |
|    explained_variance   | 0.912      |
|    learning_rate        | 0.0003     |
|    loss                 | -0.145     |
|    n_updates            | 470        |
|    policy_gradient_loss | -0.03      |
|    std                  | 1.18       |
|    value_loss           | 0.00066    |
----------------------------------------
Eval num_timesteps=100000, episode_reward=1.00 +/- 0.00
Episode length: 89.75 +/- 5.63
-----------------------------------------
| eval/                   |             |
|    mean_ep_length       | 89.8        |
|    mean_reward          | 1           |
| time/                   |             |
|    total_timesteps      | 100000      |
| train/                  |             |
|    approx_kl            | 0.043122206 |
|    clip_fraction        | 0.357       |
|    clip_range           | 0.2         |
|    entropy_loss         | -11.1       |
|    explained_variance   | 0.874       |
|    learning_rate        | 0.0003      |
|    loss                 | -0.182      |
|    n_updates            | 480         |
|    policy_gradient_loss | -0.0411     |
|    std                  | 1.19        |
|    value_loss           | 0.00155     |
-----------------------------------------
---------------------------------
| rollout/           |          |
|    ep_len_mean     | 106      |
|    ep_rew_mean     | 0.89     |
| time/              |          |
|    fps             | 3        |
|    iterations      | 49       |
|    time_elapsed    | 29285    |
|    total_timesteps | 100352   |
---------------------------------
----------------------------------------
| rollout/                |            |
|    ep_len_mean          | 103        |
|    ep_rew_mean          | 0.91       |
| time/                   |            |
|    fps                  | 3          |
|    iterations           | 50         |
|    time_elapsed         | 29800      |
|    total_timesteps      | 102400     |
| train/                  |            |
|    approx_kl            | 0.03871864 |
|    clip_fraction        | 0.348      |
|    clip_range           | 0.2        |
|    entropy_loss         | -11.1      |
|    explained_variance   | 0.919      |
|    learning_rate        | 0.0003     |
|    loss                 | -0.16      |
|    n_updates            | 490        |
|    policy_gradient_loss | -0.0397    |
|    std                  | 1.18       |
|    value_loss           | 0.00139    |
----------------------------------------
-----------------------------------------
| rollout/                |             |
|    ep_len_mean          | 101         |
|    ep_rew_mean          | 0.93        |
| time/                   |             |
|    fps                  | 3           |
|    iterations           | 51          |
|    time_elapsed         | 30312       |
|    total_timesteps      | 104448      |
| train/                  |             |
|    approx_kl            | 0.039298475 |
|    clip_fraction        | 0.379       |
|    clip_range           | 0.2         |
|    entropy_loss         | -11.1       |
|    explained_variance   | 0.925       |
|    learning_rate        | 0.0003      |
|    loss                 | -0.175      |
|    n_updates            | 500         |
|    policy_gradient_loss | -0.0386     |
|    std                  | 1.19        |
|    value_loss           | 0.00114     |
-----------------------------------------
-----------------------------------------
| rollout/                |             |
|    ep_len_mean          | 100         |
|    ep_rew_mean          | 0.94        |
| time/                   |             |
|    fps                  | 3           |
|    iterations           | 52          |
|    time_elapsed         | 30825       |
|    total_timesteps      | 106496      |
| train/                  |             |
|    approx_kl            | 0.036891624 |
|    clip_fraction        | 0.345       |
|    clip_range           | 0.2         |
|    entropy_loss         | -11.1       |
|    explained_variance   | 0.939       |
|    learning_rate        | 0.0003      |
|    loss                 | -0.18       |
|    n_updates            | 510         |
|    policy_gradient_loss | -0.0308     |
|    std                  | 1.19        |
|    value_loss           | 0.00111     |
-----------------------------------------
----------------------------------------
| rollout/                |            |
|    ep_len_mean          | 96.7       |
|    ep_rew_mean          | 0.97       |
| time/                   |            |
|    fps                  | 3          |
|    iterations           | 53         |
|    time_elapsed         | 31342      |
|    total_timesteps      | 108544     |
| train/                  |            |
|    approx_kl            | 0.03454134 |
|    clip_fraction        | 0.347      |
|    clip_range           | 0.2        |
|    entropy_loss         | -11.1      |
|    explained_variance   | 0.982      |
|    learning_rate        | 0.0003     |
|    loss                 | -0.149     |
|    n_updates            | 520        |
|    policy_gradient_loss | -0.0331    |
|    std                  | 1.18       |
|    value_loss           | 0.000205   |
----------------------------------------
Eval num_timesteps=110000, episode_reward=0.95 +/- 0.22
Episode length: 93.85 +/- 25.04
-----------------------------------------
| eval/                   |             |
|    mean_ep_length       | 93.8        |
|    mean_reward          | 0.95        |
| time/                   |             |
|    total_timesteps      | 110000      |
| train/                  |             |
|    approx_kl            | 0.037407678 |
|    clip_fraction        | 0.361       |
|    clip_range           | 0.2         |
|    entropy_loss         | -11.1       |
|    explained_variance   | 0.991       |
|    learning_rate        | 0.0003      |
|    loss                 | -0.194      |
|    n_updates            | 530         |
|    policy_gradient_loss | -0.0424     |
|    std                  | 1.19        |
|    value_loss           | 0.00015     |
-----------------------------------------
---------------------------------
| rollout/           |          |
|    ep_len_mean     | 96.9     |
|    ep_rew_mean     | 0.97     |
| time/              |          |
|    fps             | 3        |
|    iterations      | 54       |
|    time_elapsed    | 32314    |
|    total_timesteps | 110592   |
---------------------------------
-----------------------------------------
| rollout/                |             |
|    ep_len_mean          | 94.7        |
|    ep_rew_mean          | 0.99        |
| time/                   |             |
|    fps                  | 3           |
|    iterations           | 55          |
|    time_elapsed         | 32831       |
|    total_timesteps      | 112640      |
| train/                  |             |
|    approx_kl            | 0.043358896 |
|    clip_fraction        | 0.367       |
|    clip_range           | 0.2         |
|    entropy_loss         | -11.2       |
|    explained_variance   | 0.931       |
|    learning_rate        | 0.0003      |
|    loss                 | -0.157      |
|    n_updates            | 540         |
|    policy_gradient_loss | -0.0364     |
|    std                  | 1.2         |
|    value_loss           | 0.000893    |
-----------------------------------------
----------------------------------------
| rollout/                |            |
|    ep_len_mean          | 95.7       |
|    ep_rew_mean          | 0.98       |
| time/                   |            |
|    fps                  | 3          |
|    iterations           | 56         |
|    time_elapsed         | 33347      |
|    total_timesteps      | 114688     |
| train/                  |            |
|    approx_kl            | 0.03341106 |
|    clip_fraction        | 0.355      |
|    clip_range           | 0.2        |
|    entropy_loss         | -11.2      |
|    explained_variance   | 0.944      |
|    learning_rate        | 0.0003     |
|    loss                 | -0.172     |
|    n_updates            | 550        |
|    policy_gradient_loss | -0.0342    |
|    std                  | 1.2        |
|    value_loss           | 0.000481   |
----------------------------------------
-----------------------------------------
| rollout/                |             |
|    ep_len_mean          | 96.8        |
|    ep_rew_mean          | 0.97        |
| time/                   |             |
|    fps                  | 3           |
|    iterations           | 57          |
|    time_elapsed         | 33864       |
|    total_timesteps      | 116736      |
| train/                  |             |
|    approx_kl            | 0.046850488 |
|    clip_fraction        | 0.36        |
|    clip_range           | 0.2         |
|    entropy_loss         | -11.2       |
|    explained_variance   | 0.954       |
|    learning_rate        | 0.0003      |
|    loss                 | -0.183      |
|    n_updates            | 560         |
|    policy_gradient_loss | -0.0396     |
|    std                  | 1.2         |
|    value_loss           | 0.000375    |
-----------------------------------------
-----------------------------------------
| rollout/                |             |
|    ep_len_mean          | 95.7        |
|    ep_rew_mean          | 0.98        |
| time/                   |             |
|    fps                  | 3           |
|    iterations           | 58          |
|    time_elapsed         | 34384       |
|    total_timesteps      | 118784      |
| train/                  |             |
|    approx_kl            | 0.056823745 |
|    clip_fraction        | 0.341       |
|    clip_range           | 0.2         |
|    entropy_loss         | -11.2       |
|    explained_variance   | 0.886       |
|    learning_rate        | 0.0003      |
|    loss                 | -0.166      |
|    n_updates            | 570         |
|    policy_gradient_loss | -0.0268     |
|    std                  | 1.2         |
|    value_loss           | 0.000612    |
-----------------------------------------
Eval num_timesteps=120000, episode_reward=0.95 +/- 0.22
Episode length: 92.25 +/- 25.23
-----------------------------------------
| eval/                   |             |
|    mean_ep_length       | 92.2        |
|    mean_reward          | 0.95        |
| time/                   |             |
|    total_timesteps      | 120000      |
| train/                  |             |
|    approx_kl            | 0.039117698 |
|    clip_fraction        | 0.36        |
|    clip_range           | 0.2         |
|    entropy_loss         | -11.2       |
|    explained_variance   | 0.974       |
|    learning_rate        | 0.0003      |
|    loss                 | -0.153      |
|    n_updates            | 580         |
|    policy_gradient_loss | -0.0371     |
|    std                  | 1.21        |
|    value_loss           | 0.000306    |
-----------------------------------------
---------------------------------
| rollout/           |          |
|    ep_len_mean     | 97.5     |
|    ep_rew_mean     | 0.96     |
| time/              |          |
|    fps             | 3        |
|    iterations      | 59       |
|    time_elapsed    | 35347    |
|    total_timesteps | 120832   |
---------------------------------
-----------------------------------------
| rollout/                |             |
|    ep_len_mean          | 97.7        |
|    ep_rew_mean          | 0.96        |
| time/                   |             |
|    fps                  | 3           |
|    iterations           | 60          |
|    time_elapsed         | 35869       |
|    total_timesteps      | 122880      |
| train/                  |             |
|    approx_kl            | 0.046941288 |
|    clip_fraction        | 0.344       |
|    clip_range           | 0.2         |
|    entropy_loss         | -11.3       |
|    explained_variance   | 0.755       |
|    learning_rate        | 0.0003      |
|    loss                 | -0.16       |
|    n_updates            | 590         |
|    policy_gradient_loss | -0.0323     |
|    std                  | 1.21        |
|    value_loss           | 0.00106     |
-----------------------------------------
----------------------------------------
| rollout/                |            |
|    ep_len_mean          | 97.9       |
|    ep_rew_mean          | 0.96       |
| time/                   |            |
|    fps                  | 3          |
|    iterations           | 61         |
|    time_elapsed         | 36384      |
|    total_timesteps      | 124928     |
| train/                  |            |
|    approx_kl            | 0.04168687 |
|    clip_fraction        | 0.341      |
|    clip_range           | 0.2        |
|    entropy_loss         | -11.3      |
|    explained_variance   | 0.939      |
|    learning_rate        | 0.0003     |
|    loss                 | -0.159     |
|    n_updates            | 600        |
|    policy_gradient_loss | -0.028     |
|    std                  | 1.21       |
|    value_loss           | 0.00113    |
----------------------------------------
----------------------------------------
| rollout/                |            |
|    ep_len_mean          | 96.2       |
|    ep_rew_mean          | 0.97       |
| time/                   |            |
|    fps                  | 3          |
|    iterations           | 62         |
|    time_elapsed         | 36910      |
|    total_timesteps      | 126976     |
| train/                  |            |
|    approx_kl            | 0.04465712 |
|    clip_fraction        | 0.389      |
|    clip_range           | 0.2        |
|    entropy_loss         | -11.3      |
|    explained_variance   | 0.955      |
|    learning_rate        | 0.0003     |
|    loss                 | -0.186     |
|    n_updates            | 610        |
|    policy_gradient_loss | -0.0382    |
|    std                  | 1.22       |
|    value_loss           | 0.000336   |
----------------------------------------
----------------------------------------
| rollout/                |            |
|    ep_len_mean          | 98.1       |
|    ep_rew_mean          | 0.95       |
| time/                   |            |
|    fps                  | 3          |
|    iterations           | 63         |
|    time_elapsed         | 37423      |
|    total_timesteps      | 129024     |
| train/                  |            |
|    approx_kl            | 0.03931369 |
|    clip_fraction        | 0.371      |
|    clip_range           | 0.2        |
|    entropy_loss         | -11.3      |
|    explained_variance   | 0.988      |
|    learning_rate        | 0.0003     |
|    loss                 | -0.136     |
|    n_updates            | 620        |
|    policy_gradient_loss | -0.0388    |
|    std                  | 1.23       |
|    value_loss           | 0.000153   |
----------------------------------------
Eval num_timesteps=130000, episode_reward=0.95 +/- 0.22
Episode length: 94.80 +/- 24.58
-----------------------------------------
| eval/                   |             |
|    mean_ep_length       | 94.8        |
|    mean_reward          | 0.95        |
| time/                   |             |
|    total_timesteps      | 130000      |
| train/                  |             |
|    approx_kl            | 0.043831218 |
|    clip_fraction        | 0.365       |
|    clip_range           | 0.2         |
|    entropy_loss         | -11.4       |
|    explained_variance   | 0.938       |
|    learning_rate        | 0.0003      |
|    loss                 | -0.163      |
|    n_updates            | 630         |
|    policy_gradient_loss | -0.0403     |
|    std                  | 1.22        |
|    value_loss           | 0.00108     |
-----------------------------------------
---------------------------------
| rollout/           |          |
|    ep_len_mean     | 94.2     |
|    ep_rew_mean     | 0.98     |
| time/              |          |
|    fps             | 3        |
|    iterations      | 64       |
|    time_elapsed    | 38404    |
|    total_timesteps | 131072   |
---------------------------------
-----------------------------------------
| rollout/                |             |
|    ep_len_mean          | 96.5        |
|    ep_rew_mean          | 0.96        |
| time/                   |             |
|    fps                  | 3           |
|    iterations           | 65          |
|    time_elapsed         | 38923       |
|    total_timesteps      | 133120      |
| train/                  |             |
|    approx_kl            | 0.043913502 |
|    clip_fraction        | 0.37        |
|    clip_range           | 0.2         |
|    entropy_loss         | -11.4       |
|    explained_variance   | 0.928       |
|    learning_rate        | 0.0003      |
|    loss                 | -0.13       |
|    n_updates            | 640         |
|    policy_gradient_loss | -0.0327     |
|    std                  | 1.23        |
|    value_loss           | 0.000865    |
-----------------------------------------
----------------------------------------
| rollout/                |            |
|    ep_len_mean          | 97.5       |
|    ep_rew_mean          | 0.95       |
| time/                   |            |
|    fps                  | 3          |
|    iterations           | 66         |
|    time_elapsed         | 39444      |
|    total_timesteps      | 135168     |
| train/                  |            |
|    approx_kl            | 0.06063285 |
|    clip_fraction        | 0.367      |
|    clip_range           | 0.2        |
|    entropy_loss         | -11.3      |
|    explained_variance   | 0.834      |
|    learning_rate        | 0.0003     |
|    loss                 | -0.182     |
|    n_updates            | 650        |
|    policy_gradient_loss | -0.0454    |
|    std                  | 1.22       |
|    value_loss           | 0.00225    |
----------------------------------------
----------------------------------------
| rollout/                |            |
|    ep_len_mean          | 98.6       |
|    ep_rew_mean          | 0.94       |
| time/                   |            |
|    fps                  | 3          |
|    iterations           | 67         |
|    time_elapsed         | 39960      |
|    total_timesteps      | 137216     |
| train/                  |            |
|    approx_kl            | 0.04392937 |
|    clip_fraction        | 0.373      |
|    clip_range           | 0.2        |
|    entropy_loss         | -11.3      |
|    explained_variance   | 0.96       |
|    learning_rate        | 0.0003     |
|    loss                 | -0.182     |
|    n_updates            | 660        |
|    policy_gradient_loss | -0.0392    |
|    std                  | 1.23       |
|    value_loss           | 0.000582   |
----------------------------------------
-----------------------------------------
| rollout/                |             |
|    ep_len_mean          | 98.8        |
|    ep_rew_mean          | 0.94        |
| time/                   |             |
|    fps                  | 3           |
|    iterations           | 68          |
|    time_elapsed         | 40477       |
|    total_timesteps      | 139264      |
| train/                  |             |
|    approx_kl            | 0.042871404 |
|    clip_fraction        | 0.374       |
|    clip_range           | 0.2         |
|    entropy_loss         | -11.4       |
|    explained_variance   | 0.9         |
|    learning_rate        | 0.0003      |
|    loss                 | -0.192      |
|    n_updates            | 670         |
|    policy_gradient_loss | -0.042      |
|    std                  | 1.23        |
|    value_loss           | 0.000969    |
-----------------------------------------
Eval num_timesteps=140000, episode_reward=0.90 +/- 0.30
Episode length: 101.95 +/- 32.99
----------------------------------------
| eval/                   |            |
|    mean_ep_length       | 102        |
|    mean_reward          | 0.9        |
| time/                   |            |
|    total_timesteps      | 140000     |
| train/                  |            |
|    approx_kl            | 0.04080569 |
|    clip_fraction        | 0.367      |
|    clip_range           | 0.2        |
|    entropy_loss         | -11.4      |
|    explained_variance   | 0.956      |
|    learning_rate        | 0.0003     |
|    loss                 | -0.158     |
|    n_updates            | 680        |
|    policy_gradient_loss | -0.0411    |
|    std                  | 1.23       |
|    value_loss           | 0.000723   |
----------------------------------------
---------------------------------
| rollout/           |          |
|    ep_len_mean     | 102      |
|    ep_rew_mean     | 0.92     |
| time/              |          |
|    fps             | 3        |
|    iterations      | 69       |
|    time_elapsed    | 41489    |
|    total_timesteps | 141312   |
---------------------------------
-----------------------------------------
| rollout/                |             |
|    ep_len_mean          | 101         |
|    ep_rew_mean          | 0.93        |
| time/                   |             |
|    fps                  | 3           |
|    iterations           | 70          |
|    time_elapsed         | 42011       |
|    total_timesteps      | 143360      |
| train/                  |             |
|    approx_kl            | 0.050873384 |
|    clip_fraction        | 0.386       |
|    clip_range           | 0.2         |
|    entropy_loss         | -11.4       |
|    explained_variance   | 0.872       |
|    learning_rate        | 0.0003      |
|    loss                 | -0.167      |
|    n_updates            | 690         |
|    policy_gradient_loss | -0.0418     |
|    std                  | 1.24        |
|    value_loss           | 0.00212     |
-----------------------------------------
-----------------------------------------
| rollout/                |             |
|    ep_len_mean          | 102         |
|    ep_rew_mean          | 0.92        |
| time/                   |             |
|    fps                  | 3           |
|    iterations           | 71          |
|    time_elapsed         | 42524       |
|    total_timesteps      | 145408      |
| train/                  |             |
|    approx_kl            | 0.041230187 |
|    clip_fraction        | 0.372       |
|    clip_range           | 0.2         |
|    entropy_loss         | -11.4       |
|    explained_variance   | 0.905       |
|    learning_rate        | 0.0003      |
|    loss                 | -0.19       |
|    n_updates            | 700         |
|    policy_gradient_loss | -0.0412     |
|    std                  | 1.24        |
|    value_loss           | 0.00147     |
-----------------------------------------
-----------------------------------------
| rollout/                |             |
|    ep_len_mean          | 102         |
|    ep_rew_mean          | 0.92        |
| time/                   |             |
|    fps                  | 3           |
|    iterations           | 72          |
|    time_elapsed         | 43041       |
|    total_timesteps      | 147456      |
| train/                  |             |
|    approx_kl            | 0.041326042 |
|    clip_fraction        | 0.392       |
|    clip_range           | 0.2         |
|    entropy_loss         | -11.4       |
|    explained_variance   | 0.93        |
|    learning_rate        | 0.0003      |
|    loss                 | -0.178      |
|    n_updates            | 710         |
|    policy_gradient_loss | -0.0364     |
|    std                  | 1.23        |
|    value_loss           | 0.00212     |
-----------------------------------------
-----------------------------------------
| rollout/                |             |
|    ep_len_mean          | 102         |
|    ep_rew_mean          | 0.92        |
| time/                   |             |
|    fps                  | 3           |
|    iterations           | 73          |
|    time_elapsed         | 43562       |
|    total_timesteps      | 149504      |
| train/                  |             |
|    approx_kl            | 0.041387446 |
|    clip_fraction        | 0.381       |
|    clip_range           | 0.2         |
|    entropy_loss         | -11.4       |
|    explained_variance   | 0.926       |
|    learning_rate        | 0.0003      |
|    loss                 | -0.158      |
|    n_updates            | 720         |
|    policy_gradient_loss | -0.0394     |
|    std                  | 1.24        |
|    value_loss           | 0.00116     |
-----------------------------------------
Eval num_timesteps=150000, episode_reward=0.95 +/- 0.22
Episode length: 92.00 +/- 25.20
-----------------------------------------
| eval/                   |             |
|    mean_ep_length       | 92          |
|    mean_reward          | 0.95        |
| time/                   |             |
|    total_timesteps      | 150000      |
| train/                  |             |
|    approx_kl            | 0.050040152 |
|    clip_fraction        | 0.37        |
|    clip_range           | 0.2         |
|    entropy_loss         | -11.5       |
|    explained_variance   | 0.911       |
|    learning_rate        | 0.0003      |
|    loss                 | -0.186      |
|    n_updates            | 730         |
|    policy_gradient_loss | -0.0447     |
|    std                  | 1.24        |
|    value_loss           | 0.00125     |
-----------------------------------------
---------------------------------
| rollout/           |          |
|    ep_len_mean     | 99.4     |
|    ep_rew_mean     | 0.93     |
| time/              |          |
|    fps             | 3        |
|    iterations      | 74       |
|    time_elapsed    | 44529    |
|    total_timesteps | 151552   |
---------------------------------
----------------------------------------
| rollout/                |            |
|    ep_len_mean          | 98         |
|    ep_rew_mean          | 0.94       |
| time/                   |            |
|    fps                  | 3          |
|    iterations           | 75         |
|    time_elapsed         | 45047      |
|    total_timesteps      | 153600     |
| train/                  |            |
|    approx_kl            | 0.05104384 |
|    clip_fraction        | 0.385      |
|    clip_range           | 0.2        |
|    entropy_loss         | -11.4      |
|    explained_variance   | 0.877      |
|    learning_rate        | 0.0003     |
|    loss                 | -0.177     |
|    n_updates            | 740        |
|    policy_gradient_loss | -0.0407    |
|    std                  | 1.24       |
|    value_loss           | 0.00128    |
----------------------------------------
-----------------------------------------
| rollout/                |             |
|    ep_len_mean          | 97.7        |
|    ep_rew_mean          | 0.94        |
| time/                   |             |
|    fps                  | 3           |
|    iterations           | 76          |
|    time_elapsed         | 45566       |
|    total_timesteps      | 155648      |
| train/                  |             |
|    approx_kl            | 0.041284677 |
|    clip_fraction        | 0.36        |
|    clip_range           | 0.2         |
|    entropy_loss         | -11.5       |
|    explained_variance   | 0.872       |
|    learning_rate        | 0.0003      |
|    loss                 | -0.143      |
|    n_updates            | 750         |
|    policy_gradient_loss | -0.0419     |
|    std                  | 1.25        |
|    value_loss           | 0.00111     |
-----------------------------------------
-----------------------------------------
| rollout/                |             |
|    ep_len_mean          | 97.4        |
|    ep_rew_mean          | 0.94        |
| time/                   |             |
|    fps                  | 3           |
|    iterations           | 77          |
|    time_elapsed         | 46083       |
|    total_timesteps      | 157696      |
| train/                  |             |
|    approx_kl            | 0.051698454 |
|    clip_fraction        | 0.38        |
|    clip_range           | 0.2         |
|    entropy_loss         | -11.5       |
|    explained_variance   | 0.91        |
|    learning_rate        | 0.0003      |
|    loss                 | -0.181      |
|    n_updates            | 760         |
|    policy_gradient_loss | -0.0432     |
|    std                  | 1.25        |
|    value_loss           | 0.000717    |
-----------------------------------------
----------------------------------------
| rollout/                |            |
|    ep_len_mean          | 98.4       |
|    ep_rew_mean          | 0.93       |
| time/                   |            |
|    fps                  | 3          |
|    iterations           | 78         |
|    time_elapsed         | 46600      |
|    total_timesteps      | 159744     |
| train/                  |            |
|    approx_kl            | 0.07706118 |
|    clip_fraction        | 0.367      |
|    clip_range           | 0.2        |
|    entropy_loss         | -11.5      |
|    explained_variance   | 0.934      |
|    learning_rate        | 0.0003     |
|    loss                 | -0.175     |
|    n_updates            | 770        |
|    policy_gradient_loss | -0.0432    |
|    std                  | 1.25       |
|    value_loss           | 0.00056    |
----------------------------------------
Eval num_timesteps=160000, episode_reward=1.00 +/- 0.00
Episode length: 87.70 +/- 4.42
-----------------------------------------
| eval/                   |             |
|    mean_ep_length       | 87.7        |
|    mean_reward          | 1           |
| time/                   |             |
|    total_timesteps      | 160000      |
| train/                  |             |
|    approx_kl            | 0.059557434 |
|    clip_fraction        | 0.384       |
|    clip_range           | 0.2         |
|    entropy_loss         | -11.5       |
|    explained_variance   | 0.905       |
|    learning_rate        | 0.0003      |
|    loss                 | -0.194      |
|    n_updates            | 780         |
|    policy_gradient_loss | -0.0541     |
|    std                  | 1.25        |
|    value_loss           | 0.00168     |
-----------------------------------------
---------------------------------
| rollout/           |          |
|    ep_len_mean     | 98.1     |
|    ep_rew_mean     | 0.94     |
| time/              |          |
|    fps             | 3        |
|    iterations      | 79       |
|    time_elapsed    | 47553    |
|    total_timesteps | 161792   |
---------------------------------
----------------------------------------
| rollout/                |            |
|    ep_len_mean          | 97.9       |
|    ep_rew_mean          | 0.94       |
| time/                   |            |
|    fps                  | 3          |
|    iterations           | 80         |
|    time_elapsed         | 48075      |
|    total_timesteps      | 163840     |
| train/                  |            |
|    approx_kl            | 0.04933357 |
|    clip_fraction        | 0.378      |
|    clip_range           | 0.2        |
|    entropy_loss         | -11.5      |
|    explained_variance   | 0.774      |
|    learning_rate        | 0.0003     |
|    loss                 | -0.164     |
|    n_updates            | 790        |
|    policy_gradient_loss | -0.0352    |
|    std                  | 1.26       |
|    value_loss           | 0.00105    |
----------------------------------------
-----------------------------------------
| rollout/                |             |
|    ep_len_mean          | 96.2        |
|    ep_rew_mean          | 0.96        |
| time/                   |             |
|    fps                  | 3           |
|    iterations           | 81          |
|    time_elapsed         | 48596       |
|    total_timesteps      | 165888      |
| train/                  |             |
|    approx_kl            | 0.046094377 |
|    clip_fraction        | 0.36        |
|    clip_range           | 0.2         |
|    entropy_loss         | -11.6       |
|    explained_variance   | 0.946       |
|    learning_rate        | 0.0003      |
|    loss                 | -0.169      |
|    n_updates            | 800         |
|    policy_gradient_loss | -0.0387     |
|    std                  | 1.26        |
|    value_loss           | 0.000428    |
-----------------------------------------
-----------------------------------------
| rollout/                |             |
|    ep_len_mean          | 95.2        |
|    ep_rew_mean          | 0.97        |
| time/                   |             |
|    fps                  | 3           |
|    iterations           | 82          |
|    time_elapsed         | 49117       |
|    total_timesteps      | 167936      |
| train/                  |             |
|    approx_kl            | 0.044224948 |
|    clip_fraction        | 0.385       |
|    clip_range           | 0.2         |
|    entropy_loss         | -11.6       |
|    explained_variance   | 0.901       |
|    learning_rate        | 0.0003      |
|    loss                 | -0.167      |
|    n_updates            | 810         |
|    policy_gradient_loss | -0.0378     |
|    std                  | 1.26        |
|    value_loss           | 0.0008      |
-----------------------------------------
-----------------------------------------
| rollout/                |             |
|    ep_len_mean          | 95.7        |
|    ep_rew_mean          | 0.97        |
| time/                   |             |
|    fps                  | 3           |
|    iterations           | 83          |
|    time_elapsed         | 49643       |
|    total_timesteps      | 169984      |
| train/                  |             |
|    approx_kl            | 0.045375086 |
|    clip_fraction        | 0.378       |
|    clip_range           | 0.2         |
|    entropy_loss         | -11.6       |
|    explained_variance   | 0.943       |
|    learning_rate        | 0.0003      |
|    loss                 | -0.184      |
|    n_updates            | 820         |
|    policy_gradient_loss | -0.0406     |
|    std                  | 1.27        |
|    value_loss           | 0.000515    |
-----------------------------------------
Eval num_timesteps=170000, episode_reward=0.95 +/- 0.22
Episode length: 100.45 +/- 33.62
-----------------------------------------
| eval/                   |             |
|    mean_ep_length       | 100         |
|    mean_reward          | 0.95        |
| time/                   |             |
|    total_timesteps      | 170000      |
| train/                  |             |
|    approx_kl            | 0.048319906 |
|    clip_fraction        | 0.355       |
|    clip_range           | 0.2         |
|    entropy_loss         | -11.6       |
|    explained_variance   | 0.816       |
|    learning_rate        | 0.0003      |
|    loss                 | -0.157      |
|    n_updates            | 830         |
|    policy_gradient_loss | -0.0385     |
|    std                  | 1.27        |
|    value_loss           | 0.0013      |
-----------------------------------------
---------------------------------
| rollout/           |          |
|    ep_len_mean     | 98.6     |
|    ep_rew_mean     | 0.95     |
| time/              |          |
|    fps             | 3        |
|    iterations      | 84       |
|    time_elapsed    | 50649    |
|    total_timesteps | 172032   |
---------------------------------
----------------------------------------
| rollout/                |            |
|    ep_len_mean          | 99.8       |
|    ep_rew_mean          | 0.94       |
| time/                   |            |
|    fps                  | 3          |
|    iterations           | 85         |
|    time_elapsed         | 51168      |
|    total_timesteps      | 174080     |
| train/                  |            |
|    approx_kl            | 0.05636938 |
|    clip_fraction        | 0.378      |
|    clip_range           | 0.2        |
|    entropy_loss         | -11.6      |
|    explained_variance   | 0.879      |
|    learning_rate        | 0.0003     |
|    loss                 | -0.176     |
|    n_updates            | 840        |
|    policy_gradient_loss | -0.0467    |
|    std                  | 1.27       |
|    value_loss           | 0.00139    |
----------------------------------------
---------------------------------------
| rollout/                |           |
|    ep_len_mean          | 102       |
|    ep_rew_mean          | 0.92      |
| time/                   |           |
|    fps                  | 3         |
|    iterations           | 86        |
|    time_elapsed         | 51685     |
|    total_timesteps      | 176128    |
| train/                  |           |
|    approx_kl            | 0.0440848 |
|    clip_fraction        | 0.368     |
|    clip_range           | 0.2       |
|    entropy_loss         | -11.6     |
|    explained_variance   | 0.878     |
|    learning_rate        | 0.0003    |
|    loss                 | -0.167    |
|    n_updates            | 850       |
|    policy_gradient_loss | -0.0433   |
|    std                  | 1.28      |
|    value_loss           | 0.0012    |
---------------------------------------
-----------------------------------------
| rollout/                |             |
|    ep_len_mean          | 103         |
|    ep_rew_mean          | 0.91        |
| time/                   |             |
|    fps                  | 3           |
|    iterations           | 87          |
|    time_elapsed         | 52203       |
|    total_timesteps      | 178176      |
| train/                  |             |
|    approx_kl            | 0.042855084 |
|    clip_fraction        | 0.39        |
|    clip_range           | 0.2         |
|    entropy_loss         | -11.7       |
|    explained_variance   | 0.928       |
|    learning_rate        | 0.0003      |
|    loss                 | -0.19       |
|    n_updates            | 860         |
|    policy_gradient_loss | -0.0426     |
|    std                  | 1.28        |
|    value_loss           | 0.00108     |
-----------------------------------------
Eval num_timesteps=180000, episode_reward=1.00 +/- 0.00
Episode length: 87.50 +/- 4.81
----------------------------------------
| eval/                   |            |
|    mean_ep_length       | 87.5       |
|    mean_reward          | 1          |
| time/                   |            |
|    total_timesteps      | 180000     |
| train/                  |            |
|    approx_kl            | 0.06084992 |
|    clip_fraction        | 0.365      |
|    clip_range           | 0.2        |
|    entropy_loss         | -11.7      |
|    explained_variance   | 0.848      |
|    learning_rate        | 0.0003     |
|    loss                 | -0.173     |
|    n_updates            | 870        |
|    policy_gradient_loss | -0.0379    |
|    std                  | 1.28       |
|    value_loss           | 0.00131    |
----------------------------------------
---------------------------------
| rollout/           |          |
|    ep_len_mean     | 100      |
|    ep_rew_mean     | 0.93     |
| time/              |          |
|    fps             | 3        |
|    iterations      | 88       |
|    time_elapsed    | 53155    |
|    total_timesteps | 180224   |
---------------------------------
-----------------------------------------
| rollout/                |             |
|    ep_len_mean          | 100         |
|    ep_rew_mean          | 0.92        |
| time/                   |             |
|    fps                  | 3           |
|    iterations           | 89          |
|    time_elapsed         | 53669       |
|    total_timesteps      | 182272      |
| train/                  |             |
|    approx_kl            | 0.050215058 |
|    clip_fraction        | 0.426       |
|    clip_range           | 0.2         |
|    entropy_loss         | -11.7       |
|    explained_variance   | 0.844       |
|    learning_rate        | 0.0003      |
|    loss                 | -0.197      |
|    n_updates            | 880         |
|    policy_gradient_loss | -0.043      |
|    std                  | 1.29        |
|    value_loss           | 0.000877    |
-----------------------------------------
---------------------------------------
| rollout/                |           |
|    ep_len_mean          | 97.6      |
|    ep_rew_mean          | 0.94      |
| time/                   |           |
|    fps                  | 3         |
|    iterations           | 90        |
|    time_elapsed         | 54193     |
|    total_timesteps      | 184320    |
| train/                  |           |
|    approx_kl            | 0.0478201 |
|    clip_fraction        | 0.374     |
|    clip_range           | 0.2       |
|    entropy_loss         | -11.7     |
|    explained_variance   | 0.917     |
|    learning_rate        | 0.0003    |
|    loss                 | -0.203    |
|    n_updates            | 890       |
|    policy_gradient_loss | -0.0448   |
|    std                  | 1.29      |
|    value_loss           | 0.00179   |
---------------------------------------
-----------------------------------------
| rollout/                |             |
|    ep_len_mean          | 96.6        |
|    ep_rew_mean          | 0.94        |
| time/                   |             |
|    fps                  | 3           |
|    iterations           | 91          |
|    time_elapsed         | 54716       |
|    total_timesteps      | 186368      |
| train/                  |             |
|    approx_kl            | 0.040538028 |
|    clip_fraction        | 0.387       |
|    clip_range           | 0.2         |
|    entropy_loss         | -11.7       |
|    explained_variance   | 0.953       |
|    learning_rate        | 0.0003      |
|    loss                 | -0.191      |
|    n_updates            | 900         |
|    policy_gradient_loss | -0.0382     |
|    std                  | 1.3         |
|    value_loss           | 0.00063     |
-----------------------------------------
----------------------------------------
| rollout/                |            |
|    ep_len_mean          | 94.1       |
|    ep_rew_mean          | 0.96       |
| time/                   |            |
|    fps                  | 3          |
|    iterations           | 92         |
|    time_elapsed         | 55240      |
|    total_timesteps      | 188416     |
| train/                  |            |
|    approx_kl            | 0.05093807 |
|    clip_fraction        | 0.378      |
|    clip_range           | 0.2        |
|    entropy_loss         | -11.8      |
|    explained_variance   | 0.926      |
|    learning_rate        | 0.0003     |
|    loss                 | -0.183     |
|    n_updates            | 910        |
|    policy_gradient_loss | -0.042     |
|    std                  | 1.3        |
|    value_loss           | 0.00095    |
----------------------------------------
Eval num_timesteps=190000, episode_reward=0.95 +/- 0.22
Episode length: 92.15 +/- 25.15
----------------------------------------
| eval/                   |            |
|    mean_ep_length       | 92.2       |
|    mean_reward          | 0.95       |
| time/                   |            |
|    total_timesteps      | 190000     |
| train/                  |            |
|    approx_kl            | 0.04068556 |
|    clip_fraction        | 0.374      |
|    clip_range           | 0.2        |
|    entropy_loss         | -11.8      |
|    explained_variance   | 0.975      |
|    learning_rate        | 0.0003     |
|    loss                 | -0.194     |
|    n_updates            | 920        |
|    policy_gradient_loss | -0.0478    |
|    std                  | 1.31       |
|    value_loss           | 0.000335   |
----------------------------------------
---------------------------------
| rollout/           |          |
|    ep_len_mean     | 94.2     |
|    ep_rew_mean     | 0.96     |
| time/              |          |
|    fps             | 3        |
|    iterations      | 93       |
|    time_elapsed    | 56215    |
|    total_timesteps | 190464   |
---------------------------------
----------------------------------------
| rollout/                |            |
|    ep_len_mean          | 92.5       |
|    ep_rew_mean          | 0.97       |
| time/                   |            |
|    fps                  | 3          |
|    iterations           | 94         |
|    time_elapsed         | 56743      |
|    total_timesteps      | 192512     |
| train/                  |            |
|    approx_kl            | 0.04447583 |
|    clip_fraction        | 0.381      |
|    clip_range           | 0.2        |
|    entropy_loss         | -11.8      |
|    explained_variance   | 0.923      |
|    learning_rate        | 0.0003     |
|    loss                 | -0.0984    |
|    n_updates            | 930        |
|    policy_gradient_loss | -0.0355    |
|    std                  | 1.32       |
|    value_loss           | 0.00183    |
----------------------------------------
-----------------------------------------
| rollout/                |             |
|    ep_len_mean          | 94.5        |
|    ep_rew_mean          | 0.97        |
| time/                   |             |
|    fps                  | 3           |
|    iterations           | 95          |
|    time_elapsed         | 57259       |
|    total_timesteps      | 194560      |
| train/                  |             |
|    approx_kl            | 0.046596173 |
|    clip_fraction        | 0.377       |
|    clip_range           | 0.2         |
|    entropy_loss         | -11.8       |
|    explained_variance   | 0.951       |
|    learning_rate        | 0.0003      |
|    loss                 | -0.183      |
|    n_updates            | 940         |
|    policy_gradient_loss | -0.0398     |
|    std                  | 1.31        |
|    value_loss           | 0.00042     |
-----------------------------------------
-----------------------------------------
| rollout/                |             |
|    ep_len_mean          | 94          |
|    ep_rew_mean          | 0.98        |
| time/                   |             |
|    fps                  | 3           |
|    iterations           | 96          |
|    time_elapsed         | 57786       |
|    total_timesteps      | 196608      |
| train/                  |             |
|    approx_kl            | 0.060367554 |
|    clip_fraction        | 0.38        |
|    clip_range           | 0.2         |
|    entropy_loss         | -11.8       |
|    explained_variance   | 0.773       |
|    learning_rate        | 0.0003      |
|    loss                 | -0.161      |
|    n_updates            | 950         |
|    policy_gradient_loss | -0.0487     |
|    std                  | 1.32        |
|    value_loss           | 0.001       |
-----------------------------------------
-----------------------------------------
| rollout/                |             |
|    ep_len_mean          | 98.2        |
|    ep_rew_mean          | 0.94        |
| time/                   |             |
|    fps                  | 3           |
|    iterations           | 97          |
|    time_elapsed         | 58306       |
|    total_timesteps      | 198656      |
| train/                  |             |
|    approx_kl            | 0.054260083 |
|    clip_fraction        | 0.392       |
|    clip_range           | 0.2         |
|    entropy_loss         | -11.8       |
|    explained_variance   | 0.973       |
|    learning_rate        | 0.0003      |
|    loss                 | -0.162      |
|    n_updates            | 960         |
|    policy_gradient_loss | -0.0478     |
|    std                  | 1.32        |
|    value_loss           | 0.000433    |
-----------------------------------------
