Gym has been unmaintained since 2022 and does not support NumPy 2.0 amongst other critical functionality.
Please upgrade to Gymnasium, the maintained drop-in replacement of Gym, or contact the authors of your software and request that they upgrade.
See the migration guide at https://gymnasium.farama.org/introduction/migration_guide/ for additional information.
/234/miniconda/envs/libero/lib/python3.8/site-packages/torch/utils/tensorboard/__init__.py:4: DeprecationWarning: distutils Version classes are deprecated. Use packaging.version instead.
  if not hasattr(tensorboard, "__version__") or LooseVersion(
/234/miniconda/envs/libero/lib/python3.8/site-packages/robosuite/__init__.py:7: DeprecationWarning: The 'warn' method is deprecated, use 'warning' instead
  ROBOSUITE_DEFAULT_LOGGER.warn("No private macro file found!")
[robosuite WARNING] No private macro file found! (__init__.py:7)
[robosuite WARNING] It is recommended to use a private macro file (__init__.py:8)
[robosuite WARNING] To setup, run: python /234/miniconda/envs/libero/lib/python3.8/site-packages/robosuite/scripts/setup_macros.py (__init__.py:9)
/234/miniconda/envs/libero/lib/python3.8/site-packages/thop/profile.py:12: DeprecationWarning: distutils Version classes are deprecated. Use packaging.version instead.
  if LooseVersion(torch.__version__) < LooseVersion("1.0.0"):
[info] using task orders [0, 1, 2, 3, 4, 5, 6, 7, 8, 9]
Task 8: BC + Vanilla PPO (sparse reward only)...

============= Initialized Observation Utils with Obs Spec =============

using obs modality: rgb with keys: ['agentview_rgb', 'eye_in_hand_rgb']
using obs modality: depth with keys: []
using obs modality: low_dim with keys: ['joint_states', 'gripper_states']
SequenceDataset: loading dataset into memory...
  0%|          | 0/50 [00:00<?, ?it/s] 62%|██████▏   | 31/50 [00:00<00:00, 309.99it/s]100%|██████████| 50/50 [00:00<00:00, 308.35it/s]
Using cuda device
Logging to /234/outputs/ppo_bc_vanilla/task8/tb_logs/PPO_1
---------------------------------
| rollout/           |          |
|    ep_len_mean     | 138      |
|    ep_rew_mean     | 0.714    |
| time/              |          |
|    fps             | 4        |
|    iterations      | 1        |
|    time_elapsed    | 483      |
|    total_timesteps | 2048     |
---------------------------------
-----------------------------------------
| rollout/                |             |
|    ep_len_mean          | 136         |
|    ep_rew_mean          | 0.733       |
| time/                   |             |
|    fps                  | 4           |
|    iterations           | 2           |
|    time_elapsed         | 977         |
|    total_timesteps      | 4096        |
| train/                  |             |
|    approx_kl            | 0.021221599 |
|    clip_fraction        | 0.234       |
|    clip_range           | 0.2         |
|    entropy_loss         | -9.93       |
|    explained_variance   | 0.112       |
|    learning_rate        | 0.0003      |
|    loss                 | -0.122      |
|    n_updates            | 10          |
|    policy_gradient_loss | -0.0276     |
|    std                  | 1           |
|    value_loss           | 0.0111      |
-----------------------------------------
-----------------------------------------
| rollout/                |             |
|    ep_len_mean          | 132         |
|    ep_rew_mean          | 0.783       |
| time/                   |             |
|    fps                  | 4           |
|    iterations           | 3           |
|    time_elapsed         | 1472        |
|    total_timesteps      | 6144        |
| train/                  |             |
|    approx_kl            | 0.021641903 |
|    clip_fraction        | 0.266       |
|    clip_range           | 0.2         |
|    entropy_loss         | -9.96       |
|    explained_variance   | 0.556       |
|    learning_rate        | 0.0003      |
|    loss                 | -0.105      |
|    n_updates            | 20          |
|    policy_gradient_loss | -0.0259     |
|    std                  | 1.01        |
|    value_loss           | 0.00597     |
-----------------------------------------
-----------------------------------------
| rollout/                |             |
|    ep_len_mean          | 136         |
|    ep_rew_mean          | 0.75        |
| time/                   |             |
|    fps                  | 4           |
|    iterations           | 4           |
|    time_elapsed         | 1967        |
|    total_timesteps      | 8192        |
| train/                  |             |
|    approx_kl            | 0.026663853 |
|    clip_fraction        | 0.292       |
|    clip_range           | 0.2         |
|    entropy_loss         | -9.99       |
|    explained_variance   | 0.705       |
|    learning_rate        | 0.0003      |
|    loss                 | -0.146      |
|    n_updates            | 30          |
|    policy_gradient_loss | -0.0308     |
|    std                  | 1.01        |
|    value_loss           | 0.00476     |
-----------------------------------------
Eval num_timesteps=10000, episode_reward=0.75 +/- 0.43
Episode length: 132.40 +/- 39.52
-----------------------------------------
| eval/                   |             |
|    mean_ep_length       | 132         |
|    mean_reward          | 0.75        |
| time/                   |             |
|    total_timesteps      | 10000       |
| train/                  |             |
|    approx_kl            | 0.028784435 |
|    clip_fraction        | 0.289       |
|    clip_range           | 0.2         |
|    entropy_loss         | -10         |
|    explained_variance   | 0.678       |
|    learning_rate        | 0.0003      |
|    loss                 | -0.0871     |
|    n_updates            | 40          |
|    policy_gradient_loss | -0.0292     |
|    std                  | 1.01        |
|    value_loss           | 0.0029      |
-----------------------------------------
New best mean reward!
---------------------------------
| rollout/           |          |
|    ep_len_mean     | 134      |
|    ep_rew_mean     | 0.773    |
| time/              |          |
|    fps             | 3        |
|    iterations      | 5        |
|    time_elapsed    | 3089     |
|    total_timesteps | 10240    |
---------------------------------
---------------------------------------
| rollout/                |           |
|    ep_len_mean          | 139       |
|    ep_rew_mean          | 0.716     |
| time/                   |           |
|    fps                  | 3         |
|    iterations           | 6         |
|    time_elapsed         | 3578      |
|    total_timesteps      | 12288     |
| train/                  |           |
|    approx_kl            | 0.0321439 |
|    clip_fraction        | 0.312     |
|    clip_range           | 0.2       |
|    entropy_loss         | -10       |
|    explained_variance   | 0.707     |
|    learning_rate        | 0.0003    |
|    loss                 | -0.136    |
|    n_updates            | 50        |
|    policy_gradient_loss | -0.0379   |
|    std                  | 1.02      |
|    value_loss           | 0.00265   |
---------------------------------------
-----------------------------------------
| rollout/                |             |
|    ep_len_mean          | 140         |
|    ep_rew_mean          | 0.7         |
| time/                   |             |
|    fps                  | 3           |
|    iterations           | 7           |
|    time_elapsed         | 4062        |
|    total_timesteps      | 14336       |
| train/                  |             |
|    approx_kl            | 0.032830194 |
|    clip_fraction        | 0.305       |
|    clip_range           | 0.2         |
|    entropy_loss         | -10         |
|    explained_variance   | 0.66        |
|    learning_rate        | 0.0003      |
|    loss                 | -0.155      |
|    n_updates            | 60          |
|    policy_gradient_loss | -0.031      |
|    std                  | 1.01        |
|    value_loss           | 0.00202     |
-----------------------------------------
-----------------------------------------
| rollout/                |             |
|    ep_len_mean          | 141         |
|    ep_rew_mean          | 0.68        |
| time/                   |             |
|    fps                  | 3           |
|    iterations           | 8           |
|    time_elapsed         | 4548        |
|    total_timesteps      | 16384       |
| train/                  |             |
|    approx_kl            | 0.027073883 |
|    clip_fraction        | 0.297       |
|    clip_range           | 0.2         |
|    entropy_loss         | -10         |
|    explained_variance   | 0.743       |
|    learning_rate        | 0.0003      |
|    loss                 | -0.14       |
|    n_updates            | 70          |
|    policy_gradient_loss | -0.0301     |
|    std                  | 1.02        |
|    value_loss           | 0.0033      |
-----------------------------------------
-----------------------------------------
| rollout/                |             |
|    ep_len_mean          | 141         |
|    ep_rew_mean          | 0.68        |
| time/                   |             |
|    fps                  | 3           |
|    iterations           | 9           |
|    time_elapsed         | 5042        |
|    total_timesteps      | 18432       |
| train/                  |             |
|    approx_kl            | 0.039259873 |
|    clip_fraction        | 0.341       |
|    clip_range           | 0.2         |
|    entropy_loss         | -10.1       |
|    explained_variance   | 0.726       |
|    learning_rate        | 0.0003      |
|    loss                 | -0.15       |
|    n_updates            | 80          |
|    policy_gradient_loss | -0.0349     |
|    std                  | 1.02        |
|    value_loss           | 0.00276     |
-----------------------------------------
Eval num_timesteps=20000, episode_reward=0.80 +/- 0.40
Episode length: 133.30 +/- 35.41
-----------------------------------------
| eval/                   |             |
|    mean_ep_length       | 133         |
|    mean_reward          | 0.8         |
| time/                   |             |
|    total_timesteps      | 20000       |
| train/                  |             |
|    approx_kl            | 0.035843126 |
|    clip_fraction        | 0.323       |
|    clip_range           | 0.2         |
|    entropy_loss         | -10.1       |
|    explained_variance   | 0.722       |
|    learning_rate        | 0.0003      |
|    loss                 | -0.166      |
|    n_updates            | 90          |
|    policy_gradient_loss | -0.0358     |
|    std                  | 1.02        |
|    value_loss           | 0.00248     |
-----------------------------------------
New best mean reward!
---------------------------------
| rollout/           |          |
|    ep_len_mean     | 146      |
|    ep_rew_mean     | 0.63     |
| time/              |          |
|    fps             | 3        |
|    iterations      | 10       |
|    time_elapsed    | 6166     |
|    total_timesteps | 20480    |
---------------------------------
----------------------------------------
| rollout/                |            |
|    ep_len_mean          | 145        |
|    ep_rew_mean          | 0.63       |
| time/                   |            |
|    fps                  | 3          |
|    iterations           | 11         |
|    time_elapsed         | 6661       |
|    total_timesteps      | 22528      |
| train/                  |            |
|    approx_kl            | 0.03722889 |
|    clip_fraction        | 0.348      |
|    clip_range           | 0.2        |
|    entropy_loss         | -10.1      |
|    explained_variance   | 0.593      |
|    learning_rate        | 0.0003     |
|    loss                 | -0.186     |
|    n_updates            | 100        |
|    policy_gradient_loss | -0.0432    |
|    std                  | 1.02       |
|    value_loss           | 0.00221    |
----------------------------------------
-----------------------------------------
| rollout/                |             |
|    ep_len_mean          | 146         |
|    ep_rew_mean          | 0.61        |
| time/                   |             |
|    fps                  | 3           |
|    iterations           | 12          |
|    time_elapsed         | 7154        |
|    total_timesteps      | 24576       |
| train/                  |             |
|    approx_kl            | 0.038134113 |
|    clip_fraction        | 0.364       |
|    clip_range           | 0.2         |
|    entropy_loss         | -10.1       |
|    explained_variance   | 0.776       |
|    learning_rate        | 0.0003      |
|    loss                 | -0.125      |
|    n_updates            | 110         |
|    policy_gradient_loss | -0.0374     |
|    std                  | 1.03        |
|    value_loss           | 0.0021      |
-----------------------------------------
----------------------------------------
| rollout/                |            |
|    ep_len_mean          | 142        |
|    ep_rew_mean          | 0.65       |
| time/                   |            |
|    fps                  | 3          |
|    iterations           | 13         |
|    time_elapsed         | 7648       |
|    total_timesteps      | 26624      |
| train/                  |            |
|    approx_kl            | 0.04144933 |
|    clip_fraction        | 0.35       |
|    clip_range           | 0.2        |
|    entropy_loss         | -10.1      |
|    explained_variance   | 0.756      |
|    learning_rate        | 0.0003     |
|    loss                 | -0.153     |
|    n_updates            | 120        |
|    policy_gradient_loss | -0.0394    |
|    std                  | 1.03       |
|    value_loss           | 0.00285    |
----------------------------------------
----------------------------------------
| rollout/                |            |
|    ep_len_mean          | 143        |
|    ep_rew_mean          | 0.65       |
| time/                   |            |
|    fps                  | 3          |
|    iterations           | 14         |
|    time_elapsed         | 8138       |
|    total_timesteps      | 28672      |
| train/                  |            |
|    approx_kl            | 0.03592483 |
|    clip_fraction        | 0.363      |
|    clip_range           | 0.2        |
|    entropy_loss         | -10.2      |
|    explained_variance   | 0.741      |
|    learning_rate        | 0.0003     |
|    loss                 | -0.154     |
|    n_updates            | 130        |
|    policy_gradient_loss | -0.033     |
|    std                  | 1.04       |
|    value_loss           | 0.00212    |
----------------------------------------
Eval num_timesteps=30000, episode_reward=0.60 +/- 0.49
Episode length: 147.85 +/- 43.10
-----------------------------------------
| eval/                   |             |
|    mean_ep_length       | 148         |
|    mean_reward          | 0.6         |
| time/                   |             |
|    total_timesteps      | 30000       |
| train/                  |             |
|    approx_kl            | 0.038238354 |
|    clip_fraction        | 0.335       |
|    clip_range           | 0.2         |
|    entropy_loss         | -10.2       |
|    explained_variance   | 0.626       |
|    learning_rate        | 0.0003      |
|    loss                 | -0.13       |
|    n_updates            | 140         |
|    policy_gradient_loss | -0.0336     |
|    std                  | 1.04        |
|    value_loss           | 0.00275     |
-----------------------------------------
---------------------------------
| rollout/           |          |
|    ep_len_mean     | 144      |
|    ep_rew_mean     | 0.65     |
| time/              |          |
|    fps             | 3        |
|    iterations      | 15       |
|    time_elapsed    | 9332     |
|    total_timesteps | 30720    |
---------------------------------
-----------------------------------------
| rollout/                |             |
|    ep_len_mean          | 140         |
|    ep_rew_mean          | 0.69        |
| time/                   |             |
|    fps                  | 3           |
|    iterations           | 16          |
|    time_elapsed         | 9825        |
|    total_timesteps      | 32768       |
| train/                  |             |
|    approx_kl            | 0.038077705 |
|    clip_fraction        | 0.336       |
|    clip_range           | 0.2         |
|    entropy_loss         | -10.2       |
|    explained_variance   | 0.714       |
|    learning_rate        | 0.0003      |
|    loss                 | -0.139      |
|    n_updates            | 150         |
|    policy_gradient_loss | -0.0397     |
|    std                  | 1.04        |
|    value_loss           | 0.00149     |
-----------------------------------------
----------------------------------------
| rollout/                |            |
|    ep_len_mean          | 136        |
|    ep_rew_mean          | 0.73       |
| time/                   |            |
|    fps                  | 3          |
|    iterations           | 17         |
|    time_elapsed         | 10317      |
|    total_timesteps      | 34816      |
| train/                  |            |
|    approx_kl            | 0.03507081 |
|    clip_fraction        | 0.362      |
|    clip_range           | 0.2        |
|    entropy_loss         | -10.2      |
|    explained_variance   | 0.835      |
|    learning_rate        | 0.0003     |
|    loss                 | -0.164     |
|    n_updates            | 160        |
|    policy_gradient_loss | -0.0339    |
|    std                  | 1.05       |
|    value_loss           | 0.00153    |
----------------------------------------
----------------------------------------
| rollout/                |            |
|    ep_len_mean          | 137        |
|    ep_rew_mean          | 0.71       |
| time/                   |            |
|    fps                  | 3          |
|    iterations           | 18         |
|    time_elapsed         | 10809      |
|    total_timesteps      | 36864      |
| train/                  |            |
|    approx_kl            | 0.03895251 |
|    clip_fraction        | 0.338      |
|    clip_range           | 0.2        |
|    entropy_loss         | -10.3      |
|    explained_variance   | 0.77       |
|    learning_rate        | 0.0003     |
|    loss                 | -0.16      |
|    n_updates            | 170        |
|    policy_gradient_loss | -0.0342    |
|    std                  | 1.05       |
|    value_loss           | 0.00226    |
----------------------------------------
-----------------------------------------
| rollout/                |             |
|    ep_len_mean          | 137         |
|    ep_rew_mean          | 0.71        |
| time/                   |             |
|    fps                  | 3           |
|    iterations           | 19          |
|    time_elapsed         | 11294       |
|    total_timesteps      | 38912       |
| train/                  |             |
|    approx_kl            | 0.040549114 |
|    clip_fraction        | 0.368       |
|    clip_range           | 0.2         |
|    entropy_loss         | -10.3       |
|    explained_variance   | 0.803       |
|    learning_rate        | 0.0003      |
|    loss                 | -0.166      |
|    n_updates            | 180         |
|    policy_gradient_loss | -0.045      |
|    std                  | 1.05        |
|    value_loss           | 0.00183     |
-----------------------------------------
Eval num_timesteps=40000, episode_reward=0.65 +/- 0.48
Episode length: 140.95 +/- 44.39
----------------------------------------
| eval/                   |            |
|    mean_ep_length       | 141        |
|    mean_reward          | 0.65       |
| time/                   |            |
|    total_timesteps      | 40000      |
| train/                  |            |
|    approx_kl            | 0.04558845 |
|    clip_fraction        | 0.364      |
|    clip_range           | 0.2        |
|    entropy_loss         | -10.3      |
|    explained_variance   | 0.78       |
|    learning_rate        | 0.0003     |
|    loss                 | -0.146     |
|    n_updates            | 190        |
|    policy_gradient_loss | -0.0397    |
|    std                  | 1.05       |
|    value_loss           | 0.00216    |
----------------------------------------
---------------------------------
| rollout/           |          |
|    ep_len_mean     | 139      |
|    ep_rew_mean     | 0.69     |
| time/              |          |
|    fps             | 3        |
|    iterations      | 20       |
|    time_elapsed    | 12449    |
|    total_timesteps | 40960    |
---------------------------------
----------------------------------------
| rollout/                |            |
|    ep_len_mean          | 136        |
|    ep_rew_mean          | 0.71       |
| time/                   |            |
|    fps                  | 3          |
|    iterations           | 21         |
|    time_elapsed         | 12935      |
|    total_timesteps      | 43008      |
| train/                  |            |
|    approx_kl            | 0.04316353 |
|    clip_fraction        | 0.362      |
|    clip_range           | 0.2        |
|    entropy_loss         | -10.3      |
|    explained_variance   | 0.75       |
|    learning_rate        | 0.0003     |
|    loss                 | -0.18      |
|    n_updates            | 200        |
|    policy_gradient_loss | -0.0398    |
|    std                  | 1.05       |
|    value_loss           | 0.00209    |
----------------------------------------
----------------------------------------
| rollout/                |            |
|    ep_len_mean          | 136        |
|    ep_rew_mean          | 0.71       |
| time/                   |            |
|    fps                  | 3          |
|    iterations           | 22         |
|    time_elapsed         | 13421      |
|    total_timesteps      | 45056      |
| train/                  |            |
|    approx_kl            | 0.03728331 |
|    clip_fraction        | 0.38       |
|    clip_range           | 0.2        |
|    entropy_loss         | -10.3      |
|    explained_variance   | 0.846      |
|    learning_rate        | 0.0003     |
|    loss                 | -0.176     |
|    n_updates            | 210        |
|    policy_gradient_loss | -0.0387    |
|    std                  | 1.05       |
|    value_loss           | 0.00236    |
----------------------------------------
-----------------------------------------
| rollout/                |             |
|    ep_len_mean          | 138         |
|    ep_rew_mean          | 0.69        |
| time/                   |             |
|    fps                  | 3           |
|    iterations           | 23          |
|    time_elapsed         | 13907       |
|    total_timesteps      | 47104       |
| train/                  |             |
|    approx_kl            | 0.039672457 |
|    clip_fraction        | 0.368       |
|    clip_range           | 0.2         |
|    entropy_loss         | -10.3       |
|    explained_variance   | 0.841       |
|    learning_rate        | 0.0003      |
|    loss                 | -0.178      |
|    n_updates            | 220         |
|    policy_gradient_loss | -0.0378     |
|    std                  | 1.05        |
|    value_loss           | 0.00148     |
-----------------------------------------
----------------------------------------
| rollout/                |            |
|    ep_len_mean          | 139        |
|    ep_rew_mean          | 0.67       |
| time/                   |            |
|    fps                  | 3          |
|    iterations           | 24         |
|    time_elapsed         | 14392      |
|    total_timesteps      | 49152      |
| train/                  |            |
|    approx_kl            | 0.05983157 |
|    clip_fraction        | 0.374      |
|    clip_range           | 0.2        |
|    entropy_loss         | -10.3      |
|    explained_variance   | 0.704      |
|    learning_rate        | 0.0003     |
|    loss                 | -0.161     |
|    n_updates            | 230        |
|    policy_gradient_loss | -0.0397    |
|    std                  | 1.05       |
|    value_loss           | 0.00218    |
----------------------------------------
Eval num_timesteps=50000, episode_reward=0.75 +/- 0.43
Episode length: 137.75 +/- 38.09
-----------------------------------------
| eval/                   |             |
|    mean_ep_length       | 138         |
|    mean_reward          | 0.75        |
| time/                   |             |
|    total_timesteps      | 50000       |
| train/                  |             |
|    approx_kl            | 0.049494784 |
|    clip_fraction        | 0.406       |
|    clip_range           | 0.2         |
|    entropy_loss         | -10.3       |
|    explained_variance   | 0.788       |
|    learning_rate        | 0.0003      |
|    loss                 | -0.165      |
|    n_updates            | 240         |
|    policy_gradient_loss | -0.0449     |
|    std                  | 1.06        |
|    value_loss           | 0.00229     |
-----------------------------------------
---------------------------------
| rollout/           |          |
|    ep_len_mean     | 140      |
|    ep_rew_mean     | 0.66     |
| time/              |          |
|    fps             | 3        |
|    iterations      | 25       |
|    time_elapsed    | 15541    |
|    total_timesteps | 51200    |
---------------------------------
-----------------------------------------
| rollout/                |             |
|    ep_len_mean          | 138         |
|    ep_rew_mean          | 0.68        |
| time/                   |             |
|    fps                  | 3           |
|    iterations           | 26          |
|    time_elapsed         | 16037       |
|    total_timesteps      | 53248       |
| train/                  |             |
|    approx_kl            | 0.049661174 |
|    clip_fraction        | 0.405       |
|    clip_range           | 0.2         |
|    entropy_loss         | -10.3       |
|    explained_variance   | 0.841       |
|    learning_rate        | 0.0003      |
|    loss                 | -0.187      |
|    n_updates            | 250         |
|    policy_gradient_loss | -0.0439     |
|    std                  | 1.05        |
|    value_loss           | 0.00209     |
-----------------------------------------
----------------------------------------
| rollout/                |            |
|    ep_len_mean          | 136        |
|    ep_rew_mean          | 0.7        |
| time/                   |            |
|    fps                  | 3          |
|    iterations           | 27         |
|    time_elapsed         | 16533      |
|    total_timesteps      | 55296      |
| train/                  |            |
|    approx_kl            | 0.05485937 |
|    clip_fraction        | 0.418      |
|    clip_range           | 0.2        |
|    entropy_loss         | -10.3      |
|    explained_variance   | 0.814      |
|    learning_rate        | 0.0003     |
|    loss                 | -0.124     |
|    n_updates            | 260        |
|    policy_gradient_loss | -0.0408    |
|    std                  | 1.06       |
|    value_loss           | 0.00167    |
----------------------------------------
----------------------------------------
| rollout/                |            |
|    ep_len_mean          | 137        |
|    ep_rew_mean          | 0.69       |
| time/                   |            |
|    fps                  | 3          |
|    iterations           | 28         |
|    time_elapsed         | 17025      |
|    total_timesteps      | 57344      |
| train/                  |            |
|    approx_kl            | 0.06668872 |
|    clip_fraction        | 0.414      |
|    clip_range           | 0.2        |
|    entropy_loss         | -10.3      |
|    explained_variance   | 0.812      |
|    learning_rate        | 0.0003     |
|    loss                 | -0.141     |
|    n_updates            | 270        |
|    policy_gradient_loss | -0.0457    |
|    std                  | 1.06       |
|    value_loss           | 0.00164    |
----------------------------------------
-----------------------------------------
| rollout/                |             |
|    ep_len_mean          | 137         |
|    ep_rew_mean          | 0.69        |
| time/                   |             |
|    fps                  | 3           |
|    iterations           | 29          |
|    time_elapsed         | 17515       |
|    total_timesteps      | 59392       |
| train/                  |             |
|    approx_kl            | 0.042231694 |
|    clip_fraction        | 0.376       |
|    clip_range           | 0.2         |
|    entropy_loss         | -10.3       |
|    explained_variance   | 0.777       |
|    learning_rate        | 0.0003      |
|    loss                 | -0.16       |
|    n_updates            | 280         |
|    policy_gradient_loss | -0.0428     |
|    std                  | 1.05        |
|    value_loss           | 0.00187     |
-----------------------------------------
Eval num_timesteps=60000, episode_reward=0.70 +/- 0.46
Episode length: 135.40 +/- 42.72
-----------------------------------------
| eval/                   |             |
|    mean_ep_length       | 135         |
|    mean_reward          | 0.7         |
| time/                   |             |
|    total_timesteps      | 60000       |
| train/                  |             |
|    approx_kl            | 0.051099807 |
|    clip_fraction        | 0.394       |
|    clip_range           | 0.2         |
|    entropy_loss         | -10.3       |
|    explained_variance   | 0.84        |
|    learning_rate        | 0.0003      |
|    loss                 | -0.184      |
|    n_updates            | 290         |
|    policy_gradient_loss | -0.0446     |
|    std                  | 1.06        |
|    value_loss           | 0.00146     |
-----------------------------------------
---------------------------------
| rollout/           |          |
|    ep_len_mean     | 134      |
|    ep_rew_mean     | 0.71     |
| time/              |          |
|    fps             | 3        |
|    iterations      | 30       |
|    time_elapsed    | 18654    |
|    total_timesteps | 61440    |
---------------------------------
-----------------------------------------
| rollout/                |             |
|    ep_len_mean          | 135         |
|    ep_rew_mean          | 0.71        |
| time/                   |             |
|    fps                  | 3           |
|    iterations           | 31          |
|    time_elapsed         | 19150       |
|    total_timesteps      | 63488       |
| train/                  |             |
|    approx_kl            | 0.057749026 |
|    clip_fraction        | 0.387       |
|    clip_range           | 0.2         |
|    entropy_loss         | -10.3       |
|    explained_variance   | 0.832       |
|    learning_rate        | 0.0003      |
|    loss                 | -0.186      |
|    n_updates            | 300         |
|    policy_gradient_loss | -0.0466     |
|    std                  | 1.06        |
|    value_loss           | 0.00176     |
-----------------------------------------
----------------------------------------
| rollout/                |            |
|    ep_len_mean          | 133        |
|    ep_rew_mean          | 0.74       |
| time/                   |            |
|    fps                  | 3          |
|    iterations           | 32         |
|    time_elapsed         | 19647      |
|    total_timesteps      | 65536      |
| train/                  |            |
|    approx_kl            | 0.05075921 |
|    clip_fraction        | 0.406      |
|    clip_range           | 0.2        |
|    entropy_loss         | -10.4      |
|    explained_variance   | 0.8        |
|    learning_rate        | 0.0003     |
|    loss                 | -0.183     |
|    n_updates            | 310        |
|    policy_gradient_loss | -0.0477    |
|    std                  | 1.06       |
|    value_loss           | 0.00199    |
----------------------------------------
----------------------------------------
| rollout/                |            |
|    ep_len_mean          | 137        |
|    ep_rew_mean          | 0.7        |
| time/                   |            |
|    fps                  | 3          |
|    iterations           | 33         |
|    time_elapsed         | 20138      |
|    total_timesteps      | 67584      |
| train/                  |            |
|    approx_kl            | 0.04874009 |
|    clip_fraction        | 0.388      |
|    clip_range           | 0.2        |
|    entropy_loss         | -10.4      |
|    explained_variance   | 0.665      |
|    learning_rate        | 0.0003     |
|    loss                 | -0.183     |
|    n_updates            | 320        |
|    policy_gradient_loss | -0.0393    |
|    std                  | 1.07       |
|    value_loss           | 0.00253    |
----------------------------------------
----------------------------------------
| rollout/                |            |
|    ep_len_mean          | 139        |
|    ep_rew_mean          | 0.67       |
| time/                   |            |
|    fps                  | 3          |
|    iterations           | 34         |
|    time_elapsed         | 20631      |
|    total_timesteps      | 69632      |
| train/                  |            |
|    approx_kl            | 0.05026478 |
|    clip_fraction        | 0.411      |
|    clip_range           | 0.2        |
|    entropy_loss         | -10.4      |
|    explained_variance   | 0.688      |
|    learning_rate        | 0.0003     |
|    loss                 | -0.17      |
|    n_updates            | 330        |
|    policy_gradient_loss | -0.047     |
|    std                  | 1.08       |
|    value_loss           | 0.00237    |
----------------------------------------
Eval num_timesteps=70000, episode_reward=0.65 +/- 0.48
Episode length: 152.20 +/- 41.01
-----------------------------------------
| eval/                   |             |
|    mean_ep_length       | 152         |
|    mean_reward          | 0.65        |
| time/                   |             |
|    total_timesteps      | 70000       |
| train/                  |             |
|    approx_kl            | 0.047527455 |
|    clip_fraction        | 0.396       |
|    clip_range           | 0.2         |
|    entropy_loss         | -10.4       |
|    explained_variance   | 0.645       |
|    learning_rate        | 0.0003      |
|    loss                 | -0.171      |
|    n_updates            | 340         |
|    policy_gradient_loss | -0.0423     |
|    std                  | 1.07        |
|    value_loss           | 0.00232     |
-----------------------------------------
---------------------------------
| rollout/           |          |
|    ep_len_mean     | 138      |
|    ep_rew_mean     | 0.68     |
| time/              |          |
|    fps             | 3        |
|    iterations      | 35       |
|    time_elapsed    | 21844    |
|    total_timesteps | 71680    |
---------------------------------
----------------------------------------
| rollout/                |            |
|    ep_len_mean          | 141        |
|    ep_rew_mean          | 0.66       |
| time/                   |            |
|    fps                  | 3          |
|    iterations           | 36         |
|    time_elapsed         | 22339      |
|    total_timesteps      | 73728      |
| train/                  |            |
|    approx_kl            | 0.04912793 |
|    clip_fraction        | 0.387      |
|    clip_range           | 0.2        |
|    entropy_loss         | -10.4      |
|    explained_variance   | 0.745      |
|    learning_rate        | 0.0003     |
|    loss                 | -0.176     |
|    n_updates            | 350        |
|    policy_gradient_loss | -0.044     |
|    std                  | 1.08       |
|    value_loss           | 0.00171    |
----------------------------------------
-----------------------------------------
| rollout/                |             |
|    ep_len_mean          | 139         |
|    ep_rew_mean          | 0.69        |
| time/                   |             |
|    fps                  | 3           |
|    iterations           | 37          |
|    time_elapsed         | 22835       |
|    total_timesteps      | 75776       |
| train/                  |             |
|    approx_kl            | 0.053376343 |
|    clip_fraction        | 0.392       |
|    clip_range           | 0.2         |
|    entropy_loss         | -10.4       |
|    explained_variance   | 0.8         |
|    learning_rate        | 0.0003      |
|    loss                 | -0.171      |
|    n_updates            | 360         |
|    policy_gradient_loss | -0.0433     |
|    std                  | 1.08        |
|    value_loss           | 0.00173     |
-----------------------------------------
----------------------------------------
| rollout/                |            |
|    ep_len_mean          | 138        |
|    ep_rew_mean          | 0.7        |
| time/                   |            |
|    fps                  | 3          |
|    iterations           | 38         |
|    time_elapsed         | 23328      |
|    total_timesteps      | 77824      |
| train/                  |            |
|    approx_kl            | 0.04782426 |
|    clip_fraction        | 0.385      |
|    clip_range           | 0.2        |
|    entropy_loss         | -10.5      |
|    explained_variance   | 0.807      |
|    learning_rate        | 0.0003     |
|    loss                 | -0.151     |
|    n_updates            | 370        |
|    policy_gradient_loss | -0.0376    |
|    std                  | 1.08       |
|    value_loss           | 0.0021     |
----------------------------------------
----------------------------------------
| rollout/                |            |
|    ep_len_mean          | 141        |
|    ep_rew_mean          | 0.68       |
| time/                   |            |
|    fps                  | 3          |
|    iterations           | 39         |
|    time_elapsed         | 23818      |
|    total_timesteps      | 79872      |
| train/                  |            |
|    approx_kl            | 0.05677434 |
|    clip_fraction        | 0.398      |
|    clip_range           | 0.2        |
|    entropy_loss         | -10.5      |
|    explained_variance   | 0.754      |
|    learning_rate        | 0.0003     |
|    loss                 | -0.141     |
|    n_updates            | 380        |
|    policy_gradient_loss | -0.0385    |
|    std                  | 1.09       |
|    value_loss           | 0.00266    |
----------------------------------------
Eval num_timesteps=80000, episode_reward=0.50 +/- 0.50
Episode length: 157.60 +/- 43.35
----------------------------------------
| eval/                   |            |
|    mean_ep_length       | 158        |
|    mean_reward          | 0.5        |
| time/                   |            |
|    total_timesteps      | 80000      |
| train/                  |            |
|    approx_kl            | 0.05496288 |
|    clip_fraction        | 0.419      |
|    clip_range           | 0.2        |
|    entropy_loss         | -10.5      |
|    explained_variance   | 0.827      |
|    learning_rate        | 0.0003     |
|    loss                 | -0.188     |
|    n_updates            | 390        |
|    policy_gradient_loss | -0.0506    |
|    std                  | 1.09       |
|    value_loss           | 0.00176    |
----------------------------------------
---------------------------------
| rollout/           |          |
|    ep_len_mean     | 141      |
|    ep_rew_mean     | 0.69     |
| time/              |          |
|    fps             | 3        |
|    iterations      | 40       |
|    time_elapsed    | 25059    |
|    total_timesteps | 81920    |
---------------------------------
----------------------------------------
| rollout/                |            |
|    ep_len_mean          | 144        |
|    ep_rew_mean          | 0.66       |
| time/                   |            |
|    fps                  | 3          |
|    iterations           | 41         |
|    time_elapsed         | 25548      |
|    total_timesteps      | 83968      |
| train/                  |            |
|    approx_kl            | 0.06801391 |
|    clip_fraction        | 0.42       |
|    clip_range           | 0.2        |
|    entropy_loss         | -10.6      |
|    explained_variance   | 0.819      |
|    learning_rate        | 0.0003     |
|    loss                 | -0.154     |
|    n_updates            | 400        |
|    policy_gradient_loss | -0.0528    |
|    std                  | 1.1        |
|    value_loss           | 0.00129    |
----------------------------------------
----------------------------------------
| rollout/                |            |
|    ep_len_mean          | 143        |
|    ep_rew_mean          | 0.68       |
| time/                   |            |
|    fps                  | 3          |
|    iterations           | 42         |
|    time_elapsed         | 26042      |
|    total_timesteps      | 86016      |
| train/                  |            |
|    approx_kl            | 0.06326486 |
|    clip_fraction        | 0.413      |
|    clip_range           | 0.2        |
|    entropy_loss         | -10.6      |
|    explained_variance   | 0.708      |
|    learning_rate        | 0.0003     |
|    loss                 | -0.166     |
|    n_updates            | 410        |
|    policy_gradient_loss | -0.049     |
|    std                  | 1.1        |
|    value_loss           | 0.00175    |
----------------------------------------
-----------------------------------------
| rollout/                |             |
|    ep_len_mean          | 145         |
|    ep_rew_mean          | 0.66        |
| time/                   |             |
|    fps                  | 3           |
|    iterations           | 43          |
|    time_elapsed         | 26532       |
|    total_timesteps      | 88064       |
| train/                  |             |
|    approx_kl            | 0.053601533 |
|    clip_fraction        | 0.4         |
|    clip_range           | 0.2         |
|    entropy_loss         | -10.6       |
|    explained_variance   | 0.806       |
|    learning_rate        | 0.0003      |
|    loss                 | -0.178      |
|    n_updates            | 420         |
|    policy_gradient_loss | -0.0453     |
|    std                  | 1.1         |
|    value_loss           | 0.00244     |
-----------------------------------------
Eval num_timesteps=90000, episode_reward=0.65 +/- 0.48
Episode length: 145.35 +/- 42.41
-----------------------------------------
| eval/                   |             |
|    mean_ep_length       | 145         |
|    mean_reward          | 0.65        |
| time/                   |             |
|    total_timesteps      | 90000       |
| train/                  |             |
|    approx_kl            | 0.054471344 |
|    clip_fraction        | 0.406       |
|    clip_range           | 0.2         |
|    entropy_loss         | -10.6       |
|    explained_variance   | 0.741       |
|    learning_rate        | 0.0003      |
|    loss                 | -0.194      |
|    n_updates            | 430         |
|    policy_gradient_loss | -0.0538     |
|    std                  | 1.1         |
|    value_loss           | 0.00153     |
-----------------------------------------
---------------------------------
| rollout/           |          |
|    ep_len_mean     | 146      |
|    ep_rew_mean     | 0.65     |
| time/              |          |
|    fps             | 3        |
|    iterations      | 44       |
|    time_elapsed    | 27716    |
|    total_timesteps | 90112    |
---------------------------------
----------------------------------------
| rollout/                |            |
|    ep_len_mean          | 145        |
|    ep_rew_mean          | 0.64       |
| time/                   |            |
|    fps                  | 3          |
|    iterations           | 45         |
|    time_elapsed         | 28211      |
|    total_timesteps      | 92160      |
| train/                  |            |
|    approx_kl            | 0.05255019 |
|    clip_fraction        | 0.41       |
|    clip_range           | 0.2        |
|    entropy_loss         | -10.6      |
|    explained_variance   | 0.892      |
|    learning_rate        | 0.0003     |
|    loss                 | -0.163     |
|    n_updates            | 440        |
|    policy_gradient_loss | -0.0478    |
|    std                  | 1.11       |
|    value_loss           | 0.0014     |
----------------------------------------
-----------------------------------------
| rollout/                |             |
|    ep_len_mean          | 147         |
|    ep_rew_mean          | 0.62        |
| time/                   |             |
|    fps                  | 3           |
|    iterations           | 46          |
|    time_elapsed         | 28702       |
|    total_timesteps      | 94208       |
| train/                  |             |
|    approx_kl            | 0.057766188 |
|    clip_fraction        | 0.43        |
|    clip_range           | 0.2         |
|    entropy_loss         | -10.6       |
|    explained_variance   | 0.823       |
|    learning_rate        | 0.0003      |
|    loss                 | -0.17       |
|    n_updates            | 450         |
|    policy_gradient_loss | -0.0478     |
|    std                  | 1.11        |
|    value_loss           | 0.00182     |
-----------------------------------------
----------------------------------------
| rollout/                |            |
|    ep_len_mean          | 144        |
|    ep_rew_mean          | 0.64       |
| time/                   |            |
|    fps                  | 3          |
|    iterations           | 47         |
|    time_elapsed         | 29194      |
|    total_timesteps      | 96256      |
| train/                  |            |
|    approx_kl            | 0.06489132 |
|    clip_fraction        | 0.417      |
|    clip_range           | 0.2        |
|    entropy_loss         | -10.7      |
|    explained_variance   | 0.769      |
|    learning_rate        | 0.0003     |
|    loss                 | -0.183     |
|    n_updates            | 460        |
|    policy_gradient_loss | -0.0501    |
|    std                  | 1.11       |
|    value_loss           | 0.00213    |
----------------------------------------
-----------------------------------------
| rollout/                |             |
|    ep_len_mean          | 138         |
|    ep_rew_mean          | 0.72        |
| time/                   |             |
|    fps                  | 3           |
|    iterations           | 48          |
|    time_elapsed         | 29696       |
|    total_timesteps      | 98304       |
| train/                  |             |
|    approx_kl            | 0.055133343 |
|    clip_fraction        | 0.398       |
|    clip_range           | 0.2         |
|    entropy_loss         | -10.7       |
|    explained_variance   | 0.742       |
|    learning_rate        | 0.0003      |
|    loss                 | -0.185      |
|    n_updates            | 470         |
|    policy_gradient_loss | -0.0535     |
|    std                  | 1.11        |
|    value_loss           | 0.00186     |
-----------------------------------------
Eval num_timesteps=100000, episode_reward=0.40 +/- 0.49
Episode length: 175.15 +/- 35.09
----------------------------------------
| eval/                   |            |
|    mean_ep_length       | 175        |
|    mean_reward          | 0.4        |
| time/                   |            |
|    total_timesteps      | 100000     |
| train/                  |            |
|    approx_kl            | 0.06646064 |
|    clip_fraction        | 0.398      |
|    clip_range           | 0.2        |
|    entropy_loss         | -10.7      |
|    explained_variance   | 0.71       |
|    learning_rate        | 0.0003     |
|    loss                 | -0.215     |
|    n_updates            | 480        |
|    policy_gradient_loss | -0.0427    |
|    std                  | 1.12       |
|    value_loss           | 0.00238    |
----------------------------------------
---------------------------------
| rollout/           |          |
|    ep_len_mean     | 137      |
|    ep_rew_mean     | 0.73     |
| time/              |          |
|    fps             | 3        |
|    iterations      | 49       |
|    time_elapsed    | 31013    |
|    total_timesteps | 100352   |
---------------------------------
----------------------------------------
| rollout/                |            |
|    ep_len_mean          | 136        |
|    ep_rew_mean          | 0.74       |
| time/                   |            |
|    fps                  | 3          |
|    iterations           | 50         |
|    time_elapsed         | 31503      |
|    total_timesteps      | 102400     |
| train/                  |            |
|    approx_kl            | 0.05593679 |
|    clip_fraction        | 0.417      |
|    clip_range           | 0.2        |
|    entropy_loss         | -10.7      |
|    explained_variance   | 0.853      |
|    learning_rate        | 0.0003     |
|    loss                 | -0.188     |
|    n_updates            | 490        |
|    policy_gradient_loss | -0.047     |
|    std                  | 1.12       |
|    value_loss           | 0.0012     |
----------------------------------------
-----------------------------------------
| rollout/                |             |
|    ep_len_mean          | 140         |
|    ep_rew_mean          | 0.7         |
| time/                   |             |
|    fps                  | 3           |
|    iterations           | 51          |
|    time_elapsed         | 31993       |
|    total_timesteps      | 104448      |
| train/                  |             |
|    approx_kl            | 0.062227402 |
|    clip_fraction        | 0.43        |
|    clip_range           | 0.2         |
|    entropy_loss         | -10.7       |
|    explained_variance   | 0.822       |
|    learning_rate        | 0.0003      |
|    loss                 | -0.184      |
|    n_updates            | 500         |
|    policy_gradient_loss | -0.0555     |
|    std                  | 1.13        |
|    value_loss           | 0.00147     |
-----------------------------------------
----------------------------------------
| rollout/                |            |
|    ep_len_mean          | 141        |
|    ep_rew_mean          | 0.7        |
| time/                   |            |
|    fps                  | 3          |
|    iterations           | 52         |
|    time_elapsed         | 32483      |
|    total_timesteps      | 106496     |
| train/                  |            |
|    approx_kl            | 0.05555874 |
|    clip_fraction        | 0.424      |
|    clip_range           | 0.2        |
|    entropy_loss         | -10.7      |
|    explained_variance   | 0.84       |
|    learning_rate        | 0.0003     |
|    loss                 | -0.198     |
|    n_updates            | 510        |
|    policy_gradient_loss | -0.0566    |
|    std                  | 1.12       |
|    value_loss           | 0.00167    |
----------------------------------------
----------------------------------------
| rollout/                |            |
|    ep_len_mean          | 140        |
|    ep_rew_mean          | 0.7        |
| time/                   |            |
|    fps                  | 3          |
|    iterations           | 53         |
|    time_elapsed         | 32978      |
|    total_timesteps      | 108544     |
| train/                  |            |
|    approx_kl            | 0.06547203 |
|    clip_fraction        | 0.441      |
|    clip_range           | 0.2        |
|    entropy_loss         | -10.7      |
|    explained_variance   | 0.885      |
|    learning_rate        | 0.0003     |
|    loss                 | -0.169     |
|    n_updates            | 520        |
|    policy_gradient_loss | -0.0542    |
|    std                  | 1.12       |
|    value_loss           | 0.00112    |
----------------------------------------
Eval num_timesteps=110000, episode_reward=0.75 +/- 0.43
Episode length: 132.55 +/- 39.72
----------------------------------------
| eval/                   |            |
|    mean_ep_length       | 133        |
|    mean_reward          | 0.75       |
| time/                   |            |
|    total_timesteps      | 110000     |
| train/                  |            |
|    approx_kl            | 0.07381586 |
|    clip_fraction        | 0.435      |
|    clip_range           | 0.2        |
|    entropy_loss         | -10.7      |
|    explained_variance   | 0.83       |
|    learning_rate        | 0.0003     |
|    loss                 | -0.181     |
|    n_updates            | 530        |
|    policy_gradient_loss | -0.0519    |
|    std                  | 1.12       |
|    value_loss           | 0.00147    |
----------------------------------------
---------------------------------
| rollout/           |          |
|    ep_len_mean     | 140      |
|    ep_rew_mean     | 0.69     |
| time/              |          |
|    fps             | 3        |
|    iterations      | 54       |
|    time_elapsed    | 34107    |
|    total_timesteps | 110592   |
---------------------------------
-----------------------------------------
| rollout/                |             |
|    ep_len_mean          | 144         |
|    ep_rew_mean          | 0.64        |
| time/                   |             |
|    fps                  | 3           |
|    iterations           | 55          |
|    time_elapsed         | 34609       |
|    total_timesteps      | 112640      |
| train/                  |             |
|    approx_kl            | 0.059917036 |
|    clip_fraction        | 0.429       |
|    clip_range           | 0.2         |
|    entropy_loss         | -10.7       |
|    explained_variance   | 0.788       |
|    learning_rate        | 0.0003      |
|    loss                 | -0.177      |
|    n_updates            | 540         |
|    policy_gradient_loss | -0.0544     |
|    std                  | 1.12        |
|    value_loss           | 0.00202     |
-----------------------------------------
----------------------------------------
| rollout/                |            |
|    ep_len_mean          | 145        |
|    ep_rew_mean          | 0.62       |
| time/                   |            |
|    fps                  | 3          |
|    iterations           | 56         |
|    time_elapsed         | 35101      |
|    total_timesteps      | 114688     |
| train/                  |            |
|    approx_kl            | 0.06953743 |
|    clip_fraction        | 0.438      |
|    clip_range           | 0.2        |
|    entropy_loss         | -10.7      |
|    explained_variance   | 0.796      |
|    learning_rate        | 0.0003     |
|    loss                 | -0.156     |
|    n_updates            | 550        |
|    policy_gradient_loss | -0.0462    |
|    std                  | 1.12       |
|    value_loss           | 0.0018     |
----------------------------------------
-----------------------------------------
| rollout/                |             |
|    ep_len_mean          | 143         |
|    ep_rew_mean          | 0.63        |
| time/                   |             |
|    fps                  | 3           |
|    iterations           | 57          |
|    time_elapsed         | 35598       |
|    total_timesteps      | 116736      |
| train/                  |             |
|    approx_kl            | 0.050966263 |
|    clip_fraction        | 0.411       |
|    clip_range           | 0.2         |
|    entropy_loss         | -10.7       |
|    explained_variance   | 0.863       |
|    learning_rate        | 0.0003      |
|    loss                 | -0.182      |
|    n_updates            | 560         |
|    policy_gradient_loss | -0.0532     |
|    std                  | 1.12        |
|    value_loss           | 0.00249     |
-----------------------------------------
-----------------------------------------
| rollout/                |             |
|    ep_len_mean          | 142         |
|    ep_rew_mean          | 0.64        |
| time/                   |             |
|    fps                  | 3           |
|    iterations           | 58          |
|    time_elapsed         | 36101       |
|    total_timesteps      | 118784      |
| train/                  |             |
|    approx_kl            | 0.057535566 |
|    clip_fraction        | 0.419       |
|    clip_range           | 0.2         |
|    entropy_loss         | -10.7       |
|    explained_variance   | 0.73        |
|    learning_rate        | 0.0003      |
|    loss                 | -0.182      |
|    n_updates            | 570         |
|    policy_gradient_loss | -0.0476     |
|    std                  | 1.12        |
|    value_loss           | 0.00257     |
-----------------------------------------
Eval num_timesteps=120000, episode_reward=0.60 +/- 0.49
Episode length: 148.60 +/- 43.88
-----------------------------------------
| eval/                   |             |
|    mean_ep_length       | 149         |
|    mean_reward          | 0.6         |
| time/                   |             |
|    total_timesteps      | 120000      |
| train/                  |             |
|    approx_kl            | 0.057331778 |
|    clip_fraction        | 0.412       |
|    clip_range           | 0.2         |
|    entropy_loss         | -10.7       |
|    explained_variance   | 0.7         |
|    learning_rate        | 0.0003      |
|    loss                 | -0.177      |
|    n_updates            | 580         |
|    policy_gradient_loss | -0.0485     |
|    std                  | 1.13        |
|    value_loss           | 0.0034      |
-----------------------------------------
---------------------------------
| rollout/           |          |
|    ep_len_mean     | 141      |
|    ep_rew_mean     | 0.64     |
| time/              |          |
|    fps             | 3        |
|    iterations      | 59       |
|    time_elapsed    | 37303    |
|    total_timesteps | 120832   |
---------------------------------
----------------------------------------
| rollout/                |            |
|    ep_len_mean          | 141        |
|    ep_rew_mean          | 0.64       |
| time/                   |            |
|    fps                  | 3          |
|    iterations           | 60         |
|    time_elapsed         | 37796      |
|    total_timesteps      | 122880     |
| train/                  |            |
|    approx_kl            | 0.06910749 |
|    clip_fraction        | 0.447      |
|    clip_range           | 0.2        |
|    entropy_loss         | -10.8      |
|    explained_variance   | 0.81       |
|    learning_rate        | 0.0003     |
|    loss                 | -0.192     |
|    n_updates            | 590        |
|    policy_gradient_loss | -0.0599    |
|    std                  | 1.13       |
|    value_loss           | 0.00215    |
----------------------------------------
----------------------------------------
| rollout/                |            |
|    ep_len_mean          | 142        |
|    ep_rew_mean          | 0.62       |
| time/                   |            |
|    fps                  | 3          |
|    iterations           | 61         |
|    time_elapsed         | 38290      |
|    total_timesteps      | 124928     |
| train/                  |            |
|    approx_kl            | 0.06145877 |
|    clip_fraction        | 0.426      |
|    clip_range           | 0.2        |
|    entropy_loss         | -10.7      |
|    explained_variance   | 0.925      |
|    learning_rate        | 0.0003     |
|    loss                 | -0.133     |
|    n_updates            | 600        |
|    policy_gradient_loss | -0.0482    |
|    std                  | 1.13       |
|    value_loss           | 0.00114    |
----------------------------------------
-----------------------------------------
| rollout/                |             |
|    ep_len_mean          | 137         |
|    ep_rew_mean          | 0.68        |
| time/                   |             |
|    fps                  | 3           |
|    iterations           | 62          |
|    time_elapsed         | 38795       |
|    total_timesteps      | 126976      |
| train/                  |             |
|    approx_kl            | 0.055884928 |
|    clip_fraction        | 0.404       |
|    clip_range           | 0.2         |
|    entropy_loss         | -10.7       |
|    explained_variance   | 0.835       |
|    learning_rate        | 0.0003      |
|    loss                 | -0.161      |
|    n_updates            | 610         |
|    policy_gradient_loss | -0.0417     |
|    std                  | 1.12        |
|    value_loss           | 0.00281     |
-----------------------------------------
----------------------------------------
| rollout/                |            |
|    ep_len_mean          | 138        |
|    ep_rew_mean          | 0.68       |
| time/                   |            |
|    fps                  | 3          |
|    iterations           | 63         |
|    time_elapsed         | 39292      |
|    total_timesteps      | 129024     |
| train/                  |            |
|    approx_kl            | 0.06480462 |
|    clip_fraction        | 0.434      |
|    clip_range           | 0.2        |
|    entropy_loss         | -10.7      |
|    explained_variance   | 0.703      |
|    learning_rate        | 0.0003     |
|    loss                 | -0.128     |
|    n_updates            | 620        |
|    policy_gradient_loss | -0.045     |
|    std                  | 1.13       |
|    value_loss           | 0.00244    |
----------------------------------------
Eval num_timesteps=130000, episode_reward=0.70 +/- 0.46
Episode length: 137.45 +/- 42.80
----------------------------------------
| eval/                   |            |
|    mean_ep_length       | 137        |
|    mean_reward          | 0.7        |
| time/                   |            |
|    total_timesteps      | 130000     |
| train/                  |            |
|    approx_kl            | 0.06190412 |
|    clip_fraction        | 0.435      |
|    clip_range           | 0.2        |
|    entropy_loss         | -10.8      |
|    explained_variance   | 0.839      |
|    learning_rate        | 0.0003     |
|    loss                 | -0.186     |
|    n_updates            | 630        |
|    policy_gradient_loss | -0.055     |
|    std                  | 1.13       |
|    value_loss           | 0.00204    |
----------------------------------------
---------------------------------
| rollout/           |          |
|    ep_len_mean     | 135      |
|    ep_rew_mean     | 0.7      |
| time/              |          |
|    fps             | 3        |
|    iterations      | 64       |
|    time_elapsed    | 40444    |
|    total_timesteps | 131072   |
---------------------------------
----------------------------------------
| rollout/                |            |
|    ep_len_mean          | 134        |
|    ep_rew_mean          | 0.71       |
| time/                   |            |
|    fps                  | 3          |
|    iterations           | 65         |
|    time_elapsed         | 40942      |
|    total_timesteps      | 133120     |
| train/                  |            |
|    approx_kl            | 0.06380056 |
|    clip_fraction        | 0.434      |
|    clip_range           | 0.2        |
|    entropy_loss         | -10.8      |
|    explained_variance   | 0.862      |
|    learning_rate        | 0.0003     |
|    loss                 | -0.188     |
|    n_updates            | 640        |
|    policy_gradient_loss | -0.0574    |
|    std                  | 1.13       |
|    value_loss           | 0.00142    |
----------------------------------------
-----------------------------------------
| rollout/                |             |
|    ep_len_mean          | 130         |
|    ep_rew_mean          | 0.76        |
| time/                   |             |
|    fps                  | 3           |
|    iterations           | 66          |
|    time_elapsed         | 41442       |
|    total_timesteps      | 135168      |
| train/                  |             |
|    approx_kl            | 0.065267645 |
|    clip_fraction        | 0.439       |
|    clip_range           | 0.2         |
|    entropy_loss         | -10.8       |
|    explained_variance   | 0.793       |
|    learning_rate        | 0.0003      |
|    loss                 | -0.189      |
|    n_updates            | 650         |
|    policy_gradient_loss | -0.0535     |
|    std                  | 1.13        |
|    value_loss           | 0.00303     |
-----------------------------------------
-----------------------------------------
| rollout/                |             |
|    ep_len_mean          | 130         |
|    ep_rew_mean          | 0.76        |
| time/                   |             |
|    fps                  | 3           |
|    iterations           | 67          |
|    time_elapsed         | 41941       |
|    total_timesteps      | 137216      |
| train/                  |             |
|    approx_kl            | 0.057868913 |
|    clip_fraction        | 0.436       |
|    clip_range           | 0.2         |
|    entropy_loss         | -10.8       |
|    explained_variance   | 0.781       |
|    learning_rate        | 0.0003      |
|    loss                 | -0.19       |
|    n_updates            | 660         |
|    policy_gradient_loss | -0.0439     |
|    std                  | 1.13        |
|    value_loss           | 0.00195     |
-----------------------------------------
-----------------------------------------
| rollout/                |             |
|    ep_len_mean          | 133         |
|    ep_rew_mean          | 0.72        |
| time/                   |             |
|    fps                  | 3           |
|    iterations           | 68          |
|    time_elapsed         | 42435       |
|    total_timesteps      | 139264      |
| train/                  |             |
|    approx_kl            | 0.062758565 |
|    clip_fraction        | 0.428       |
|    clip_range           | 0.2         |
|    entropy_loss         | -10.8       |
|    explained_variance   | 0.79        |
|    learning_rate        | 0.0003      |
|    loss                 | -0.154      |
|    n_updates            | 670         |
|    policy_gradient_loss | -0.0488     |
|    std                  | 1.14        |
|    value_loss           | 0.00236     |
-----------------------------------------
Eval num_timesteps=140000, episode_reward=0.75 +/- 0.43
Episode length: 126.90 +/- 42.68
-----------------------------------------
| eval/                   |             |
|    mean_ep_length       | 127         |
|    mean_reward          | 0.75        |
| time/                   |             |
|    total_timesteps      | 140000      |
| train/                  |             |
|    approx_kl            | 0.060161173 |
|    clip_fraction        | 0.428       |
|    clip_range           | 0.2         |
|    entropy_loss         | -10.8       |
|    explained_variance   | 0.821       |
|    learning_rate        | 0.0003      |
|    loss                 | -0.193      |
|    n_updates            | 680         |
|    policy_gradient_loss | -0.0479     |
|    std                  | 1.14        |
|    value_loss           | 0.00173     |
-----------------------------------------
---------------------------------
| rollout/           |          |
|    ep_len_mean     | 135      |
|    ep_rew_mean     | 0.69     |
| time/              |          |
|    fps             | 3        |
|    iterations      | 69       |
|    time_elapsed    | 43538    |
|    total_timesteps | 141312   |
---------------------------------
----------------------------------------
| rollout/                |            |
|    ep_len_mean          | 138        |
|    ep_rew_mean          | 0.66       |
| time/                   |            |
|    fps                  | 3          |
|    iterations           | 70         |
|    time_elapsed         | 44037      |
|    total_timesteps      | 143360     |
| train/                  |            |
|    approx_kl            | 0.06911979 |
|    clip_fraction        | 0.441      |
|    clip_range           | 0.2        |
|    entropy_loss         | -10.8      |
|    explained_variance   | 0.813      |
|    learning_rate        | 0.0003     |
|    loss                 | -0.18      |
|    n_updates            | 690        |
|    policy_gradient_loss | -0.057     |
|    std                  | 1.14       |
|    value_loss           | 0.00195    |
----------------------------------------
-----------------------------------------
| rollout/                |             |
|    ep_len_mean          | 142         |
|    ep_rew_mean          | 0.62        |
| time/                   |             |
|    fps                  | 3           |
|    iterations           | 71          |
|    time_elapsed         | 44536       |
|    total_timesteps      | 145408      |
| train/                  |             |
|    approx_kl            | 0.058435638 |
|    clip_fraction        | 0.414       |
|    clip_range           | 0.2         |
|    entropy_loss         | -10.8       |
|    explained_variance   | 0.729       |
|    learning_rate        | 0.0003      |
|    loss                 | -0.181      |
|    n_updates            | 700         |
|    policy_gradient_loss | -0.0421     |
|    std                  | 1.14        |
|    value_loss           | 0.0025      |
-----------------------------------------
----------------------------------------
| rollout/                |            |
|    ep_len_mean          | 139        |
|    ep_rew_mean          | 0.65       |
| time/                   |            |
|    fps                  | 3          |
|    iterations           | 72         |
|    time_elapsed         | 45039      |
|    total_timesteps      | 147456     |
| train/                  |            |
|    approx_kl            | 0.06622605 |
|    clip_fraction        | 0.429      |
|    clip_range           | 0.2        |
|    entropy_loss         | -10.8      |
|    explained_variance   | 0.739      |
|    learning_rate        | 0.0003     |
|    loss                 | -0.201     |
|    n_updates            | 710        |
|    policy_gradient_loss | -0.0537    |
|    std                  | 1.14       |
|    value_loss           | 0.00225    |
----------------------------------------
----------------------------------------
| rollout/                |            |
|    ep_len_mean          | 139        |
|    ep_rew_mean          | 0.66       |
| time/                   |            |
|    fps                  | 3          |
|    iterations           | 73         |
|    time_elapsed         | 45537      |
|    total_timesteps      | 149504     |
| train/                  |            |
|    approx_kl            | 0.06712676 |
|    clip_fraction        | 0.442      |
|    clip_range           | 0.2        |
|    entropy_loss         | -10.8      |
|    explained_variance   | 0.644      |
|    learning_rate        | 0.0003     |
|    loss                 | -0.159     |
|    n_updates            | 720        |
|    policy_gradient_loss | -0.0523    |
|    std                  | 1.14       |
|    value_loss           | 0.00257    |
----------------------------------------
Eval num_timesteps=150000, episode_reward=0.60 +/- 0.49
Episode length: 145.45 +/- 45.23
----------------------------------------
| eval/                   |            |
|    mean_ep_length       | 145        |
|    mean_reward          | 0.6        |
| time/                   |            |
|    total_timesteps      | 150000     |
| train/                  |            |
|    approx_kl            | 0.06632134 |
|    clip_fraction        | 0.434      |
|    clip_range           | 0.2        |
|    entropy_loss         | -10.8      |
|    explained_variance   | 0.76       |
|    learning_rate        | 0.0003     |
|    loss                 | -0.162     |
|    n_updates            | 730        |
|    policy_gradient_loss | -0.0509    |
|    std                  | 1.14       |
|    value_loss           | 0.00229    |
----------------------------------------
---------------------------------
| rollout/           |          |
|    ep_len_mean     | 141      |
|    ep_rew_mean     | 0.64     |
| time/              |          |
|    fps             | 3        |
|    iterations      | 74       |
|    time_elapsed    | 46715    |
|    total_timesteps | 151552   |
---------------------------------
-----------------------------------------
| rollout/                |             |
|    ep_len_mean          | 142         |
|    ep_rew_mean          | 0.63        |
| time/                   |             |
|    fps                  | 3           |
|    iterations           | 75          |
|    time_elapsed         | 47213       |
|    total_timesteps      | 153600      |
| train/                  |             |
|    approx_kl            | 0.067994095 |
|    clip_fraction        | 0.436       |
|    clip_range           | 0.2         |
|    entropy_loss         | -10.8       |
|    explained_variance   | 0.75        |
|    learning_rate        | 0.0003      |
|    loss                 | -0.178      |
|    n_updates            | 740         |
|    policy_gradient_loss | -0.0569     |
|    std                  | 1.14        |
|    value_loss           | 0.00216     |
-----------------------------------------
-----------------------------------------
| rollout/                |             |
|    ep_len_mean          | 141         |
|    ep_rew_mean          | 0.63        |
| time/                   |             |
|    fps                  | 3           |
|    iterations           | 76          |
|    time_elapsed         | 47707       |
|    total_timesteps      | 155648      |
| train/                  |             |
|    approx_kl            | 0.060398545 |
|    clip_fraction        | 0.42        |
|    clip_range           | 0.2         |
|    entropy_loss         | -10.8       |
|    explained_variance   | 0.831       |
|    learning_rate        | 0.0003      |
|    loss                 | -0.187      |
|    n_updates            | 750         |
|    policy_gradient_loss | -0.0576     |
|    std                  | 1.14        |
|    value_loss           | 0.00257     |
-----------------------------------------
----------------------------------------
| rollout/                |            |
|    ep_len_mean          | 138        |
|    ep_rew_mean          | 0.67       |
| time/                   |            |
|    fps                  | 3          |
|    iterations           | 77         |
|    time_elapsed         | 48213      |
|    total_timesteps      | 157696     |
| train/                  |            |
|    approx_kl            | 0.06579584 |
|    clip_fraction        | 0.433      |
|    clip_range           | 0.2        |
|    entropy_loss         | -10.9      |
|    explained_variance   | 0.854      |
|    learning_rate        | 0.0003     |
|    loss                 | -0.201     |
|    n_updates            | 760        |
|    policy_gradient_loss | -0.0595    |
|    std                  | 1.15       |
|    value_loss           | 0.00155    |
----------------------------------------
---------------------------------------
| rollout/                |           |
|    ep_len_mean          | 137       |
|    ep_rew_mean          | 0.68      |
| time/                   |           |
|    fps                  | 3         |
|    iterations           | 78        |
|    time_elapsed         | 48715     |
|    total_timesteps      | 159744    |
| train/                  |           |
|    approx_kl            | 0.0698562 |
|    clip_fraction        | 0.455     |
|    clip_range           | 0.2       |
|    entropy_loss         | -10.9     |
|    explained_variance   | 0.908     |
|    learning_rate        | 0.0003    |
|    loss                 | -0.182    |
|    n_updates            | 770       |
|    policy_gradient_loss | -0.0581   |
|    std                  | 1.15      |
|    value_loss           | 0.00118   |
---------------------------------------
Eval num_timesteps=160000, episode_reward=0.55 +/- 0.50
Episode length: 152.20 +/- 48.53
---------------------------------------
| eval/                   |           |
|    mean_ep_length       | 152       |
|    mean_reward          | 0.55      |
| time/                   |           |
|    total_timesteps      | 160000    |
| train/                  |           |
|    approx_kl            | 0.0722136 |
|    clip_fraction        | 0.438     |
|    clip_range           | 0.2       |
|    entropy_loss         | -10.9     |
|    explained_variance   | 0.704     |
|    learning_rate        | 0.0003    |
|    loss                 | -0.201    |
|    n_updates            | 780       |
|    policy_gradient_loss | -0.0624   |
|    std                  | 1.15      |
|    value_loss           | 0.00218   |
---------------------------------------
---------------------------------
| rollout/           |          |
|    ep_len_mean     | 140      |
|    ep_rew_mean     | 0.66     |
| time/              |          |
|    fps             | 3        |
|    iterations      | 79       |
|    time_elapsed    | 49922    |
|    total_timesteps | 161792   |
---------------------------------
----------------------------------------
| rollout/                |            |
|    ep_len_mean          | 144        |
|    ep_rew_mean          | 0.61       |
| time/                   |            |
|    fps                  | 3          |
|    iterations           | 80         |
|    time_elapsed         | 50420      |
|    total_timesteps      | 163840     |
| train/                  |            |
|    approx_kl            | 0.07310057 |
|    clip_fraction        | 0.459      |
|    clip_range           | 0.2        |
|    entropy_loss         | -10.9      |
|    explained_variance   | 0.748      |
|    learning_rate        | 0.0003     |
|    loss                 | -0.201     |
|    n_updates            | 790        |
|    policy_gradient_loss | -0.0634    |
|    std                  | 1.16       |
|    value_loss           | 0.00189    |
----------------------------------------
----------------------------------------
| rollout/                |            |
|    ep_len_mean          | 141        |
|    ep_rew_mean          | 0.64       |
| time/                   |            |
|    fps                  | 3          |
|    iterations           | 81         |
|    time_elapsed         | 50920      |
|    total_timesteps      | 165888     |
| train/                  |            |
|    approx_kl            | 0.07903418 |
|    clip_fraction        | 0.446      |
|    clip_range           | 0.2        |
|    entropy_loss         | -10.9      |
|    explained_variance   | 0.68       |
|    learning_rate        | 0.0003     |
|    loss                 | -0.142     |
|    n_updates            | 800        |
|    policy_gradient_loss | -0.0516    |
|    std                  | 1.16       |
|    value_loss           | 0.00325    |
----------------------------------------
----------------------------------------
| rollout/                |            |
|    ep_len_mean          | 137        |
|    ep_rew_mean          | 0.69       |
| time/                   |            |
|    fps                  | 3          |
|    iterations           | 82         |
|    time_elapsed         | 51426      |
|    total_timesteps      | 167936     |
| train/                  |            |
|    approx_kl            | 0.07522219 |
|    clip_fraction        | 0.475      |
|    clip_range           | 0.2        |
|    entropy_loss         | -10.9      |
|    explained_variance   | 0.843      |
|    learning_rate        | 0.0003     |
|    loss                 | -0.203     |
|    n_updates            | 810        |
|    policy_gradient_loss | -0.0578    |
|    std                  | 1.16       |
|    value_loss           | 0.00175    |
----------------------------------------
----------------------------------------
| rollout/                |            |
|    ep_len_mean          | 135        |
|    ep_rew_mean          | 0.71       |
| time/                   |            |
|    fps                  | 3          |
|    iterations           | 83         |
|    time_elapsed         | 51923      |
|    total_timesteps      | 169984     |
| train/                  |            |
|    approx_kl            | 0.06841503 |
|    clip_fraction        | 0.438      |
|    clip_range           | 0.2        |
|    entropy_loss         | -10.9      |
|    explained_variance   | 0.842      |
|    learning_rate        | 0.0003     |
|    loss                 | -0.204     |
|    n_updates            | 820        |
|    policy_gradient_loss | -0.0572    |
|    std                  | 1.16       |
|    value_loss           | 0.00146    |
----------------------------------------
Eval num_timesteps=170000, episode_reward=0.60 +/- 0.49
Episode length: 145.50 +/- 44.96
-----------------------------------------
| eval/                   |             |
|    mean_ep_length       | 146         |
|    mean_reward          | 0.6         |
| time/                   |             |
|    total_timesteps      | 170000      |
| train/                  |             |
|    approx_kl            | 0.067369714 |
|    clip_fraction        | 0.438       |
|    clip_range           | 0.2         |
|    entropy_loss         | -10.9       |
|    explained_variance   | 0.89        |
|    learning_rate        | 0.0003      |
|    loss                 | -0.203      |
|    n_updates            | 830         |
|    policy_gradient_loss | -0.0572     |
|    std                  | 1.16        |
|    value_loss           | 0.00214     |
-----------------------------------------
---------------------------------
| rollout/           |          |
|    ep_len_mean     | 136      |
|    ep_rew_mean     | 0.69     |
| time/              |          |
|    fps             | 3        |
|    iterations      | 84       |
|    time_elapsed    | 53111    |
|    total_timesteps | 172032   |
---------------------------------
-----------------------------------------
| rollout/                |             |
|    ep_len_mean          | 133         |
|    ep_rew_mean          | 0.73        |
| time/                   |             |
|    fps                  | 3           |
|    iterations           | 85          |
|    time_elapsed         | 53610       |
|    total_timesteps      | 174080      |
| train/                  |             |
|    approx_kl            | 0.072675005 |
|    clip_fraction        | 0.444       |
|    clip_range           | 0.2         |
|    entropy_loss         | -10.9       |
|    explained_variance   | 0.868       |
|    learning_rate        | 0.0003      |
|    loss                 | -0.193      |
|    n_updates            | 840         |
|    policy_gradient_loss | -0.0512     |
|    std                  | 1.16        |
|    value_loss           | 0.00188     |
-----------------------------------------
----------------------------------------
| rollout/                |            |
|    ep_len_mean          | 131        |
|    ep_rew_mean          | 0.74       |
| time/                   |            |
|    fps                  | 3          |
|    iterations           | 86         |
|    time_elapsed         | 54110      |
|    total_timesteps      | 176128     |
| train/                  |            |
|    approx_kl            | 0.07053291 |
|    clip_fraction        | 0.458      |
|    clip_range           | 0.2        |
|    entropy_loss         | -10.9      |
|    explained_variance   | 0.888      |
|    learning_rate        | 0.0003     |
|    loss                 | -0.195     |
|    n_updates            | 850        |
|    policy_gradient_loss | -0.0578    |
|    std                  | 1.16       |
|    value_loss           | 0.00174    |
----------------------------------------
----------------------------------------
| rollout/                |            |
|    ep_len_mean          | 130        |
|    ep_rew_mean          | 0.75       |
| time/                   |            |
|    fps                  | 3          |
|    iterations           | 87         |
|    time_elapsed         | 54608      |
|    total_timesteps      | 178176     |
| train/                  |            |
|    approx_kl            | 0.08080377 |
|    clip_fraction        | 0.461      |
|    clip_range           | 0.2        |
|    entropy_loss         | -10.9      |
|    explained_variance   | 0.808      |
|    learning_rate        | 0.0003     |
|    loss                 | -0.191     |
|    n_updates            | 860        |
|    policy_gradient_loss | -0.0519    |
|    std                  | 1.16       |
|    value_loss           | 0.00204    |
----------------------------------------
Eval num_timesteps=180000, episode_reward=0.80 +/- 0.40
Episode length: 129.20 +/- 37.45
-----------------------------------------
| eval/                   |             |
|    mean_ep_length       | 129         |
|    mean_reward          | 0.8         |
| time/                   |             |
|    total_timesteps      | 180000      |
| train/                  |             |
|    approx_kl            | 0.061742738 |
|    clip_fraction        | 0.457       |
|    clip_range           | 0.2         |
|    entropy_loss         | -10.9       |
|    explained_variance   | 0.893       |
|    learning_rate        | 0.0003      |
|    loss                 | -0.195      |
|    n_updates            | 870         |
|    policy_gradient_loss | -0.0482     |
|    std                  | 1.16        |
|    value_loss           | 0.00134     |
-----------------------------------------
---------------------------------
| rollout/           |          |
|    ep_len_mean     | 128      |
|    ep_rew_mean     | 0.76     |
| time/              |          |
|    fps             | 3        |
|    iterations      | 88       |
|    time_elapsed    | 55725    |
|    total_timesteps | 180224   |
---------------------------------
----------------------------------------
| rollout/                |            |
|    ep_len_mean          | 129        |
|    ep_rew_mean          | 0.76       |
| time/                   |            |
|    fps                  | 3          |
|    iterations           | 89         |
|    time_elapsed         | 56228      |
|    total_timesteps      | 182272     |
| train/                  |            |
|    approx_kl            | 0.07087448 |
|    clip_fraction        | 0.473      |
|    clip_range           | 0.2        |
|    entropy_loss         | -10.9      |
|    explained_variance   | 0.909      |
|    learning_rate        | 0.0003     |
|    loss                 | -0.205     |
|    n_updates            | 880        |
|    policy_gradient_loss | -0.0591    |
|    std                  | 1.16       |
|    value_loss           | 0.00135    |
----------------------------------------
----------------------------------------
| rollout/                |            |
|    ep_len_mean          | 125        |
|    ep_rew_mean          | 0.8        |
| time/                   |            |
|    fps                  | 3          |
|    iterations           | 90         |
|    time_elapsed         | 56736      |
|    total_timesteps      | 184320     |
| train/                  |            |
|    approx_kl            | 0.06642523 |
|    clip_fraction        | 0.453      |
|    clip_range           | 0.2        |
|    entropy_loss         | -11        |
|    explained_variance   | 0.898      |
|    learning_rate        | 0.0003     |
|    loss                 | -0.203     |
|    n_updates            | 890        |
|    policy_gradient_loss | -0.0611    |
|    std                  | 1.16       |
|    value_loss           | 0.00122    |
----------------------------------------
----------------------------------------
| rollout/                |            |
|    ep_len_mean          | 124        |
|    ep_rew_mean          | 0.81       |
| time/                   |            |
|    fps                  | 3          |
|    iterations           | 91         |
|    time_elapsed         | 57240      |
|    total_timesteps      | 186368     |
| train/                  |            |
|    approx_kl            | 0.06799244 |
|    clip_fraction        | 0.443      |
|    clip_range           | 0.2        |
|    entropy_loss         | -11        |
|    explained_variance   | 0.793      |
|    learning_rate        | 0.0003     |
|    loss                 | -0.197     |
|    n_updates            | 900        |
|    policy_gradient_loss | -0.0507    |
|    std                  | 1.16       |
|    value_loss           | 0.00167    |
----------------------------------------
----------------------------------------
| rollout/                |            |
|    ep_len_mean          | 122        |
|    ep_rew_mean          | 0.82       |
| time/                   |            |
|    fps                  | 3          |
|    iterations           | 92         |
|    time_elapsed         | 57739      |
|    total_timesteps      | 188416     |
| train/                  |            |
|    approx_kl            | 0.08629604 |
|    clip_fraction        | 0.457      |
|    clip_range           | 0.2        |
|    entropy_loss         | -11        |
|    explained_variance   | 0.896      |
|    learning_rate        | 0.0003     |
|    loss                 | -0.204     |
|    n_updates            | 910        |
|    policy_gradient_loss | -0.0597    |
|    std                  | 1.16       |
|    value_loss           | 0.00123    |
----------------------------------------
Eval num_timesteps=190000, episode_reward=0.60 +/- 0.49
Episode length: 141.50 +/- 48.11
---------------------------------------
| eval/                   |           |
|    mean_ep_length       | 142       |
|    mean_reward          | 0.6       |
| time/                   |           |
|    total_timesteps      | 190000    |
| train/                  |           |
|    approx_kl            | 0.0856192 |
|    clip_fraction        | 0.452     |
|    clip_range           | 0.2       |
|    entropy_loss         | -11       |
|    explained_variance   | 0.822     |
|    learning_rate        | 0.0003    |
|    loss                 | -0.188    |
|    n_updates            | 920       |
|    policy_gradient_loss | -0.0546   |
|    std                  | 1.16      |
|    value_loss           | 0.00191   |
---------------------------------------
