Gym has been unmaintained since 2022 and does not support NumPy 2.0 amongst other critical functionality.
Please upgrade to Gymnasium, the maintained drop-in replacement of Gym, or contact the authors of your software and request that they upgrade.
See the migration guide at https://gymnasium.farama.org/introduction/migration_guide/ for additional information.
/234/miniconda/envs/libero/lib/python3.8/site-packages/torch/utils/tensorboard/__init__.py:4: DeprecationWarning: distutils Version classes are deprecated. Use packaging.version instead.
  if not hasattr(tensorboard, "__version__") or LooseVersion(
/234/miniconda/envs/libero/lib/python3.8/site-packages/robosuite/__init__.py:7: DeprecationWarning: The 'warn' method is deprecated, use 'warning' instead
  ROBOSUITE_DEFAULT_LOGGER.warn("No private macro file found!")
[robosuite WARNING] No private macro file found! (__init__.py:7)
[robosuite WARNING] It is recommended to use a private macro file (__init__.py:8)
[robosuite WARNING] To setup, run: python /234/miniconda/envs/libero/lib/python3.8/site-packages/robosuite/scripts/setup_macros.py (__init__.py:9)
/234/miniconda/envs/libero/lib/python3.8/site-packages/thop/profile.py:12: DeprecationWarning: distutils Version classes are deprecated. Use packaging.version instead.
  if LooseVersion(torch.__version__) < LooseVersion("1.0.0"):
[info] using task orders [0, 1, 2, 3, 4, 5, 6, 7, 8, 9]
Task 0: BC + Vanilla PPO (sparse reward only)...

============= Initialized Observation Utils with Obs Spec =============

using obs modality: rgb with keys: ['eye_in_hand_rgb', 'agentview_rgb']
using obs modality: depth with keys: []
using obs modality: low_dim with keys: ['gripper_states', 'joint_states']
SequenceDataset: loading dataset into memory...
  0%|          | 0/50 [00:00<?, ?it/s]100%|██████████| 50/50 [00:00<00:00, 3042.22it/s]
Using cuda device
Logging to /234/outputs/ppo_bc_vanilla/task0/tb_logs/PPO_3
---------------------------------
| rollout/           |          |
|    ep_len_mean     | 101      |
|    ep_rew_mean     | 0.85     |
| time/              |          |
|    fps             | 37       |
|    iterations      | 1        |
|    time_elapsed    | 54       |
|    total_timesteps | 2048     |
---------------------------------
-----------------------------------------
| rollout/                |             |
|    ep_len_mean          | 109         |
|    ep_rew_mean          | 0.811       |
| time/                   |             |
|    fps                  | 33          |
|    iterations           | 2           |
|    time_elapsed         | 122         |
|    total_timesteps      | 4096        |
| train/                  |             |
|    approx_kl            | 0.016905673 |
|    clip_fraction        | 0.199       |
|    clip_range           | 0.2         |
|    entropy_loss         | -9.94       |
|    explained_variance   | -1.69       |
|    learning_rate        | 0.0003      |
|    loss                 | -0.12       |
|    n_updates            | 10          |
|    policy_gradient_loss | -0.0173     |
|    std                  | 1           |
|    value_loss           | 0.00782     |
-----------------------------------------
-----------------------------------------
| rollout/                |             |
|    ep_len_mean          | 110         |
|    ep_rew_mean          | 0.815       |
| time/                   |             |
|    fps                  | 13          |
|    iterations           | 3           |
|    time_elapsed         | 465         |
|    total_timesteps      | 6144        |
| train/                  |             |
|    approx_kl            | 0.016483132 |
|    clip_fraction        | 0.184       |
|    clip_range           | 0.2         |
|    entropy_loss         | -9.97       |
|    explained_variance   | 0.392       |
|    learning_rate        | 0.0003      |
|    loss                 | -0.134      |
|    n_updates            | 20          |
|    policy_gradient_loss | -0.0162     |
|    std                  | 1.01        |
|    value_loss           | 0.00369     |
-----------------------------------------
-----------------------------------------
| rollout/                |             |
|    ep_len_mean          | 110         |
|    ep_rew_mean          | 0.811       |
| time/                   |             |
|    fps                  | 8           |
|    iterations           | 4           |
|    time_elapsed         | 960         |
|    total_timesteps      | 8192        |
| train/                  |             |
|    approx_kl            | 0.021052606 |
|    clip_fraction        | 0.223       |
|    clip_range           | 0.2         |
|    entropy_loss         | -10         |
|    explained_variance   | 0.75        |
|    learning_rate        | 0.0003      |
|    loss                 | -0.128      |
|    n_updates            | 30          |
|    policy_gradient_loss | -0.022      |
|    std                  | 1.01        |
|    value_loss           | 0.00368     |
-----------------------------------------
Eval num_timesteps=10000, episode_reward=0.80 +/- 0.40
Episode length: 106.80 +/- 47.24
----------------------------------------
| eval/                   |            |
|    mean_ep_length       | 107        |
|    mean_reward          | 0.8        |
| time/                   |            |
|    total_timesteps      | 10000      |
| train/                  |            |
|    approx_kl            | 0.02170875 |
|    clip_fraction        | 0.279      |
|    clip_range           | 0.2        |
|    entropy_loss         | -10        |
|    explained_variance   | 0.798      |
|    learning_rate        | 0.0003     |
|    loss                 | -0.133     |
|    n_updates            | 40         |
|    policy_gradient_loss | -0.0207    |
|    std                  | 1.01       |
|    value_loss           | 0.00335    |
----------------------------------------
New best mean reward!
---------------------------------
| rollout/           |          |
|    ep_len_mean     | 111      |
|    ep_rew_mean     | 0.802    |
| time/              |          |
|    fps             | 5        |
|    iterations      | 5        |
|    time_elapsed    | 1971     |
|    total_timesteps | 10240    |
---------------------------------
-----------------------------------------
| rollout/                |             |
|    ep_len_mean          | 110         |
|    ep_rew_mean          | 0.8         |
| time/                   |             |
|    fps                  | 4           |
|    iterations           | 6           |
|    time_elapsed         | 2470        |
|    total_timesteps      | 12288       |
| train/                  |             |
|    approx_kl            | 0.020200418 |
|    clip_fraction        | 0.274       |
|    clip_range           | 0.2         |
|    entropy_loss         | -10         |
|    explained_variance   | 0.86        |
|    learning_rate        | 0.0003      |
|    loss                 | -0.105      |
|    n_updates            | 50          |
|    policy_gradient_loss | -0.0206     |
|    std                  | 1.02        |
|    value_loss           | 0.0035      |
-----------------------------------------
-----------------------------------------
| rollout/                |             |
|    ep_len_mean          | 110         |
|    ep_rew_mean          | 0.8         |
| time/                   |             |
|    fps                  | 4           |
|    iterations           | 7           |
|    time_elapsed         | 2970        |
|    total_timesteps      | 14336       |
| train/                  |             |
|    approx_kl            | 0.024687042 |
|    clip_fraction        | 0.284       |
|    clip_range           | 0.2         |
|    entropy_loss         | -10.1       |
|    explained_variance   | 0.896       |
|    learning_rate        | 0.0003      |
|    loss                 | -0.153      |
|    n_updates            | 60          |
|    policy_gradient_loss | -0.0239     |
|    std                  | 1.03        |
|    value_loss           | 0.00239     |
-----------------------------------------
-----------------------------------------
| rollout/                |             |
|    ep_len_mean          | 113         |
|    ep_rew_mean          | 0.77        |
| time/                   |             |
|    fps                  | 4           |
|    iterations           | 8           |
|    time_elapsed         | 3461        |
|    total_timesteps      | 16384       |
| train/                  |             |
|    approx_kl            | 0.022889005 |
|    clip_fraction        | 0.253       |
|    clip_range           | 0.2         |
|    entropy_loss         | -10.1       |
|    explained_variance   | 0.684       |
|    learning_rate        | 0.0003      |
|    loss                 | -0.116      |
|    n_updates            | 70          |
|    policy_gradient_loss | -0.0193     |
|    std                  | 1.03        |
|    value_loss           | 0.00445     |
-----------------------------------------
-----------------------------------------
| rollout/                |             |
|    ep_len_mean          | 111         |
|    ep_rew_mean          | 0.77        |
| time/                   |             |
|    fps                  | 4           |
|    iterations           | 9           |
|    time_elapsed         | 3968        |
|    total_timesteps      | 18432       |
| train/                  |             |
|    approx_kl            | 0.021478904 |
|    clip_fraction        | 0.274       |
|    clip_range           | 0.2         |
|    entropy_loss         | -10.2       |
|    explained_variance   | 0.86        |
|    learning_rate        | 0.0003      |
|    loss                 | -0.139      |
|    n_updates            | 80          |
|    policy_gradient_loss | -0.0242     |
|    std                  | 1.04        |
|    value_loss           | 0.00408     |
-----------------------------------------
Eval num_timesteps=20000, episode_reward=0.75 +/- 0.43
Episode length: 114.80 +/- 54.56
-----------------------------------------
| eval/                   |             |
|    mean_ep_length       | 115         |
|    mean_reward          | 0.75        |
| time/                   |             |
|    total_timesteps      | 20000       |
| train/                  |             |
|    approx_kl            | 0.027619287 |
|    clip_fraction        | 0.289       |
|    clip_range           | 0.2         |
|    entropy_loss         | -10.2       |
|    explained_variance   | 0.89        |
|    learning_rate        | 0.0003      |
|    loss                 | -0.15       |
|    n_updates            | 90          |
|    policy_gradient_loss | -0.0255     |
|    std                  | 1.05        |
|    value_loss           | 0.00276     |
-----------------------------------------
---------------------------------
| rollout/           |          |
|    ep_len_mean     | 113      |
|    ep_rew_mean     | 0.76     |
| time/              |          |
|    fps             | 4        |
|    iterations      | 10       |
|    time_elapsed    | 5007     |
|    total_timesteps | 20480    |
---------------------------------
-----------------------------------------
| rollout/                |             |
|    ep_len_mean          | 119         |
|    ep_rew_mean          | 0.72        |
| time/                   |             |
|    fps                  | 4           |
|    iterations           | 11          |
|    time_elapsed         | 5500        |
|    total_timesteps      | 22528       |
| train/                  |             |
|    approx_kl            | 0.025095258 |
|    clip_fraction        | 0.274       |
|    clip_range           | 0.2         |
|    entropy_loss         | -10.3       |
|    explained_variance   | 0.768       |
|    learning_rate        | 0.0003      |
|    loss                 | -0.135      |
|    n_updates            | 100         |
|    policy_gradient_loss | -0.0277     |
|    std                  | 1.05        |
|    value_loss           | 0.00409     |
-----------------------------------------
-----------------------------------------
| rollout/                |             |
|    ep_len_mean          | 120         |
|    ep_rew_mean          | 0.72        |
| time/                   |             |
|    fps                  | 4           |
|    iterations           | 12          |
|    time_elapsed         | 5994        |
|    total_timesteps      | 24576       |
| train/                  |             |
|    approx_kl            | 0.026729489 |
|    clip_fraction        | 0.297       |
|    clip_range           | 0.2         |
|    entropy_loss         | -10.3       |
|    explained_variance   | 0.804       |
|    learning_rate        | 0.0003      |
|    loss                 | -0.155      |
|    n_updates            | 110         |
|    policy_gradient_loss | -0.0298     |
|    std                  | 1.06        |
|    value_loss           | 0.00472     |
-----------------------------------------
-----------------------------------------
| rollout/                |             |
|    ep_len_mean          | 120         |
|    ep_rew_mean          | 0.71        |
| time/                   |             |
|    fps                  | 4           |
|    iterations           | 13          |
|    time_elapsed         | 6493        |
|    total_timesteps      | 26624       |
| train/                  |             |
|    approx_kl            | 0.023218725 |
|    clip_fraction        | 0.281       |
|    clip_range           | 0.2         |
|    entropy_loss         | -10.4       |
|    explained_variance   | 0.719       |
|    learning_rate        | 0.0003      |
|    loss                 | -0.146      |
|    n_updates            | 120         |
|    policy_gradient_loss | -0.0252     |
|    std                  | 1.07        |
|    value_loss           | 0.00464     |
-----------------------------------------
-----------------------------------------
| rollout/                |             |
|    ep_len_mean          | 122         |
|    ep_rew_mean          | 0.7         |
| time/                   |             |
|    fps                  | 4           |
|    iterations           | 14          |
|    time_elapsed         | 6983        |
|    total_timesteps      | 28672       |
| train/                  |             |
|    approx_kl            | 0.027973868 |
|    clip_fraction        | 0.295       |
|    clip_range           | 0.2         |
|    entropy_loss         | -10.4       |
|    explained_variance   | 0.796       |
|    learning_rate        | 0.0003      |
|    loss                 | -0.129      |
|    n_updates            | 130         |
|    policy_gradient_loss | -0.0237     |
|    std                  | 1.07        |
|    value_loss           | 0.00333     |
-----------------------------------------
Eval num_timesteps=30000, episode_reward=0.80 +/- 0.40
Episode length: 102.65 +/- 48.94
----------------------------------------
| eval/                   |            |
|    mean_ep_length       | 103        |
|    mean_reward          | 0.8        |
| time/                   |            |
|    total_timesteps      | 30000      |
| train/                  |            |
|    approx_kl            | 0.03500016 |
|    clip_fraction        | 0.342      |
|    clip_range           | 0.2        |
|    entropy_loss         | -10.4      |
|    explained_variance   | 0.913      |
|    learning_rate        | 0.0003     |
|    loss                 | -0.19      |
|    n_updates            | 140        |
|    policy_gradient_loss | -0.0312    |
|    std                  | 1.07       |
|    value_loss           | 0.00232    |
----------------------------------------
---------------------------------
| rollout/           |          |
|    ep_len_mean     | 123      |
|    ep_rew_mean     | 0.68     |
| time/              |          |
|    fps             | 3        |
|    iterations      | 15       |
|    time_elapsed    | 7976     |
|    total_timesteps | 30720    |
---------------------------------
-----------------------------------------
| rollout/                |             |
|    ep_len_mean          | 124         |
|    ep_rew_mean          | 0.67        |
| time/                   |             |
|    fps                  | 3           |
|    iterations           | 16          |
|    time_elapsed         | 8469        |
|    total_timesteps      | 32768       |
| train/                  |             |
|    approx_kl            | 0.028614424 |
|    clip_fraction        | 0.299       |
|    clip_range           | 0.2         |
|    entropy_loss         | -10.4       |
|    explained_variance   | 0.87        |
|    learning_rate        | 0.0003      |
|    loss                 | -0.138      |
|    n_updates            | 150         |
|    policy_gradient_loss | -0.028      |
|    std                  | 1.07        |
|    value_loss           | 0.00367     |
-----------------------------------------
-----------------------------------------
| rollout/                |             |
|    ep_len_mean          | 123         |
|    ep_rew_mean          | 0.68        |
| time/                   |             |
|    fps                  | 3           |
|    iterations           | 17          |
|    time_elapsed         | 8967        |
|    total_timesteps      | 34816       |
| train/                  |             |
|    approx_kl            | 0.030749822 |
|    clip_fraction        | 0.333       |
|    clip_range           | 0.2         |
|    entropy_loss         | -10.4       |
|    explained_variance   | 0.887       |
|    learning_rate        | 0.0003      |
|    loss                 | -0.142      |
|    n_updates            | 160         |
|    policy_gradient_loss | -0.0315     |
|    std                  | 1.07        |
|    value_loss           | 0.00258     |
-----------------------------------------
-----------------------------------------
| rollout/                |             |
|    ep_len_mean          | 124         |
|    ep_rew_mean          | 0.67        |
| time/                   |             |
|    fps                  | 3           |
|    iterations           | 18          |
|    time_elapsed         | 9466        |
|    total_timesteps      | 36864       |
| train/                  |             |
|    approx_kl            | 0.028425727 |
|    clip_fraction        | 0.325       |
|    clip_range           | 0.2         |
|    entropy_loss         | -10.4       |
|    explained_variance   | 0.815       |
|    learning_rate        | 0.0003      |
|    loss                 | -0.122      |
|    n_updates            | 170         |
|    policy_gradient_loss | -0.0321     |
|    std                  | 1.08        |
|    value_loss           | 0.00377     |
-----------------------------------------
-----------------------------------------
| rollout/                |             |
|    ep_len_mean          | 127         |
|    ep_rew_mean          | 0.64        |
| time/                   |             |
|    fps                  | 3           |
|    iterations           | 19          |
|    time_elapsed         | 9956        |
|    total_timesteps      | 38912       |
| train/                  |             |
|    approx_kl            | 0.029410943 |
|    clip_fraction        | 0.326       |
|    clip_range           | 0.2         |
|    entropy_loss         | -10.5       |
|    explained_variance   | 0.869       |
|    learning_rate        | 0.0003      |
|    loss                 | -0.115      |
|    n_updates            | 180         |
|    policy_gradient_loss | -0.0242     |
|    std                  | 1.08        |
|    value_loss           | 0.00423     |
-----------------------------------------
Eval num_timesteps=40000, episode_reward=0.80 +/- 0.40
Episode length: 107.90 +/- 46.95
-----------------------------------------
| eval/                   |             |
|    mean_ep_length       | 108         |
|    mean_reward          | 0.8         |
| time/                   |             |
|    total_timesteps      | 40000       |
| train/                  |             |
|    approx_kl            | 0.033729568 |
|    clip_fraction        | 0.35        |
|    clip_range           | 0.2         |
|    entropy_loss         | -10.5       |
|    explained_variance   | 0.926       |
|    learning_rate        | 0.0003      |
|    loss                 | -0.137      |
|    n_updates            | 190         |
|    policy_gradient_loss | -0.0341     |
|    std                  | 1.09        |
|    value_loss           | 0.00274     |
-----------------------------------------
---------------------------------
| rollout/           |          |
|    ep_len_mean     | 129      |
|    ep_rew_mean     | 0.62     |
| time/              |          |
|    fps             | 3        |
|    iterations      | 20       |
|    time_elapsed    | 10971    |
|    total_timesteps | 40960    |
---------------------------------
-----------------------------------------
| rollout/                |             |
|    ep_len_mean          | 125         |
|    ep_rew_mean          | 0.66        |
| time/                   |             |
|    fps                  | 3           |
|    iterations           | 21          |
|    time_elapsed         | 11477       |
|    total_timesteps      | 43008       |
| train/                  |             |
|    approx_kl            | 0.026937304 |
|    clip_fraction        | 0.302       |
|    clip_range           | 0.2         |
|    entropy_loss         | -10.5       |
|    explained_variance   | 0.849       |
|    learning_rate        | 0.0003      |
|    loss                 | -0.178      |
|    n_updates            | 200         |
|    policy_gradient_loss | -0.0309     |
|    std                  | 1.09        |
|    value_loss           | 0.00356     |
-----------------------------------------
-----------------------------------------
| rollout/                |             |
|    ep_len_mean          | 124         |
|    ep_rew_mean          | 0.67        |
| time/                   |             |
|    fps                  | 3           |
|    iterations           | 22          |
|    time_elapsed         | 11970       |
|    total_timesteps      | 45056       |
| train/                  |             |
|    approx_kl            | 0.035032876 |
|    clip_fraction        | 0.329       |
|    clip_range           | 0.2         |
|    entropy_loss         | -10.5       |
|    explained_variance   | 0.822       |
|    learning_rate        | 0.0003      |
|    loss                 | -0.13       |
|    n_updates            | 210         |
|    policy_gradient_loss | -0.0307     |
|    std                  | 1.09        |
|    value_loss           | 0.00406     |
-----------------------------------------
-----------------------------------------
| rollout/                |             |
|    ep_len_mean          | 126         |
|    ep_rew_mean          | 0.65        |
| time/                   |             |
|    fps                  | 3           |
|    iterations           | 23          |
|    time_elapsed         | 12460       |
|    total_timesteps      | 47104       |
| train/                  |             |
|    approx_kl            | 0.028200064 |
|    clip_fraction        | 0.313       |
|    clip_range           | 0.2         |
|    entropy_loss         | -10.6       |
|    explained_variance   | 0.851       |
|    learning_rate        | 0.0003      |
|    loss                 | -0.155      |
|    n_updates            | 220         |
|    policy_gradient_loss | -0.0321     |
|    std                  | 1.09        |
|    value_loss           | 0.00471     |
-----------------------------------------
-----------------------------------------
| rollout/                |             |
|    ep_len_mean          | 128         |
|    ep_rew_mean          | 0.63        |
| time/                   |             |
|    fps                  | 3           |
|    iterations           | 24          |
|    time_elapsed         | 12953       |
|    total_timesteps      | 49152       |
| train/                  |             |
|    approx_kl            | 0.030691473 |
|    clip_fraction        | 0.349       |
|    clip_range           | 0.2         |
|    entropy_loss         | -10.6       |
|    explained_variance   | 0.705       |
|    learning_rate        | 0.0003      |
|    loss                 | -0.164      |
|    n_updates            | 230         |
|    policy_gradient_loss | -0.0303     |
|    std                  | 1.1         |
|    value_loss           | 0.00486     |
-----------------------------------------
Eval num_timesteps=50000, episode_reward=0.75 +/- 0.43
Episode length: 117.70 +/- 49.01
----------------------------------------
| eval/                   |            |
|    mean_ep_length       | 118        |
|    mean_reward          | 0.75       |
| time/                   |            |
|    total_timesteps      | 50000      |
| train/                  |            |
|    approx_kl            | 0.03127893 |
|    clip_fraction        | 0.312      |
|    clip_range           | 0.2        |
|    entropy_loss         | -10.6      |
|    explained_variance   | 0.739      |
|    learning_rate        | 0.0003     |
|    loss                 | -0.12      |
|    n_updates            | 240        |
|    policy_gradient_loss | -0.0351    |
|    std                  | 1.1        |
|    value_loss           | 0.00618    |
----------------------------------------
---------------------------------
| rollout/           |          |
|    ep_len_mean     | 122      |
|    ep_rew_mean     | 0.69     |
| time/              |          |
|    fps             | 3        |
|    iterations      | 25       |
|    time_elapsed    | 14009    |
|    total_timesteps | 51200    |
---------------------------------
-----------------------------------------
| rollout/                |             |
|    ep_len_mean          | 121         |
|    ep_rew_mean          | 0.7         |
| time/                   |             |
|    fps                  | 3           |
|    iterations           | 26          |
|    time_elapsed         | 14510       |
|    total_timesteps      | 53248       |
| train/                  |             |
|    approx_kl            | 0.033238344 |
|    clip_fraction        | 0.329       |
|    clip_range           | 0.2         |
|    entropy_loss         | -10.6       |
|    explained_variance   | 0.814       |
|    learning_rate        | 0.0003      |
|    loss                 | -0.115      |
|    n_updates            | 250         |
|    policy_gradient_loss | -0.0347     |
|    std                  | 1.1         |
|    value_loss           | 0.00386     |
-----------------------------------------
----------------------------------------
| rollout/                |            |
|    ep_len_mean          | 127        |
|    ep_rew_mean          | 0.64       |
| time/                   |            |
|    fps                  | 3          |
|    iterations           | 27         |
|    time_elapsed         | 14997      |
|    total_timesteps      | 55296      |
| train/                  |            |
|    approx_kl            | 0.03305482 |
|    clip_fraction        | 0.312      |
|    clip_range           | 0.2        |
|    entropy_loss         | -10.6      |
|    explained_variance   | 0.758      |
|    learning_rate        | 0.0003     |
|    loss                 | -0.163     |
|    n_updates            | 260        |
|    policy_gradient_loss | -0.0345    |
|    std                  | 1.11       |
|    value_loss           | 0.0046     |
----------------------------------------
-----------------------------------------
| rollout/                |             |
|    ep_len_mean          | 125         |
|    ep_rew_mean          | 0.66        |
| time/                   |             |
|    fps                  | 3           |
|    iterations           | 28          |
|    time_elapsed         | 15495       |
|    total_timesteps      | 57344       |
| train/                  |             |
|    approx_kl            | 0.028585628 |
|    clip_fraction        | 0.339       |
|    clip_range           | 0.2         |
|    entropy_loss         | -10.7       |
|    explained_variance   | 0.821       |
|    learning_rate        | 0.0003      |
|    loss                 | -0.158      |
|    n_updates            | 270         |
|    policy_gradient_loss | -0.037      |
|    std                  | 1.12        |
|    value_loss           | 0.00319     |
-----------------------------------------
----------------------------------------
| rollout/                |            |
|    ep_len_mean          | 119        |
|    ep_rew_mean          | 0.7        |
| time/                   |            |
|    fps                  | 3          |
|    iterations           | 29         |
|    time_elapsed         | 15993      |
|    total_timesteps      | 59392      |
| train/                  |            |
|    approx_kl            | 0.03308901 |
|    clip_fraction        | 0.344      |
|    clip_range           | 0.2        |
|    entropy_loss         | -10.7      |
|    explained_variance   | 0.88       |
|    learning_rate        | 0.0003     |
|    loss                 | -0.17      |
|    n_updates            | 280        |
|    policy_gradient_loss | -0.0374    |
|    std                  | 1.12       |
|    value_loss           | 0.00391    |
----------------------------------------
Eval num_timesteps=60000, episode_reward=0.75 +/- 0.43
Episode length: 118.80 +/- 52.11
-----------------------------------------
| eval/                   |             |
|    mean_ep_length       | 119         |
|    mean_reward          | 0.75        |
| time/                   |             |
|    total_timesteps      | 60000       |
| train/                  |             |
|    approx_kl            | 0.032961223 |
|    clip_fraction        | 0.348       |
|    clip_range           | 0.2         |
|    entropy_loss         | -10.7       |
|    explained_variance   | 0.803       |
|    learning_rate        | 0.0003      |
|    loss                 | -0.157      |
|    n_updates            | 290         |
|    policy_gradient_loss | -0.03       |
|    std                  | 1.12        |
|    value_loss           | 0.00529     |
-----------------------------------------
---------------------------------
| rollout/           |          |
|    ep_len_mean     | 118      |
|    ep_rew_mean     | 0.72     |
| time/              |          |
|    fps             | 3        |
|    iterations      | 30       |
|    time_elapsed    | 17068    |
|    total_timesteps | 61440    |
---------------------------------
----------------------------------------
| rollout/                |            |
|    ep_len_mean          | 125        |
|    ep_rew_mean          | 0.66       |
| time/                   |            |
|    fps                  | 3          |
|    iterations           | 31         |
|    time_elapsed         | 17565      |
|    total_timesteps      | 63488      |
| train/                  |            |
|    approx_kl            | 0.03281343 |
|    clip_fraction        | 0.347      |
|    clip_range           | 0.2        |
|    entropy_loss         | -10.8      |
|    explained_variance   | 0.842      |
|    learning_rate        | 0.0003     |
|    loss                 | -0.144     |
|    n_updates            | 300        |
|    policy_gradient_loss | -0.0297    |
|    std                  | 1.13       |
|    value_loss           | 0.00462    |
----------------------------------------
-----------------------------------------
| rollout/                |             |
|    ep_len_mean          | 127         |
|    ep_rew_mean          | 0.65        |
| time/                   |             |
|    fps                  | 3           |
|    iterations           | 32          |
|    time_elapsed         | 18061       |
|    total_timesteps      | 65536       |
| train/                  |             |
|    approx_kl            | 0.029597804 |
|    clip_fraction        | 0.326       |
|    clip_range           | 0.2         |
|    entropy_loss         | -10.8       |
|    explained_variance   | 0.786       |
|    learning_rate        | 0.0003      |
|    loss                 | -0.123      |
|    n_updates            | 310         |
|    policy_gradient_loss | -0.039      |
|    std                  | 1.13        |
|    value_loss           | 0.00372     |
-----------------------------------------
---------------------------------------
| rollout/                |           |
|    ep_len_mean          | 116       |
|    ep_rew_mean          | 0.74      |
| time/                   |           |
|    fps                  | 3         |
|    iterations           | 33        |
|    time_elapsed         | 18569     |
|    total_timesteps      | 67584     |
| train/                  |           |
|    approx_kl            | 0.0323237 |
|    clip_fraction        | 0.34      |
|    clip_range           | 0.2       |
|    entropy_loss         | -10.8     |
|    explained_variance   | 0.893     |
|    learning_rate        | 0.0003    |
|    loss                 | -0.162    |
|    n_updates            | 320       |
|    policy_gradient_loss | -0.036    |
|    std                  | 1.13      |
|    value_loss           | 0.00259   |
---------------------------------------
----------------------------------------
| rollout/                |            |
|    ep_len_mean          | 117        |
|    ep_rew_mean          | 0.73       |
| time/                   |            |
|    fps                  | 3          |
|    iterations           | 34         |
|    time_elapsed         | 19071      |
|    total_timesteps      | 69632      |
| train/                  |            |
|    approx_kl            | 0.03276506 |
|    clip_fraction        | 0.339      |
|    clip_range           | 0.2        |
|    entropy_loss         | -10.8      |
|    explained_variance   | 0.831      |
|    learning_rate        | 0.0003     |
|    loss                 | -0.176     |
|    n_updates            | 330        |
|    policy_gradient_loss | -0.0304    |
|    std                  | 1.13       |
|    value_loss           | 0.00495    |
----------------------------------------
Eval num_timesteps=70000, episode_reward=0.75 +/- 0.43
Episode length: 112.35 +/- 51.03
-----------------------------------------
| eval/                   |             |
|    mean_ep_length       | 112         |
|    mean_reward          | 0.75        |
| time/                   |             |
|    total_timesteps      | 70000       |
| train/                  |             |
|    approx_kl            | 0.033586673 |
|    clip_fraction        | 0.332       |
|    clip_range           | 0.2         |
|    entropy_loss         | -10.8       |
|    explained_variance   | 0.907       |
|    learning_rate        | 0.0003      |
|    loss                 | -0.147      |
|    n_updates            | 340         |
|    policy_gradient_loss | -0.0337     |
|    std                  | 1.12        |
|    value_loss           | 0.00282     |
-----------------------------------------
---------------------------------
| rollout/           |          |
|    ep_len_mean     | 118      |
|    ep_rew_mean     | 0.72     |
| time/              |          |
|    fps             | 3        |
|    iterations      | 35       |
|    time_elapsed    | 20106    |
|    total_timesteps | 71680    |
---------------------------------
----------------------------------------
| rollout/                |            |
|    ep_len_mean          | 122        |
|    ep_rew_mean          | 0.67       |
| time/                   |            |
|    fps                  | 3          |
|    iterations           | 36         |
|    time_elapsed         | 20602      |
|    total_timesteps      | 73728      |
| train/                  |            |
|    approx_kl            | 0.04172232 |
|    clip_fraction        | 0.375      |
|    clip_range           | 0.2        |
|    entropy_loss         | -10.8      |
|    explained_variance   | 0.89       |
|    learning_rate        | 0.0003     |
|    loss                 | -0.156     |
|    n_updates            | 350        |
|    policy_gradient_loss | -0.0406    |
|    std                  | 1.13       |
|    value_loss           | 0.00363    |
----------------------------------------
-----------------------------------------
| rollout/                |             |
|    ep_len_mean          | 120         |
|    ep_rew_mean          | 0.69        |
| time/                   |             |
|    fps                  | 3           |
|    iterations           | 37          |
|    time_elapsed         | 21102       |
|    total_timesteps      | 75776       |
| train/                  |             |
|    approx_kl            | 0.036475047 |
|    clip_fraction        | 0.355       |
|    clip_range           | 0.2         |
|    entropy_loss         | -10.8       |
|    explained_variance   | 0.901       |
|    learning_rate        | 0.0003      |
|    loss                 | -0.121      |
|    n_updates            | 360         |
|    policy_gradient_loss | -0.0374     |
|    std                  | 1.13        |
|    value_loss           | 0.00297     |
-----------------------------------------
-----------------------------------------
| rollout/                |             |
|    ep_len_mean          | 120         |
|    ep_rew_mean          | 0.68        |
| time/                   |             |
|    fps                  | 3           |
|    iterations           | 38          |
|    time_elapsed         | 21598       |
|    total_timesteps      | 77824       |
| train/                  |             |
|    approx_kl            | 0.036053687 |
|    clip_fraction        | 0.35        |
|    clip_range           | 0.2         |
|    entropy_loss         | -10.8       |
|    explained_variance   | 0.783       |
|    learning_rate        | 0.0003      |
|    loss                 | -0.148      |
|    n_updates            | 370         |
|    policy_gradient_loss | -0.0431     |
|    std                  | 1.13        |
|    value_loss           | 0.00424     |
-----------------------------------------
-----------------------------------------
| rollout/                |             |
|    ep_len_mean          | 124         |
|    ep_rew_mean          | 0.65        |
| time/                   |             |
|    fps                  | 3           |
|    iterations           | 39          |
|    time_elapsed         | 22089       |
|    total_timesteps      | 79872       |
| train/                  |             |
|    approx_kl            | 0.035456493 |
|    clip_fraction        | 0.372       |
|    clip_range           | 0.2         |
|    entropy_loss         | -10.8       |
|    explained_variance   | 0.926       |
|    learning_rate        | 0.0003      |
|    loss                 | -0.189      |
|    n_updates            | 380         |
|    policy_gradient_loss | -0.0385     |
|    std                  | 1.14        |
|    value_loss           | 0.00295     |
-----------------------------------------
Eval num_timesteps=80000, episode_reward=0.75 +/- 0.43
Episode length: 106.05 +/- 57.07
----------------------------------------
| eval/                   |            |
|    mean_ep_length       | 106        |
|    mean_reward          | 0.75       |
| time/                   |            |
|    total_timesteps      | 80000      |
| train/                  |            |
|    approx_kl            | 0.03859768 |
|    clip_fraction        | 0.361      |
|    clip_range           | 0.2        |
|    entropy_loss         | -10.9      |
|    explained_variance   | 0.909      |
|    learning_rate        | 0.0003     |
|    loss                 | -0.138     |
|    n_updates            | 390        |
|    policy_gradient_loss | -0.0392    |
|    std                  | 1.14       |
|    value_loss           | 0.00343    |
----------------------------------------
---------------------------------
| rollout/           |          |
|    ep_len_mean     | 124      |
|    ep_rew_mean     | 0.65     |
| time/              |          |
|    fps             | 3        |
|    iterations      | 40       |
|    time_elapsed    | 23105    |
|    total_timesteps | 81920    |
---------------------------------
----------------------------------------
| rollout/                |            |
|    ep_len_mean          | 123        |
|    ep_rew_mean          | 0.67       |
| time/                   |            |
|    fps                  | 3          |
|    iterations           | 41         |
|    time_elapsed         | 23606      |
|    total_timesteps      | 83968      |
| train/                  |            |
|    approx_kl            | 0.04220256 |
|    clip_fraction        | 0.378      |
|    clip_range           | 0.2        |
|    entropy_loss         | -10.9      |
|    explained_variance   | 0.898      |
|    learning_rate        | 0.0003     |
|    loss                 | -0.153     |
|    n_updates            | 400        |
|    policy_gradient_loss | -0.0416    |
|    std                  | 1.15       |
|    value_loss           | 0.00416    |
----------------------------------------
-----------------------------------------
| rollout/                |             |
|    ep_len_mean          | 119         |
|    ep_rew_mean          | 0.7         |
| time/                   |             |
|    fps                  | 3           |
|    iterations           | 42          |
|    time_elapsed         | 24100       |
|    total_timesteps      | 86016       |
| train/                  |             |
|    approx_kl            | 0.040070422 |
|    clip_fraction        | 0.357       |
|    clip_range           | 0.2         |
|    entropy_loss         | -10.9       |
|    explained_variance   | 0.809       |
|    learning_rate        | 0.0003      |
|    loss                 | -0.137      |
|    n_updates            | 410         |
|    policy_gradient_loss | -0.0409     |
|    std                  | 1.15        |
|    value_loss           | 0.00407     |
-----------------------------------------
-----------------------------------------
| rollout/                |             |
|    ep_len_mean          | 118         |
|    ep_rew_mean          | 0.7         |
| time/                   |             |
|    fps                  | 3           |
|    iterations           | 43          |
|    time_elapsed         | 24608       |
|    total_timesteps      | 88064       |
| train/                  |             |
|    approx_kl            | 0.036777623 |
|    clip_fraction        | 0.351       |
|    clip_range           | 0.2         |
|    entropy_loss         | -10.9       |
|    explained_variance   | 0.896       |
|    learning_rate        | 0.0003      |
|    loss                 | -0.137      |
|    n_updates            | 420         |
|    policy_gradient_loss | -0.0403     |
|    std                  | 1.15        |
|    value_loss           | 0.00305     |
-----------------------------------------
Eval num_timesteps=90000, episode_reward=0.40 +/- 0.49
Episode length: 150.45 +/- 60.74
----------------------------------------
| eval/                   |            |
|    mean_ep_length       | 150        |
|    mean_reward          | 0.4        |
| time/                   |            |
|    total_timesteps      | 90000      |
| train/                  |            |
|    approx_kl            | 0.04161188 |
|    clip_fraction        | 0.365      |
|    clip_range           | 0.2        |
|    entropy_loss         | -10.9      |
|    explained_variance   | 0.916      |
|    learning_rate        | 0.0003     |
|    loss                 | -0.159     |
|    n_updates            | 430        |
|    policy_gradient_loss | -0.0415    |
|    std                  | 1.15       |
|    value_loss           | 0.00336    |
----------------------------------------
---------------------------------
| rollout/           |          |
|    ep_len_mean     | 119      |
|    ep_rew_mean     | 0.69     |
| time/              |          |
|    fps             | 3        |
|    iterations      | 44       |
|    time_elapsed    | 25813    |
|    total_timesteps | 90112    |
---------------------------------
----------------------------------------
| rollout/                |            |
|    ep_len_mean          | 116        |
|    ep_rew_mean          | 0.72       |
| time/                   |            |
|    fps                  | 3          |
|    iterations           | 45         |
|    time_elapsed         | 26320      |
|    total_timesteps      | 92160      |
| train/                  |            |
|    approx_kl            | 0.03855374 |
|    clip_fraction        | 0.351      |
|    clip_range           | 0.2        |
|    entropy_loss         | -10.9      |
|    explained_variance   | 0.838      |
|    learning_rate        | 0.0003     |
|    loss                 | -0.187     |
|    n_updates            | 440        |
|    policy_gradient_loss | -0.0422    |
|    std                  | 1.16       |
|    value_loss           | 0.00463    |
----------------------------------------
-----------------------------------------
| rollout/                |             |
|    ep_len_mean          | 110         |
|    ep_rew_mean          | 0.76        |
| time/                   |             |
|    fps                  | 3           |
|    iterations           | 46          |
|    time_elapsed         | 26831       |
|    total_timesteps      | 94208       |
| train/                  |             |
|    approx_kl            | 0.041172974 |
|    clip_fraction        | 0.394       |
|    clip_range           | 0.2         |
|    entropy_loss         | -10.9       |
|    explained_variance   | 0.914       |
|    learning_rate        | 0.0003      |
|    loss                 | -0.146      |
|    n_updates            | 450         |
|    policy_gradient_loss | -0.0442     |
|    std                  | 1.16        |
|    value_loss           | 0.00241     |
-----------------------------------------
-----------------------------------------
| rollout/                |             |
|    ep_len_mean          | 113         |
|    ep_rew_mean          | 0.74        |
| time/                   |             |
|    fps                  | 3           |
|    iterations           | 47          |
|    time_elapsed         | 27338       |
|    total_timesteps      | 96256       |
| train/                  |             |
|    approx_kl            | 0.029638272 |
|    clip_fraction        | 0.361       |
|    clip_range           | 0.2         |
|    entropy_loss         | -11         |
|    explained_variance   | 0.926       |
|    learning_rate        | 0.0003      |
|    loss                 | -0.123      |
|    n_updates            | 460         |
|    policy_gradient_loss | -0.0326     |
|    std                  | 1.17        |
|    value_loss           | 0.00241     |
-----------------------------------------
---------------------------------------
| rollout/                |           |
|    ep_len_mean          | 112       |
|    ep_rew_mean          | 0.75      |
| time/                   |           |
|    fps                  | 3         |
|    iterations           | 48        |
|    time_elapsed         | 27845     |
|    total_timesteps      | 98304     |
| train/                  |           |
|    approx_kl            | 0.0431691 |
|    clip_fraction        | 0.367     |
|    clip_range           | 0.2       |
|    entropy_loss         | -11       |
|    explained_variance   | 0.862     |
|    learning_rate        | 0.0003    |
|    loss                 | -0.176    |
|    n_updates            | 470       |
|    policy_gradient_loss | -0.0429   |
|    std                  | 1.17      |
|    value_loss           | 0.00337   |
---------------------------------------
Eval num_timesteps=100000, episode_reward=0.80 +/- 0.40
Episode length: 104.40 +/- 48.05
----------------------------------------
| eval/                   |            |
|    mean_ep_length       | 104        |
|    mean_reward          | 0.8        |
| time/                   |            |
|    total_timesteps      | 100000     |
| train/                  |            |
|    approx_kl            | 0.04402447 |
|    clip_fraction        | 0.377      |
|    clip_range           | 0.2        |
|    entropy_loss         | -11        |
|    explained_variance   | 0.858      |
|    learning_rate        | 0.0003     |
|    loss                 | -0.148     |
|    n_updates            | 480        |
|    policy_gradient_loss | -0.0374    |
|    std                  | 1.17       |
|    value_loss           | 0.0029     |
----------------------------------------
---------------------------------
| rollout/           |          |
|    ep_len_mean     | 110      |
|    ep_rew_mean     | 0.76     |
| time/              |          |
|    fps             | 3        |
|    iterations      | 49       |
|    time_elapsed    | 28859    |
|    total_timesteps | 100352   |
---------------------------------
-----------------------------------------
| rollout/                |             |
|    ep_len_mean          | 109         |
|    ep_rew_mean          | 0.77        |
| time/                   |             |
|    fps                  | 3           |
|    iterations           | 50          |
|    time_elapsed         | 29366       |
|    total_timesteps      | 102400      |
| train/                  |             |
|    approx_kl            | 0.040312074 |
|    clip_fraction        | 0.355       |
|    clip_range           | 0.2         |
|    entropy_loss         | -11.1       |
|    explained_variance   | 0.846       |
|    learning_rate        | 0.0003      |
|    loss                 | -0.161      |
|    n_updates            | 490         |
|    policy_gradient_loss | -0.0427     |
|    std                  | 1.18        |
|    value_loss           | 0.00294     |
-----------------------------------------
-----------------------------------------
| rollout/                |             |
|    ep_len_mean          | 111         |
|    ep_rew_mean          | 0.75        |
| time/                   |             |
|    fps                  | 3           |
|    iterations           | 51          |
|    time_elapsed         | 29875       |
|    total_timesteps      | 104448      |
| train/                  |             |
|    approx_kl            | 0.043901734 |
|    clip_fraction        | 0.383       |
|    clip_range           | 0.2         |
|    entropy_loss         | -11.1       |
|    explained_variance   | 0.879       |
|    learning_rate        | 0.0003      |
|    loss                 | -0.182      |
|    n_updates            | 500         |
|    policy_gradient_loss | -0.043      |
|    std                  | 1.18        |
|    value_loss           | 0.00354     |
-----------------------------------------
-----------------------------------------
| rollout/                |             |
|    ep_len_mean          | 111         |
|    ep_rew_mean          | 0.76        |
| time/                   |             |
|    fps                  | 3           |
|    iterations           | 52          |
|    time_elapsed         | 30375       |
|    total_timesteps      | 106496      |
| train/                  |             |
|    approx_kl            | 0.034764245 |
|    clip_fraction        | 0.352       |
|    clip_range           | 0.2         |
|    entropy_loss         | -11.1       |
|    explained_variance   | 0.858       |
|    learning_rate        | 0.0003      |
|    loss                 | -0.186      |
|    n_updates            | 510         |
|    policy_gradient_loss | -0.0429     |
|    std                  | 1.18        |
|    value_loss           | 0.00315     |
-----------------------------------------
-----------------------------------------
| rollout/                |             |
|    ep_len_mean          | 107         |
|    ep_rew_mean          | 0.79        |
| time/                   |             |
|    fps                  | 3           |
|    iterations           | 53          |
|    time_elapsed         | 30884       |
|    total_timesteps      | 108544      |
| train/                  |             |
|    approx_kl            | 0.041164044 |
|    clip_fraction        | 0.375       |
|    clip_range           | 0.2         |
|    entropy_loss         | -11.1       |
|    explained_variance   | 0.796       |
|    learning_rate        | 0.0003      |
|    loss                 | -0.169      |
|    n_updates            | 520         |
|    policy_gradient_loss | -0.0468     |
|    std                  | 1.18        |
|    value_loss           | 0.00451     |
-----------------------------------------
Eval num_timesteps=110000, episode_reward=0.90 +/- 0.30
Episode length: 91.95 +/- 36.15
---------------------------------------
| eval/                   |           |
|    mean_ep_length       | 92        |
|    mean_reward          | 0.9       |
| time/                   |           |
|    total_timesteps      | 110000    |
| train/                  |           |
|    approx_kl            | 0.0389628 |
|    clip_fraction        | 0.378     |
|    clip_range           | 0.2       |
|    entropy_loss         | -11.1     |
|    explained_variance   | 0.91      |
|    learning_rate        | 0.0003    |
|    loss                 | -0.173    |
|    n_updates            | 530       |
|    policy_gradient_loss | -0.0439   |
|    std                  | 1.18      |
|    value_loss           | 0.00303   |
---------------------------------------
New best mean reward!
---------------------------------
| rollout/           |          |
|    ep_len_mean     | 108      |
|    ep_rew_mean     | 0.79     |
| time/              |          |
|    fps             | 3        |
|    iterations      | 54       |
|    time_elapsed    | 31828    |
|    total_timesteps | 110592   |
---------------------------------
-----------------------------------------
| rollout/                |             |
|    ep_len_mean          | 111         |
|    ep_rew_mean          | 0.76        |
| time/                   |             |
|    fps                  | 3           |
|    iterations           | 55          |
|    time_elapsed         | 32330       |
|    total_timesteps      | 112640      |
| train/                  |             |
|    approx_kl            | 0.039523393 |
|    clip_fraction        | 0.382       |
|    clip_range           | 0.2         |
|    entropy_loss         | -11.1       |
|    explained_variance   | 0.906       |
|    learning_rate        | 0.0003      |
|    loss                 | -0.193      |
|    n_updates            | 540         |
|    policy_gradient_loss | -0.0451     |
|    std                  | 1.19        |
|    value_loss           | 0.00367     |
-----------------------------------------
-----------------------------------------
| rollout/                |             |
|    ep_len_mean          | 111         |
|    ep_rew_mean          | 0.76        |
| time/                   |             |
|    fps                  | 3           |
|    iterations           | 56          |
|    time_elapsed         | 32834       |
|    total_timesteps      | 114688      |
| train/                  |             |
|    approx_kl            | 0.038719557 |
|    clip_fraction        | 0.366       |
|    clip_range           | 0.2         |
|    entropy_loss         | -11.2       |
|    explained_variance   | 0.868       |
|    learning_rate        | 0.0003      |
|    loss                 | -0.165      |
|    n_updates            | 550         |
|    policy_gradient_loss | -0.0411     |
|    std                  | 1.19        |
|    value_loss           | 0.00353     |
-----------------------------------------
----------------------------------------
| rollout/                |            |
|    ep_len_mean          | 113        |
|    ep_rew_mean          | 0.74       |
| time/                   |            |
|    fps                  | 3          |
|    iterations           | 57         |
|    time_elapsed         | 33337      |
|    total_timesteps      | 116736     |
| train/                  |            |
|    approx_kl            | 0.03885408 |
|    clip_fraction        | 0.37       |
|    clip_range           | 0.2        |
|    entropy_loss         | -11.2      |
|    explained_variance   | 0.881      |
|    learning_rate        | 0.0003     |
|    loss                 | -0.176     |
|    n_updates            | 560        |
|    policy_gradient_loss | -0.0477    |
|    std                  | 1.19       |
|    value_loss           | 0.00284    |
----------------------------------------
-----------------------------------------
| rollout/                |             |
|    ep_len_mean          | 115         |
|    ep_rew_mean          | 0.73        |
| time/                   |             |
|    fps                  | 3           |
|    iterations           | 58          |
|    time_elapsed         | 33838       |
|    total_timesteps      | 118784      |
| train/                  |             |
|    approx_kl            | 0.041121587 |
|    clip_fraction        | 0.384       |
|    clip_range           | 0.2         |
|    entropy_loss         | -11.2       |
|    explained_variance   | 0.832       |
|    learning_rate        | 0.0003      |
|    loss                 | -0.171      |
|    n_updates            | 570         |
|    policy_gradient_loss | -0.0455     |
|    std                  | 1.19        |
|    value_loss           | 0.00397     |
-----------------------------------------
Eval num_timesteps=120000, episode_reward=0.75 +/- 0.43
Episode length: 109.60 +/- 52.63
-----------------------------------------
| eval/                   |             |
|    mean_ep_length       | 110         |
|    mean_reward          | 0.75        |
| time/                   |             |
|    total_timesteps      | 120000      |
| train/                  |             |
|    approx_kl            | 0.039929256 |
|    clip_fraction        | 0.366       |
|    clip_range           | 0.2         |
|    entropy_loss         | -11.1       |
|    explained_variance   | 0.852       |
|    learning_rate        | 0.0003      |
|    loss                 | -0.161      |
|    n_updates            | 580         |
|    policy_gradient_loss | -0.0489     |
|    std                  | 1.19        |
|    value_loss           | 0.0028      |
-----------------------------------------
---------------------------------
| rollout/           |          |
|    ep_len_mean     | 117      |
|    ep_rew_mean     | 0.71     |
| time/              |          |
|    fps             | 3        |
|    iterations      | 59       |
|    time_elapsed    | 34870    |
|    total_timesteps | 120832   |
---------------------------------
-----------------------------------------
| rollout/                |             |
|    ep_len_mean          | 116         |
|    ep_rew_mean          | 0.72        |
| time/                   |             |
|    fps                  | 3           |
|    iterations           | 60          |
|    time_elapsed         | 35377       |
|    total_timesteps      | 122880      |
| train/                  |             |
|    approx_kl            | 0.044034578 |
|    clip_fraction        | 0.39        |
|    clip_range           | 0.2         |
|    entropy_loss         | -11.2       |
|    explained_variance   | 0.911       |
|    learning_rate        | 0.0003      |
|    loss                 | -0.18       |
|    n_updates            | 590         |
|    policy_gradient_loss | -0.0511     |
|    std                  | 1.19        |
|    value_loss           | 0.00259     |
-----------------------------------------
----------------------------------------
| rollout/                |            |
|    ep_len_mean          | 117        |
|    ep_rew_mean          | 0.71       |
| time/                   |            |
|    fps                  | 3          |
|    iterations           | 61         |
|    time_elapsed         | 35876      |
|    total_timesteps      | 124928     |
| train/                  |            |
|    approx_kl            | 0.05035578 |
|    clip_fraction        | 0.41       |
|    clip_range           | 0.2        |
|    entropy_loss         | -11.2      |
|    explained_variance   | 0.921      |
|    learning_rate        | 0.0003     |
|    loss                 | -0.179     |
|    n_updates            | 600        |
|    policy_gradient_loss | -0.0528    |
|    std                  | 1.19       |
|    value_loss           | 0.00268    |
----------------------------------------
-----------------------------------------
| rollout/                |             |
|    ep_len_mean          | 117         |
|    ep_rew_mean          | 0.71        |
| time/                   |             |
|    fps                  | 3           |
|    iterations           | 62          |
|    time_elapsed         | 36384       |
|    total_timesteps      | 126976      |
| train/                  |             |
|    approx_kl            | 0.044839807 |
|    clip_fraction        | 0.378       |
|    clip_range           | 0.2         |
|    entropy_loss         | -11.2       |
|    explained_variance   | 0.889       |
|    learning_rate        | 0.0003      |
|    loss                 | -0.176      |
|    n_updates            | 610         |
|    policy_gradient_loss | -0.0434     |
|    std                  | 1.2         |
|    value_loss           | 0.00338     |
-----------------------------------------
----------------------------------------
| rollout/                |            |
|    ep_len_mean          | 112        |
|    ep_rew_mean          | 0.75       |
| time/                   |            |
|    fps                  | 3          |
|    iterations           | 63         |
|    time_elapsed         | 36897      |
|    total_timesteps      | 129024     |
| train/                  |            |
|    approx_kl            | 0.04402052 |
|    clip_fraction        | 0.394      |
|    clip_range           | 0.2        |
|    entropy_loss         | -11.2      |
|    explained_variance   | 0.878      |
|    learning_rate        | 0.0003     |
|    loss                 | -0.139     |
|    n_updates            | 620        |
|    policy_gradient_loss | -0.0488    |
|    std                  | 1.2        |
|    value_loss           | 0.0041     |
----------------------------------------
Eval num_timesteps=130000, episode_reward=0.90 +/- 0.30
Episode length: 92.75 +/- 37.73
-----------------------------------------
| eval/                   |             |
|    mean_ep_length       | 92.8        |
|    mean_reward          | 0.9         |
| time/                   |             |
|    total_timesteps      | 130000      |
| train/                  |             |
|    approx_kl            | 0.049993843 |
|    clip_fraction        | 0.411       |
|    clip_range           | 0.2         |
|    entropy_loss         | -11.2       |
|    explained_variance   | 0.87        |
|    learning_rate        | 0.0003      |
|    loss                 | -0.188      |
|    n_updates            | 630         |
|    policy_gradient_loss | -0.0505     |
|    std                  | 1.2         |
|    value_loss           | 0.003       |
-----------------------------------------
---------------------------------
| rollout/           |          |
|    ep_len_mean     | 110      |
|    ep_rew_mean     | 0.77     |
| time/              |          |
|    fps             | 3        |
|    iterations      | 64       |
|    time_elapsed    | 37854    |
|    total_timesteps | 131072   |
---------------------------------
----------------------------------------
| rollout/                |            |
|    ep_len_mean          | 106        |
|    ep_rew_mean          | 0.8        |
| time/                   |            |
|    fps                  | 3          |
|    iterations           | 65         |
|    time_elapsed         | 38360      |
|    total_timesteps      | 133120     |
| train/                  |            |
|    approx_kl            | 0.03957502 |
|    clip_fraction        | 0.375      |
|    clip_range           | 0.2        |
|    entropy_loss         | -11.2      |
|    explained_variance   | 0.919      |
|    learning_rate        | 0.0003     |
|    loss                 | -0.149     |
|    n_updates            | 640        |
|    policy_gradient_loss | -0.0391    |
|    std                  | 1.2        |
|    value_loss           | 0.00271    |
----------------------------------------
----------------------------------------
| rollout/                |            |
|    ep_len_mean          | 107        |
|    ep_rew_mean          | 0.8        |
| time/                   |            |
|    fps                  | 3          |
|    iterations           | 66         |
|    time_elapsed         | 38870      |
|    total_timesteps      | 135168     |
| train/                  |            |
|    approx_kl            | 0.04803522 |
|    clip_fraction        | 0.413      |
|    clip_range           | 0.2        |
|    entropy_loss         | -11.3      |
|    explained_variance   | 0.882      |
|    learning_rate        | 0.0003     |
|    loss                 | -0.189     |
|    n_updates            | 650        |
|    policy_gradient_loss | -0.0459    |
|    std                  | 1.21       |
|    value_loss           | 0.00344    |
----------------------------------------
----------------------------------------
| rollout/                |            |
|    ep_len_mean          | 108        |
|    ep_rew_mean          | 0.79       |
| time/                   |            |
|    fps                  | 3          |
|    iterations           | 67         |
|    time_elapsed         | 39370      |
|    total_timesteps      | 137216     |
| train/                  |            |
|    approx_kl            | 0.04147207 |
|    clip_fraction        | 0.365      |
|    clip_range           | 0.2        |
|    entropy_loss         | -11.3      |
|    explained_variance   | 0.902      |
|    learning_rate        | 0.0003     |
|    loss                 | -0.16      |
|    n_updates            | 660        |
|    policy_gradient_loss | -0.0401    |
|    std                  | 1.21       |
|    value_loss           | 0.00302    |
----------------------------------------
----------------------------------------
| rollout/                |            |
|    ep_len_mean          | 113        |
|    ep_rew_mean          | 0.75       |
| time/                   |            |
|    fps                  | 3          |
|    iterations           | 68         |
|    time_elapsed         | 39871      |
|    total_timesteps      | 139264     |
| train/                  |            |
|    approx_kl            | 0.04292071 |
|    clip_fraction        | 0.384      |
|    clip_range           | 0.2        |
|    entropy_loss         | -11.3      |
|    explained_variance   | 0.886      |
|    learning_rate        | 0.0003     |
|    loss                 | -0.175     |
|    n_updates            | 670        |
|    policy_gradient_loss | -0.046     |
|    std                  | 1.22       |
|    value_loss           | 0.00323    |
----------------------------------------
Eval num_timesteps=140000, episode_reward=0.90 +/- 0.30
Episode length: 91.75 +/- 36.67
-----------------------------------------
| eval/                   |             |
|    mean_ep_length       | 91.8        |
|    mean_reward          | 0.9         |
| time/                   |             |
|    total_timesteps      | 140000      |
| train/                  |             |
|    approx_kl            | 0.042478353 |
|    clip_fraction        | 0.38        |
|    clip_range           | 0.2         |
|    entropy_loss         | -11.3       |
|    explained_variance   | 0.887       |
|    learning_rate        | 0.0003      |
|    loss                 | -0.181      |
|    n_updates            | 680         |
|    policy_gradient_loss | -0.052      |
|    std                  | 1.22        |
|    value_loss           | 0.00261     |
-----------------------------------------
---------------------------------
| rollout/           |          |
|    ep_len_mean     | 114      |
|    ep_rew_mean     | 0.74     |
| time/              |          |
|    fps             | 3        |
|    iterations      | 69       |
|    time_elapsed    | 40818    |
|    total_timesteps | 141312   |
---------------------------------
-----------------------------------------
| rollout/                |             |
|    ep_len_mean          | 115         |
|    ep_rew_mean          | 0.72        |
| time/                   |             |
|    fps                  | 3           |
|    iterations           | 70          |
|    time_elapsed         | 41325       |
|    total_timesteps      | 143360      |
| train/                  |             |
|    approx_kl            | 0.044911854 |
|    clip_fraction        | 0.376       |
|    clip_range           | 0.2         |
|    entropy_loss         | -11.3       |
|    explained_variance   | 0.9         |
|    learning_rate        | 0.0003      |
|    loss                 | -0.15       |
|    n_updates            | 690         |
|    policy_gradient_loss | -0.0436     |
|    std                  | 1.22        |
|    value_loss           | 0.00359     |
-----------------------------------------
----------------------------------------
| rollout/                |            |
|    ep_len_mean          | 113        |
|    ep_rew_mean          | 0.74       |
| time/                   |            |
|    fps                  | 3          |
|    iterations           | 71         |
|    time_elapsed         | 41835      |
|    total_timesteps      | 145408     |
| train/                  |            |
|    approx_kl            | 0.04128491 |
|    clip_fraction        | 0.372      |
|    clip_range           | 0.2        |
|    entropy_loss         | -11.3      |
|    explained_variance   | 0.904      |
|    learning_rate        | 0.0003     |
|    loss                 | -0.158     |
|    n_updates            | 700        |
|    policy_gradient_loss | -0.0495    |
|    std                  | 1.22       |
|    value_loss           | 0.00268    |
----------------------------------------
-----------------------------------------
| rollout/                |             |
|    ep_len_mean          | 110         |
|    ep_rew_mean          | 0.76        |
| time/                   |             |
|    fps                  | 3           |
|    iterations           | 72          |
|    time_elapsed         | 42344       |
|    total_timesteps      | 147456      |
| train/                  |             |
|    approx_kl            | 0.044023663 |
|    clip_fraction        | 0.4         |
|    clip_range           | 0.2         |
|    entropy_loss         | -11.4       |
|    explained_variance   | 0.891       |
|    learning_rate        | 0.0003      |
|    loss                 | -0.191      |
|    n_updates            | 710         |
|    policy_gradient_loss | -0.0502     |
|    std                  | 1.23        |
|    value_loss           | 0.00328     |
-----------------------------------------
----------------------------------------
| rollout/                |            |
|    ep_len_mean          | 109        |
|    ep_rew_mean          | 0.77       |
| time/                   |            |
|    fps                  | 3          |
|    iterations           | 73         |
|    time_elapsed         | 42841      |
|    total_timesteps      | 149504     |
| train/                  |            |
|    approx_kl            | 0.04981936 |
|    clip_fraction        | 0.385      |
|    clip_range           | 0.2        |
|    entropy_loss         | -11.4      |
|    explained_variance   | 0.85       |
|    learning_rate        | 0.0003     |
|    loss                 | -0.183     |
|    n_updates            | 720        |
|    policy_gradient_loss | -0.0503    |
|    std                  | 1.24       |
|    value_loss           | 0.004      |
----------------------------------------
Eval num_timesteps=150000, episode_reward=0.80 +/- 0.40
Episode length: 102.50 +/- 49.04
-----------------------------------------
| eval/                   |             |
|    mean_ep_length       | 102         |
|    mean_reward          | 0.8         |
| time/                   |             |
|    total_timesteps      | 150000      |
| train/                  |             |
|    approx_kl            | 0.047432445 |
|    clip_fraction        | 0.405       |
|    clip_range           | 0.2         |
|    entropy_loss         | -11.4       |
|    explained_variance   | 0.856       |
|    learning_rate        | 0.0003      |
|    loss                 | -0.18       |
|    n_updates            | 730         |
|    policy_gradient_loss | -0.0493     |
|    std                  | 1.24        |
|    value_loss           | 0.00366     |
-----------------------------------------
---------------------------------
| rollout/           |          |
|    ep_len_mean     | 106      |
|    ep_rew_mean     | 0.8      |
| time/              |          |
|    fps             | 3        |
|    iterations      | 74       |
|    time_elapsed    | 43846    |
|    total_timesteps | 151552   |
---------------------------------
----------------------------------------
| rollout/                |            |
|    ep_len_mean          | 106        |
|    ep_rew_mean          | 0.8        |
| time/                   |            |
|    fps                  | 3          |
|    iterations           | 75         |
|    time_elapsed         | 44355      |
|    total_timesteps      | 153600     |
| train/                  |            |
|    approx_kl            | 0.04180453 |
|    clip_fraction        | 0.384      |
|    clip_range           | 0.2        |
|    entropy_loss         | -11.4      |
|    explained_variance   | 0.882      |
|    learning_rate        | 0.0003     |
|    loss                 | -0.151     |
|    n_updates            | 740        |
|    policy_gradient_loss | -0.0478    |
|    std                  | 1.24       |
|    value_loss           | 0.00339    |
----------------------------------------
-----------------------------------------
| rollout/                |             |
|    ep_len_mean          | 107         |
|    ep_rew_mean          | 0.79        |
| time/                   |             |
|    fps                  | 3           |
|    iterations           | 76          |
|    time_elapsed         | 44865       |
|    total_timesteps      | 155648      |
| train/                  |             |
|    approx_kl            | 0.052115433 |
|    clip_fraction        | 0.403       |
|    clip_range           | 0.2         |
|    entropy_loss         | -11.5       |
|    explained_variance   | 0.85        |
|    learning_rate        | 0.0003      |
|    loss                 | -0.153      |
|    n_updates            | 750         |
|    policy_gradient_loss | -0.0468     |
|    std                  | 1.24        |
|    value_loss           | 0.0032      |
-----------------------------------------
-----------------------------------------
| rollout/                |             |
|    ep_len_mean          | 106         |
|    ep_rew_mean          | 0.8         |
| time/                   |             |
|    fps                  | 3           |
|    iterations           | 77          |
|    time_elapsed         | 45375       |
|    total_timesteps      | 157696      |
| train/                  |             |
|    approx_kl            | 0.046508446 |
|    clip_fraction        | 0.394       |
|    clip_range           | 0.2         |
|    entropy_loss         | -11.5       |
|    explained_variance   | 0.91        |
|    learning_rate        | 0.0003      |
|    loss                 | -0.191      |
|    n_updates            | 760         |
|    policy_gradient_loss | -0.049      |
|    std                  | 1.24        |
|    value_loss           | 0.00233     |
-----------------------------------------
----------------------------------------
| rollout/                |            |
|    ep_len_mean          | 104        |
|    ep_rew_mean          | 0.82       |
| time/                   |            |
|    fps                  | 3          |
|    iterations           | 78         |
|    time_elapsed         | 45882      |
|    total_timesteps      | 159744     |
| train/                  |            |
|    approx_kl            | 0.04565451 |
|    clip_fraction        | 0.398      |
|    clip_range           | 0.2        |
|    entropy_loss         | -11.5      |
|    explained_variance   | 0.915      |
|    learning_rate        | 0.0003     |
|    loss                 | -0.144     |
|    n_updates            | 770        |
|    policy_gradient_loss | -0.051     |
|    std                  | 1.25       |
|    value_loss           | 0.00386    |
----------------------------------------
Eval num_timesteps=160000, episode_reward=0.70 +/- 0.46
Episode length: 114.80 +/- 55.89
-----------------------------------------
| eval/                   |             |
|    mean_ep_length       | 115         |
|    mean_reward          | 0.7         |
| time/                   |             |
|    total_timesteps      | 160000      |
| train/                  |             |
|    approx_kl            | 0.046529498 |
|    clip_fraction        | 0.397       |
|    clip_range           | 0.2         |
|    entropy_loss         | -11.5       |
|    explained_variance   | 0.834       |
|    learning_rate        | 0.0003      |
|    loss                 | -0.173      |
|    n_updates            | 780         |
|    policy_gradient_loss | -0.0488     |
|    std                  | 1.25        |
|    value_loss           | 0.00285     |
-----------------------------------------
---------------------------------
| rollout/           |          |
|    ep_len_mean     | 107      |
|    ep_rew_mean     | 0.79     |
| time/              |          |
|    fps             | 3        |
|    iterations      | 79       |
|    time_elapsed    | 46937    |
|    total_timesteps | 161792   |
---------------------------------
-----------------------------------------
| rollout/                |             |
|    ep_len_mean          | 106         |
|    ep_rew_mean          | 0.8         |
| time/                   |             |
|    fps                  | 3           |
|    iterations           | 80          |
|    time_elapsed         | 47448       |
|    total_timesteps      | 163840      |
| train/                  |             |
|    approx_kl            | 0.047317944 |
|    clip_fraction        | 0.404       |
|    clip_range           | 0.2         |
|    entropy_loss         | -11.5       |
|    explained_variance   | 0.841       |
|    learning_rate        | 0.0003      |
|    loss                 | -0.198      |
|    n_updates            | 790         |
|    policy_gradient_loss | -0.0559     |
|    std                  | 1.24        |
|    value_loss           | 0.00442     |
-----------------------------------------
-----------------------------------------
| rollout/                |             |
|    ep_len_mean          | 110         |
|    ep_rew_mean          | 0.77        |
| time/                   |             |
|    fps                  | 3           |
|    iterations           | 81          |
|    time_elapsed         | 47959       |
|    total_timesteps      | 165888      |
| train/                  |             |
|    approx_kl            | 0.052656963 |
|    clip_fraction        | 0.416       |
|    clip_range           | 0.2         |
|    entropy_loss         | -11.4       |
|    explained_variance   | 0.896       |
|    learning_rate        | 0.0003      |
|    loss                 | -0.177      |
|    n_updates            | 800         |
|    policy_gradient_loss | -0.0542     |
|    std                  | 1.24        |
|    value_loss           | 0.00259     |
-----------------------------------------
----------------------------------------
| rollout/                |            |
|    ep_len_mean          | 111        |
|    ep_rew_mean          | 0.76       |
| time/                   |            |
|    fps                  | 3          |
|    iterations           | 82         |
|    time_elapsed         | 48467      |
|    total_timesteps      | 167936     |
| train/                  |            |
|    approx_kl            | 0.05130485 |
|    clip_fraction        | 0.396      |
|    clip_range           | 0.2        |
|    entropy_loss         | -11.5      |
|    explained_variance   | 0.819      |
|    learning_rate        | 0.0003     |
|    loss                 | -0.181     |
|    n_updates            | 810        |
|    policy_gradient_loss | -0.0529    |
|    std                  | 1.25       |
|    value_loss           | 0.00468    |
----------------------------------------
-----------------------------------------
| rollout/                |             |
|    ep_len_mean          | 111         |
|    ep_rew_mean          | 0.76        |
| time/                   |             |
|    fps                  | 3           |
|    iterations           | 83          |
|    time_elapsed         | 48977       |
|    total_timesteps      | 169984      |
| train/                  |             |
|    approx_kl            | 0.049489357 |
|    clip_fraction        | 0.396       |
|    clip_range           | 0.2         |
|    entropy_loss         | -11.5       |
|    explained_variance   | 0.902       |
|    learning_rate        | 0.0003      |
|    loss                 | -0.198      |
|    n_updates            | 820         |
|    policy_gradient_loss | -0.0523     |
|    std                  | 1.26        |
|    value_loss           | 0.00238     |
-----------------------------------------
Eval num_timesteps=170000, episode_reward=0.80 +/- 0.40
Episode length: 102.60 +/- 48.99
----------------------------------------
| eval/                   |            |
|    mean_ep_length       | 103        |
|    mean_reward          | 0.8        |
| time/                   |            |
|    total_timesteps      | 170000     |
| train/                  |            |
|    approx_kl            | 0.05236972 |
|    clip_fraction        | 0.423      |
|    clip_range           | 0.2        |
|    entropy_loss         | -11.5      |
|    explained_variance   | 0.836      |
|    learning_rate        | 0.0003     |
|    loss                 | -0.188     |
|    n_updates            | 830        |
|    policy_gradient_loss | -0.0523    |
|    std                  | 1.26       |
|    value_loss           | 0.00433    |
----------------------------------------
---------------------------------
| rollout/           |          |
|    ep_len_mean     | 114      |
|    ep_rew_mean     | 0.73     |
| time/              |          |
|    fps             | 3        |
|    iterations      | 84       |
|    time_elapsed    | 49976    |
|    total_timesteps | 172032   |
---------------------------------
-----------------------------------------
| rollout/                |             |
|    ep_len_mean          | 113         |
|    ep_rew_mean          | 0.74        |
| time/                   |             |
|    fps                  | 3           |
|    iterations           | 85          |
|    time_elapsed         | 50492       |
|    total_timesteps      | 174080      |
| train/                  |             |
|    approx_kl            | 0.048541747 |
|    clip_fraction        | 0.404       |
|    clip_range           | 0.2         |
|    entropy_loss         | -11.6       |
|    explained_variance   | 0.934       |
|    learning_rate        | 0.0003      |
|    loss                 | -0.199      |
|    n_updates            | 840         |
|    policy_gradient_loss | -0.0574     |
|    std                  | 1.27        |
|    value_loss           | 0.00215     |
-----------------------------------------
-----------------------------------------
| rollout/                |             |
|    ep_len_mean          | 115         |
|    ep_rew_mean          | 0.73        |
| time/                   |             |
|    fps                  | 3           |
|    iterations           | 86          |
|    time_elapsed         | 50997       |
|    total_timesteps      | 176128      |
| train/                  |             |
|    approx_kl            | 0.043082736 |
|    clip_fraction        | 0.373       |
|    clip_range           | 0.2         |
|    entropy_loss         | -11.6       |
|    explained_variance   | 0.932       |
|    learning_rate        | 0.0003      |
|    loss                 | -0.185      |
|    n_updates            | 850         |
|    policy_gradient_loss | -0.0467     |
|    std                  | 1.27        |
|    value_loss           | 0.00229     |
-----------------------------------------
-----------------------------------------
| rollout/                |             |
|    ep_len_mean          | 112         |
|    ep_rew_mean          | 0.75        |
| time/                   |             |
|    fps                  | 3           |
|    iterations           | 87          |
|    time_elapsed         | 51510       |
|    total_timesteps      | 178176      |
| train/                  |             |
|    approx_kl            | 0.046599943 |
|    clip_fraction        | 0.399       |
|    clip_range           | 0.2         |
|    entropy_loss         | -11.6       |
|    explained_variance   | 0.903       |
|    learning_rate        | 0.0003      |
|    loss                 | -0.161      |
|    n_updates            | 860         |
|    policy_gradient_loss | -0.0467     |
|    std                  | 1.28        |
|    value_loss           | 0.00303     |
-----------------------------------------
Eval num_timesteps=180000, episode_reward=0.85 +/- 0.36
Episode length: 98.95 +/- 42.92
---------------------------------------
| eval/                   |           |
|    mean_ep_length       | 99        |
|    mean_reward          | 0.85      |
| time/                   |           |
|    total_timesteps      | 180000    |
| train/                  |           |
|    approx_kl            | 0.0491319 |
|    clip_fraction        | 0.399     |
|    clip_range           | 0.2       |
|    entropy_loss         | -11.6     |
|    explained_variance   | 0.904     |
|    learning_rate        | 0.0003    |
|    loss                 | -0.201    |
|    n_updates            | 870       |
|    policy_gradient_loss | -0.0537   |
|    std                  | 1.27      |
|    value_loss           | 0.003     |
---------------------------------------
---------------------------------
| rollout/           |          |
|    ep_len_mean     | 112      |
|    ep_rew_mean     | 0.75     |
| time/              |          |
|    fps             | 3        |
|    iterations      | 88       |
|    time_elapsed    | 52490    |
|    total_timesteps | 180224   |
---------------------------------
-----------------------------------------
| rollout/                |             |
|    ep_len_mean          | 108         |
|    ep_rew_mean          | 0.79        |
| time/                   |             |
|    fps                  | 3           |
|    iterations           | 89          |
|    time_elapsed         | 53001       |
|    total_timesteps      | 182272      |
| train/                  |             |
|    approx_kl            | 0.049279183 |
|    clip_fraction        | 0.398       |
|    clip_range           | 0.2         |
|    entropy_loss         | -11.6       |
|    explained_variance   | 0.809       |
|    learning_rate        | 0.0003      |
|    loss                 | -0.182      |
|    n_updates            | 880         |
|    policy_gradient_loss | -0.0491     |
|    std                  | 1.28        |
|    value_loss           | 0.00411     |
-----------------------------------------
----------------------------------------
| rollout/                |            |
|    ep_len_mean          | 112        |
|    ep_rew_mean          | 0.75       |
| time/                   |            |
|    fps                  | 3          |
|    iterations           | 90         |
|    time_elapsed         | 53509      |
|    total_timesteps      | 184320     |
| train/                  |            |
|    approx_kl            | 0.04973799 |
|    clip_fraction        | 0.417      |
|    clip_range           | 0.2        |
|    entropy_loss         | -11.7      |
|    explained_variance   | 0.852      |
|    learning_rate        | 0.0003     |
|    loss                 | -0.182     |
|    n_updates            | 890        |
|    policy_gradient_loss | -0.0531    |
|    std                  | 1.29       |
|    value_loss           | 0.0033     |
----------------------------------------
----------------------------------------
| rollout/                |            |
|    ep_len_mean          | 113        |
|    ep_rew_mean          | 0.74       |
| time/                   |            |
|    fps                  | 3          |
|    iterations           | 91         |
|    time_elapsed         | 54025      |
|    total_timesteps      | 186368     |
| train/                  |            |
|    approx_kl            | 0.05163957 |
|    clip_fraction        | 0.423      |
|    clip_range           | 0.2        |
|    entropy_loss         | -11.7      |
|    explained_variance   | 0.845      |
|    learning_rate        | 0.0003     |
|    loss                 | -0.206     |
|    n_updates            | 900        |
|    policy_gradient_loss | -0.0565    |
|    std                  | 1.3        |
|    value_loss           | 0.00321    |
----------------------------------------
-----------------------------------------
| rollout/                |             |
|    ep_len_mean          | 113         |
|    ep_rew_mean          | 0.74        |
| time/                   |             |
|    fps                  | 3           |
|    iterations           | 92          |
|    time_elapsed         | 54540       |
|    total_timesteps      | 188416      |
| train/                  |             |
|    approx_kl            | 0.048919216 |
|    clip_fraction        | 0.414       |
|    clip_range           | 0.2         |
|    entropy_loss         | -11.8       |
|    explained_variance   | 0.912       |
|    learning_rate        | 0.0003      |
|    loss                 | -0.217      |
|    n_updates            | 910         |
|    policy_gradient_loss | -0.0552     |
|    std                  | 1.3         |
|    value_loss           | 0.00225     |
-----------------------------------------
Eval num_timesteps=190000, episode_reward=0.80 +/- 0.40
Episode length: 103.60 +/- 48.74
----------------------------------------
| eval/                   |            |
|    mean_ep_length       | 104        |
|    mean_reward          | 0.8        |
| time/                   |            |
|    total_timesteps      | 190000     |
| train/                  |            |
|    approx_kl            | 0.05022713 |
|    clip_fraction        | 0.423      |
|    clip_range           | 0.2        |
|    entropy_loss         | -11.8      |
|    explained_variance   | 0.915      |
|    learning_rate        | 0.0003     |
|    loss                 | -0.2       |
|    n_updates            | 920        |
|    policy_gradient_loss | -0.057     |
|    std                  | 1.31       |
|    value_loss           | 0.00264    |
----------------------------------------
---------------------------------
| rollout/           |          |
|    ep_len_mean     | 114      |
|    ep_rew_mean     | 0.74     |
| time/              |          |
|    fps             | 3        |
|    iterations      | 93       |
|    time_elapsed    | 55540    |
|    total_timesteps | 190464   |
---------------------------------
-----------------------------------------
| rollout/                |             |
|    ep_len_mean          | 117         |
|    ep_rew_mean          | 0.71        |
| time/                   |             |
|    fps                  | 3           |
|    iterations           | 94          |
|    time_elapsed         | 56051       |
|    total_timesteps      | 192512      |
| train/                  |             |
|    approx_kl            | 0.047867753 |
|    clip_fraction        | 0.406       |
|    clip_range           | 0.2         |
|    entropy_loss         | -11.8       |
|    explained_variance   | 0.907       |
|    learning_rate        | 0.0003      |
|    loss                 | -0.193      |
|    n_updates            | 930         |
|    policy_gradient_loss | -0.0516     |
|    std                  | 1.31        |
|    value_loss           | 0.00339     |
-----------------------------------------
-----------------------------------------
| rollout/                |             |
|    ep_len_mean          | 111         |
|    ep_rew_mean          | 0.76        |
| time/                   |             |
|    fps                  | 3           |
|    iterations           | 95          |
|    time_elapsed         | 56563       |
|    total_timesteps      | 194560      |
| train/                  |             |
|    approx_kl            | 0.047209438 |
|    clip_fraction        | 0.408       |
|    clip_range           | 0.2         |
|    entropy_loss         | -11.8       |
|    explained_variance   | 0.918       |
|    learning_rate        | 0.0003      |
|    loss                 | -0.201      |
|    n_updates            | 940         |
|    policy_gradient_loss | -0.0546     |
|    std                  | 1.31        |
|    value_loss           | 0.00318     |
-----------------------------------------
----------------------------------------
| rollout/                |            |
|    ep_len_mean          | 110        |
|    ep_rew_mean          | 0.77       |
| time/                   |            |
|    fps                  | 3          |
|    iterations           | 96         |
|    time_elapsed         | 57070      |
|    total_timesteps      | 196608     |
| train/                  |            |
|    approx_kl            | 0.04492709 |
|    clip_fraction        | 0.381      |
|    clip_range           | 0.2        |
|    entropy_loss         | -11.8      |
|    explained_variance   | 0.909      |
|    learning_rate        | 0.0003     |
|    loss                 | -0.191     |
|    n_updates            | 950        |
|    policy_gradient_loss | -0.05      |
|    std                  | 1.31       |
|    value_loss           | 0.00227    |
----------------------------------------
----------------------------------------
| rollout/                |            |
|    ep_len_mean          | 112        |
|    ep_rew_mean          | 0.75       |
| time/                   |            |
|    fps                  | 3          |
|    iterations           | 97         |
|    time_elapsed         | 57588      |
|    total_timesteps      | 198656     |
| train/                  |            |
|    approx_kl            | 0.05404284 |
|    clip_fraction        | 0.412      |
|    clip_range           | 0.2        |
|    entropy_loss         | -11.8      |
|    explained_variance   | 0.872      |
|    learning_rate        | 0.0003     |
|    loss                 | -0.165     |
|    n_updates            | 960        |
|    policy_gradient_loss | -0.0547    |
|    std                  | 1.32       |
|    value_loss           | 0.00347    |
----------------------------------------
Eval num_timesteps=200000, episode_reward=0.95 +/- 0.22
Episode length: 84.05 +/- 27.35
---------------------------------------
| eval/                   |           |
|    mean_ep_length       | 84        |
|    mean_reward          | 0.95      |
| time/                   |           |
|    total_timesteps      | 200000    |
| train/                  |           |
|    approx_kl            | 0.0504726 |
|    clip_fraction        | 0.412     |
|    clip_range           | 0.2       |
|    entropy_loss         | -11.9     |
|    explained_variance   | 0.946     |
|    learning_rate        | 0.0003    |
|    loss                 | -0.21     |
|    n_updates            | 970       |
|    policy_gradient_loss | -0.0554   |
|    std                  | 1.32      |
|    value_loss           | 0.00224   |
---------------------------------------
New best mean reward!
---------------------------------
| rollout/           |          |
|    ep_len_mean     | 110      |
|    ep_rew_mean     | 0.76     |
| time/              |          |
|    fps             | 3        |
|    iterations      | 98       |
|    time_elapsed    | 58505    |
|    total_timesteps | 200704   |
---------------------------------
-----------------------------------------
| rollout/                |             |
|    ep_len_mean          | 108         |
|    ep_rew_mean          | 0.79        |
| time/                   |             |
|    fps                  | 3           |
|    iterations           | 99          |
|    time_elapsed         | 59019       |
|    total_timesteps      | 202752      |
| train/                  |             |
|    approx_kl            | 0.053093784 |
|    clip_fraction        | 0.414       |
|    clip_range           | 0.2         |
|    entropy_loss         | -11.9       |
|    explained_variance   | 0.864       |
|    learning_rate        | 0.0003      |
|    loss                 | -0.215      |
|    n_updates            | 980         |
|    policy_gradient_loss | -0.0548     |
|    std                  | 1.33        |
|    value_loss           | 0.00445     |
-----------------------------------------
