Gym has been unmaintained since 2022 and does not support NumPy 2.0 amongst other critical functionality.
Please upgrade to Gymnasium, the maintained drop-in replacement of Gym, or contact the authors of your software and request that they upgrade.
See the migration guide at https://gymnasium.farama.org/introduction/migration_guide/ for additional information.
/234/miniconda/envs/libero/lib/python3.8/site-packages/torch/utils/tensorboard/__init__.py:4: DeprecationWarning: distutils Version classes are deprecated. Use packaging.version instead.
  if not hasattr(tensorboard, "__version__") or LooseVersion(
/234/miniconda/envs/libero/lib/python3.8/site-packages/robosuite/__init__.py:7: DeprecationWarning: The 'warn' method is deprecated, use 'warning' instead
  ROBOSUITE_DEFAULT_LOGGER.warn("No private macro file found!")
[robosuite WARNING] No private macro file found! (__init__.py:7)
[robosuite WARNING] It is recommended to use a private macro file (__init__.py:8)
[robosuite WARNING] To setup, run: python /234/miniconda/envs/libero/lib/python3.8/site-packages/robosuite/scripts/setup_macros.py (__init__.py:9)
/234/miniconda/envs/libero/lib/python3.8/site-packages/thop/profile.py:12: DeprecationWarning: distutils Version classes are deprecated. Use packaging.version instead.
  if LooseVersion(torch.__version__) < LooseVersion("1.0.0"):
[info] using task orders [0, 1, 2, 3, 4, 5, 6, 7, 8, 9]
Task 6: BC + Vanilla PPO (sparse reward only)...

============= Initialized Observation Utils with Obs Spec =============

using obs modality: rgb with keys: ['eye_in_hand_rgb', 'agentview_rgb']
using obs modality: depth with keys: []
using obs modality: low_dim with keys: ['joint_states', 'gripper_states']
SequenceDataset: loading dataset into memory...
  0%|          | 0/50 [00:00<?, ?it/s]100%|██████████| 50/50 [00:00<00:00, 1127.39it/s]
Using cuda device
Logging to /234/outputs/ppo_bc_vanilla/task6/tb_logs/PPO_1
---------------------------------
| rollout/           |          |
|    ep_len_mean     | 151      |
|    ep_rew_mean     | 0.769    |
| time/              |          |
|    fps             | 4        |
|    iterations      | 1        |
|    time_elapsed    | 463      |
|    total_timesteps | 2048     |
---------------------------------
-----------------------------------------
| rollout/                |             |
|    ep_len_mean          | 146         |
|    ep_rew_mean          | 0.778       |
| time/                   |             |
|    fps                  | 4           |
|    iterations           | 2           |
|    time_elapsed         | 953         |
|    total_timesteps      | 4096        |
| train/                  |             |
|    approx_kl            | 0.015922919 |
|    clip_fraction        | 0.193       |
|    clip_range           | 0.2         |
|    entropy_loss         | -9.91       |
|    explained_variance   | -0.355      |
|    learning_rate        | 0.0003      |
|    loss                 | -0.149      |
|    n_updates            | 10          |
|    policy_gradient_loss | -0.0166     |
|    std                  | 0.996       |
|    value_loss           | 0.0133      |
-----------------------------------------
----------------------------------------
| rollout/                |            |
|    ep_len_mean          | 144        |
|    ep_rew_mean          | 0.81       |
| time/                   |            |
|    fps                  | 4          |
|    iterations           | 3          |
|    time_elapsed         | 1439       |
|    total_timesteps      | 6144       |
| train/                  |            |
|    approx_kl            | 0.01912714 |
|    clip_fraction        | 0.216      |
|    clip_range           | 0.2        |
|    entropy_loss         | -9.92      |
|    explained_variance   | 0.349      |
|    learning_rate        | 0.0003     |
|    loss                 | -0.106     |
|    n_updates            | 20         |
|    policy_gradient_loss | -0.0178    |
|    std                  | 0.998      |
|    value_loss           | 0.00481    |
----------------------------------------
----------------------------------------
| rollout/                |            |
|    ep_len_mean          | 142        |
|    ep_rew_mean          | 0.825      |
| time/                   |            |
|    fps                  | 4          |
|    iterations           | 4          |
|    time_elapsed         | 1931       |
|    total_timesteps      | 8192       |
| train/                  |            |
|    approx_kl            | 0.02050877 |
|    clip_fraction        | 0.233      |
|    clip_range           | 0.2        |
|    entropy_loss         | -9.91      |
|    explained_variance   | 0.746      |
|    learning_rate        | 0.0003     |
|    loss                 | -0.0769    |
|    n_updates            | 30         |
|    policy_gradient_loss | -0.017     |
|    std                  | 0.996      |
|    value_loss           | 0.00306    |
----------------------------------------
Eval num_timesteps=10000, episode_reward=0.85 +/- 0.36
Episode length: 133.80 +/- 31.41
-----------------------------------------
| eval/                   |             |
|    mean_ep_length       | 134         |
|    mean_reward          | 0.85        |
| time/                   |             |
|    total_timesteps      | 10000       |
| train/                  |             |
|    approx_kl            | 0.021261647 |
|    clip_fraction        | 0.255       |
|    clip_range           | 0.2         |
|    entropy_loss         | -9.92       |
|    explained_variance   | 0.843       |
|    learning_rate        | 0.0003      |
|    loss                 | -0.126      |
|    n_updates            | 40          |
|    policy_gradient_loss | -0.021      |
|    std                  | 1           |
|    value_loss           | 0.003       |
-----------------------------------------
New best mean reward!
---------------------------------
| rollout/           |          |
|    ep_len_mean     | 141      |
|    ep_rew_mean     | 0.819    |
| time/              |          |
|    fps             | 3        |
|    iterations      | 5        |
|    time_elapsed    | 3066     |
|    total_timesteps | 10240    |
---------------------------------
-----------------------------------------
| rollout/                |             |
|    ep_len_mean          | 138         |
|    ep_rew_mean          | 0.852       |
| time/                   |             |
|    fps                  | 3           |
|    iterations           | 6           |
|    time_elapsed         | 3561        |
|    total_timesteps      | 12288       |
| train/                  |             |
|    approx_kl            | 0.029626083 |
|    clip_fraction        | 0.293       |
|    clip_range           | 0.2         |
|    entropy_loss         | -9.95       |
|    explained_variance   | 0.877       |
|    learning_rate        | 0.0003      |
|    loss                 | -0.139      |
|    n_updates            | 50          |
|    policy_gradient_loss | -0.027      |
|    std                  | 1.01        |
|    value_loss           | 0.00264     |
-----------------------------------------
----------------------------------------
| rollout/                |            |
|    ep_len_mean          | 138        |
|    ep_rew_mean          | 0.85       |
| time/                   |            |
|    fps                  | 3          |
|    iterations           | 7          |
|    time_elapsed         | 4054       |
|    total_timesteps      | 14336      |
| train/                  |            |
|    approx_kl            | 0.02432215 |
|    clip_fraction        | 0.285      |
|    clip_range           | 0.2        |
|    entropy_loss         | -9.97      |
|    explained_variance   | 0.945      |
|    learning_rate        | 0.0003     |
|    loss                 | -0.158     |
|    n_updates            | 60         |
|    policy_gradient_loss | -0.0234    |
|    std                  | 1          |
|    value_loss           | 0.0012     |
----------------------------------------
-----------------------------------------
| rollout/                |             |
|    ep_len_mean          | 134         |
|    ep_rew_mean          | 0.89        |
| time/                   |             |
|    fps                  | 3           |
|    iterations           | 8           |
|    time_elapsed         | 4550        |
|    total_timesteps      | 16384       |
| train/                  |             |
|    approx_kl            | 0.027256384 |
|    clip_fraction        | 0.276       |
|    clip_range           | 0.2         |
|    entropy_loss         | -9.99       |
|    explained_variance   | 0.88        |
|    learning_rate        | 0.0003      |
|    loss                 | -0.147      |
|    n_updates            | 70          |
|    policy_gradient_loss | -0.0203     |
|    std                  | 1.01        |
|    value_loss           | 0.00191     |
-----------------------------------------
-----------------------------------------
| rollout/                |             |
|    ep_len_mean          | 134         |
|    ep_rew_mean          | 0.89        |
| time/                   |             |
|    fps                  | 3           |
|    iterations           | 9           |
|    time_elapsed         | 5045        |
|    total_timesteps      | 18432       |
| train/                  |             |
|    approx_kl            | 0.030742504 |
|    clip_fraction        | 0.278       |
|    clip_range           | 0.2         |
|    entropy_loss         | -10         |
|    explained_variance   | 0.84        |
|    learning_rate        | 0.0003      |
|    loss                 | -0.134      |
|    n_updates            | 80          |
|    policy_gradient_loss | -0.0191     |
|    std                  | 1.02        |
|    value_loss           | 0.00139     |
-----------------------------------------
Eval num_timesteps=20000, episode_reward=1.00 +/- 0.00
Episode length: 114.00 +/- 4.64
-----------------------------------------
| eval/                   |             |
|    mean_ep_length       | 114         |
|    mean_reward          | 1           |
| time/                   |             |
|    total_timesteps      | 20000       |
| train/                  |             |
|    approx_kl            | 0.028841093 |
|    clip_fraction        | 0.285       |
|    clip_range           | 0.2         |
|    entropy_loss         | -10.1       |
|    explained_variance   | 0.849       |
|    learning_rate        | 0.0003      |
|    loss                 | -0.157      |
|    n_updates            | 90          |
|    policy_gradient_loss | -0.0242     |
|    std                  | 1.02        |
|    value_loss           | 0.00176     |
-----------------------------------------
New best mean reward!
---------------------------------
| rollout/           |          |
|    ep_len_mean     | 133      |
|    ep_rew_mean     | 0.9      |
| time/              |          |
|    fps             | 3        |
|    iterations      | 10       |
|    time_elapsed    | 6090     |
|    total_timesteps | 20480    |
---------------------------------
-----------------------------------------
| rollout/                |             |
|    ep_len_mean          | 131         |
|    ep_rew_mean          | 0.91        |
| time/                   |             |
|    fps                  | 3           |
|    iterations           | 11          |
|    time_elapsed         | 6589        |
|    total_timesteps      | 22528       |
| train/                  |             |
|    approx_kl            | 0.024955504 |
|    clip_fraction        | 0.285       |
|    clip_range           | 0.2         |
|    entropy_loss         | -10.1       |
|    explained_variance   | 0.86        |
|    learning_rate        | 0.0003      |
|    loss                 | -0.101      |
|    n_updates            | 100         |
|    policy_gradient_loss | -0.0242     |
|    std                  | 1.02        |
|    value_loss           | 0.00106     |
-----------------------------------------
-----------------------------------------
| rollout/                |             |
|    ep_len_mean          | 133         |
|    ep_rew_mean          | 0.9         |
| time/                   |             |
|    fps                  | 3           |
|    iterations           | 12          |
|    time_elapsed         | 7088        |
|    total_timesteps      | 24576       |
| train/                  |             |
|    approx_kl            | 0.030910408 |
|    clip_fraction        | 0.286       |
|    clip_range           | 0.2         |
|    entropy_loss         | -10.1       |
|    explained_variance   | 0.888       |
|    learning_rate        | 0.0003      |
|    loss                 | -0.149      |
|    n_updates            | 110         |
|    policy_gradient_loss | -0.0187     |
|    std                  | 1.02        |
|    value_loss           | 0.00128     |
-----------------------------------------
-----------------------------------------
| rollout/                |             |
|    ep_len_mean          | 133         |
|    ep_rew_mean          | 0.89        |
| time/                   |             |
|    fps                  | 3           |
|    iterations           | 13          |
|    time_elapsed         | 7580        |
|    total_timesteps      | 26624       |
| train/                  |             |
|    approx_kl            | 0.031920202 |
|    clip_fraction        | 0.315       |
|    clip_range           | 0.2         |
|    entropy_loss         | -10.1       |
|    explained_variance   | 0.917       |
|    learning_rate        | 0.0003      |
|    loss                 | -0.153      |
|    n_updates            | 120         |
|    policy_gradient_loss | -0.032      |
|    std                  | 1.02        |
|    value_loss           | 0.000942    |
-----------------------------------------
----------------------------------------
| rollout/                |            |
|    ep_len_mean          | 133        |
|    ep_rew_mean          | 0.9        |
| time/                   |            |
|    fps                  | 3          |
|    iterations           | 14         |
|    time_elapsed         | 8076       |
|    total_timesteps      | 28672      |
| train/                  |            |
|    approx_kl            | 0.04039545 |
|    clip_fraction        | 0.3        |
|    clip_range           | 0.2        |
|    entropy_loss         | -10.1      |
|    explained_variance   | 0.873      |
|    learning_rate        | 0.0003     |
|    loss                 | -0.144     |
|    n_updates            | 130        |
|    policy_gradient_loss | -0.0258    |
|    std                  | 1.02       |
|    value_loss           | 0.000998   |
----------------------------------------
Eval num_timesteps=30000, episode_reward=0.95 +/- 0.22
Episode length: 121.30 +/- 19.04
----------------------------------------
| eval/                   |            |
|    mean_ep_length       | 121        |
|    mean_reward          | 0.95       |
| time/                   |            |
|    total_timesteps      | 30000      |
| train/                  |            |
|    approx_kl            | 0.03053156 |
|    clip_fraction        | 0.313      |
|    clip_range           | 0.2        |
|    entropy_loss         | -10.1      |
|    explained_variance   | 0.913      |
|    learning_rate        | 0.0003     |
|    loss                 | -0.136     |
|    n_updates            | 140        |
|    policy_gradient_loss | -0.0186    |
|    std                  | 1.02       |
|    value_loss           | 0.000902   |
----------------------------------------
---------------------------------
| rollout/           |          |
|    ep_len_mean     | 133      |
|    ep_rew_mean     | 0.89     |
| time/              |          |
|    fps             | 3        |
|    iterations      | 15       |
|    time_elapsed    | 9151     |
|    total_timesteps | 30720    |
---------------------------------
-----------------------------------------
| rollout/                |             |
|    ep_len_mean          | 132         |
|    ep_rew_mean          | 0.9         |
| time/                   |             |
|    fps                  | 3           |
|    iterations           | 16          |
|    time_elapsed         | 9647        |
|    total_timesteps      | 32768       |
| train/                  |             |
|    approx_kl            | 0.031088054 |
|    clip_fraction        | 0.325       |
|    clip_range           | 0.2         |
|    entropy_loss         | -10.1       |
|    explained_variance   | 0.879       |
|    learning_rate        | 0.0003      |
|    loss                 | -0.141      |
|    n_updates            | 150         |
|    policy_gradient_loss | -0.023      |
|    std                  | 1.02        |
|    value_loss           | 0.0017      |
-----------------------------------------
-----------------------------------------
| rollout/                |             |
|    ep_len_mean          | 132         |
|    ep_rew_mean          | 0.88        |
| time/                   |             |
|    fps                  | 3           |
|    iterations           | 17          |
|    time_elapsed         | 10142       |
|    total_timesteps      | 34816       |
| train/                  |             |
|    approx_kl            | 0.027737673 |
|    clip_fraction        | 0.308       |
|    clip_range           | 0.2         |
|    entropy_loss         | -10.1       |
|    explained_variance   | 0.924       |
|    learning_rate        | 0.0003      |
|    loss                 | -0.123      |
|    n_updates            | 160         |
|    policy_gradient_loss | -0.021      |
|    std                  | 1.02        |
|    value_loss           | 0.00146     |
-----------------------------------------
-----------------------------------------
| rollout/                |             |
|    ep_len_mean          | 131         |
|    ep_rew_mean          | 0.88        |
| time/                   |             |
|    fps                  | 3           |
|    iterations           | 18          |
|    time_elapsed         | 10640       |
|    total_timesteps      | 36864       |
| train/                  |             |
|    approx_kl            | 0.036562804 |
|    clip_fraction        | 0.327       |
|    clip_range           | 0.2         |
|    entropy_loss         | -10.1       |
|    explained_variance   | 0.874       |
|    learning_rate        | 0.0003      |
|    loss                 | -0.137      |
|    n_updates            | 170         |
|    policy_gradient_loss | -0.0268     |
|    std                  | 1.02        |
|    value_loss           | 0.00127     |
-----------------------------------------
-----------------------------------------
| rollout/                |             |
|    ep_len_mean          | 128         |
|    ep_rew_mean          | 0.91        |
| time/                   |             |
|    fps                  | 3           |
|    iterations           | 19          |
|    time_elapsed         | 11136       |
|    total_timesteps      | 38912       |
| train/                  |             |
|    approx_kl            | 0.030526819 |
|    clip_fraction        | 0.329       |
|    clip_range           | 0.2         |
|    entropy_loss         | -10.1       |
|    explained_variance   | 0.921       |
|    learning_rate        | 0.0003      |
|    loss                 | -0.13       |
|    n_updates            | 180         |
|    policy_gradient_loss | -0.0236     |
|    std                  | 1.03        |
|    value_loss           | 0.00233     |
-----------------------------------------
Eval num_timesteps=40000, episode_reward=0.95 +/- 0.22
Episode length: 117.60 +/- 19.81
-----------------------------------------
| eval/                   |             |
|    mean_ep_length       | 118         |
|    mean_reward          | 0.95        |
| time/                   |             |
|    total_timesteps      | 40000       |
| train/                  |             |
|    approx_kl            | 0.032216176 |
|    clip_fraction        | 0.337       |
|    clip_range           | 0.2         |
|    entropy_loss         | -10.1       |
|    explained_variance   | 0.957       |
|    learning_rate        | 0.0003      |
|    loss                 | -0.138      |
|    n_updates            | 190         |
|    policy_gradient_loss | -0.0209     |
|    std                  | 1.03        |
|    value_loss           | 0.000452    |
-----------------------------------------
---------------------------------
| rollout/           |          |
|    ep_len_mean     | 128      |
|    ep_rew_mean     | 0.9      |
| time/              |          |
|    fps             | 3        |
|    iterations      | 20       |
|    time_elapsed    | 12200    |
|    total_timesteps | 40960    |
---------------------------------
-----------------------------------------
| rollout/                |             |
|    ep_len_mean          | 124         |
|    ep_rew_mean          | 0.93        |
| time/                   |             |
|    fps                  | 3           |
|    iterations           | 21          |
|    time_elapsed         | 12701       |
|    total_timesteps      | 43008       |
| train/                  |             |
|    approx_kl            | 0.059867606 |
|    clip_fraction        | 0.327       |
|    clip_range           | 0.2         |
|    entropy_loss         | -10.1       |
|    explained_variance   | 0.848       |
|    learning_rate        | 0.0003      |
|    loss                 | -0.172      |
|    n_updates            | 200         |
|    policy_gradient_loss | -0.0175     |
|    std                  | 1.03        |
|    value_loss           | 0.00133     |
-----------------------------------------
-----------------------------------------
| rollout/                |             |
|    ep_len_mean          | 123         |
|    ep_rew_mean          | 0.94        |
| time/                   |             |
|    fps                  | 3           |
|    iterations           | 22          |
|    time_elapsed         | 13196       |
|    total_timesteps      | 45056       |
| train/                  |             |
|    approx_kl            | 0.029956328 |
|    clip_fraction        | 0.329       |
|    clip_range           | 0.2         |
|    entropy_loss         | -10.2       |
|    explained_variance   | 0.975       |
|    learning_rate        | 0.0003      |
|    loss                 | -0.142      |
|    n_updates            | 210         |
|    policy_gradient_loss | -0.0215     |
|    std                  | 1.04        |
|    value_loss           | 0.000379    |
-----------------------------------------
---------------------------------------
| rollout/                |           |
|    ep_len_mean          | 122       |
|    ep_rew_mean          | 0.95      |
| time/                   |           |
|    fps                  | 3         |
|    iterations           | 23        |
|    time_elapsed         | 13690     |
|    total_timesteps      | 47104     |
| train/                  |           |
|    approx_kl            | 0.0342526 |
|    clip_fraction        | 0.342     |
|    clip_range           | 0.2       |
|    entropy_loss         | -10.2     |
|    explained_variance   | 0.976     |
|    learning_rate        | 0.0003    |
|    loss                 | -0.135    |
|    n_updates            | 220       |
|    policy_gradient_loss | -0.0259   |
|    std                  | 1.05      |
|    value_loss           | 0.000341  |
---------------------------------------
-----------------------------------------
| rollout/                |             |
|    ep_len_mean          | 124         |
|    ep_rew_mean          | 0.93        |
| time/                   |             |
|    fps                  | 3           |
|    iterations           | 24          |
|    time_elapsed         | 14189       |
|    total_timesteps      | 49152       |
| train/                  |             |
|    approx_kl            | 0.040941045 |
|    clip_fraction        | 0.317       |
|    clip_range           | 0.2         |
|    entropy_loss         | -10.3       |
|    explained_variance   | 0.849       |
|    learning_rate        | 0.0003      |
|    loss                 | -0.144      |
|    n_updates            | 230         |
|    policy_gradient_loss | -0.0189     |
|    std                  | 1.06        |
|    value_loss           | 0.00197     |
-----------------------------------------
Eval num_timesteps=50000, episode_reward=1.00 +/- 0.00
Episode length: 112.05 +/- 4.70
----------------------------------------
| eval/                   |            |
|    mean_ep_length       | 112        |
|    mean_reward          | 1          |
| time/                   |            |
|    total_timesteps      | 50000      |
| train/                  |            |
|    approx_kl            | 0.03214946 |
|    clip_fraction        | 0.303      |
|    clip_range           | 0.2        |
|    entropy_loss         | -10.4      |
|    explained_variance   | 0.786      |
|    learning_rate        | 0.0003     |
|    loss                 | -0.155     |
|    n_updates            | 240        |
|    policy_gradient_loss | -0.0321    |
|    std                  | 1.07       |
|    value_loss           | 0.00129    |
----------------------------------------
---------------------------------
| rollout/           |          |
|    ep_len_mean     | 123      |
|    ep_rew_mean     | 0.93     |
| time/              |          |
|    fps             | 3        |
|    iterations      | 25       |
|    time_elapsed    | 15228    |
|    total_timesteps | 51200    |
---------------------------------
-----------------------------------------
| rollout/                |             |
|    ep_len_mean          | 123         |
|    ep_rew_mean          | 0.94        |
| time/                   |             |
|    fps                  | 3           |
|    iterations           | 26          |
|    time_elapsed         | 15725       |
|    total_timesteps      | 53248       |
| train/                  |             |
|    approx_kl            | 0.026091333 |
|    clip_fraction        | 0.301       |
|    clip_range           | 0.2         |
|    entropy_loss         | -10.4       |
|    explained_variance   | 0.949       |
|    learning_rate        | 0.0003      |
|    loss                 | -0.14       |
|    n_updates            | 250         |
|    policy_gradient_loss | -0.0181     |
|    std                  | 1.07        |
|    value_loss           | 0.00056     |
-----------------------------------------
----------------------------------------
| rollout/                |            |
|    ep_len_mean          | 123        |
|    ep_rew_mean          | 0.93       |
| time/                   |            |
|    fps                  | 3          |
|    iterations           | 27         |
|    time_elapsed         | 16225      |
|    total_timesteps      | 55296      |
| train/                  |            |
|    approx_kl            | 0.03522603 |
|    clip_fraction        | 0.311      |
|    clip_range           | 0.2        |
|    entropy_loss         | -10.4      |
|    explained_variance   | 0.935      |
|    learning_rate        | 0.0003     |
|    loss                 | -0.16      |
|    n_updates            | 260        |
|    policy_gradient_loss | -0.0258    |
|    std                  | 1.08       |
|    value_loss           | 0.000627   |
----------------------------------------
----------------------------------------
| rollout/                |            |
|    ep_len_mean          | 123        |
|    ep_rew_mean          | 0.92       |
| time/                   |            |
|    fps                  | 3          |
|    iterations           | 28         |
|    time_elapsed         | 16724      |
|    total_timesteps      | 57344      |
| train/                  |            |
|    approx_kl            | 0.03164021 |
|    clip_fraction        | 0.305      |
|    clip_range           | 0.2        |
|    entropy_loss         | -10.5      |
|    explained_variance   | 0.925      |
|    learning_rate        | 0.0003     |
|    loss                 | -0.143     |
|    n_updates            | 270        |
|    policy_gradient_loss | -0.0203    |
|    std                  | 1.09       |
|    value_loss           | 0.00149    |
----------------------------------------
-----------------------------------------
| rollout/                |             |
|    ep_len_mean          | 122         |
|    ep_rew_mean          | 0.93        |
| time/                   |             |
|    fps                  | 3           |
|    iterations           | 29          |
|    time_elapsed         | 17221       |
|    total_timesteps      | 59392       |
| train/                  |             |
|    approx_kl            | 0.034688905 |
|    clip_fraction        | 0.318       |
|    clip_range           | 0.2         |
|    entropy_loss         | -10.5       |
|    explained_variance   | 0.923       |
|    learning_rate        | 0.0003      |
|    loss                 | -0.158      |
|    n_updates            | 280         |
|    policy_gradient_loss | -0.0266     |
|    std                  | 1.09        |
|    value_loss           | 0.000574    |
-----------------------------------------
Eval num_timesteps=60000, episode_reward=1.00 +/- 0.00
Episode length: 112.30 +/- 7.23
-----------------------------------------
| eval/                   |             |
|    mean_ep_length       | 112         |
|    mean_reward          | 1           |
| time/                   |             |
|    total_timesteps      | 60000       |
| train/                  |             |
|    approx_kl            | 0.035608396 |
|    clip_fraction        | 0.306       |
|    clip_range           | 0.2         |
|    entropy_loss         | -10.6       |
|    explained_variance   | 0.916       |
|    learning_rate        | 0.0003      |
|    loss                 | -0.14       |
|    n_updates            | 290         |
|    policy_gradient_loss | -0.0241     |
|    std                  | 1.1         |
|    value_loss           | 0.000568    |
-----------------------------------------
---------------------------------
| rollout/           |          |
|    ep_len_mean     | 121      |
|    ep_rew_mean     | 0.94     |
| time/              |          |
|    fps             | 3        |
|    iterations      | 30       |
|    time_elapsed    | 18255    |
|    total_timesteps | 61440    |
---------------------------------
-----------------------------------------
| rollout/                |             |
|    ep_len_mean          | 123         |
|    ep_rew_mean          | 0.92        |
| time/                   |             |
|    fps                  | 3           |
|    iterations           | 31          |
|    time_elapsed         | 18751       |
|    total_timesteps      | 63488       |
| train/                  |             |
|    approx_kl            | 0.039900955 |
|    clip_fraction        | 0.336       |
|    clip_range           | 0.2         |
|    entropy_loss         | -10.6       |
|    explained_variance   | 0.925       |
|    learning_rate        | 0.0003      |
|    loss                 | -0.142      |
|    n_updates            | 300         |
|    policy_gradient_loss | -0.0294     |
|    std                  | 1.11        |
|    value_loss           | 0.000661    |
-----------------------------------------
----------------------------------------
| rollout/                |            |
|    ep_len_mean          | 124        |
|    ep_rew_mean          | 0.91       |
| time/                   |            |
|    fps                  | 3          |
|    iterations           | 32         |
|    time_elapsed         | 19254      |
|    total_timesteps      | 65536      |
| train/                  |            |
|    approx_kl            | 0.03328945 |
|    clip_fraction        | 0.32       |
|    clip_range           | 0.2        |
|    entropy_loss         | -10.7      |
|    explained_variance   | 0.873      |
|    learning_rate        | 0.0003     |
|    loss                 | -0.16      |
|    n_updates            | 310        |
|    policy_gradient_loss | -0.0256    |
|    std                  | 1.11       |
|    value_loss           | 0.0013     |
----------------------------------------
----------------------------------------
| rollout/                |            |
|    ep_len_mean          | 126        |
|    ep_rew_mean          | 0.89       |
| time/                   |            |
|    fps                  | 3          |
|    iterations           | 33         |
|    time_elapsed         | 19750      |
|    total_timesteps      | 67584      |
| train/                  |            |
|    approx_kl            | 0.03681133 |
|    clip_fraction        | 0.295      |
|    clip_range           | 0.2        |
|    entropy_loss         | -10.7      |
|    explained_variance   | 0.896      |
|    learning_rate        | 0.0003     |
|    loss                 | -0.0517    |
|    n_updates            | 320        |
|    policy_gradient_loss | -0.0241    |
|    std                  | 1.12       |
|    value_loss           | 0.000988   |
----------------------------------------
-----------------------------------------
| rollout/                |             |
|    ep_len_mean          | 129         |
|    ep_rew_mean          | 0.87        |
| time/                   |             |
|    fps                  | 3           |
|    iterations           | 34          |
|    time_elapsed         | 20250       |
|    total_timesteps      | 69632       |
| train/                  |             |
|    approx_kl            | 0.032206997 |
|    clip_fraction        | 0.328       |
|    clip_range           | 0.2         |
|    entropy_loss         | -10.7       |
|    explained_variance   | 0.922       |
|    learning_rate        | 0.0003      |
|    loss                 | -0.151      |
|    n_updates            | 330         |
|    policy_gradient_loss | -0.0265     |
|    std                  | 1.12        |
|    value_loss           | 0.000844    |
-----------------------------------------
Eval num_timesteps=70000, episode_reward=0.95 +/- 0.22
Episode length: 117.70 +/- 20.63
-----------------------------------------
| eval/                   |             |
|    mean_ep_length       | 118         |
|    mean_reward          | 0.95        |
| time/                   |             |
|    total_timesteps      | 70000       |
| train/                  |             |
|    approx_kl            | 0.035649624 |
|    clip_fraction        | 0.325       |
|    clip_range           | 0.2         |
|    entropy_loss         | -10.8       |
|    explained_variance   | 0.871       |
|    learning_rate        | 0.0003      |
|    loss                 | -0.16       |
|    n_updates            | 340         |
|    policy_gradient_loss | -0.0304     |
|    std                  | 1.13        |
|    value_loss           | 0.00215     |
-----------------------------------------
---------------------------------
| rollout/           |          |
|    ep_len_mean     | 128      |
|    ep_rew_mean     | 0.89     |
| time/              |          |
|    fps             | 3        |
|    iterations      | 35       |
|    time_elapsed    | 21315    |
|    total_timesteps | 71680    |
---------------------------------
-----------------------------------------
| rollout/                |             |
|    ep_len_mean          | 128         |
|    ep_rew_mean          | 0.89        |
| time/                   |             |
|    fps                  | 3           |
|    iterations           | 36          |
|    time_elapsed         | 21811       |
|    total_timesteps      | 73728       |
| train/                  |             |
|    approx_kl            | 0.037461657 |
|    clip_fraction        | 0.358       |
|    clip_range           | 0.2         |
|    entropy_loss         | -10.8       |
|    explained_variance   | 0.855       |
|    learning_rate        | 0.0003      |
|    loss                 | -0.127      |
|    n_updates            | 350         |
|    policy_gradient_loss | -0.0221     |
|    std                  | 1.14        |
|    value_loss           | 0.00171     |
-----------------------------------------
-----------------------------------------
| rollout/                |             |
|    ep_len_mean          | 131         |
|    ep_rew_mean          | 0.86        |
| time/                   |             |
|    fps                  | 3           |
|    iterations           | 37          |
|    time_elapsed         | 22305       |
|    total_timesteps      | 75776       |
| train/                  |             |
|    approx_kl            | 0.042296685 |
|    clip_fraction        | 0.319       |
|    clip_range           | 0.2         |
|    entropy_loss         | -10.8       |
|    explained_variance   | 0.844       |
|    learning_rate        | 0.0003      |
|    loss                 | -0.146      |
|    n_updates            | 360         |
|    policy_gradient_loss | -0.0261     |
|    std                  | 1.13        |
|    value_loss           | 0.00131     |
-----------------------------------------
-----------------------------------------
| rollout/                |             |
|    ep_len_mean          | 131         |
|    ep_rew_mean          | 0.86        |
| time/                   |             |
|    fps                  | 3           |
|    iterations           | 38          |
|    time_elapsed         | 22808       |
|    total_timesteps      | 77824       |
| train/                  |             |
|    approx_kl            | 0.037931137 |
|    clip_fraction        | 0.323       |
|    clip_range           | 0.2         |
|    entropy_loss         | -10.8       |
|    explained_variance   | 0.721       |
|    learning_rate        | 0.0003      |
|    loss                 | -0.139      |
|    n_updates            | 370         |
|    policy_gradient_loss | -0.0297     |
|    std                  | 1.14        |
|    value_loss           | 0.00207     |
-----------------------------------------
-----------------------------------------
| rollout/                |             |
|    ep_len_mean          | 131         |
|    ep_rew_mean          | 0.87        |
| time/                   |             |
|    fps                  | 3           |
|    iterations           | 39          |
|    time_elapsed         | 23309       |
|    total_timesteps      | 79872       |
| train/                  |             |
|    approx_kl            | 0.035390638 |
|    clip_fraction        | 0.318       |
|    clip_range           | 0.2         |
|    entropy_loss         | -10.9       |
|    explained_variance   | 0.886       |
|    learning_rate        | 0.0003      |
|    loss                 | -0.161      |
|    n_updates            | 380         |
|    policy_gradient_loss | -0.0219     |
|    std                  | 1.15        |
|    value_loss           | 0.00154     |
-----------------------------------------
Eval num_timesteps=80000, episode_reward=0.90 +/- 0.30
Episode length: 119.70 +/- 27.36
-----------------------------------------
| eval/                   |             |
|    mean_ep_length       | 120         |
|    mean_reward          | 0.9         |
| time/                   |             |
|    total_timesteps      | 80000       |
| train/                  |             |
|    approx_kl            | 0.037064075 |
|    clip_fraction        | 0.335       |
|    clip_range           | 0.2         |
|    entropy_loss         | -11         |
|    explained_variance   | 0.834       |
|    learning_rate        | 0.0003      |
|    loss                 | -0.168      |
|    n_updates            | 390         |
|    policy_gradient_loss | -0.0287     |
|    std                  | 1.16        |
|    value_loss           | 0.00154     |
-----------------------------------------
---------------------------------
| rollout/           |          |
|    ep_len_mean     | 128      |
|    ep_rew_mean     | 0.91     |
| time/              |          |
|    fps             | 3        |
|    iterations      | 40       |
|    time_elapsed    | 24382    |
|    total_timesteps | 81920    |
---------------------------------
----------------------------------------
| rollout/                |            |
|    ep_len_mean          | 127        |
|    ep_rew_mean          | 0.91       |
| time/                   |            |
|    fps                  | 3          |
|    iterations           | 41         |
|    time_elapsed         | 24884      |
|    total_timesteps      | 83968      |
| train/                  |            |
|    approx_kl            | 0.03521712 |
|    clip_fraction        | 0.317      |
|    clip_range           | 0.2        |
|    entropy_loss         | -11        |
|    explained_variance   | 0.908      |
|    learning_rate        | 0.0003     |
|    loss                 | -0.137     |
|    n_updates            | 400        |
|    policy_gradient_loss | -0.0343    |
|    std                  | 1.17       |
|    value_loss           | 0.000741   |
----------------------------------------
---------------------------------------
| rollout/                |           |
|    ep_len_mean          | 125       |
|    ep_rew_mean          | 0.92      |
| time/                   |           |
|    fps                  | 3         |
|    iterations           | 42        |
|    time_elapsed         | 25388     |
|    total_timesteps      | 86016     |
| train/                  |           |
|    approx_kl            | 0.0292975 |
|    clip_fraction        | 0.335     |
|    clip_range           | 0.2       |
|    entropy_loss         | -11       |
|    explained_variance   | 0.974     |
|    learning_rate        | 0.0003    |
|    loss                 | -0.12     |
|    n_updates            | 410       |
|    policy_gradient_loss | -0.0255   |
|    std                  | 1.17      |
|    value_loss           | 0.000344  |
---------------------------------------
-----------------------------------------
| rollout/                |             |
|    ep_len_mean          | 122         |
|    ep_rew_mean          | 0.95        |
| time/                   |             |
|    fps                  | 3           |
|    iterations           | 43          |
|    time_elapsed         | 25890       |
|    total_timesteps      | 88064       |
| train/                  |             |
|    approx_kl            | 0.042792954 |
|    clip_fraction        | 0.318       |
|    clip_range           | 0.2         |
|    entropy_loss         | -11.1       |
|    explained_variance   | 0.903       |
|    learning_rate        | 0.0003      |
|    loss                 | -0.186      |
|    n_updates            | 420         |
|    policy_gradient_loss | -0.0267     |
|    std                  | 1.18        |
|    value_loss           | 0.00054     |
-----------------------------------------
Eval num_timesteps=90000, episode_reward=0.95 +/- 0.22
Episode length: 116.30 +/- 20.11
---------------------------------------
| eval/                   |           |
|    mean_ep_length       | 116       |
|    mean_reward          | 0.95      |
| time/                   |           |
|    total_timesteps      | 90000     |
| train/                  |           |
|    approx_kl            | 0.0361484 |
|    clip_fraction        | 0.331     |
|    clip_range           | 0.2       |
|    entropy_loss         | -11.1     |
|    explained_variance   | 0.935     |
|    learning_rate        | 0.0003    |
|    loss                 | -0.124    |
|    n_updates            | 430       |
|    policy_gradient_loss | -0.0309   |
|    std                  | 1.19      |
|    value_loss           | 0.00164   |
---------------------------------------
---------------------------------
| rollout/           |          |
|    ep_len_mean     | 123      |
|    ep_rew_mean     | 0.95     |
| time/              |          |
|    fps             | 3        |
|    iterations      | 44       |
|    time_elapsed    | 26946    |
|    total_timesteps | 90112    |
---------------------------------
-----------------------------------------
| rollout/                |             |
|    ep_len_mean          | 123         |
|    ep_rew_mean          | 0.93        |
| time/                   |             |
|    fps                  | 3           |
|    iterations           | 45          |
|    time_elapsed         | 27447       |
|    total_timesteps      | 92160       |
| train/                  |             |
|    approx_kl            | 0.039267465 |
|    clip_fraction        | 0.34        |
|    clip_range           | 0.2         |
|    entropy_loss         | -11.2       |
|    explained_variance   | 0.825       |
|    learning_rate        | 0.0003      |
|    loss                 | -0.141      |
|    n_updates            | 440         |
|    policy_gradient_loss | -0.0331     |
|    std                  | 1.2         |
|    value_loss           | 0.00107     |
-----------------------------------------
----------------------------------------
| rollout/                |            |
|    ep_len_mean          | 123        |
|    ep_rew_mean          | 0.93       |
| time/                   |            |
|    fps                  | 3          |
|    iterations           | 46         |
|    time_elapsed         | 27949      |
|    total_timesteps      | 94208      |
| train/                  |            |
|    approx_kl            | 0.04656265 |
|    clip_fraction        | 0.345      |
|    clip_range           | 0.2        |
|    entropy_loss         | -11.2      |
|    explained_variance   | 0.924      |
|    learning_rate        | 0.0003     |
|    loss                 | -0.175     |
|    n_updates            | 450        |
|    policy_gradient_loss | -0.0348    |
|    std                  | 1.19       |
|    value_loss           | 0.000618   |
----------------------------------------
-----------------------------------------
| rollout/                |             |
|    ep_len_mean          | 126         |
|    ep_rew_mean          | 0.91        |
| time/                   |             |
|    fps                  | 3           |
|    iterations           | 47          |
|    time_elapsed         | 28447       |
|    total_timesteps      | 96256       |
| train/                  |             |
|    approx_kl            | 0.035473444 |
|    clip_fraction        | 0.344       |
|    clip_range           | 0.2         |
|    entropy_loss         | -11.1       |
|    explained_variance   | 0.898       |
|    learning_rate        | 0.0003      |
|    loss                 | -0.134      |
|    n_updates            | 460         |
|    policy_gradient_loss | -0.0317     |
|    std                  | 1.19        |
|    value_loss           | 0.000816    |
-----------------------------------------
----------------------------------------
| rollout/                |            |
|    ep_len_mean          | 127        |
|    ep_rew_mean          | 0.9        |
| time/                   |            |
|    fps                  | 3          |
|    iterations           | 48         |
|    time_elapsed         | 28943      |
|    total_timesteps      | 98304      |
| train/                  |            |
|    approx_kl            | 0.03657903 |
|    clip_fraction        | 0.314      |
|    clip_range           | 0.2        |
|    entropy_loss         | -11.2      |
|    explained_variance   | 0.88       |
|    learning_rate        | 0.0003     |
|    loss                 | -0.12      |
|    n_updates            | 470        |
|    policy_gradient_loss | -0.0312    |
|    std                  | 1.2        |
|    value_loss           | 0.00134    |
----------------------------------------
Eval num_timesteps=100000, episode_reward=1.00 +/- 0.00
Episode length: 112.30 +/- 9.42
----------------------------------------
| eval/                   |            |
|    mean_ep_length       | 112        |
|    mean_reward          | 1          |
| time/                   |            |
|    total_timesteps      | 100000     |
| train/                  |            |
|    approx_kl            | 0.03281132 |
|    clip_fraction        | 0.319      |
|    clip_range           | 0.2        |
|    entropy_loss         | -11.2      |
|    explained_variance   | 0.869      |
|    learning_rate        | 0.0003     |
|    loss                 | -0.157     |
|    n_updates            | 480        |
|    policy_gradient_loss | -0.0311    |
|    std                  | 1.2        |
|    value_loss           | 0.00139    |
----------------------------------------
---------------------------------
| rollout/           |          |
|    ep_len_mean     | 130      |
|    ep_rew_mean     | 0.87     |
| time/              |          |
|    fps             | 3        |
|    iterations      | 49       |
|    time_elapsed    | 29980    |
|    total_timesteps | 100352   |
---------------------------------
----------------------------------------
| rollout/                |            |
|    ep_len_mean          | 128        |
|    ep_rew_mean          | 0.89       |
| time/                   |            |
|    fps                  | 3          |
|    iterations           | 50         |
|    time_elapsed         | 30483      |
|    total_timesteps      | 102400     |
| train/                  |            |
|    approx_kl            | 0.03869866 |
|    clip_fraction        | 0.326      |
|    clip_range           | 0.2        |
|    entropy_loss         | -11.2      |
|    explained_variance   | 0.895      |
|    learning_rate        | 0.0003     |
|    loss                 | -0.17      |
|    n_updates            | 490        |
|    policy_gradient_loss | -0.0354    |
|    std                  | 1.2        |
|    value_loss           | 0.00127    |
----------------------------------------
-----------------------------------------
| rollout/                |             |
|    ep_len_mean          | 129         |
|    ep_rew_mean          | 0.88        |
| time/                   |             |
|    fps                  | 3           |
|    iterations           | 51          |
|    time_elapsed         | 30980       |
|    total_timesteps      | 104448      |
| train/                  |             |
|    approx_kl            | 0.031731755 |
|    clip_fraction        | 0.33        |
|    clip_range           | 0.2         |
|    entropy_loss         | -11.2       |
|    explained_variance   | 0.95        |
|    learning_rate        | 0.0003      |
|    loss                 | -0.16       |
|    n_updates            | 500         |
|    policy_gradient_loss | -0.0303     |
|    std                  | 1.21        |
|    value_loss           | 0.000505    |
-----------------------------------------
----------------------------------------
| rollout/                |            |
|    ep_len_mean          | 131        |
|    ep_rew_mean          | 0.85       |
| time/                   |            |
|    fps                  | 3          |
|    iterations           | 52         |
|    time_elapsed         | 31476      |
|    total_timesteps      | 106496     |
| train/                  |            |
|    approx_kl            | 0.03779815 |
|    clip_fraction        | 0.31       |
|    clip_range           | 0.2        |
|    entropy_loss         | -11.2      |
|    explained_variance   | 0.571      |
|    learning_rate        | 0.0003     |
|    loss                 | -0.15      |
|    n_updates            | 510        |
|    policy_gradient_loss | -0.0307    |
|    std                  | 1.21       |
|    value_loss           | 0.00299    |
----------------------------------------
-----------------------------------------
| rollout/                |             |
|    ep_len_mean          | 129         |
|    ep_rew_mean          | 0.86        |
| time/                   |             |
|    fps                  | 3           |
|    iterations           | 53          |
|    time_elapsed         | 31980       |
|    total_timesteps      | 108544      |
| train/                  |             |
|    approx_kl            | 0.033042334 |
|    clip_fraction        | 0.324       |
|    clip_range           | 0.2         |
|    entropy_loss         | -11.3       |
|    explained_variance   | 0.828       |
|    learning_rate        | 0.0003      |
|    loss                 | -0.179      |
|    n_updates            | 520         |
|    policy_gradient_loss | -0.0374     |
|    std                  | 1.21        |
|    value_loss           | 0.00239     |
-----------------------------------------
Eval num_timesteps=110000, episode_reward=1.00 +/- 0.00
Episode length: 109.85 +/- 10.94
-----------------------------------------
| eval/                   |             |
|    mean_ep_length       | 110         |
|    mean_reward          | 1           |
| time/                   |             |
|    total_timesteps      | 110000      |
| train/                  |             |
|    approx_kl            | 0.040223517 |
|    clip_fraction        | 0.341       |
|    clip_range           | 0.2         |
|    entropy_loss         | -11.2       |
|    explained_variance   | 0.827       |
|    learning_rate        | 0.0003      |
|    loss                 | -0.144      |
|    n_updates            | 530         |
|    policy_gradient_loss | -0.0376     |
|    std                  | 1.21        |
|    value_loss           | 0.0017      |
-----------------------------------------
---------------------------------
| rollout/           |          |
|    ep_len_mean     | 128      |
|    ep_rew_mean     | 0.88     |
| time/              |          |
|    fps             | 3        |
|    iterations      | 54       |
|    time_elapsed    | 33015    |
|    total_timesteps | 110592   |
---------------------------------
-----------------------------------------
| rollout/                |             |
|    ep_len_mean          | 125         |
|    ep_rew_mean          | 0.91        |
| time/                   |             |
|    fps                  | 3           |
|    iterations           | 55          |
|    time_elapsed         | 33522       |
|    total_timesteps      | 112640      |
| train/                  |             |
|    approx_kl            | 0.034133643 |
|    clip_fraction        | 0.344       |
|    clip_range           | 0.2         |
|    entropy_loss         | -11.2       |
|    explained_variance   | 0.919       |
|    learning_rate        | 0.0003      |
|    loss                 | -0.168      |
|    n_updates            | 540         |
|    policy_gradient_loss | -0.0329     |
|    std                  | 1.21        |
|    value_loss           | 0.00109     |
-----------------------------------------
----------------------------------------
| rollout/                |            |
|    ep_len_mean          | 127        |
|    ep_rew_mean          | 0.88       |
| time/                   |            |
|    fps                  | 3          |
|    iterations           | 56         |
|    time_elapsed         | 34024      |
|    total_timesteps      | 114688     |
| train/                  |            |
|    approx_kl            | 0.03678392 |
|    clip_fraction        | 0.358      |
|    clip_range           | 0.2        |
|    entropy_loss         | -11.2      |
|    explained_variance   | 0.9        |
|    learning_rate        | 0.0003     |
|    loss                 | -0.156     |
|    n_updates            | 550        |
|    policy_gradient_loss | -0.0345    |
|    std                  | 1.21       |
|    value_loss           | 0.00105    |
----------------------------------------
-----------------------------------------
| rollout/                |             |
|    ep_len_mean          | 123         |
|    ep_rew_mean          | 0.9         |
| time/                   |             |
|    fps                  | 3           |
|    iterations           | 57          |
|    time_elapsed         | 34526       |
|    total_timesteps      | 116736      |
| train/                  |             |
|    approx_kl            | 0.036334913 |
|    clip_fraction        | 0.325       |
|    clip_range           | 0.2         |
|    entropy_loss         | -11.3       |
|    explained_variance   | 0.832       |
|    learning_rate        | 0.0003      |
|    loss                 | -0.165      |
|    n_updates            | 560         |
|    policy_gradient_loss | -0.0336     |
|    std                  | 1.21        |
|    value_loss           | 0.00128     |
-----------------------------------------
-----------------------------------------
| rollout/                |             |
|    ep_len_mean          | 121         |
|    ep_rew_mean          | 0.93        |
| time/                   |             |
|    fps                  | 3           |
|    iterations           | 58          |
|    time_elapsed         | 35033       |
|    total_timesteps      | 118784      |
| train/                  |             |
|    approx_kl            | 0.040665776 |
|    clip_fraction        | 0.35        |
|    clip_range           | 0.2         |
|    entropy_loss         | -11.3       |
|    explained_variance   | 0.929       |
|    learning_rate        | 0.0003      |
|    loss                 | -0.151      |
|    n_updates            | 570         |
|    policy_gradient_loss | -0.0336     |
|    std                  | 1.22        |
|    value_loss           | 0.000772    |
-----------------------------------------
Eval num_timesteps=120000, episode_reward=0.95 +/- 0.22
Episode length: 112.70 +/- 20.48
-----------------------------------------
| eval/                   |             |
|    mean_ep_length       | 113         |
|    mean_reward          | 0.95        |
| time/                   |             |
|    total_timesteps      | 120000      |
| train/                  |             |
|    approx_kl            | 0.037954222 |
|    clip_fraction        | 0.334       |
|    clip_range           | 0.2         |
|    entropy_loss         | -11.3       |
|    explained_variance   | 0.92        |
|    learning_rate        | 0.0003      |
|    loss                 | -0.18       |
|    n_updates            | 580         |
|    policy_gradient_loss | -0.0336     |
|    std                  | 1.22        |
|    value_loss           | 0.000946    |
-----------------------------------------
---------------------------------
| rollout/           |          |
|    ep_len_mean     | 122      |
|    ep_rew_mean     | 0.93     |
| time/              |          |
|    fps             | 3        |
|    iterations      | 59       |
|    time_elapsed    | 36064    |
|    total_timesteps | 120832   |
---------------------------------
-----------------------------------------
| rollout/                |             |
|    ep_len_mean          | 120         |
|    ep_rew_mean          | 0.93        |
| time/                   |             |
|    fps                  | 3           |
|    iterations           | 60          |
|    time_elapsed         | 36568       |
|    total_timesteps      | 122880      |
| train/                  |             |
|    approx_kl            | 0.042211033 |
|    clip_fraction        | 0.338       |
|    clip_range           | 0.2         |
|    entropy_loss         | -11.3       |
|    explained_variance   | 0.887       |
|    learning_rate        | 0.0003      |
|    loss                 | -0.2        |
|    n_updates            | 590         |
|    policy_gradient_loss | -0.037      |
|    std                  | 1.22        |
|    value_loss           | 0.000914    |
-----------------------------------------
-----------------------------------------
| rollout/                |             |
|    ep_len_mean          | 120         |
|    ep_rew_mean          | 0.93        |
| time/                   |             |
|    fps                  | 3           |
|    iterations           | 61          |
|    time_elapsed         | 37076       |
|    total_timesteps      | 124928      |
| train/                  |             |
|    approx_kl            | 0.038901903 |
|    clip_fraction        | 0.364       |
|    clip_range           | 0.2         |
|    entropy_loss         | -11.3       |
|    explained_variance   | 0.97        |
|    learning_rate        | 0.0003      |
|    loss                 | -0.153      |
|    n_updates            | 600         |
|    policy_gradient_loss | -0.0325     |
|    std                  | 1.23        |
|    value_loss           | 0.000407    |
-----------------------------------------
-----------------------------------------
| rollout/                |             |
|    ep_len_mean          | 118         |
|    ep_rew_mean          | 0.96        |
| time/                   |             |
|    fps                  | 3           |
|    iterations           | 62          |
|    time_elapsed         | 37587       |
|    total_timesteps      | 126976      |
| train/                  |             |
|    approx_kl            | 0.034414403 |
|    clip_fraction        | 0.327       |
|    clip_range           | 0.2         |
|    entropy_loss         | -11.4       |
|    explained_variance   | 0.986       |
|    learning_rate        | 0.0003      |
|    loss                 | -0.17       |
|    n_updates            | 610         |
|    policy_gradient_loss | -0.0387     |
|    std                  | 1.23        |
|    value_loss           | 0.000311    |
-----------------------------------------
-----------------------------------------
| rollout/                |             |
|    ep_len_mean          | 118         |
|    ep_rew_mean          | 0.97        |
| time/                   |             |
|    fps                  | 3           |
|    iterations           | 63          |
|    time_elapsed         | 38097       |
|    total_timesteps      | 129024      |
| train/                  |             |
|    approx_kl            | 0.035694525 |
|    clip_fraction        | 0.356       |
|    clip_range           | 0.2         |
|    entropy_loss         | -11.4       |
|    explained_variance   | 0.99        |
|    learning_rate        | 0.0003      |
|    loss                 | -0.191      |
|    n_updates            | 620         |
|    policy_gradient_loss | -0.0329     |
|    std                  | 1.23        |
|    value_loss           | 0.000202    |
-----------------------------------------
Eval num_timesteps=130000, episode_reward=0.95 +/- 0.22
Episode length: 112.25 +/- 20.67
----------------------------------------
| eval/                   |            |
|    mean_ep_length       | 112        |
|    mean_reward          | 0.95       |
| time/                   |            |
|    total_timesteps      | 130000     |
| train/                  |            |
|    approx_kl            | 0.03711802 |
|    clip_fraction        | 0.359      |
|    clip_range           | 0.2        |
|    entropy_loss         | -11.4      |
|    explained_variance   | 0.99       |
|    learning_rate        | 0.0003     |
|    loss                 | -0.127     |
|    n_updates            | 630        |
|    policy_gradient_loss | -0.0323    |
|    std                  | 1.24       |
|    value_loss           | 0.000194   |
----------------------------------------
---------------------------------
| rollout/           |          |
|    ep_len_mean     | 119      |
|    ep_rew_mean     | 0.95     |
| time/              |          |
|    fps             | 3        |
|    iterations      | 64       |
|    time_elapsed    | 39134    |
|    total_timesteps | 131072   |
---------------------------------
-----------------------------------------
| rollout/                |             |
|    ep_len_mean          | 119         |
|    ep_rew_mean          | 0.95        |
| time/                   |             |
|    fps                  | 3           |
|    iterations           | 65          |
|    time_elapsed         | 39643       |
|    total_timesteps      | 133120      |
| train/                  |             |
|    approx_kl            | 0.044260487 |
|    clip_fraction        | 0.351       |
|    clip_range           | 0.2         |
|    entropy_loss         | -11.5       |
|    explained_variance   | 0.892       |
|    learning_rate        | 0.0003      |
|    loss                 | -0.188      |
|    n_updates            | 640         |
|    policy_gradient_loss | -0.051      |
|    std                  | 1.25        |
|    value_loss           | 0.000744    |
-----------------------------------------
---------------------------------------
| rollout/                |           |
|    ep_len_mean          | 120       |
|    ep_rew_mean          | 0.93      |
| time/                   |           |
|    fps                  | 3         |
|    iterations           | 66        |
|    time_elapsed         | 40152     |
|    total_timesteps      | 135168    |
| train/                  |           |
|    approx_kl            | 0.0491262 |
|    clip_fraction        | 0.321     |
|    clip_range           | 0.2       |
|    entropy_loss         | -11.5     |
|    explained_variance   | 0.893     |
|    learning_rate        | 0.0003    |
|    loss                 | -0.143    |
|    n_updates            | 650       |
|    policy_gradient_loss | -0.0394   |
|    std                  | 1.25      |
|    value_loss           | 0.000611  |
---------------------------------------
----------------------------------------
| rollout/                |            |
|    ep_len_mean          | 121        |
|    ep_rew_mean          | 0.91       |
| time/                   |            |
|    fps                  | 3          |
|    iterations           | 67         |
|    time_elapsed         | 40652      |
|    total_timesteps      | 137216     |
| train/                  |            |
|    approx_kl            | 0.04008031 |
|    clip_fraction        | 0.329      |
|    clip_range           | 0.2        |
|    entropy_loss         | -11.5      |
|    explained_variance   | 0.877      |
|    learning_rate        | 0.0003     |
|    loss                 | -0.153     |
|    n_updates            | 660        |
|    policy_gradient_loss | -0.0367    |
|    std                  | 1.25       |
|    value_loss           | 0.0015     |
----------------------------------------
-----------------------------------------
| rollout/                |             |
|    ep_len_mean          | 124         |
|    ep_rew_mean          | 0.88        |
| time/                   |             |
|    fps                  | 3           |
|    iterations           | 68          |
|    time_elapsed         | 41154       |
|    total_timesteps      | 139264      |
| train/                  |             |
|    approx_kl            | 0.044844493 |
|    clip_fraction        | 0.329       |
|    clip_range           | 0.2         |
|    entropy_loss         | -11.5       |
|    explained_variance   | 0.849       |
|    learning_rate        | 0.0003      |
|    loss                 | -0.166      |
|    n_updates            | 670         |
|    policy_gradient_loss | -0.027      |
|    std                  | 1.26        |
|    value_loss           | 0.00178     |
-----------------------------------------
Eval num_timesteps=140000, episode_reward=0.70 +/- 0.46
Episode length: 138.05 +/- 41.63
-----------------------------------------
| eval/                   |             |
|    mean_ep_length       | 138         |
|    mean_reward          | 0.7         |
| time/                   |             |
|    total_timesteps      | 140000      |
| train/                  |             |
|    approx_kl            | 0.042762496 |
|    clip_fraction        | 0.339       |
|    clip_range           | 0.2         |
|    entropy_loss         | -11.6       |
|    explained_variance   | 0.835       |
|    learning_rate        | 0.0003      |
|    loss                 | -0.166      |
|    n_updates            | 680         |
|    policy_gradient_loss | -0.0384     |
|    std                  | 1.27        |
|    value_loss           | 0.00155     |
-----------------------------------------
---------------------------------
| rollout/           |          |
|    ep_len_mean     | 126      |
|    ep_rew_mean     | 0.85     |
| time/              |          |
|    fps             | 3        |
|    iterations      | 69       |
|    time_elapsed    | 42304    |
|    total_timesteps | 141312   |
---------------------------------
-----------------------------------------
| rollout/                |             |
|    ep_len_mean          | 124         |
|    ep_rew_mean          | 0.87        |
| time/                   |             |
|    fps                  | 3           |
|    iterations           | 70          |
|    time_elapsed         | 42809       |
|    total_timesteps      | 143360      |
| train/                  |             |
|    approx_kl            | 0.044346467 |
|    clip_fraction        | 0.343       |
|    clip_range           | 0.2         |
|    entropy_loss         | -11.6       |
|    explained_variance   | 0.839       |
|    learning_rate        | 0.0003      |
|    loss                 | -0.172      |
|    n_updates            | 690         |
|    policy_gradient_loss | -0.0393     |
|    std                  | 1.27        |
|    value_loss           | 0.00228     |
-----------------------------------------
----------------------------------------
| rollout/                |            |
|    ep_len_mean          | 124        |
|    ep_rew_mean          | 0.87       |
| time/                   |            |
|    fps                  | 3          |
|    iterations           | 71         |
|    time_elapsed         | 43317      |
|    total_timesteps      | 145408     |
| train/                  |            |
|    approx_kl            | 0.04107348 |
|    clip_fraction        | 0.37       |
|    clip_range           | 0.2        |
|    entropy_loss         | -11.6      |
|    explained_variance   | 0.863      |
|    learning_rate        | 0.0003     |
|    loss                 | -0.173     |
|    n_updates            | 700        |
|    policy_gradient_loss | -0.0329    |
|    std                  | 1.27       |
|    value_loss           | 0.0011     |
----------------------------------------
-----------------------------------------
| rollout/                |             |
|    ep_len_mean          | 125         |
|    ep_rew_mean          | 0.86        |
| time/                   |             |
|    fps                  | 3           |
|    iterations           | 72          |
|    time_elapsed         | 43822       |
|    total_timesteps      | 147456      |
| train/                  |             |
|    approx_kl            | 0.042775895 |
|    clip_fraction        | 0.345       |
|    clip_range           | 0.2         |
|    entropy_loss         | -11.6       |
|    explained_variance   | 0.855       |
|    learning_rate        | 0.0003      |
|    loss                 | -0.172      |
|    n_updates            | 710         |
|    policy_gradient_loss | -0.0402     |
|    std                  | 1.27        |
|    value_loss           | 0.00238     |
-----------------------------------------
-----------------------------------------
| rollout/                |             |
|    ep_len_mean          | 123         |
|    ep_rew_mean          | 0.88        |
| time/                   |             |
|    fps                  | 3           |
|    iterations           | 73          |
|    time_elapsed         | 44333       |
|    total_timesteps      | 149504      |
| train/                  |             |
|    approx_kl            | 0.045658864 |
|    clip_fraction        | 0.345       |
|    clip_range           | 0.2         |
|    entropy_loss         | -11.6       |
|    explained_variance   | 0.802       |
|    learning_rate        | 0.0003      |
|    loss                 | -0.169      |
|    n_updates            | 720         |
|    policy_gradient_loss | -0.0393     |
|    std                  | 1.27        |
|    value_loss           | 0.00131     |
-----------------------------------------
Eval num_timesteps=150000, episode_reward=1.00 +/- 0.00
Episode length: 106.30 +/- 9.19
-----------------------------------------
| eval/                   |             |
|    mean_ep_length       | 106         |
|    mean_reward          | 1           |
| time/                   |             |
|    total_timesteps      | 150000      |
| train/                  |             |
|    approx_kl            | 0.040270027 |
|    clip_fraction        | 0.387       |
|    clip_range           | 0.2         |
|    entropy_loss         | -11.6       |
|    explained_variance   | 0.956       |
|    learning_rate        | 0.0003      |
|    loss                 | -0.145      |
|    n_updates            | 730         |
|    policy_gradient_loss | -0.0377     |
|    std                  | 1.27        |
|    value_loss           | 0.000424    |
-----------------------------------------
---------------------------------
| rollout/           |          |
|    ep_len_mean     | 121      |
|    ep_rew_mean     | 0.91     |
| time/              |          |
|    fps             | 3        |
|    iterations      | 74       |
|    time_elapsed    | 45348    |
|    total_timesteps | 151552   |
---------------------------------
----------------------------------------
| rollout/                |            |
|    ep_len_mean          | 120        |
|    ep_rew_mean          | 0.93       |
| time/                   |            |
|    fps                  | 3          |
|    iterations           | 75         |
|    time_elapsed         | 45853      |
|    total_timesteps      | 153600     |
| train/                  |            |
|    approx_kl            | 0.03944207 |
|    clip_fraction        | 0.35       |
|    clip_range           | 0.2        |
|    entropy_loss         | -11.6      |
|    explained_variance   | 0.936      |
|    learning_rate        | 0.0003     |
|    loss                 | -0.101     |
|    n_updates            | 740        |
|    policy_gradient_loss | -0.0304    |
|    std                  | 1.27       |
|    value_loss           | 0.00069    |
----------------------------------------
-----------------------------------------
| rollout/                |             |
|    ep_len_mean          | 121         |
|    ep_rew_mean          | 0.92        |
| time/                   |             |
|    fps                  | 3           |
|    iterations           | 76          |
|    time_elapsed         | 46360       |
|    total_timesteps      | 155648      |
| train/                  |             |
|    approx_kl            | 0.046449304 |
|    clip_fraction        | 0.383       |
|    clip_range           | 0.2         |
|    entropy_loss         | -11.6       |
|    explained_variance   | 0.956       |
|    learning_rate        | 0.0003      |
|    loss                 | -0.126      |
|    n_updates            | 750         |
|    policy_gradient_loss | -0.0361     |
|    std                  | 1.27        |
|    value_loss           | 0.000665    |
-----------------------------------------
-----------------------------------------
| rollout/                |             |
|    ep_len_mean          | 118         |
|    ep_rew_mean          | 0.94        |
| time/                   |             |
|    fps                  | 3           |
|    iterations           | 77          |
|    time_elapsed         | 46871       |
|    total_timesteps      | 157696      |
| train/                  |             |
|    approx_kl            | 0.039360724 |
|    clip_fraction        | 0.338       |
|    clip_range           | 0.2         |
|    entropy_loss         | -11.6       |
|    explained_variance   | 0.927       |
|    learning_rate        | 0.0003      |
|    loss                 | -0.178      |
|    n_updates            | 760         |
|    policy_gradient_loss | -0.0394     |
|    std                  | 1.27        |
|    value_loss           | 0.000824    |
-----------------------------------------
----------------------------------------
| rollout/                |            |
|    ep_len_mean          | 117        |
|    ep_rew_mean          | 0.95       |
| time/                   |            |
|    fps                  | 3          |
|    iterations           | 78         |
|    time_elapsed         | 47374      |
|    total_timesteps      | 159744     |
| train/                  |            |
|    approx_kl            | 0.04682452 |
|    clip_fraction        | 0.357      |
|    clip_range           | 0.2        |
|    entropy_loss         | -11.6      |
|    explained_variance   | 0.908      |
|    learning_rate        | 0.0003     |
|    loss                 | -0.134     |
|    n_updates            | 770        |
|    policy_gradient_loss | -0.0416    |
|    std                  | 1.28       |
|    value_loss           | 0.00107    |
----------------------------------------
Eval num_timesteps=160000, episode_reward=0.95 +/- 0.22
Episode length: 108.90 +/- 21.85
----------------------------------------
| eval/                   |            |
|    mean_ep_length       | 109        |
|    mean_reward          | 0.95       |
| time/                   |            |
|    total_timesteps      | 160000     |
| train/                  |            |
|    approx_kl            | 0.04036576 |
|    clip_fraction        | 0.359      |
|    clip_range           | 0.2        |
|    entropy_loss         | -11.7      |
|    explained_variance   | 0.936      |
|    learning_rate        | 0.0003     |
|    loss                 | -0.187     |
|    n_updates            | 780        |
|    policy_gradient_loss | -0.0367    |
|    std                  | 1.29       |
|    value_loss           | 0.00103    |
----------------------------------------
---------------------------------
| rollout/           |          |
|    ep_len_mean     | 117      |
|    ep_rew_mean     | 0.95     |
| time/              |          |
|    fps             | 3        |
|    iterations      | 79       |
|    time_elapsed    | 48400    |
|    total_timesteps | 161792   |
---------------------------------
-----------------------------------------
| rollout/                |             |
|    ep_len_mean          | 117         |
|    ep_rew_mean          | 0.93        |
| time/                   |             |
|    fps                  | 3           |
|    iterations           | 80          |
|    time_elapsed         | 48904       |
|    total_timesteps      | 163840      |
| train/                  |             |
|    approx_kl            | 0.047498804 |
|    clip_fraction        | 0.353       |
|    clip_range           | 0.2         |
|    entropy_loss         | -11.7       |
|    explained_variance   | 0.957       |
|    learning_rate        | 0.0003      |
|    loss                 | -0.177      |
|    n_updates            | 790         |
|    policy_gradient_loss | -0.0383     |
|    std                  | 1.3         |
|    value_loss           | 0.000444    |
-----------------------------------------
----------------------------------------
| rollout/                |            |
|    ep_len_mean          | 120        |
|    ep_rew_mean          | 0.89       |
| time/                   |            |
|    fps                  | 3          |
|    iterations           | 81         |
|    time_elapsed         | 49404      |
|    total_timesteps      | 165888     |
| train/                  |            |
|    approx_kl            | 0.04609347 |
|    clip_fraction        | 0.387      |
|    clip_range           | 0.2        |
|    entropy_loss         | -11.8      |
|    explained_variance   | 0.921      |
|    learning_rate        | 0.0003     |
|    loss                 | -0.181     |
|    n_updates            | 800        |
|    policy_gradient_loss | -0.0364    |
|    std                  | 1.3        |
|    value_loss           | 0.00112    |
----------------------------------------
-----------------------------------------
| rollout/                |             |
|    ep_len_mean          | 118         |
|    ep_rew_mean          | 0.91        |
| time/                   |             |
|    fps                  | 3           |
|    iterations           | 82          |
|    time_elapsed         | 49919       |
|    total_timesteps      | 167936      |
| train/                  |             |
|    approx_kl            | 0.041207816 |
|    clip_fraction        | 0.382       |
|    clip_range           | 0.2         |
|    entropy_loss         | -11.8       |
|    explained_variance   | 0.865       |
|    learning_rate        | 0.0003      |
|    loss                 | -0.166      |
|    n_updates            | 810         |
|    policy_gradient_loss | -0.0431     |
|    std                  | 1.31        |
|    value_loss           | 0.00159     |
-----------------------------------------
-----------------------------------------
| rollout/                |             |
|    ep_len_mean          | 118         |
|    ep_rew_mean          | 0.92        |
| time/                   |             |
|    fps                  | 3           |
|    iterations           | 83          |
|    time_elapsed         | 50425       |
|    total_timesteps      | 169984      |
| train/                  |             |
|    approx_kl            | 0.041485235 |
|    clip_fraction        | 0.367       |
|    clip_range           | 0.2         |
|    entropy_loss         | -11.8       |
|    explained_variance   | 0.961       |
|    learning_rate        | 0.0003      |
|    loss                 | -0.149      |
|    n_updates            | 820         |
|    policy_gradient_loss | -0.0391     |
|    std                  | 1.31        |
|    value_loss           | 0.000428    |
-----------------------------------------
Eval num_timesteps=170000, episode_reward=0.90 +/- 0.30
Episode length: 113.20 +/- 29.58
-----------------------------------------
| eval/                   |             |
|    mean_ep_length       | 113         |
|    mean_reward          | 0.9         |
| time/                   |             |
|    total_timesteps      | 170000      |
| train/                  |             |
|    approx_kl            | 0.037790217 |
|    clip_fraction        | 0.389       |
|    clip_range           | 0.2         |
|    entropy_loss         | -11.8       |
|    explained_variance   | 0.984       |
|    learning_rate        | 0.0003      |
|    loss                 | -0.161      |
|    n_updates            | 830         |
|    policy_gradient_loss | -0.0419     |
|    std                  | 1.32        |
|    value_loss           | 0.00027     |
-----------------------------------------
---------------------------------
| rollout/           |          |
|    ep_len_mean     | 115      |
|    ep_rew_mean     | 0.94     |
| time/              |          |
|    fps             | 3        |
|    iterations      | 84       |
|    time_elapsed    | 51477    |
|    total_timesteps | 172032   |
---------------------------------
----------------------------------------
| rollout/                |            |
|    ep_len_mean          | 114        |
|    ep_rew_mean          | 0.95       |
| time/                   |            |
|    fps                  | 3          |
|    iterations           | 85         |
|    time_elapsed         | 51983      |
|    total_timesteps      | 174080     |
| train/                  |            |
|    approx_kl            | 0.04463669 |
|    clip_fraction        | 0.388      |
|    clip_range           | 0.2        |
|    entropy_loss         | -11.8      |
|    explained_variance   | 0.992      |
|    learning_rate        | 0.0003     |
|    loss                 | -0.214     |
|    n_updates            | 840        |
|    policy_gradient_loss | -0.0375    |
|    std                  | 1.32       |
|    value_loss           | 0.000143   |
----------------------------------------
----------------------------------------
| rollout/                |            |
|    ep_len_mean          | 113        |
|    ep_rew_mean          | 0.96       |
| time/                   |            |
|    fps                  | 3          |
|    iterations           | 86         |
|    time_elapsed         | 52491      |
|    total_timesteps      | 176128     |
| train/                  |            |
|    approx_kl            | 0.04775062 |
|    clip_fraction        | 0.375      |
|    clip_range           | 0.2        |
|    entropy_loss         | -11.9      |
|    explained_variance   | 0.953      |
|    learning_rate        | 0.0003     |
|    loss                 | -0.169     |
|    n_updates            | 850        |
|    policy_gradient_loss | -0.0379    |
|    std                  | 1.32       |
|    value_loss           | 0.000763   |
----------------------------------------
-----------------------------------------
| rollout/                |             |
|    ep_len_mean          | 112         |
|    ep_rew_mean          | 0.97        |
| time/                   |             |
|    fps                  | 3           |
|    iterations           | 87          |
|    time_elapsed         | 53006       |
|    total_timesteps      | 178176      |
| train/                  |             |
|    approx_kl            | 0.052142154 |
|    clip_fraction        | 0.354       |
|    clip_range           | 0.2         |
|    entropy_loss         | -11.9       |
|    explained_variance   | 0.962       |
|    learning_rate        | 0.0003      |
|    loss                 | -0.124      |
|    n_updates            | 860         |
|    policy_gradient_loss | -0.0374     |
|    std                  | 1.32        |
|    value_loss           | 0.000406    |
-----------------------------------------
Eval num_timesteps=180000, episode_reward=1.00 +/- 0.00
Episode length: 104.40 +/- 7.03
-----------------------------------------
| eval/                   |             |
|    mean_ep_length       | 104         |
|    mean_reward          | 1           |
| time/                   |             |
|    total_timesteps      | 180000      |
| train/                  |             |
|    approx_kl            | 0.056077305 |
|    clip_fraction        | 0.37        |
|    clip_range           | 0.2         |
|    entropy_loss         | -11.9       |
|    explained_variance   | 0.935       |
|    learning_rate        | 0.0003      |
|    loss                 | -0.165      |
|    n_updates            | 870         |
|    policy_gradient_loss | -0.0368     |
|    std                  | 1.32        |
|    value_loss           | 0.00091     |
-----------------------------------------
---------------------------------
| rollout/           |          |
|    ep_len_mean     | 113      |
|    ep_rew_mean     | 0.96     |
| time/              |          |
|    fps             | 3        |
|    iterations      | 88       |
|    time_elapsed    | 54006    |
|    total_timesteps | 180224   |
---------------------------------
-----------------------------------------
| rollout/                |             |
|    ep_len_mean          | 114         |
|    ep_rew_mean          | 0.94        |
| time/                   |             |
|    fps                  | 3           |
|    iterations           | 89          |
|    time_elapsed         | 54518       |
|    total_timesteps      | 182272      |
| train/                  |             |
|    approx_kl            | 0.034514997 |
|    clip_fraction        | 0.336       |
|    clip_range           | 0.2         |
|    entropy_loss         | -11.9       |
|    explained_variance   | 0.941       |
|    learning_rate        | 0.0003      |
|    loss                 | -0.163      |
|    n_updates            | 880         |
|    policy_gradient_loss | -0.0328     |
|    std                  | 1.32        |
|    value_loss           | 0.000555    |
-----------------------------------------
-----------------------------------------
| rollout/                |             |
|    ep_len_mean          | 114         |
|    ep_rew_mean          | 0.93        |
| time/                   |             |
|    fps                  | 3           |
|    iterations           | 90          |
|    time_elapsed         | 55020       |
|    total_timesteps      | 184320      |
| train/                  |             |
|    approx_kl            | 0.043604195 |
|    clip_fraction        | 0.357       |
|    clip_range           | 0.2         |
|    entropy_loss         | -11.9       |
|    explained_variance   | 0.877       |
|    learning_rate        | 0.0003      |
|    loss                 | -0.181      |
|    n_updates            | 890         |
|    policy_gradient_loss | -0.036      |
|    std                  | 1.32        |
|    value_loss           | 0.00184     |
-----------------------------------------
----------------------------------------
| rollout/                |            |
|    ep_len_mean          | 114        |
|    ep_rew_mean          | 0.93       |
| time/                   |            |
|    fps                  | 3          |
|    iterations           | 91         |
|    time_elapsed         | 55527      |
|    total_timesteps      | 186368     |
| train/                  |            |
|    approx_kl            | 0.05102913 |
|    clip_fraction        | 0.342      |
|    clip_range           | 0.2        |
|    entropy_loss         | -11.9      |
|    explained_variance   | 0.951      |
|    learning_rate        | 0.0003     |
|    loss                 | -0.168     |
|    n_updates            | 900        |
|    policy_gradient_loss | -0.0391    |
|    std                  | 1.33       |
|    value_loss           | 0.00043    |
----------------------------------------
-----------------------------------------
| rollout/                |             |
|    ep_len_mean          | 113         |
|    ep_rew_mean          | 0.94        |
| time/                   |             |
|    fps                  | 3           |
|    iterations           | 92          |
|    time_elapsed         | 56042       |
|    total_timesteps      | 188416      |
| train/                  |             |
|    approx_kl            | 0.044572167 |
|    clip_fraction        | 0.376       |
|    clip_range           | 0.2         |
|    entropy_loss         | -11.9       |
|    explained_variance   | 0.954       |
|    learning_rate        | 0.0003      |
|    loss                 | -0.179      |
|    n_updates            | 910         |
|    policy_gradient_loss | -0.0357     |
|    std                  | 1.33        |
|    value_loss           | 0.000623    |
-----------------------------------------
Eval num_timesteps=190000, episode_reward=1.00 +/- 0.00
Episode length: 104.45 +/- 5.55
-----------------------------------------
| eval/                   |             |
|    mean_ep_length       | 104         |
|    mean_reward          | 1           |
| time/                   |             |
|    total_timesteps      | 190000      |
| train/                  |             |
|    approx_kl            | 0.045538865 |
|    clip_fraction        | 0.401       |
|    clip_range           | 0.2         |
|    entropy_loss         | -11.9       |
|    explained_variance   | 0.971       |
|    learning_rate        | 0.0003      |
|    loss                 | -0.13       |
|    n_updates            | 920         |
|    policy_gradient_loss | -0.0383     |
|    std                  | 1.34        |
|    value_loss           | 0.000367    |
-----------------------------------------
---------------------------------
| rollout/           |          |
|    ep_len_mean     | 113      |
|    ep_rew_mean     | 0.94     |
| time/              |          |
|    fps             | 3        |
|    iterations      | 93       |
|    time_elapsed    | 57044    |
|    total_timesteps | 190464   |
---------------------------------
-----------------------------------------
| rollout/                |             |
|    ep_len_mean          | 114         |
|    ep_rew_mean          | 0.94        |
| time/                   |             |
|    fps                  | 3           |
|    iterations           | 94          |
|    time_elapsed         | 57549       |
|    total_timesteps      | 192512      |
| train/                  |             |
|    approx_kl            | 0.037116565 |
|    clip_fraction        | 0.332       |
|    clip_range           | 0.2         |
|    entropy_loss         | -12         |
|    explained_variance   | 0.898       |
|    learning_rate        | 0.0003      |
|    loss                 | -0.165      |
|    n_updates            | 930         |
|    policy_gradient_loss | -0.0345     |
|    std                  | 1.34        |
|    value_loss           | 0.00107     |
-----------------------------------------
-----------------------------------------
| rollout/                |             |
|    ep_len_mean          | 115         |
|    ep_rew_mean          | 0.93        |
| time/                   |             |
|    fps                  | 3           |
|    iterations           | 95          |
|    time_elapsed         | 58054       |
|    total_timesteps      | 194560      |
| train/                  |             |
|    approx_kl            | 0.044892605 |
|    clip_fraction        | 0.344       |
|    clip_range           | 0.2         |
|    entropy_loss         | -12         |
|    explained_variance   | 0.795       |
|    learning_rate        | 0.0003      |
|    loss                 | -0.163      |
|    n_updates            | 940         |
|    policy_gradient_loss | -0.0361     |
|    std                  | 1.34        |
|    value_loss           | 0.0024      |
-----------------------------------------
-----------------------------------------
| rollout/                |             |
|    ep_len_mean          | 116         |
|    ep_rew_mean          | 0.92        |
| time/                   |             |
|    fps                  | 3           |
|    iterations           | 96          |
|    time_elapsed         | 58560       |
|    total_timesteps      | 196608      |
| train/                  |             |
|    approx_kl            | 0.043260887 |
|    clip_fraction        | 0.346       |
|    clip_range           | 0.2         |
|    entropy_loss         | -12         |
|    explained_variance   | 0.903       |
|    learning_rate        | 0.0003      |
|    loss                 | -0.172      |
|    n_updates            | 950         |
|    policy_gradient_loss | -0.0406     |
|    std                  | 1.35        |
|    value_loss           | 0.00199     |
-----------------------------------------
