Gym has been unmaintained since 2022 and does not support NumPy 2.0 amongst other critical functionality.
Please upgrade to Gymnasium, the maintained drop-in replacement of Gym, or contact the authors of your software and request that they upgrade.
See the migration guide at https://gymnasium.farama.org/introduction/migration_guide/ for additional information.
/234/miniconda/envs/libero/lib/python3.8/site-packages/torch/utils/tensorboard/__init__.py:4: DeprecationWarning: distutils Version classes are deprecated. Use packaging.version instead.
  if not hasattr(tensorboard, "__version__") or LooseVersion(
/234/miniconda/envs/libero/lib/python3.8/site-packages/robosuite/__init__.py:7: DeprecationWarning: The 'warn' method is deprecated, use 'warning' instead
  ROBOSUITE_DEFAULT_LOGGER.warn("No private macro file found!")
[robosuite WARNING] No private macro file found! (__init__.py:7)
[robosuite WARNING] It is recommended to use a private macro file (__init__.py:8)
[robosuite WARNING] To setup, run: python /234/miniconda/envs/libero/lib/python3.8/site-packages/robosuite/scripts/setup_macros.py (__init__.py:9)
/234/miniconda/envs/libero/lib/python3.8/site-packages/thop/profile.py:12: DeprecationWarning: distutils Version classes are deprecated. Use packaging.version instead.
  if LooseVersion(torch.__version__) < LooseVersion("1.0.0"):
[info] using task orders [0, 1, 2, 3, 4, 5, 6, 7, 8, 9]
Task 3: BC + Vanilla PPO (sparse reward only)...

============= Initialized Observation Utils with Obs Spec =============

using obs modality: rgb with keys: ['agentview_rgb', 'eye_in_hand_rgb']
using obs modality: depth with keys: []
using obs modality: low_dim with keys: ['joint_states', 'gripper_states']
SequenceDataset: loading dataset into memory...
  0%|          | 0/50 [00:00<?, ?it/s]100%|██████████| 50/50 [00:00<00:00, 1274.97it/s]
Using cuda device
Logging to /234/outputs/ppo_bc_vanilla/task3/tb_logs/PPO_1
---------------------------------
| rollout/           |          |
|    ep_len_mean     | 123      |
|    ep_rew_mean     | 0.75     |
| time/              |          |
|    fps             | 12       |
|    iterations      | 1        |
|    time_elapsed    | 163      |
|    total_timesteps | 2048     |
---------------------------------
-----------------------------------------
| rollout/                |             |
|    ep_len_mean          | 120         |
|    ep_rew_mean          | 0.765       |
| time/                   |             |
|    fps                  | 6           |
|    iterations           | 2           |
|    time_elapsed         | 654         |
|    total_timesteps      | 4096        |
| train/                  |             |
|    approx_kl            | 0.017647712 |
|    clip_fraction        | 0.223       |
|    clip_range           | 0.2         |
|    entropy_loss         | -9.96       |
|    explained_variance   | -0.148      |
|    learning_rate        | 0.0003      |
|    loss                 | -0.111      |
|    n_updates            | 10          |
|    policy_gradient_loss | -0.0212     |
|    std                  | 1.01        |
|    value_loss           | 0.00868     |
-----------------------------------------
-----------------------------------------
| rollout/                |             |
|    ep_len_mean          | 123         |
|    ep_rew_mean          | 0.74        |
| time/                   |             |
|    fps                  | 5           |
|    iterations           | 3           |
|    time_elapsed         | 1139        |
|    total_timesteps      | 6144        |
| train/                  |             |
|    approx_kl            | 0.021188121 |
|    clip_fraction        | 0.246       |
|    clip_range           | 0.2         |
|    entropy_loss         | -9.99       |
|    explained_variance   | 0.51        |
|    learning_rate        | 0.0003      |
|    loss                 | -0.139      |
|    n_updates            | 20          |
|    policy_gradient_loss | -0.0229     |
|    std                  | 1.01        |
|    value_loss           | 0.00366     |
-----------------------------------------
-----------------------------------------
| rollout/                |             |
|    ep_len_mean          | 124         |
|    ep_rew_mean          | 0.742       |
| time/                   |             |
|    fps                  | 5           |
|    iterations           | 4           |
|    time_elapsed         | 1630        |
|    total_timesteps      | 8192        |
| train/                  |             |
|    approx_kl            | 0.019856287 |
|    clip_fraction        | 0.252       |
|    clip_range           | 0.2         |
|    entropy_loss         | -10         |
|    explained_variance   | 0.752       |
|    learning_rate        | 0.0003      |
|    loss                 | -0.12       |
|    n_updates            | 30          |
|    policy_gradient_loss | -0.0243     |
|    std                  | 1.02        |
|    value_loss           | 0.00222     |
-----------------------------------------
Eval num_timesteps=10000, episode_reward=0.90 +/- 0.30
Episode length: 106.65 +/- 32.23
-----------------------------------------
| eval/                   |             |
|    mean_ep_length       | 107         |
|    mean_reward          | 0.9         |
| time/                   |             |
|    total_timesteps      | 10000       |
| train/                  |             |
|    approx_kl            | 0.021758227 |
|    clip_fraction        | 0.254       |
|    clip_range           | 0.2         |
|    entropy_loss         | -10.1       |
|    explained_variance   | 0.815       |
|    learning_rate        | 0.0003      |
|    loss                 | -0.13       |
|    n_updates            | 40          |
|    policy_gradient_loss | -0.0218     |
|    std                  | 1.03        |
|    value_loss           | 0.0027      |
-----------------------------------------
New best mean reward!
---------------------------------
| rollout/           |          |
|    ep_len_mean     | 122      |
|    ep_rew_mean     | 0.762    |
| time/              |          |
|    fps             | 3        |
|    iterations      | 5        |
|    time_elapsed    | 2643     |
|    total_timesteps | 10240    |
---------------------------------
-----------------------------------------
| rollout/                |             |
|    ep_len_mean          | 120         |
|    ep_rew_mean          | 0.77        |
| time/                   |             |
|    fps                  | 3           |
|    iterations           | 6           |
|    time_elapsed         | 3139        |
|    total_timesteps      | 12288       |
| train/                  |             |
|    approx_kl            | 0.020337183 |
|    clip_fraction        | 0.267       |
|    clip_range           | 0.2         |
|    entropy_loss         | -10.1       |
|    explained_variance   | 0.873       |
|    learning_rate        | 0.0003      |
|    loss                 | -0.134      |
|    n_updates            | 50          |
|    policy_gradient_loss | -0.0231     |
|    std                  | 1.03        |
|    value_loss           | 0.0027      |
-----------------------------------------
-----------------------------------------
| rollout/                |             |
|    ep_len_mean          | 122         |
|    ep_rew_mean          | 0.76        |
| time/                   |             |
|    fps                  | 3           |
|    iterations           | 7           |
|    time_elapsed         | 3630        |
|    total_timesteps      | 14336       |
| train/                  |             |
|    approx_kl            | 0.027150158 |
|    clip_fraction        | 0.294       |
|    clip_range           | 0.2         |
|    entropy_loss         | -10.1       |
|    explained_variance   | 0.885       |
|    learning_rate        | 0.0003      |
|    loss                 | -0.143      |
|    n_updates            | 60          |
|    policy_gradient_loss | -0.0285     |
|    std                  | 1.03        |
|    value_loss           | 0.00311     |
-----------------------------------------
-----------------------------------------
| rollout/                |             |
|    ep_len_mean          | 120         |
|    ep_rew_mean          | 0.79        |
| time/                   |             |
|    fps                  | 3           |
|    iterations           | 8           |
|    time_elapsed         | 4130        |
|    total_timesteps      | 16384       |
| train/                  |             |
|    approx_kl            | 0.030268509 |
|    clip_fraction        | 0.297       |
|    clip_range           | 0.2         |
|    entropy_loss         | -10.2       |
|    explained_variance   | 0.809       |
|    learning_rate        | 0.0003      |
|    loss                 | -0.136      |
|    n_updates            | 70          |
|    policy_gradient_loss | -0.0317     |
|    std                  | 1.04        |
|    value_loss           | 0.00318     |
-----------------------------------------
----------------------------------------
| rollout/                |            |
|    ep_len_mean          | 116        |
|    ep_rew_mean          | 0.83       |
| time/                   |            |
|    fps                  | 3          |
|    iterations           | 9          |
|    time_elapsed         | 4629       |
|    total_timesteps      | 18432      |
| train/                  |            |
|    approx_kl            | 0.02407658 |
|    clip_fraction        | 0.26       |
|    clip_range           | 0.2        |
|    entropy_loss         | -10.2      |
|    explained_variance   | 0.676      |
|    learning_rate        | 0.0003     |
|    loss                 | -0.121     |
|    n_updates            | 80         |
|    policy_gradient_loss | -0.0183    |
|    std                  | 1.04       |
|    value_loss           | 0.00446    |
----------------------------------------
Eval num_timesteps=20000, episode_reward=1.00 +/- 0.00
Episode length: 97.05 +/- 21.43
-----------------------------------------
| eval/                   |             |
|    mean_ep_length       | 97          |
|    mean_reward          | 1           |
| time/                   |             |
|    total_timesteps      | 20000       |
| train/                  |             |
|    approx_kl            | 0.023922585 |
|    clip_fraction        | 0.287       |
|    clip_range           | 0.2         |
|    entropy_loss         | -10.2       |
|    explained_variance   | 0.809       |
|    learning_rate        | 0.0003      |
|    loss                 | -0.117      |
|    n_updates            | 90          |
|    policy_gradient_loss | -0.0263     |
|    std                  | 1.04        |
|    value_loss           | 0.00258     |
-----------------------------------------
New best mean reward!
---------------------------------
| rollout/           |          |
|    ep_len_mean     | 114      |
|    ep_rew_mean     | 0.84     |
| time/              |          |
|    fps             | 3        |
|    iterations      | 10       |
|    time_elapsed    | 5602     |
|    total_timesteps | 20480    |
---------------------------------
-----------------------------------------
| rollout/                |             |
|    ep_len_mean          | 116         |
|    ep_rew_mean          | 0.83        |
| time/                   |             |
|    fps                  | 3           |
|    iterations           | 11          |
|    time_elapsed         | 6102        |
|    total_timesteps      | 22528       |
| train/                  |             |
|    approx_kl            | 0.027550964 |
|    clip_fraction        | 0.317       |
|    clip_range           | 0.2         |
|    entropy_loss         | -10.2       |
|    explained_variance   | 0.846       |
|    learning_rate        | 0.0003      |
|    loss                 | -0.14       |
|    n_updates            | 100         |
|    policy_gradient_loss | -0.0323     |
|    std                  | 1.05        |
|    value_loss           | 0.00247     |
-----------------------------------------
-----------------------------------------
| rollout/                |             |
|    ep_len_mean          | 114         |
|    ep_rew_mean          | 0.85        |
| time/                   |             |
|    fps                  | 3           |
|    iterations           | 12          |
|    time_elapsed         | 6604        |
|    total_timesteps      | 24576       |
| train/                  |             |
|    approx_kl            | 0.028419502 |
|    clip_fraction        | 0.331       |
|    clip_range           | 0.2         |
|    entropy_loss         | -10.3       |
|    explained_variance   | 0.853       |
|    learning_rate        | 0.0003      |
|    loss                 | -0.175      |
|    n_updates            | 110         |
|    policy_gradient_loss | -0.0309     |
|    std                  | 1.05        |
|    value_loss           | 0.00255     |
-----------------------------------------
----------------------------------------
| rollout/                |            |
|    ep_len_mean          | 115        |
|    ep_rew_mean          | 0.83       |
| time/                   |            |
|    fps                  | 3          |
|    iterations           | 13         |
|    time_elapsed         | 7100       |
|    total_timesteps      | 26624      |
| train/                  |            |
|    approx_kl            | 0.02620631 |
|    clip_fraction        | 0.255      |
|    clip_range           | 0.2        |
|    entropy_loss         | -10.3      |
|    explained_variance   | 0.732      |
|    learning_rate        | 0.0003     |
|    loss                 | -0.114     |
|    n_updates            | 120        |
|    policy_gradient_loss | -0.0242    |
|    std                  | 1.05       |
|    value_loss           | 0.00221    |
----------------------------------------
-----------------------------------------
| rollout/                |             |
|    ep_len_mean          | 117         |
|    ep_rew_mean          | 0.81        |
| time/                   |             |
|    fps                  | 3           |
|    iterations           | 14          |
|    time_elapsed         | 7604        |
|    total_timesteps      | 28672       |
| train/                  |             |
|    approx_kl            | 0.029855672 |
|    clip_fraction        | 0.306       |
|    clip_range           | 0.2         |
|    entropy_loss         | -10.3       |
|    explained_variance   | 0.844       |
|    learning_rate        | 0.0003      |
|    loss                 | -0.162      |
|    n_updates            | 130         |
|    policy_gradient_loss | -0.0291     |
|    std                  | 1.05        |
|    value_loss           | 0.00174     |
-----------------------------------------
Eval num_timesteps=30000, episode_reward=0.90 +/- 0.30
Episode length: 101.15 +/- 33.73
-----------------------------------------
| eval/                   |             |
|    mean_ep_length       | 101         |
|    mean_reward          | 0.9         |
| time/                   |             |
|    total_timesteps      | 30000       |
| train/                  |             |
|    approx_kl            | 0.027659506 |
|    clip_fraction        | 0.312       |
|    clip_range           | 0.2         |
|    entropy_loss         | -10.3       |
|    explained_variance   | 0.808       |
|    learning_rate        | 0.0003      |
|    loss                 | -0.129      |
|    n_updates            | 140         |
|    policy_gradient_loss | -0.0269     |
|    std                  | 1.06        |
|    value_loss           | 0.00309     |
-----------------------------------------
---------------------------------
| rollout/           |          |
|    ep_len_mean     | 120      |
|    ep_rew_mean     | 0.79     |
| time/              |          |
|    fps             | 3        |
|    iterations      | 15       |
|    time_elapsed    | 8596     |
|    total_timesteps | 30720    |
---------------------------------
-----------------------------------------
| rollout/                |             |
|    ep_len_mean          | 117         |
|    ep_rew_mean          | 0.82        |
| time/                   |             |
|    fps                  | 3           |
|    iterations           | 16          |
|    time_elapsed         | 9100        |
|    total_timesteps      | 32768       |
| train/                  |             |
|    approx_kl            | 0.032329746 |
|    clip_fraction        | 0.3         |
|    clip_range           | 0.2         |
|    entropy_loss         | -10.3       |
|    explained_variance   | 0.878       |
|    learning_rate        | 0.0003      |
|    loss                 | -0.124      |
|    n_updates            | 150         |
|    policy_gradient_loss | -0.034      |
|    std                  | 1.06        |
|    value_loss           | 0.00273     |
-----------------------------------------
-----------------------------------------
| rollout/                |             |
|    ep_len_mean          | 119         |
|    ep_rew_mean          | 0.79        |
| time/                   |             |
|    fps                  | 3           |
|    iterations           | 17          |
|    time_elapsed         | 9599        |
|    total_timesteps      | 34816       |
| train/                  |             |
|    approx_kl            | 0.025254648 |
|    clip_fraction        | 0.303       |
|    clip_range           | 0.2         |
|    entropy_loss         | -10.3       |
|    explained_variance   | 0.809       |
|    learning_rate        | 0.0003      |
|    loss                 | -0.153      |
|    n_updates            | 160         |
|    policy_gradient_loss | -0.0256     |
|    std                  | 1.06        |
|    value_loss           | 0.00195     |
-----------------------------------------
-----------------------------------------
| rollout/                |             |
|    ep_len_mean          | 112         |
|    ep_rew_mean          | 0.85        |
| time/                   |             |
|    fps                  | 3           |
|    iterations           | 18          |
|    time_elapsed         | 10100       |
|    total_timesteps      | 36864       |
| train/                  |             |
|    approx_kl            | 0.028252209 |
|    clip_fraction        | 0.321       |
|    clip_range           | 0.2         |
|    entropy_loss         | -10.3       |
|    explained_variance   | 0.838       |
|    learning_rate        | 0.0003      |
|    loss                 | -0.163      |
|    n_updates            | 170         |
|    policy_gradient_loss | -0.0346     |
|    std                  | 1.06        |
|    value_loss           | 0.00182     |
-----------------------------------------
-----------------------------------------
| rollout/                |             |
|    ep_len_mean          | 112         |
|    ep_rew_mean          | 0.85        |
| time/                   |             |
|    fps                  | 3           |
|    iterations           | 19          |
|    time_elapsed         | 10592       |
|    total_timesteps      | 38912       |
| train/                  |             |
|    approx_kl            | 0.031503126 |
|    clip_fraction        | 0.325       |
|    clip_range           | 0.2         |
|    entropy_loss         | -10.4       |
|    explained_variance   | 0.908       |
|    learning_rate        | 0.0003      |
|    loss                 | -0.168      |
|    n_updates            | 180         |
|    policy_gradient_loss | -0.0267     |
|    std                  | 1.07        |
|    value_loss           | 0.00143     |
-----------------------------------------
Eval num_timesteps=40000, episode_reward=0.70 +/- 0.46
Episode length: 122.70 +/- 50.90
----------------------------------------
| eval/                   |            |
|    mean_ep_length       | 123        |
|    mean_reward          | 0.7        |
| time/                   |            |
|    total_timesteps      | 40000      |
| train/                  |            |
|    approx_kl            | 0.03255915 |
|    clip_fraction        | 0.335      |
|    clip_range           | 0.2        |
|    entropy_loss         | -10.4      |
|    explained_variance   | 0.762      |
|    learning_rate        | 0.0003     |
|    loss                 | -0.155     |
|    n_updates            | 190        |
|    policy_gradient_loss | -0.0323    |
|    std                  | 1.07       |
|    value_loss           | 0.00267    |
----------------------------------------
---------------------------------
| rollout/           |          |
|    ep_len_mean     | 111      |
|    ep_rew_mean     | 0.85     |
| time/              |          |
|    fps             | 3        |
|    iterations      | 20       |
|    time_elapsed    | 11683    |
|    total_timesteps | 40960    |
---------------------------------
-----------------------------------------
| rollout/                |             |
|    ep_len_mean          | 108         |
|    ep_rew_mean          | 0.86        |
| time/                   |             |
|    fps                  | 3           |
|    iterations           | 21          |
|    time_elapsed         | 12193       |
|    total_timesteps      | 43008       |
| train/                  |             |
|    approx_kl            | 0.037680477 |
|    clip_fraction        | 0.341       |
|    clip_range           | 0.2         |
|    entropy_loss         | -10.5       |
|    explained_variance   | 0.74        |
|    learning_rate        | 0.0003      |
|    loss                 | -0.112      |
|    n_updates            | 200         |
|    policy_gradient_loss | -0.0324     |
|    std                  | 1.08        |
|    value_loss           | 0.00271     |
-----------------------------------------
----------------------------------------
| rollout/                |            |
|    ep_len_mean          | 106        |
|    ep_rew_mean          | 0.88       |
| time/                   |            |
|    fps                  | 3          |
|    iterations           | 22         |
|    time_elapsed         | 12693      |
|    total_timesteps      | 45056      |
| train/                  |            |
|    approx_kl            | 0.03788701 |
|    clip_fraction        | 0.333      |
|    clip_range           | 0.2        |
|    entropy_loss         | -10.5      |
|    explained_variance   | 0.902      |
|    learning_rate        | 0.0003     |
|    loss                 | -0.163     |
|    n_updates            | 210        |
|    policy_gradient_loss | -0.0273    |
|    std                  | 1.08       |
|    value_loss           | 0.00101    |
----------------------------------------
-----------------------------------------
| rollout/                |             |
|    ep_len_mean          | 105         |
|    ep_rew_mean          | 0.89        |
| time/                   |             |
|    fps                  | 3           |
|    iterations           | 23          |
|    time_elapsed         | 13201       |
|    total_timesteps      | 47104       |
| train/                  |             |
|    approx_kl            | 0.034411043 |
|    clip_fraction        | 0.331       |
|    clip_range           | 0.2         |
|    entropy_loss         | -10.5       |
|    explained_variance   | 0.76        |
|    learning_rate        | 0.0003      |
|    loss                 | -0.147      |
|    n_updates            | 220         |
|    policy_gradient_loss | -0.025      |
|    std                  | 1.09        |
|    value_loss           | 0.00158     |
-----------------------------------------
----------------------------------------
| rollout/                |            |
|    ep_len_mean          | 98.1       |
|    ep_rew_mean          | 0.94       |
| time/                   |            |
|    fps                  | 3          |
|    iterations           | 24         |
|    time_elapsed         | 13712      |
|    total_timesteps      | 49152      |
| train/                  |            |
|    approx_kl            | 0.04112792 |
|    clip_fraction        | 0.332      |
|    clip_range           | 0.2        |
|    entropy_loss         | -10.5      |
|    explained_variance   | 0.901      |
|    learning_rate        | 0.0003     |
|    loss                 | -0.116     |
|    n_updates            | 230        |
|    policy_gradient_loss | -0.0247    |
|    std                  | 1.09       |
|    value_loss           | 0.000851   |
----------------------------------------
Eval num_timesteps=50000, episode_reward=0.90 +/- 0.30
Episode length: 101.45 +/- 33.67
-----------------------------------------
| eval/                   |             |
|    mean_ep_length       | 101         |
|    mean_reward          | 0.9         |
| time/                   |             |
|    total_timesteps      | 50000       |
| train/                  |             |
|    approx_kl            | 0.043183126 |
|    clip_fraction        | 0.336       |
|    clip_range           | 0.2         |
|    entropy_loss         | -10.6       |
|    explained_variance   | 0.908       |
|    learning_rate        | 0.0003      |
|    loss                 | -0.132      |
|    n_updates            | 240         |
|    policy_gradient_loss | -0.0341     |
|    std                  | 1.1         |
|    value_loss           | 0.000761    |
-----------------------------------------
---------------------------------
| rollout/           |          |
|    ep_len_mean     | 97       |
|    ep_rew_mean     | 0.95     |
| time/              |          |
|    fps             | 3        |
|    iterations      | 25       |
|    time_elapsed    | 14711    |
|    total_timesteps | 51200    |
---------------------------------
----------------------------------------
| rollout/                |            |
|    ep_len_mean          | 97.9       |
|    ep_rew_mean          | 0.94       |
| time/                   |            |
|    fps                  | 3          |
|    iterations           | 26         |
|    time_elapsed         | 15218      |
|    total_timesteps      | 53248      |
| train/                  |            |
|    approx_kl            | 0.03311286 |
|    clip_fraction        | 0.346      |
|    clip_range           | 0.2        |
|    entropy_loss         | -10.6      |
|    explained_variance   | 0.88       |
|    learning_rate        | 0.0003     |
|    loss                 | -0.154     |
|    n_updates            | 250        |
|    policy_gradient_loss | -0.0354    |
|    std                  | 1.1        |
|    value_loss           | 0.00123    |
----------------------------------------
-----------------------------------------
| rollout/                |             |
|    ep_len_mean          | 96.7        |
|    ep_rew_mean          | 0.94        |
| time/                   |             |
|    fps                  | 3           |
|    iterations           | 27          |
|    time_elapsed         | 15729       |
|    total_timesteps      | 55296       |
| train/                  |             |
|    approx_kl            | 0.036308285 |
|    clip_fraction        | 0.353       |
|    clip_range           | 0.2         |
|    entropy_loss         | -10.6       |
|    explained_variance   | 0.946       |
|    learning_rate        | 0.0003      |
|    loss                 | -0.174      |
|    n_updates            | 260         |
|    policy_gradient_loss | -0.0352     |
|    std                  | 1.09        |
|    value_loss           | 0.00063     |
-----------------------------------------
-----------------------------------------
| rollout/                |             |
|    ep_len_mean          | 97.5        |
|    ep_rew_mean          | 0.94        |
| time/                   |             |
|    fps                  | 3           |
|    iterations           | 28          |
|    time_elapsed         | 16227       |
|    total_timesteps      | 57344       |
| train/                  |             |
|    approx_kl            | 0.043022305 |
|    clip_fraction        | 0.337       |
|    clip_range           | 0.2         |
|    entropy_loss         | -10.6       |
|    explained_variance   | 0.888       |
|    learning_rate        | 0.0003      |
|    loss                 | -0.166      |
|    n_updates            | 270         |
|    policy_gradient_loss | -0.0338     |
|    std                  | 1.09        |
|    value_loss           | 0.00115     |
-----------------------------------------
-----------------------------------------
| rollout/                |             |
|    ep_len_mean          | 101         |
|    ep_rew_mean          | 0.91        |
| time/                   |             |
|    fps                  | 3           |
|    iterations           | 29          |
|    time_elapsed         | 16735       |
|    total_timesteps      | 59392       |
| train/                  |             |
|    approx_kl            | 0.033151984 |
|    clip_fraction        | 0.34        |
|    clip_range           | 0.2         |
|    entropy_loss         | -10.6       |
|    explained_variance   | 0.857       |
|    learning_rate        | 0.0003      |
|    loss                 | -0.142      |
|    n_updates            | 280         |
|    policy_gradient_loss | -0.0324     |
|    std                  | 1.1         |
|    value_loss           | 0.0015      |
-----------------------------------------
Eval num_timesteps=60000, episode_reward=0.95 +/- 0.22
Episode length: 98.45 +/- 33.99
-----------------------------------------
| eval/                   |             |
|    mean_ep_length       | 98.5        |
|    mean_reward          | 0.95        |
| time/                   |             |
|    total_timesteps      | 60000       |
| train/                  |             |
|    approx_kl            | 0.037152857 |
|    clip_fraction        | 0.345       |
|    clip_range           | 0.2         |
|    entropy_loss         | -10.6       |
|    explained_variance   | 0.896       |
|    learning_rate        | 0.0003      |
|    loss                 | -0.129      |
|    n_updates            | 290         |
|    policy_gradient_loss | -0.0393     |
|    std                  | 1.1         |
|    value_loss           | 0.00139     |
-----------------------------------------
---------------------------------
| rollout/           |          |
|    ep_len_mean     | 105      |
|    ep_rew_mean     | 0.87     |
| time/              |          |
|    fps             | 3        |
|    iterations      | 30       |
|    time_elapsed    | 17714    |
|    total_timesteps | 61440    |
---------------------------------
----------------------------------------
| rollout/                |            |
|    ep_len_mean          | 107        |
|    ep_rew_mean          | 0.85       |
| time/                   |            |
|    fps                  | 3          |
|    iterations           | 31         |
|    time_elapsed         | 18216      |
|    total_timesteps      | 63488      |
| train/                  |            |
|    approx_kl            | 0.03519299 |
|    clip_fraction        | 0.342      |
|    clip_range           | 0.2        |
|    entropy_loss         | -10.6      |
|    explained_variance   | 0.922      |
|    learning_rate        | 0.0003     |
|    loss                 | -0.146     |
|    n_updates            | 300        |
|    policy_gradient_loss | -0.0356    |
|    std                  | 1.11       |
|    value_loss           | 0.0021     |
----------------------------------------
----------------------------------------
| rollout/                |            |
|    ep_len_mean          | 108        |
|    ep_rew_mean          | 0.85       |
| time/                   |            |
|    fps                  | 3          |
|    iterations           | 32         |
|    time_elapsed         | 18726      |
|    total_timesteps      | 65536      |
| train/                  |            |
|    approx_kl            | 0.05437939 |
|    clip_fraction        | 0.385      |
|    clip_range           | 0.2        |
|    entropy_loss         | -10.6      |
|    explained_variance   | 0.91       |
|    learning_rate        | 0.0003     |
|    loss                 | -0.168     |
|    n_updates            | 310        |
|    policy_gradient_loss | -0.0407    |
|    std                  | 1.1        |
|    value_loss           | 0.00161    |
----------------------------------------
-----------------------------------------
| rollout/                |             |
|    ep_len_mean          | 104         |
|    ep_rew_mean          | 0.87        |
| time/                   |             |
|    fps                  | 3           |
|    iterations           | 33          |
|    time_elapsed         | 19231       |
|    total_timesteps      | 67584       |
| train/                  |             |
|    approx_kl            | 0.038199514 |
|    clip_fraction        | 0.355       |
|    clip_range           | 0.2         |
|    entropy_loss         | -10.6       |
|    explained_variance   | 0.851       |
|    learning_rate        | 0.0003      |
|    loss                 | -0.158      |
|    n_updates            | 320         |
|    policy_gradient_loss | -0.0371     |
|    std                  | 1.11        |
|    value_loss           | 0.00199     |
-----------------------------------------
----------------------------------------
| rollout/                |            |
|    ep_len_mean          | 103        |
|    ep_rew_mean          | 0.89       |
| time/                   |            |
|    fps                  | 3          |
|    iterations           | 34         |
|    time_elapsed         | 19734      |
|    total_timesteps      | 69632      |
| train/                  |            |
|    approx_kl            | 0.05624964 |
|    clip_fraction        | 0.372      |
|    clip_range           | 0.2        |
|    entropy_loss         | -10.7      |
|    explained_variance   | 0.89       |
|    learning_rate        | 0.0003     |
|    loss                 | -0.175     |
|    n_updates            | 330        |
|    policy_gradient_loss | -0.0369    |
|    std                  | 1.11       |
|    value_loss           | 0.000846   |
----------------------------------------
Eval num_timesteps=70000, episode_reward=0.90 +/- 0.30
Episode length: 100.10 +/- 34.13
-----------------------------------------
| eval/                   |             |
|    mean_ep_length       | 100         |
|    mean_reward          | 0.9         |
| time/                   |             |
|    total_timesteps      | 70000       |
| train/                  |             |
|    approx_kl            | 0.045221377 |
|    clip_fraction        | 0.375       |
|    clip_range           | 0.2         |
|    entropy_loss         | -10.7       |
|    explained_variance   | 0.76        |
|    learning_rate        | 0.0003      |
|    loss                 | -0.14       |
|    n_updates            | 340         |
|    policy_gradient_loss | -0.0357     |
|    std                  | 1.12        |
|    value_loss           | 0.00156     |
-----------------------------------------
---------------------------------
| rollout/           |          |
|    ep_len_mean     | 98.8     |
|    ep_rew_mean     | 0.93     |
| time/              |          |
|    fps             | 3        |
|    iterations      | 35       |
|    time_elapsed    | 20736    |
|    total_timesteps | 71680    |
---------------------------------
-----------------------------------------
| rollout/                |             |
|    ep_len_mean          | 99.8        |
|    ep_rew_mean          | 0.92        |
| time/                   |             |
|    fps                  | 3           |
|    iterations           | 36          |
|    time_elapsed         | 21245       |
|    total_timesteps      | 73728       |
| train/                  |             |
|    approx_kl            | 0.054508433 |
|    clip_fraction        | 0.337       |
|    clip_range           | 0.2         |
|    entropy_loss         | -10.7       |
|    explained_variance   | 0.791       |
|    learning_rate        | 0.0003      |
|    loss                 | -0.159      |
|    n_updates            | 350         |
|    policy_gradient_loss | -0.0379     |
|    std                  | 1.12        |
|    value_loss           | 0.0011      |
-----------------------------------------
----------------------------------------
| rollout/                |            |
|    ep_len_mean          | 100        |
|    ep_rew_mean          | 0.92       |
| time/                   |            |
|    fps                  | 3          |
|    iterations           | 37         |
|    time_elapsed         | 21753      |
|    total_timesteps      | 75776      |
| train/                  |            |
|    approx_kl            | 0.04237024 |
|    clip_fraction        | 0.356      |
|    clip_range           | 0.2        |
|    entropy_loss         | -10.7      |
|    explained_variance   | 0.92       |
|    learning_rate        | 0.0003     |
|    loss                 | -0.172     |
|    n_updates            | 360        |
|    policy_gradient_loss | -0.0421    |
|    std                  | 1.12       |
|    value_loss           | 0.000965   |
----------------------------------------
----------------------------------------
| rollout/                |            |
|    ep_len_mean          | 99.6       |
|    ep_rew_mean          | 0.92       |
| time/                   |            |
|    fps                  | 3          |
|    iterations           | 38         |
|    time_elapsed         | 22268      |
|    total_timesteps      | 77824      |
| train/                  |            |
|    approx_kl            | 0.05264325 |
|    clip_fraction        | 0.364      |
|    clip_range           | 0.2        |
|    entropy_loss         | -10.8      |
|    explained_variance   | 0.872      |
|    learning_rate        | 0.0003     |
|    loss                 | -0.159     |
|    n_updates            | 370        |
|    policy_gradient_loss | -0.0351    |
|    std                  | 1.13       |
|    value_loss           | 0.00179    |
----------------------------------------
-----------------------------------------
| rollout/                |             |
|    ep_len_mean          | 100         |
|    ep_rew_mean          | 0.91        |
| time/                   |             |
|    fps                  | 3           |
|    iterations           | 39          |
|    time_elapsed         | 22777       |
|    total_timesteps      | 79872       |
| train/                  |             |
|    approx_kl            | 0.035373047 |
|    clip_fraction        | 0.356       |
|    clip_range           | 0.2         |
|    entropy_loss         | -10.8       |
|    explained_variance   | 0.876       |
|    learning_rate        | 0.0003      |
|    loss                 | -0.168      |
|    n_updates            | 380         |
|    policy_gradient_loss | -0.0344     |
|    std                  | 1.13        |
|    value_loss           | 0.00164     |
-----------------------------------------
Eval num_timesteps=80000, episode_reward=0.95 +/- 0.22
Episode length: 91.85 +/- 25.42
-----------------------------------------
| eval/                   |             |
|    mean_ep_length       | 91.8        |
|    mean_reward          | 0.95        |
| time/                   |             |
|    total_timesteps      | 80000       |
| train/                  |             |
|    approx_kl            | 0.040993698 |
|    clip_fraction        | 0.364       |
|    clip_range           | 0.2         |
|    entropy_loss         | -10.8       |
|    explained_variance   | 0.895       |
|    learning_rate        | 0.0003      |
|    loss                 | -0.156      |
|    n_updates            | 390         |
|    policy_gradient_loss | -0.0369     |
|    std                  | 1.13        |
|    value_loss           | 0.00151     |
-----------------------------------------
---------------------------------
| rollout/           |          |
|    ep_len_mean     | 99.4     |
|    ep_rew_mean     | 0.92     |
| time/              |          |
|    fps             | 3        |
|    iterations      | 40       |
|    time_elapsed    | 23736    |
|    total_timesteps | 81920    |
---------------------------------
-----------------------------------------
| rollout/                |             |
|    ep_len_mean          | 99.2        |
|    ep_rew_mean          | 0.92        |
| time/                   |             |
|    fps                  | 3           |
|    iterations           | 41          |
|    time_elapsed         | 24252       |
|    total_timesteps      | 83968       |
| train/                  |             |
|    approx_kl            | 0.042844873 |
|    clip_fraction        | 0.352       |
|    clip_range           | 0.2         |
|    entropy_loss         | -10.8       |
|    explained_variance   | 0.826       |
|    learning_rate        | 0.0003      |
|    loss                 | -0.167      |
|    n_updates            | 400         |
|    policy_gradient_loss | -0.0397     |
|    std                  | 1.14        |
|    value_loss           | 0.00161     |
-----------------------------------------
-----------------------------------------
| rollout/                |             |
|    ep_len_mean          | 97.8        |
|    ep_rew_mean          | 0.92        |
| time/                   |             |
|    fps                  | 3           |
|    iterations           | 42          |
|    time_elapsed         | 24763       |
|    total_timesteps      | 86016       |
| train/                  |             |
|    approx_kl            | 0.036841355 |
|    clip_fraction        | 0.336       |
|    clip_range           | 0.2         |
|    entropy_loss         | -10.9       |
|    explained_variance   | 0.893       |
|    learning_rate        | 0.0003      |
|    loss                 | -0.16       |
|    n_updates            | 410         |
|    policy_gradient_loss | -0.0332     |
|    std                  | 1.14        |
|    value_loss           | 0.00143     |
-----------------------------------------
-----------------------------------------
| rollout/                |             |
|    ep_len_mean          | 99.7        |
|    ep_rew_mean          | 0.92        |
| time/                   |             |
|    fps                  | 3           |
|    iterations           | 43          |
|    time_elapsed         | 25274       |
|    total_timesteps      | 88064       |
| train/                  |             |
|    approx_kl            | 0.037976097 |
|    clip_fraction        | 0.366       |
|    clip_range           | 0.2         |
|    entropy_loss         | -10.9       |
|    explained_variance   | 0.924       |
|    learning_rate        | 0.0003      |
|    loss                 | -0.19       |
|    n_updates            | 420         |
|    policy_gradient_loss | -0.0397     |
|    std                  | 1.15        |
|    value_loss           | 0.00104     |
-----------------------------------------
Eval num_timesteps=90000, episode_reward=0.95 +/- 0.22
Episode length: 95.95 +/- 25.82
----------------------------------------
| eval/                   |            |
|    mean_ep_length       | 96         |
|    mean_reward          | 0.95       |
| time/                   |            |
|    total_timesteps      | 90000      |
| train/                  |            |
|    approx_kl            | 0.03800723 |
|    clip_fraction        | 0.351      |
|    clip_range           | 0.2        |
|    entropy_loss         | -10.9      |
|    explained_variance   | 0.768      |
|    learning_rate        | 0.0003     |
|    loss                 | -0.168     |
|    n_updates            | 430        |
|    policy_gradient_loss | -0.0379    |
|    std                  | 1.15       |
|    value_loss           | 0.00212    |
----------------------------------------
---------------------------------
| rollout/           |          |
|    ep_len_mean     | 101      |
|    ep_rew_mean     | 0.91     |
| time/              |          |
|    fps             | 3        |
|    iterations      | 44       |
|    time_elapsed    | 26252    |
|    total_timesteps | 90112    |
---------------------------------
----------------------------------------
| rollout/                |            |
|    ep_len_mean          | 103        |
|    ep_rew_mean          | 0.89       |
| time/                   |            |
|    fps                  | 3          |
|    iterations           | 45         |
|    time_elapsed         | 26756      |
|    total_timesteps      | 92160      |
| train/                  |            |
|    approx_kl            | 0.04446303 |
|    clip_fraction        | 0.34       |
|    clip_range           | 0.2        |
|    entropy_loss         | -11        |
|    explained_variance   | 0.711      |
|    learning_rate        | 0.0003     |
|    loss                 | -0.146     |
|    n_updates            | 440        |
|    policy_gradient_loss | -0.0413    |
|    std                  | 1.16       |
|    value_loss           | 0.00151    |
----------------------------------------
-----------------------------------------
| rollout/                |             |
|    ep_len_mean          | 102         |
|    ep_rew_mean          | 0.9         |
| time/                   |             |
|    fps                  | 3           |
|    iterations           | 46          |
|    time_elapsed         | 27267       |
|    total_timesteps      | 94208       |
| train/                  |             |
|    approx_kl            | 0.045784242 |
|    clip_fraction        | 0.371       |
|    clip_range           | 0.2         |
|    entropy_loss         | -11         |
|    explained_variance   | 0.899       |
|    learning_rate        | 0.0003      |
|    loss                 | -0.17       |
|    n_updates            | 450         |
|    policy_gradient_loss | -0.0448     |
|    std                  | 1.16        |
|    value_loss           | 0.00116     |
-----------------------------------------
-----------------------------------------
| rollout/                |             |
|    ep_len_mean          | 102         |
|    ep_rew_mean          | 0.9         |
| time/                   |             |
|    fps                  | 3           |
|    iterations           | 47          |
|    time_elapsed         | 27777       |
|    total_timesteps      | 96256       |
| train/                  |             |
|    approx_kl            | 0.040691778 |
|    clip_fraction        | 0.39        |
|    clip_range           | 0.2         |
|    entropy_loss         | -11         |
|    explained_variance   | 0.895       |
|    learning_rate        | 0.0003      |
|    loss                 | -0.138      |
|    n_updates            | 460         |
|    policy_gradient_loss | -0.0403     |
|    std                  | 1.16        |
|    value_loss           | 0.00138     |
-----------------------------------------
-----------------------------------------
| rollout/                |             |
|    ep_len_mean          | 101         |
|    ep_rew_mean          | 0.9         |
| time/                   |             |
|    fps                  | 3           |
|    iterations           | 48          |
|    time_elapsed         | 28288       |
|    total_timesteps      | 98304       |
| train/                  |             |
|    approx_kl            | 0.039755896 |
|    clip_fraction        | 0.371       |
|    clip_range           | 0.2         |
|    entropy_loss         | -11         |
|    explained_variance   | 0.919       |
|    learning_rate        | 0.0003      |
|    loss                 | -0.143      |
|    n_updates            | 470         |
|    policy_gradient_loss | -0.0416     |
|    std                  | 1.16        |
|    value_loss           | 0.00197     |
-----------------------------------------
Eval num_timesteps=100000, episode_reward=0.95 +/- 0.22
Episode length: 96.30 +/- 31.43
-----------------------------------------
| eval/                   |             |
|    mean_ep_length       | 96.3        |
|    mean_reward          | 0.95        |
| time/                   |             |
|    total_timesteps      | 100000      |
| train/                  |             |
|    approx_kl            | 0.044041425 |
|    clip_fraction        | 0.382       |
|    clip_range           | 0.2         |
|    entropy_loss         | -11         |
|    explained_variance   | 0.93        |
|    learning_rate        | 0.0003      |
|    loss                 | -0.181      |
|    n_updates            | 480         |
|    policy_gradient_loss | -0.0452     |
|    std                  | 1.17        |
|    value_loss           | 0.00149     |
-----------------------------------------
---------------------------------
| rollout/           |          |
|    ep_len_mean     | 101      |
|    ep_rew_mean     | 0.9      |
| time/              |          |
|    fps             | 3        |
|    iterations      | 49       |
|    time_elapsed    | 29269    |
|    total_timesteps | 100352   |
---------------------------------
-----------------------------------------
| rollout/                |             |
|    ep_len_mean          | 100         |
|    ep_rew_mean          | 0.91        |
| time/                   |             |
|    fps                  | 3           |
|    iterations           | 50          |
|    time_elapsed         | 29781       |
|    total_timesteps      | 102400      |
| train/                  |             |
|    approx_kl            | 0.045040213 |
|    clip_fraction        | 0.366       |
|    clip_range           | 0.2         |
|    entropy_loss         | -11         |
|    explained_variance   | 0.883       |
|    learning_rate        | 0.0003      |
|    loss                 | -0.144      |
|    n_updates            | 490         |
|    policy_gradient_loss | -0.0416     |
|    std                  | 1.17        |
|    value_loss           | 0.00163     |
-----------------------------------------
-----------------------------------------
| rollout/                |             |
|    ep_len_mean          | 102         |
|    ep_rew_mean          | 0.89        |
| time/                   |             |
|    fps                  | 3           |
|    iterations           | 51          |
|    time_elapsed         | 30291       |
|    total_timesteps      | 104448      |
| train/                  |             |
|    approx_kl            | 0.046782963 |
|    clip_fraction        | 0.364       |
|    clip_range           | 0.2         |
|    entropy_loss         | -11.1       |
|    explained_variance   | 0.886       |
|    learning_rate        | 0.0003      |
|    loss                 | -0.147      |
|    n_updates            | 500         |
|    policy_gradient_loss | -0.0393     |
|    std                  | 1.18        |
|    value_loss           | 0.00163     |
-----------------------------------------
-----------------------------------------
| rollout/                |             |
|    ep_len_mean          | 102         |
|    ep_rew_mean          | 0.89        |
| time/                   |             |
|    fps                  | 3           |
|    iterations           | 52          |
|    time_elapsed         | 30800       |
|    total_timesteps      | 106496      |
| train/                  |             |
|    approx_kl            | 0.043601282 |
|    clip_fraction        | 0.342       |
|    clip_range           | 0.2         |
|    entropy_loss         | -11.1       |
|    explained_variance   | 0.887       |
|    learning_rate        | 0.0003      |
|    loss                 | -0.186      |
|    n_updates            | 510         |
|    policy_gradient_loss | -0.0405     |
|    std                  | 1.18        |
|    value_loss           | 0.00134     |
-----------------------------------------
----------------------------------------
| rollout/                |            |
|    ep_len_mean          | 100        |
|    ep_rew_mean          | 0.91       |
| time/                   |            |
|    fps                  | 3          |
|    iterations           | 53         |
|    time_elapsed         | 31316      |
|    total_timesteps      | 108544     |
| train/                  |            |
|    approx_kl            | 0.04385096 |
|    clip_fraction        | 0.382      |
|    clip_range           | 0.2        |
|    entropy_loss         | -11.1      |
|    explained_variance   | 0.837      |
|    learning_rate        | 0.0003     |
|    loss                 | -0.189     |
|    n_updates            | 520        |
|    policy_gradient_loss | -0.0377    |
|    std                  | 1.19       |
|    value_loss           | 0.00161    |
----------------------------------------
Eval num_timesteps=110000, episode_reward=0.95 +/- 0.22
Episode length: 95.55 +/- 27.85
-----------------------------------------
| eval/                   |             |
|    mean_ep_length       | 95.5        |
|    mean_reward          | 0.95        |
| time/                   |             |
|    total_timesteps      | 110000      |
| train/                  |             |
|    approx_kl            | 0.041687977 |
|    clip_fraction        | 0.333       |
|    clip_range           | 0.2         |
|    entropy_loss         | -11.2       |
|    explained_variance   | 0.849       |
|    learning_rate        | 0.0003      |
|    loss                 | -0.174      |
|    n_updates            | 530         |
|    policy_gradient_loss | -0.0338     |
|    std                  | 1.2         |
|    value_loss           | 0.000813    |
-----------------------------------------
---------------------------------
| rollout/           |          |
|    ep_len_mean     | 99       |
|    ep_rew_mean     | 0.91     |
| time/              |          |
|    fps             | 3        |
|    iterations      | 54       |
|    time_elapsed    | 32302    |
|    total_timesteps | 110592   |
---------------------------------
-----------------------------------------
| rollout/                |             |
|    ep_len_mean          | 98          |
|    ep_rew_mean          | 0.92        |
| time/                   |             |
|    fps                  | 3           |
|    iterations           | 55          |
|    time_elapsed         | 32818       |
|    total_timesteps      | 112640      |
| train/                  |             |
|    approx_kl            | 0.051428564 |
|    clip_fraction        | 0.364       |
|    clip_range           | 0.2         |
|    entropy_loss         | -11.2       |
|    explained_variance   | 0.866       |
|    learning_rate        | 0.0003      |
|    loss                 | -0.206      |
|    n_updates            | 540         |
|    policy_gradient_loss | -0.0445     |
|    std                  | 1.2         |
|    value_loss           | 0.00112     |
-----------------------------------------
-----------------------------------------
| rollout/                |             |
|    ep_len_mean          | 100         |
|    ep_rew_mean          | 0.9         |
| time/                   |             |
|    fps                  | 3           |
|    iterations           | 56          |
|    time_elapsed         | 33328       |
|    total_timesteps      | 114688      |
| train/                  |             |
|    approx_kl            | 0.046612408 |
|    clip_fraction        | 0.365       |
|    clip_range           | 0.2         |
|    entropy_loss         | -11.2       |
|    explained_variance   | 0.929       |
|    learning_rate        | 0.0003      |
|    loss                 | -0.145      |
|    n_updates            | 550         |
|    policy_gradient_loss | -0.0435     |
|    std                  | 1.2         |
|    value_loss           | 0.000848    |
-----------------------------------------
-----------------------------------------
| rollout/                |             |
|    ep_len_mean          | 98.1        |
|    ep_rew_mean          | 0.91        |
| time/                   |             |
|    fps                  | 3           |
|    iterations           | 57          |
|    time_elapsed         | 33844       |
|    total_timesteps      | 116736      |
| train/                  |             |
|    approx_kl            | 0.044909056 |
|    clip_fraction        | 0.382       |
|    clip_range           | 0.2         |
|    entropy_loss         | -11.2       |
|    explained_variance   | 0.86        |
|    learning_rate        | 0.0003      |
|    loss                 | -0.186      |
|    n_updates            | 560         |
|    policy_gradient_loss | -0.0522     |
|    std                  | 1.2         |
|    value_loss           | 0.00159     |
-----------------------------------------
-----------------------------------------
| rollout/                |             |
|    ep_len_mean          | 101         |
|    ep_rew_mean          | 0.88        |
| time/                   |             |
|    fps                  | 3           |
|    iterations           | 58          |
|    time_elapsed         | 34358       |
|    total_timesteps      | 118784      |
| train/                  |             |
|    approx_kl            | 0.043442897 |
|    clip_fraction        | 0.389       |
|    clip_range           | 0.2         |
|    entropy_loss         | -11.2       |
|    explained_variance   | 0.958       |
|    learning_rate        | 0.0003      |
|    loss                 | -0.148      |
|    n_updates            | 570         |
|    policy_gradient_loss | -0.0414     |
|    std                  | 1.2         |
|    value_loss           | 0.00077     |
-----------------------------------------
Eval num_timesteps=120000, episode_reward=0.90 +/- 0.30
Episode length: 96.75 +/- 34.70
----------------------------------------
| eval/                   |            |
|    mean_ep_length       | 96.8       |
|    mean_reward          | 0.9        |
| time/                   |            |
|    total_timesteps      | 120000     |
| train/                  |            |
|    approx_kl            | 0.05021425 |
|    clip_fraction        | 0.385      |
|    clip_range           | 0.2        |
|    entropy_loss         | -11.2      |
|    explained_variance   | 0.888      |
|    learning_rate        | 0.0003     |
|    loss                 | -0.176     |
|    n_updates            | 580        |
|    policy_gradient_loss | -0.0492    |
|    std                  | 1.21       |
|    value_loss           | 0.00124    |
----------------------------------------
---------------------------------
| rollout/           |          |
|    ep_len_mean     | 101      |
|    ep_rew_mean     | 0.88     |
| time/              |          |
|    fps             | 3        |
|    iterations      | 59       |
|    time_elapsed    | 35335    |
|    total_timesteps | 120832   |
---------------------------------
-----------------------------------------
| rollout/                |             |
|    ep_len_mean          | 103         |
|    ep_rew_mean          | 0.86        |
| time/                   |             |
|    fps                  | 3           |
|    iterations           | 60          |
|    time_elapsed         | 35850       |
|    total_timesteps      | 122880      |
| train/                  |             |
|    approx_kl            | 0.042517077 |
|    clip_fraction        | 0.362       |
|    clip_range           | 0.2         |
|    entropy_loss         | -11.3       |
|    explained_variance   | 0.927       |
|    learning_rate        | 0.0003      |
|    loss                 | -0.197      |
|    n_updates            | 590         |
|    policy_gradient_loss | -0.0432     |
|    std                  | 1.21        |
|    value_loss           | 0.00115     |
-----------------------------------------
-----------------------------------------
| rollout/                |             |
|    ep_len_mean          | 101         |
|    ep_rew_mean          | 0.89        |
| time/                   |             |
|    fps                  | 3           |
|    iterations           | 61          |
|    time_elapsed         | 36365       |
|    total_timesteps      | 124928      |
| train/                  |             |
|    approx_kl            | 0.045215122 |
|    clip_fraction        | 0.383       |
|    clip_range           | 0.2         |
|    entropy_loss         | -11.2       |
|    explained_variance   | 0.899       |
|    learning_rate        | 0.0003      |
|    loss                 | -0.181      |
|    n_updates            | 600         |
|    policy_gradient_loss | -0.0456     |
|    std                  | 1.2         |
|    value_loss           | 0.00134     |
-----------------------------------------
-----------------------------------------
| rollout/                |             |
|    ep_len_mean          | 99.2        |
|    ep_rew_mean          | 0.9         |
| time/                   |             |
|    fps                  | 3           |
|    iterations           | 62          |
|    time_elapsed         | 36878       |
|    total_timesteps      | 126976      |
| train/                  |             |
|    approx_kl            | 0.057508457 |
|    clip_fraction        | 0.38        |
|    clip_range           | 0.2         |
|    entropy_loss         | -11.2       |
|    explained_variance   | 0.799       |
|    learning_rate        | 0.0003      |
|    loss                 | -0.185      |
|    n_updates            | 610         |
|    policy_gradient_loss | -0.0376     |
|    std                  | 1.21        |
|    value_loss           | 0.00208     |
-----------------------------------------
----------------------------------------
| rollout/                |            |
|    ep_len_mean          | 100        |
|    ep_rew_mean          | 0.89       |
| time/                   |            |
|    fps                  | 3          |
|    iterations           | 63         |
|    time_elapsed         | 37389      |
|    total_timesteps      | 129024     |
| train/                  |            |
|    approx_kl            | 0.04493322 |
|    clip_fraction        | 0.389      |
|    clip_range           | 0.2        |
|    entropy_loss         | -11.3      |
|    explained_variance   | 0.924      |
|    learning_rate        | 0.0003     |
|    loss                 | -0.166     |
|    n_updates            | 620        |
|    policy_gradient_loss | -0.045     |
|    std                  | 1.21       |
|    value_loss           | 0.00143    |
----------------------------------------
Eval num_timesteps=130000, episode_reward=0.85 +/- 0.36
Episode length: 100.70 +/- 42.13
-----------------------------------------
| eval/                   |             |
|    mean_ep_length       | 101         |
|    mean_reward          | 0.85        |
| time/                   |             |
|    total_timesteps      | 130000      |
| train/                  |             |
|    approx_kl            | 0.042333215 |
|    clip_fraction        | 0.38        |
|    clip_range           | 0.2         |
|    entropy_loss         | -11.3       |
|    explained_variance   | 0.934       |
|    learning_rate        | 0.0003      |
|    loss                 | -0.177      |
|    n_updates            | 630         |
|    policy_gradient_loss | -0.0456     |
|    std                  | 1.21        |
|    value_loss           | 0.00174     |
-----------------------------------------
---------------------------------
| rollout/           |          |
|    ep_len_mean     | 101      |
|    ep_rew_mean     | 0.89     |
| time/              |          |
|    fps             | 3        |
|    iterations      | 64       |
|    time_elapsed    | 38387    |
|    total_timesteps | 131072   |
---------------------------------
-----------------------------------------
| rollout/                |             |
|    ep_len_mean          | 101         |
|    ep_rew_mean          | 0.89        |
| time/                   |             |
|    fps                  | 3           |
|    iterations           | 65          |
|    time_elapsed         | 38896       |
|    total_timesteps      | 133120      |
| train/                  |             |
|    approx_kl            | 0.048580863 |
|    clip_fraction        | 0.395       |
|    clip_range           | 0.2         |
|    entropy_loss         | -11.3       |
|    explained_variance   | 0.901       |
|    learning_rate        | 0.0003      |
|    loss                 | -0.175      |
|    n_updates            | 640         |
|    policy_gradient_loss | -0.0421     |
|    std                  | 1.21        |
|    value_loss           | 0.00169     |
-----------------------------------------
-----------------------------------------
| rollout/                |             |
|    ep_len_mean          | 102         |
|    ep_rew_mean          | 0.87        |
| time/                   |             |
|    fps                  | 3           |
|    iterations           | 66          |
|    time_elapsed         | 39413       |
|    total_timesteps      | 135168      |
| train/                  |             |
|    approx_kl            | 0.044894975 |
|    clip_fraction        | 0.378       |
|    clip_range           | 0.2         |
|    entropy_loss         | -11.3       |
|    explained_variance   | 0.916       |
|    learning_rate        | 0.0003      |
|    loss                 | -0.182      |
|    n_updates            | 650         |
|    policy_gradient_loss | -0.0465     |
|    std                  | 1.22        |
|    value_loss           | 0.00248     |
-----------------------------------------
----------------------------------------
| rollout/                |            |
|    ep_len_mean          | 104        |
|    ep_rew_mean          | 0.86       |
| time/                   |            |
|    fps                  | 3          |
|    iterations           | 67         |
|    time_elapsed         | 39931      |
|    total_timesteps      | 137216     |
| train/                  |            |
|    approx_kl            | 0.04776839 |
|    clip_fraction        | 0.4        |
|    clip_range           | 0.2        |
|    entropy_loss         | -11.3      |
|    explained_variance   | 0.889      |
|    learning_rate        | 0.0003     |
|    loss                 | -0.199     |
|    n_updates            | 660        |
|    policy_gradient_loss | -0.0469    |
|    std                  | 1.22       |
|    value_loss           | 0.00217    |
----------------------------------------
-----------------------------------------
| rollout/                |             |
|    ep_len_mean          | 98.9        |
|    ep_rew_mean          | 0.9         |
| time/                   |             |
|    fps                  | 3           |
|    iterations           | 68          |
|    time_elapsed         | 40447       |
|    total_timesteps      | 139264      |
| train/                  |             |
|    approx_kl            | 0.052450538 |
|    clip_fraction        | 0.414       |
|    clip_range           | 0.2         |
|    entropy_loss         | -11.3       |
|    explained_variance   | 0.946       |
|    learning_rate        | 0.0003      |
|    loss                 | -0.176      |
|    n_updates            | 670         |
|    policy_gradient_loss | -0.0505     |
|    std                  | 1.22        |
|    value_loss           | 0.00142     |
-----------------------------------------
Eval num_timesteps=140000, episode_reward=0.95 +/- 0.22
Episode length: 89.55 +/- 27.30
-----------------------------------------
| eval/                   |             |
|    mean_ep_length       | 89.5        |
|    mean_reward          | 0.95        |
| time/                   |             |
|    total_timesteps      | 140000      |
| train/                  |             |
|    approx_kl            | 0.043752234 |
|    clip_fraction        | 0.399       |
|    clip_range           | 0.2         |
|    entropy_loss         | -11.3       |
|    explained_variance   | 0.95        |
|    learning_rate        | 0.0003      |
|    loss                 | -0.194      |
|    n_updates            | 680         |
|    policy_gradient_loss | -0.041      |
|    std                  | 1.22        |
|    value_loss           | 0.000578    |
-----------------------------------------
---------------------------------
| rollout/           |          |
|    ep_len_mean     | 98.8     |
|    ep_rew_mean     | 0.9      |
| time/              |          |
|    fps             | 3        |
|    iterations      | 69       |
|    time_elapsed    | 41407    |
|    total_timesteps | 141312   |
---------------------------------
-----------------------------------------
| rollout/                |             |
|    ep_len_mean          | 96.6        |
|    ep_rew_mean          | 0.92        |
| time/                   |             |
|    fps                  | 3           |
|    iterations           | 70          |
|    time_elapsed         | 41920       |
|    total_timesteps      | 143360      |
| train/                  |             |
|    approx_kl            | 0.044946074 |
|    clip_fraction        | 0.384       |
|    clip_range           | 0.2         |
|    entropy_loss         | -11.3       |
|    explained_variance   | 0.895       |
|    learning_rate        | 0.0003      |
|    loss                 | -0.173      |
|    n_updates            | 690         |
|    policy_gradient_loss | -0.0429     |
|    std                  | 1.22        |
|    value_loss           | 0.00159     |
-----------------------------------------
-----------------------------------------
| rollout/                |             |
|    ep_len_mean          | 94.2        |
|    ep_rew_mean          | 0.94        |
| time/                   |             |
|    fps                  | 3           |
|    iterations           | 71          |
|    time_elapsed         | 42442       |
|    total_timesteps      | 145408      |
| train/                  |             |
|    approx_kl            | 0.057145096 |
|    clip_fraction        | 0.392       |
|    clip_range           | 0.2         |
|    entropy_loss         | -11.4       |
|    explained_variance   | 0.901       |
|    learning_rate        | 0.0003      |
|    loss                 | -0.184      |
|    n_updates            | 700         |
|    policy_gradient_loss | -0.0486     |
|    std                  | 1.23        |
|    value_loss           | 0.00133     |
-----------------------------------------
-----------------------------------------
| rollout/                |             |
|    ep_len_mean          | 96.4        |
|    ep_rew_mean          | 0.92        |
| time/                   |             |
|    fps                  | 3           |
|    iterations           | 72          |
|    time_elapsed         | 42959       |
|    total_timesteps      | 147456      |
| train/                  |             |
|    approx_kl            | 0.048610233 |
|    clip_fraction        | 0.412       |
|    clip_range           | 0.2         |
|    entropy_loss         | -11.4       |
|    explained_variance   | 0.91        |
|    learning_rate        | 0.0003      |
|    loss                 | -0.182      |
|    n_updates            | 710         |
|    policy_gradient_loss | -0.0485     |
|    std                  | 1.23        |
|    value_loss           | 0.000853    |
-----------------------------------------
----------------------------------------
| rollout/                |            |
|    ep_len_mean          | 99.1       |
|    ep_rew_mean          | 0.9        |
| time/                   |            |
|    fps                  | 3          |
|    iterations           | 73         |
|    time_elapsed         | 43477      |
|    total_timesteps      | 149504     |
| train/                  |            |
|    approx_kl            | 0.04821941 |
|    clip_fraction        | 0.374      |
|    clip_range           | 0.2        |
|    entropy_loss         | -11.4      |
|    explained_variance   | 0.883      |
|    learning_rate        | 0.0003     |
|    loss                 | -0.139     |
|    n_updates            | 720        |
|    policy_gradient_loss | -0.0538    |
|    std                  | 1.24       |
|    value_loss           | 0.0012     |
----------------------------------------
Eval num_timesteps=150000, episode_reward=0.80 +/- 0.40
Episode length: 104.30 +/- 48.04
-----------------------------------------
| eval/                   |             |
|    mean_ep_length       | 104         |
|    mean_reward          | 0.8         |
| time/                   |             |
|    total_timesteps      | 150000      |
| train/                  |             |
|    approx_kl            | 0.045505397 |
|    clip_fraction        | 0.4         |
|    clip_range           | 0.2         |
|    entropy_loss         | -11.4       |
|    explained_variance   | 0.939       |
|    learning_rate        | 0.0003      |
|    loss                 | -0.189      |
|    n_updates            | 730         |
|    policy_gradient_loss | -0.0424     |
|    std                  | 1.24        |
|    value_loss           | 0.00137     |
-----------------------------------------
---------------------------------
| rollout/           |          |
|    ep_len_mean     | 102      |
|    ep_rew_mean     | 0.88     |
| time/              |          |
|    fps             | 3        |
|    iterations      | 74       |
|    time_elapsed    | 44491    |
|    total_timesteps | 151552   |
---------------------------------
-----------------------------------------
| rollout/                |             |
|    ep_len_mean          | 102         |
|    ep_rew_mean          | 0.87        |
| time/                   |             |
|    fps                  | 3           |
|    iterations           | 75          |
|    time_elapsed         | 45006       |
|    total_timesteps      | 153600      |
| train/                  |             |
|    approx_kl            | 0.050642762 |
|    clip_fraction        | 0.397       |
|    clip_range           | 0.2         |
|    entropy_loss         | -11.4       |
|    explained_variance   | 0.917       |
|    learning_rate        | 0.0003      |
|    loss                 | -0.21       |
|    n_updates            | 740         |
|    policy_gradient_loss | -0.0458     |
|    std                  | 1.24        |
|    value_loss           | 0.00188     |
-----------------------------------------
-----------------------------------------
| rollout/                |             |
|    ep_len_mean          | 104         |
|    ep_rew_mean          | 0.86        |
| time/                   |             |
|    fps                  | 3           |
|    iterations           | 76          |
|    time_elapsed         | 45520       |
|    total_timesteps      | 155648      |
| train/                  |             |
|    approx_kl            | 0.051965777 |
|    clip_fraction        | 0.409       |
|    clip_range           | 0.2         |
|    entropy_loss         | -11.4       |
|    explained_variance   | 0.931       |
|    learning_rate        | 0.0003      |
|    loss                 | -0.202      |
|    n_updates            | 750         |
|    policy_gradient_loss | -0.053      |
|    std                  | 1.24        |
|    value_loss           | 0.00125     |
-----------------------------------------
---------------------------------------
| rollout/                |           |
|    ep_len_mean          | 103       |
|    ep_rew_mean          | 0.86      |
| time/                   |           |
|    fps                  | 3         |
|    iterations           | 77        |
|    time_elapsed         | 46036     |
|    total_timesteps      | 157696    |
| train/                  |           |
|    approx_kl            | 0.0587552 |
|    clip_fraction        | 0.406     |
|    clip_range           | 0.2       |
|    entropy_loss         | -11.4     |
|    explained_variance   | 0.847     |
|    learning_rate        | 0.0003    |
|    loss                 | -0.194    |
|    n_updates            | 760       |
|    policy_gradient_loss | -0.0424   |
|    std                  | 1.24      |
|    value_loss           | 0.00117   |
---------------------------------------
-----------------------------------------
| rollout/                |             |
|    ep_len_mean          | 104         |
|    ep_rew_mean          | 0.86        |
| time/                   |             |
|    fps                  | 3           |
|    iterations           | 78          |
|    time_elapsed         | 46557       |
|    total_timesteps      | 159744      |
| train/                  |             |
|    approx_kl            | 0.050071333 |
|    clip_fraction        | 0.375       |
|    clip_range           | 0.2         |
|    entropy_loss         | -11.4       |
|    explained_variance   | 0.909       |
|    learning_rate        | 0.0003      |
|    loss                 | -0.189      |
|    n_updates            | 770         |
|    policy_gradient_loss | -0.0443     |
|    std                  | 1.24        |
|    value_loss           | 0.00119     |
-----------------------------------------
Eval num_timesteps=160000, episode_reward=0.90 +/- 0.30
Episode length: 94.20 +/- 35.85
-----------------------------------------
| eval/                   |             |
|    mean_ep_length       | 94.2        |
|    mean_reward          | 0.9         |
| time/                   |             |
|    total_timesteps      | 160000      |
| train/                  |             |
|    approx_kl            | 0.052575573 |
|    clip_fraction        | 0.401       |
|    clip_range           | 0.2         |
|    entropy_loss         | -11.4       |
|    explained_variance   | 0.815       |
|    learning_rate        | 0.0003      |
|    loss                 | -0.163      |
|    n_updates            | 780         |
|    policy_gradient_loss | -0.0519     |
|    std                  | 1.23        |
|    value_loss           | 0.00171     |
-----------------------------------------
---------------------------------
| rollout/           |          |
|    ep_len_mean     | 102      |
|    ep_rew_mean     | 0.87     |
| time/              |          |
|    fps             | 3        |
|    iterations      | 79       |
|    time_elapsed    | 47523    |
|    total_timesteps | 161792   |
---------------------------------
-----------------------------------------
| rollout/                |             |
|    ep_len_mean          | 101         |
|    ep_rew_mean          | 0.88        |
| time/                   |             |
|    fps                  | 3           |
|    iterations           | 80          |
|    time_elapsed         | 48043       |
|    total_timesteps      | 163840      |
| train/                  |             |
|    approx_kl            | 0.057757713 |
|    clip_fraction        | 0.402       |
|    clip_range           | 0.2         |
|    entropy_loss         | -11.4       |
|    explained_variance   | 0.873       |
|    learning_rate        | 0.0003      |
|    loss                 | -0.185      |
|    n_updates            | 790         |
|    policy_gradient_loss | -0.0513     |
|    std                  | 1.24        |
|    value_loss           | 0.00206     |
-----------------------------------------
----------------------------------------
| rollout/                |            |
|    ep_len_mean          | 102        |
|    ep_rew_mean          | 0.87       |
| time/                   |            |
|    fps                  | 3          |
|    iterations           | 81         |
|    time_elapsed         | 48561      |
|    total_timesteps      | 165888     |
| train/                  |            |
|    approx_kl            | 0.05101777 |
|    clip_fraction        | 0.422      |
|    clip_range           | 0.2        |
|    entropy_loss         | -11.5      |
|    explained_variance   | 0.911      |
|    learning_rate        | 0.0003     |
|    loss                 | -0.174     |
|    n_updates            | 800        |
|    policy_gradient_loss | -0.0535    |
|    std                  | 1.25       |
|    value_loss           | 0.00179    |
----------------------------------------
---------------------------------------
| rollout/                |           |
|    ep_len_mean          | 98.8      |
|    ep_rew_mean          | 0.89      |
| time/                   |           |
|    fps                  | 3         |
|    iterations           | 82        |
|    time_elapsed         | 49087     |
|    total_timesteps      | 167936    |
| train/                  |           |
|    approx_kl            | 0.0530632 |
|    clip_fraction        | 0.417     |
|    clip_range           | 0.2       |
|    entropy_loss         | -11.5     |
|    explained_variance   | 0.859     |
|    learning_rate        | 0.0003    |
|    loss                 | -0.189    |
|    n_updates            | 810       |
|    policy_gradient_loss | -0.0508   |
|    std                  | 1.25      |
|    value_loss           | 0.00157   |
---------------------------------------
-----------------------------------------
| rollout/                |             |
|    ep_len_mean          | 99.8        |
|    ep_rew_mean          | 0.88        |
| time/                   |             |
|    fps                  | 3           |
|    iterations           | 83          |
|    time_elapsed         | 49611       |
|    total_timesteps      | 169984      |
| train/                  |             |
|    approx_kl            | 0.048775956 |
|    clip_fraction        | 0.42        |
|    clip_range           | 0.2         |
|    entropy_loss         | -11.5       |
|    explained_variance   | 0.942       |
|    learning_rate        | 0.0003      |
|    loss                 | -0.195      |
|    n_updates            | 820         |
|    policy_gradient_loss | -0.0503     |
|    std                  | 1.25        |
|    value_loss           | 0.000772    |
-----------------------------------------
Eval num_timesteps=170000, episode_reward=1.00 +/- 0.00
Episode length: 83.40 +/- 4.85
----------------------------------------
| eval/                   |            |
|    mean_ep_length       | 83.4       |
|    mean_reward          | 1          |
| time/                   |            |
|    total_timesteps      | 170000     |
| train/                  |            |
|    approx_kl            | 0.06180718 |
|    clip_fraction        | 0.419      |
|    clip_range           | 0.2        |
|    entropy_loss         | -11.5      |
|    explained_variance   | 0.92       |
|    learning_rate        | 0.0003     |
|    loss                 | -0.172     |
|    n_updates            | 830        |
|    policy_gradient_loss | -0.0522    |
|    std                  | 1.25       |
|    value_loss           | 0.00127    |
----------------------------------------
---------------------------------
| rollout/           |          |
|    ep_len_mean     | 96.9     |
|    ep_rew_mean     | 0.91     |
| time/              |          |
|    fps             | 3        |
|    iterations      | 84       |
|    time_elapsed    | 50544    |
|    total_timesteps | 172032   |
---------------------------------
----------------------------------------
| rollout/                |            |
|    ep_len_mean          | 94.2       |
|    ep_rew_mean          | 0.93       |
| time/                   |            |
|    fps                  | 3          |
|    iterations           | 85         |
|    time_elapsed         | 51065      |
|    total_timesteps      | 174080     |
| train/                  |            |
|    approx_kl            | 0.04585893 |
|    clip_fraction        | 0.384      |
|    clip_range           | 0.2        |
|    entropy_loss         | -11.5      |
|    explained_variance   | 0.928      |
|    learning_rate        | 0.0003     |
|    loss                 | -0.18      |
|    n_updates            | 840        |
|    policy_gradient_loss | -0.0461    |
|    std                  | 1.25       |
|    value_loss           | 0.000552   |
----------------------------------------
----------------------------------------
| rollout/                |            |
|    ep_len_mean          | 96.4       |
|    ep_rew_mean          | 0.91       |
| time/                   |            |
|    fps                  | 3          |
|    iterations           | 86         |
|    time_elapsed         | 51577      |
|    total_timesteps      | 176128     |
| train/                  |            |
|    approx_kl            | 0.05119799 |
|    clip_fraction        | 0.421      |
|    clip_range           | 0.2        |
|    entropy_loss         | -11.5      |
|    explained_variance   | 0.944      |
|    learning_rate        | 0.0003     |
|    loss                 | -0.175     |
|    n_updates            | 850        |
|    policy_gradient_loss | -0.0477    |
|    std                  | 1.25       |
|    value_loss           | 0.000871   |
----------------------------------------
-----------------------------------------
| rollout/                |             |
|    ep_len_mean          | 99          |
|    ep_rew_mean          | 0.91        |
| time/                   |             |
|    fps                  | 3           |
|    iterations           | 87          |
|    time_elapsed         | 52097       |
|    total_timesteps      | 178176      |
| train/                  |             |
|    approx_kl            | 0.051757343 |
|    clip_fraction        | 0.413       |
|    clip_range           | 0.2         |
|    entropy_loss         | -11.5       |
|    explained_variance   | 0.923       |
|    learning_rate        | 0.0003      |
|    loss                 | -0.194      |
|    n_updates            | 860         |
|    policy_gradient_loss | -0.0564     |
|    std                  | 1.25        |
|    value_loss           | 0.00173     |
-----------------------------------------
Eval num_timesteps=180000, episode_reward=0.85 +/- 0.36
Episode length: 101.50 +/- 41.84
-----------------------------------------
| eval/                   |             |
|    mean_ep_length       | 102         |
|    mean_reward          | 0.85        |
| time/                   |             |
|    total_timesteps      | 180000      |
| train/                  |             |
|    approx_kl            | 0.052998163 |
|    clip_fraction        | 0.39        |
|    clip_range           | 0.2         |
|    entropy_loss         | -11.5       |
|    explained_variance   | 0.608       |
|    learning_rate        | 0.0003      |
|    loss                 | -0.177      |
|    n_updates            | 870         |
|    policy_gradient_loss | -0.0421     |
|    std                  | 1.25        |
|    value_loss           | 0.00362     |
-----------------------------------------
---------------------------------
| rollout/           |          |
|    ep_len_mean     | 99.7     |
|    ep_rew_mean     | 0.9      |
| time/              |          |
|    fps             | 3        |
|    iterations      | 88       |
|    time_elapsed    | 53111    |
|    total_timesteps | 180224   |
---------------------------------
-----------------------------------------
| rollout/                |             |
|    ep_len_mean          | 104         |
|    ep_rew_mean          | 0.86        |
| time/                   |             |
|    fps                  | 3           |
|    iterations           | 89          |
|    time_elapsed         | 53630       |
|    total_timesteps      | 182272      |
| train/                  |             |
|    approx_kl            | 0.065596715 |
|    clip_fraction        | 0.425       |
|    clip_range           | 0.2         |
|    entropy_loss         | -11.5       |
|    explained_variance   | 0.877       |
|    learning_rate        | 0.0003      |
|    loss                 | -0.196      |
|    n_updates            | 880         |
|    policy_gradient_loss | -0.0574     |
|    std                  | 1.26        |
|    value_loss           | 0.00181     |
-----------------------------------------
-----------------------------------------
| rollout/                |             |
|    ep_len_mean          | 103         |
|    ep_rew_mean          | 0.87        |
| time/                   |             |
|    fps                  | 3           |
|    iterations           | 90          |
|    time_elapsed         | 54153       |
|    total_timesteps      | 184320      |
| train/                  |             |
|    approx_kl            | 0.049570084 |
|    clip_fraction        | 0.413       |
|    clip_range           | 0.2         |
|    entropy_loss         | -11.6       |
|    explained_variance   | 0.915       |
|    learning_rate        | 0.0003      |
|    loss                 | -0.207      |
|    n_updates            | 890         |
|    policy_gradient_loss | -0.0518     |
|    std                  | 1.26        |
|    value_loss           | 0.00216     |
-----------------------------------------
----------------------------------------
| rollout/                |            |
|    ep_len_mean          | 100        |
|    ep_rew_mean          | 0.9        |
| time/                   |            |
|    fps                  | 3          |
|    iterations           | 91         |
|    time_elapsed         | 54671      |
|    total_timesteps      | 186368     |
| train/                  |            |
|    approx_kl            | 0.05300206 |
|    clip_fraction        | 0.42       |
|    clip_range           | 0.2        |
|    entropy_loss         | -11.6      |
|    explained_variance   | 0.901      |
|    learning_rate        | 0.0003     |
|    loss                 | -0.16      |
|    n_updates            | 900        |
|    policy_gradient_loss | -0.0466    |
|    std                  | 1.27       |
|    value_loss           | 0.00138    |
----------------------------------------
-----------------------------------------
| rollout/                |             |
|    ep_len_mean          | 97.6        |
|    ep_rew_mean          | 0.91        |
| time/                   |             |
|    fps                  | 3           |
|    iterations           | 92          |
|    time_elapsed         | 55192       |
|    total_timesteps      | 188416      |
| train/                  |             |
|    approx_kl            | 0.055276167 |
|    clip_fraction        | 0.392       |
|    clip_range           | 0.2         |
|    entropy_loss         | -11.6       |
|    explained_variance   | 0.745       |
|    learning_rate        | 0.0003      |
|    loss                 | -0.159      |
|    n_updates            | 910         |
|    policy_gradient_loss | -0.0366     |
|    std                  | 1.27        |
|    value_loss           | 0.00174     |
-----------------------------------------
Eval num_timesteps=190000, episode_reward=0.85 +/- 0.36
Episode length: 102.35 +/- 41.37
-----------------------------------------
| eval/                   |             |
|    mean_ep_length       | 102         |
|    mean_reward          | 0.85        |
| time/                   |             |
|    total_timesteps      | 190000      |
| train/                  |             |
|    approx_kl            | 0.051321562 |
|    clip_fraction        | 0.401       |
|    clip_range           | 0.2         |
|    entropy_loss         | -11.6       |
|    explained_variance   | 0.851       |
|    learning_rate        | 0.0003      |
|    loss                 | -0.186      |
|    n_updates            | 920         |
|    policy_gradient_loss | -0.0526     |
|    std                  | 1.28        |
|    value_loss           | 0.00135     |
-----------------------------------------
---------------------------------
| rollout/           |          |
|    ep_len_mean     | 94.5     |
|    ep_rew_mean     | 0.95     |
| time/              |          |
|    fps             | 3        |
|    iterations      | 93       |
|    time_elapsed    | 56211    |
|    total_timesteps | 190464   |
---------------------------------
-----------------------------------------
| rollout/                |             |
|    ep_len_mean          | 92.2        |
|    ep_rew_mean          | 0.97        |
| time/                   |             |
|    fps                  | 3           |
|    iterations           | 94          |
|    time_elapsed         | 56733       |
|    total_timesteps      | 192512      |
| train/                  |             |
|    approx_kl            | 0.052294407 |
|    clip_fraction        | 0.365       |
|    clip_range           | 0.2         |
|    entropy_loss         | -11.7       |
|    explained_variance   | 0.823       |
|    learning_rate        | 0.0003      |
|    loss                 | -0.169      |
|    n_updates            | 930         |
|    policy_gradient_loss | -0.0397     |
|    std                  | 1.28        |
|    value_loss           | 0.00112     |
-----------------------------------------
-----------------------------------------
| rollout/                |             |
|    ep_len_mean          | 92.4        |
|    ep_rew_mean          | 0.97        |
| time/                   |             |
|    fps                  | 3           |
|    iterations           | 95          |
|    time_elapsed         | 57258       |
|    total_timesteps      | 194560      |
| train/                  |             |
|    approx_kl            | 0.060150675 |
|    clip_fraction        | 0.404       |
|    clip_range           | 0.2         |
|    entropy_loss         | -11.7       |
|    explained_variance   | 0.865       |
|    learning_rate        | 0.0003      |
|    loss                 | -0.19       |
|    n_updates            | 940         |
|    policy_gradient_loss | -0.0444     |
|    std                  | 1.28        |
|    value_loss           | 0.00142     |
-----------------------------------------
----------------------------------------
| rollout/                |            |
|    ep_len_mean          | 93         |
|    ep_rew_mean          | 0.96       |
| time/                   |            |
|    fps                  | 3          |
|    iterations           | 96         |
|    time_elapsed         | 57775      |
|    total_timesteps      | 196608     |
| train/                  |            |
|    approx_kl            | 0.05869367 |
|    clip_fraction        | 0.402      |
|    clip_range           | 0.2        |
|    entropy_loss         | -11.7      |
|    explained_variance   | 0.857      |
|    learning_rate        | 0.0003     |
|    loss                 | -0.19      |
|    n_updates            | 950        |
|    policy_gradient_loss | -0.0457    |
|    std                  | 1.28       |
|    value_loss           | 0.000942   |
----------------------------------------
---------------------------------------
| rollout/                |           |
|    ep_len_mean          | 91.1      |
|    ep_rew_mean          | 0.97      |
| time/                   |           |
|    fps                  | 3         |
|    iterations           | 97        |
|    time_elapsed         | 58300     |
|    total_timesteps      | 198656    |
| train/                  |           |
|    approx_kl            | 0.0497585 |
|    clip_fraction        | 0.377     |
|    clip_range           | 0.2       |
|    entropy_loss         | -11.7     |
|    explained_variance   | 0.88      |
|    learning_rate        | 0.0003    |
|    loss                 | -0.189    |
|    n_updates            | 960       |
|    policy_gradient_loss | -0.0416   |
|    std                  | 1.28      |
|    value_loss           | 0.00176   |
---------------------------------------
