Gym has been unmaintained since 2022 and does not support NumPy 2.0 amongst other critical functionality.
Please upgrade to Gymnasium, the maintained drop-in replacement of Gym, or contact the authors of your software and request that they upgrade.
See the migration guide at https://gymnasium.farama.org/introduction/migration_guide/ for additional information.
/234/miniconda/envs/libero/lib/python3.8/site-packages/torch/utils/tensorboard/__init__.py:4: DeprecationWarning: distutils Version classes are deprecated. Use packaging.version instead.
  if not hasattr(tensorboard, "__version__") or LooseVersion(
/234/miniconda/envs/libero/lib/python3.8/site-packages/robosuite/__init__.py:7: DeprecationWarning: The 'warn' method is deprecated, use 'warning' instead
  ROBOSUITE_DEFAULT_LOGGER.warn("No private macro file found!")
[robosuite WARNING] No private macro file found! (__init__.py:7)
[robosuite WARNING] It is recommended to use a private macro file (__init__.py:8)
[robosuite WARNING] To setup, run: python /234/miniconda/envs/libero/lib/python3.8/site-packages/robosuite/scripts/setup_macros.py (__init__.py:9)
/234/miniconda/envs/libero/lib/python3.8/site-packages/thop/profile.py:12: DeprecationWarning: distutils Version classes are deprecated. Use packaging.version instead.
  if LooseVersion(torch.__version__) < LooseVersion("1.0.0"):
[info] using task orders [0, 1, 2, 3, 4, 5, 6, 7, 8, 9]
Task 9: BC + Vanilla PPO (sparse reward only)...

============= Initialized Observation Utils with Obs Spec =============

using obs modality: rgb with keys: ['eye_in_hand_rgb', 'agentview_rgb']
using obs modality: depth with keys: []
using obs modality: low_dim with keys: ['joint_states', 'gripper_states']
SequenceDataset: loading dataset into memory...
  0%|          | 0/50 [00:00<?, ?it/s] 96%|█████████▌| 48/50 [00:00<00:00, 467.64it/s]100%|██████████| 50/50 [00:00<00:00, 469.29it/s]
Using cuda device
Logging to /234/outputs/ppo_bc_vanilla/task9/tb_logs/PPO_1
---------------------------------
| rollout/           |          |
|    ep_len_mean     | 153      |
|    ep_rew_mean     | 0.692    |
| time/              |          |
|    fps             | 4        |
|    iterations      | 1        |
|    time_elapsed    | 487      |
|    total_timesteps | 2048     |
---------------------------------
-----------------------------------------
| rollout/                |             |
|    ep_len_mean          | 147         |
|    ep_rew_mean          | 0.778       |
| time/                   |             |
|    fps                  | 4           |
|    iterations           | 2           |
|    time_elapsed         | 976         |
|    total_timesteps      | 4096        |
| train/                  |             |
|    approx_kl            | 0.018295279 |
|    clip_fraction        | 0.21        |
|    clip_range           | 0.2         |
|    entropy_loss         | -9.95       |
|    explained_variance   | -0.495      |
|    learning_rate        | 0.0003      |
|    loss                 | -0.129      |
|    n_updates            | 10          |
|    policy_gradient_loss | -0.021      |
|    std                  | 1.01        |
|    value_loss           | 0.0111      |
-----------------------------------------
-----------------------------------------
| rollout/                |             |
|    ep_len_mean          | 142         |
|    ep_rew_mean          | 0.86        |
| time/                   |             |
|    fps                  | 4           |
|    iterations           | 3           |
|    time_elapsed         | 1471        |
|    total_timesteps      | 6144        |
| train/                  |             |
|    approx_kl            | 0.020248849 |
|    clip_fraction        | 0.252       |
|    clip_range           | 0.2         |
|    entropy_loss         | -9.98       |
|    explained_variance   | 0.18        |
|    learning_rate        | 0.0003      |
|    loss                 | -0.131      |
|    n_updates            | 20          |
|    policy_gradient_loss | -0.0261     |
|    std                  | 1.01        |
|    value_loss           | 0.00467     |
-----------------------------------------
-----------------------------------------
| rollout/                |             |
|    ep_len_mean          | 143         |
|    ep_rew_mean          | 0.825       |
| time/                   |             |
|    fps                  | 4           |
|    iterations           | 4           |
|    time_elapsed         | 1965        |
|    total_timesteps      | 8192        |
| train/                  |             |
|    approx_kl            | 0.024917064 |
|    clip_fraction        | 0.271       |
|    clip_range           | 0.2         |
|    entropy_loss         | -10         |
|    explained_variance   | 0.765       |
|    learning_rate        | 0.0003      |
|    loss                 | -0.106      |
|    n_updates            | 30          |
|    policy_gradient_loss | -0.0263     |
|    std                  | 1.01        |
|    value_loss           | 0.00242     |
-----------------------------------------
Eval num_timesteps=10000, episode_reward=0.85 +/- 0.36
Episode length: 144.10 +/- 27.11
----------------------------------------
| eval/                   |            |
|    mean_ep_length       | 144        |
|    mean_reward          | 0.85       |
| time/                   |            |
|    total_timesteps      | 10000      |
| train/                  |            |
|    approx_kl            | 0.02830623 |
|    clip_fraction        | 0.285      |
|    clip_range           | 0.2        |
|    entropy_loss         | -10        |
|    explained_variance   | 0.844      |
|    learning_rate        | 0.0003     |
|    loss                 | -0.153     |
|    n_updates            | 40         |
|    policy_gradient_loss | -0.0263    |
|    std                  | 1.02       |
|    value_loss           | 0.00205    |
----------------------------------------
New best mean reward!
---------------------------------
| rollout/           |          |
|    ep_len_mean     | 147      |
|    ep_rew_mean     | 0.783    |
| time/              |          |
|    fps             | 3        |
|    iterations      | 5        |
|    time_elapsed    | 3143     |
|    total_timesteps | 10240    |
---------------------------------
----------------------------------------
| rollout/                |            |
|    ep_len_mean          | 146        |
|    ep_rew_mean          | 0.786      |
| time/                   |            |
|    fps                  | 3          |
|    iterations           | 6          |
|    time_elapsed         | 3635       |
|    total_timesteps      | 12288      |
| train/                  |            |
|    approx_kl            | 0.03100483 |
|    clip_fraction        | 0.297      |
|    clip_range           | 0.2        |
|    entropy_loss         | -10        |
|    explained_variance   | 0.867      |
|    learning_rate        | 0.0003     |
|    loss                 | -0.168     |
|    n_updates            | 50         |
|    policy_gradient_loss | -0.0341    |
|    std                  | 1.02       |
|    value_loss           | 0.00197    |
----------------------------------------
----------------------------------------
| rollout/                |            |
|    ep_len_mean          | 147        |
|    ep_rew_mean          | 0.773      |
| time/                   |            |
|    fps                  | 3          |
|    iterations           | 7          |
|    time_elapsed         | 4128       |
|    total_timesteps      | 14336      |
| train/                  |            |
|    approx_kl            | 0.03365568 |
|    clip_fraction        | 0.324      |
|    clip_range           | 0.2        |
|    entropy_loss         | -10.1      |
|    explained_variance   | 0.913      |
|    learning_rate        | 0.0003     |
|    loss                 | -0.14      |
|    n_updates            | 60         |
|    policy_gradient_loss | -0.0353    |
|    std                  | 1.02       |
|    value_loss           | 0.00186    |
----------------------------------------
----------------------------------------
| rollout/                |            |
|    ep_len_mean          | 146        |
|    ep_rew_mean          | 0.79       |
| time/                   |            |
|    fps                  | 3          |
|    iterations           | 8          |
|    time_elapsed         | 4619       |
|    total_timesteps      | 16384      |
| train/                  |            |
|    approx_kl            | 0.03198171 |
|    clip_fraction        | 0.313      |
|    clip_range           | 0.2        |
|    entropy_loss         | -10.1      |
|    explained_variance   | 0.834      |
|    learning_rate        | 0.0003     |
|    loss                 | -0.168     |
|    n_updates            | 70         |
|    policy_gradient_loss | -0.0346    |
|    std                  | 1.02       |
|    value_loss           | 0.00204    |
----------------------------------------
----------------------------------------
| rollout/                |            |
|    ep_len_mean          | 147        |
|    ep_rew_mean          | 0.78       |
| time/                   |            |
|    fps                  | 3          |
|    iterations           | 9          |
|    time_elapsed         | 5110       |
|    total_timesteps      | 18432      |
| train/                  |            |
|    approx_kl            | 0.03124138 |
|    clip_fraction        | 0.318      |
|    clip_range           | 0.2        |
|    entropy_loss         | -10.1      |
|    explained_variance   | 0.839      |
|    learning_rate        | 0.0003     |
|    loss                 | -0.161     |
|    n_updates            | 80         |
|    policy_gradient_loss | -0.0299    |
|    std                  | 1.02       |
|    value_loss           | 0.00168    |
----------------------------------------
Eval num_timesteps=20000, episode_reward=0.70 +/- 0.46
Episode length: 155.75 +/- 32.69
-----------------------------------------
| eval/                   |             |
|    mean_ep_length       | 156         |
|    mean_reward          | 0.7         |
| time/                   |             |
|    total_timesteps      | 20000       |
| train/                  |             |
|    approx_kl            | 0.030367386 |
|    clip_fraction        | 0.337       |
|    clip_range           | 0.2         |
|    entropy_loss         | -10.1       |
|    explained_variance   | 0.82        |
|    learning_rate        | 0.0003      |
|    loss                 | -0.146      |
|    n_updates            | 90          |
|    policy_gradient_loss | -0.0328     |
|    std                  | 1.03        |
|    value_loss           | 0.00186     |
-----------------------------------------
---------------------------------
| rollout/           |          |
|    ep_len_mean     | 150      |
|    ep_rew_mean     | 0.73     |
| time/              |          |
|    fps             | 3        |
|    iterations      | 10       |
|    time_elapsed    | 6345     |
|    total_timesteps | 20480    |
---------------------------------
-----------------------------------------
| rollout/                |             |
|    ep_len_mean          | 151         |
|    ep_rew_mean          | 0.71        |
| time/                   |             |
|    fps                  | 3           |
|    iterations           | 11          |
|    time_elapsed         | 6840        |
|    total_timesteps      | 22528       |
| train/                  |             |
|    approx_kl            | 0.033279426 |
|    clip_fraction        | 0.334       |
|    clip_range           | 0.2         |
|    entropy_loss         | -10.1       |
|    explained_variance   | 0.855       |
|    learning_rate        | 0.0003      |
|    loss                 | -0.167      |
|    n_updates            | 100         |
|    policy_gradient_loss | -0.0342     |
|    std                  | 1.03        |
|    value_loss           | 0.00194     |
-----------------------------------------
-----------------------------------------
| rollout/                |             |
|    ep_len_mean          | 151         |
|    ep_rew_mean          | 0.72        |
| time/                   |             |
|    fps                  | 3           |
|    iterations           | 12          |
|    time_elapsed         | 7334        |
|    total_timesteps      | 24576       |
| train/                  |             |
|    approx_kl            | 0.031115253 |
|    clip_fraction        | 0.359       |
|    clip_range           | 0.2         |
|    entropy_loss         | -10.1       |
|    explained_variance   | 0.894       |
|    learning_rate        | 0.0003      |
|    loss                 | -0.129      |
|    n_updates            | 110         |
|    policy_gradient_loss | -0.0276     |
|    std                  | 1.03        |
|    value_loss           | 0.00127     |
-----------------------------------------
-----------------------------------------
| rollout/                |             |
|    ep_len_mean          | 153         |
|    ep_rew_mean          | 0.7         |
| time/                   |             |
|    fps                  | 3           |
|    iterations           | 13          |
|    time_elapsed         | 7828        |
|    total_timesteps      | 26624       |
| train/                  |             |
|    approx_kl            | 0.048204545 |
|    clip_fraction        | 0.379       |
|    clip_range           | 0.2         |
|    entropy_loss         | -10.2       |
|    explained_variance   | 0.841       |
|    learning_rate        | 0.0003      |
|    loss                 | -0.192      |
|    n_updates            | 120         |
|    policy_gradient_loss | -0.0386     |
|    std                  | 1.04        |
|    value_loss           | 0.0015      |
-----------------------------------------
----------------------------------------
| rollout/                |            |
|    ep_len_mean          | 152        |
|    ep_rew_mean          | 0.72       |
| time/                   |            |
|    fps                  | 3          |
|    iterations           | 14         |
|    time_elapsed         | 8324       |
|    total_timesteps      | 28672      |
| train/                  |            |
|    approx_kl            | 0.03599475 |
|    clip_fraction        | 0.357      |
|    clip_range           | 0.2        |
|    entropy_loss         | -10.3      |
|    explained_variance   | 0.885      |
|    learning_rate        | 0.0003     |
|    loss                 | -0.159     |
|    n_updates            | 130        |
|    policy_gradient_loss | -0.0296    |
|    std                  | 1.05       |
|    value_loss           | 0.00143    |
----------------------------------------
Eval num_timesteps=30000, episode_reward=0.80 +/- 0.40
Episode length: 145.05 +/- 29.88
-----------------------------------------
| eval/                   |             |
|    mean_ep_length       | 145         |
|    mean_reward          | 0.8         |
| time/                   |             |
|    total_timesteps      | 30000       |
| train/                  |             |
|    approx_kl            | 0.031088218 |
|    clip_fraction        | 0.324       |
|    clip_range           | 0.2         |
|    entropy_loss         | -10.3       |
|    explained_variance   | 0.895       |
|    learning_rate        | 0.0003      |
|    loss                 | -0.17       |
|    n_updates            | 140         |
|    policy_gradient_loss | -0.0325     |
|    std                  | 1.05        |
|    value_loss           | 0.00117     |
-----------------------------------------
---------------------------------
| rollout/           |          |
|    ep_len_mean     | 151      |
|    ep_rew_mean     | 0.73     |
| time/              |          |
|    fps             | 3        |
|    iterations      | 15       |
|    time_elapsed    | 9505     |
|    total_timesteps | 30720    |
---------------------------------
-----------------------------------------
| rollout/                |             |
|    ep_len_mean          | 151         |
|    ep_rew_mean          | 0.74        |
| time/                   |             |
|    fps                  | 3           |
|    iterations           | 16          |
|    time_elapsed         | 9995        |
|    total_timesteps      | 32768       |
| train/                  |             |
|    approx_kl            | 0.043754533 |
|    clip_fraction        | 0.355       |
|    clip_range           | 0.2         |
|    entropy_loss         | -10.3       |
|    explained_variance   | 0.923       |
|    learning_rate        | 0.0003      |
|    loss                 | -0.121      |
|    n_updates            | 150         |
|    policy_gradient_loss | -0.0357     |
|    std                  | 1.05        |
|    value_loss           | 0.000995    |
-----------------------------------------
-----------------------------------------
| rollout/                |             |
|    ep_len_mean          | 151         |
|    ep_rew_mean          | 0.74        |
| time/                   |             |
|    fps                  | 3           |
|    iterations           | 17          |
|    time_elapsed         | 10483       |
|    total_timesteps      | 34816       |
| train/                  |             |
|    approx_kl            | 0.034371153 |
|    clip_fraction        | 0.356       |
|    clip_range           | 0.2         |
|    entropy_loss         | -10.3       |
|    explained_variance   | 0.944       |
|    learning_rate        | 0.0003      |
|    loss                 | -0.153      |
|    n_updates            | 160         |
|    policy_gradient_loss | -0.0376     |
|    std                  | 1.05        |
|    value_loss           | 0.00104     |
-----------------------------------------
-----------------------------------------
| rollout/                |             |
|    ep_len_mean          | 150         |
|    ep_rew_mean          | 0.74        |
| time/                   |             |
|    fps                  | 3           |
|    iterations           | 18          |
|    time_elapsed         | 10979       |
|    total_timesteps      | 36864       |
| train/                  |             |
|    approx_kl            | 0.040480494 |
|    clip_fraction        | 0.33        |
|    clip_range           | 0.2         |
|    entropy_loss         | -10.3       |
|    explained_variance   | 0.833       |
|    learning_rate        | 0.0003      |
|    loss                 | -0.168      |
|    n_updates            | 170         |
|    policy_gradient_loss | -0.0343     |
|    std                  | 1.05        |
|    value_loss           | 0.00152     |
-----------------------------------------
-----------------------------------------
| rollout/                |             |
|    ep_len_mean          | 148         |
|    ep_rew_mean          | 0.77        |
| time/                   |             |
|    fps                  | 3           |
|    iterations           | 19          |
|    time_elapsed         | 11475       |
|    total_timesteps      | 38912       |
| train/                  |             |
|    approx_kl            | 0.042380847 |
|    clip_fraction        | 0.353       |
|    clip_range           | 0.2         |
|    entropy_loss         | -10.3       |
|    explained_variance   | 0.893       |
|    learning_rate        | 0.0003      |
|    loss                 | -0.169      |
|    n_updates            | 180         |
|    policy_gradient_loss | -0.0393     |
|    std                  | 1.05        |
|    value_loss           | 0.0012      |
-----------------------------------------
Eval num_timesteps=40000, episode_reward=0.80 +/- 0.40
Episode length: 142.95 +/- 28.88
-----------------------------------------
| eval/                   |             |
|    mean_ep_length       | 143         |
|    mean_reward          | 0.8         |
| time/                   |             |
|    total_timesteps      | 40000       |
| train/                  |             |
|    approx_kl            | 0.038016327 |
|    clip_fraction        | 0.373       |
|    clip_range           | 0.2         |
|    entropy_loss         | -10.3       |
|    explained_variance   | 0.895       |
|    learning_rate        | 0.0003      |
|    loss                 | -0.103      |
|    n_updates            | 190         |
|    policy_gradient_loss | -0.0386     |
|    std                  | 1.05        |
|    value_loss           | 0.00161     |
-----------------------------------------
---------------------------------
| rollout/           |          |
|    ep_len_mean     | 146      |
|    ep_rew_mean     | 0.8      |
| time/              |          |
|    fps             | 3        |
|    iterations      | 20       |
|    time_elapsed    | 12641    |
|    total_timesteps | 40960    |
---------------------------------
-----------------------------------------
| rollout/                |             |
|    ep_len_mean          | 147         |
|    ep_rew_mean          | 0.79        |
| time/                   |             |
|    fps                  | 3           |
|    iterations           | 21          |
|    time_elapsed         | 13137       |
|    total_timesteps      | 43008       |
| train/                  |             |
|    approx_kl            | 0.048681922 |
|    clip_fraction        | 0.376       |
|    clip_range           | 0.2         |
|    entropy_loss         | -10.3       |
|    explained_variance   | 0.909       |
|    learning_rate        | 0.0003      |
|    loss                 | -0.151      |
|    n_updates            | 200         |
|    policy_gradient_loss | -0.0448     |
|    std                  | 1.05        |
|    value_loss           | 0.000934    |
-----------------------------------------
----------------------------------------
| rollout/                |            |
|    ep_len_mean          | 149        |
|    ep_rew_mean          | 0.77       |
| time/                   |            |
|    fps                  | 3          |
|    iterations           | 22         |
|    time_elapsed         | 13627      |
|    total_timesteps      | 45056      |
| train/                  |            |
|    approx_kl            | 0.04180485 |
|    clip_fraction        | 0.375      |
|    clip_range           | 0.2        |
|    entropy_loss         | -10.3      |
|    explained_variance   | 0.917      |
|    learning_rate        | 0.0003     |
|    loss                 | -0.186     |
|    n_updates            | 210        |
|    policy_gradient_loss | -0.033     |
|    std                  | 1.05       |
|    value_loss           | 0.000761   |
----------------------------------------
----------------------------------------
| rollout/                |            |
|    ep_len_mean          | 148        |
|    ep_rew_mean          | 0.76       |
| time/                   |            |
|    fps                  | 3          |
|    iterations           | 23         |
|    time_elapsed         | 14121      |
|    total_timesteps      | 47104      |
| train/                  |            |
|    approx_kl            | 0.04223803 |
|    clip_fraction        | 0.36       |
|    clip_range           | 0.2        |
|    entropy_loss         | -10.3      |
|    explained_variance   | 0.837      |
|    learning_rate        | 0.0003     |
|    loss                 | -0.14      |
|    n_updates            | 220        |
|    policy_gradient_loss | -0.0306    |
|    std                  | 1.06       |
|    value_loss           | 0.0015     |
----------------------------------------
-----------------------------------------
| rollout/                |             |
|    ep_len_mean          | 149         |
|    ep_rew_mean          | 0.75        |
| time/                   |             |
|    fps                  | 3           |
|    iterations           | 24          |
|    time_elapsed         | 14612       |
|    total_timesteps      | 49152       |
| train/                  |             |
|    approx_kl            | 0.042190522 |
|    clip_fraction        | 0.364       |
|    clip_range           | 0.2         |
|    entropy_loss         | -10.3       |
|    explained_variance   | 0.926       |
|    learning_rate        | 0.0003      |
|    loss                 | -0.155      |
|    n_updates            | 230         |
|    policy_gradient_loss | -0.0321     |
|    std                  | 1.06        |
|    value_loss           | 0.000786    |
-----------------------------------------
Eval num_timesteps=50000, episode_reward=0.85 +/- 0.36
Episode length: 141.20 +/- 26.68
----------------------------------------
| eval/                   |            |
|    mean_ep_length       | 141        |
|    mean_reward          | 0.85       |
| time/                   |            |
|    total_timesteps      | 50000      |
| train/                  |            |
|    approx_kl            | 0.05372052 |
|    clip_fraction        | 0.377      |
|    clip_range           | 0.2        |
|    entropy_loss         | -10.3      |
|    explained_variance   | 0.807      |
|    learning_rate        | 0.0003     |
|    loss                 | -0.194     |
|    n_updates            | 240        |
|    policy_gradient_loss | -0.0424    |
|    std                  | 1.06       |
|    value_loss           | 0.00143    |
----------------------------------------
---------------------------------
| rollout/           |          |
|    ep_len_mean     | 147      |
|    ep_rew_mean     | 0.78     |
| time/              |          |
|    fps             | 3        |
|    iterations      | 25       |
|    time_elapsed    | 15769    |
|    total_timesteps | 51200    |
---------------------------------
-----------------------------------------
| rollout/                |             |
|    ep_len_mean          | 149         |
|    ep_rew_mean          | 0.75        |
| time/                   |             |
|    fps                  | 3           |
|    iterations           | 26          |
|    time_elapsed         | 16260       |
|    total_timesteps      | 53248       |
| train/                  |             |
|    approx_kl            | 0.050114904 |
|    clip_fraction        | 0.378       |
|    clip_range           | 0.2         |
|    entropy_loss         | -10.4       |
|    explained_variance   | 0.869       |
|    learning_rate        | 0.0003      |
|    loss                 | -0.181      |
|    n_updates            | 250         |
|    policy_gradient_loss | -0.0426     |
|    std                  | 1.06        |
|    value_loss           | 0.00107     |
-----------------------------------------
----------------------------------------
| rollout/                |            |
|    ep_len_mean          | 150        |
|    ep_rew_mean          | 0.74       |
| time/                   |            |
|    fps                  | 3          |
|    iterations           | 27         |
|    time_elapsed         | 16751      |
|    total_timesteps      | 55296      |
| train/                  |            |
|    approx_kl            | 0.04350666 |
|    clip_fraction        | 0.37       |
|    clip_range           | 0.2        |
|    entropy_loss         | -10.4      |
|    explained_variance   | 0.891      |
|    learning_rate        | 0.0003     |
|    loss                 | -0.169     |
|    n_updates            | 260        |
|    policy_gradient_loss | -0.0371    |
|    std                  | 1.07       |
|    value_loss           | 0.00127    |
----------------------------------------
-----------------------------------------
| rollout/                |             |
|    ep_len_mean          | 151         |
|    ep_rew_mean          | 0.72        |
| time/                   |             |
|    fps                  | 3           |
|    iterations           | 28          |
|    time_elapsed         | 17242       |
|    total_timesteps      | 57344       |
| train/                  |             |
|    approx_kl            | 0.048790142 |
|    clip_fraction        | 0.357       |
|    clip_range           | 0.2         |
|    entropy_loss         | -10.4       |
|    explained_variance   | 0.835       |
|    learning_rate        | 0.0003      |
|    loss                 | -0.152      |
|    n_updates            | 270         |
|    policy_gradient_loss | -0.0395     |
|    std                  | 1.07        |
|    value_loss           | 0.00154     |
-----------------------------------------
-----------------------------------------
| rollout/                |             |
|    ep_len_mean          | 150         |
|    ep_rew_mean          | 0.73        |
| time/                   |             |
|    fps                  | 3           |
|    iterations           | 29          |
|    time_elapsed         | 17734       |
|    total_timesteps      | 59392       |
| train/                  |             |
|    approx_kl            | 0.047454882 |
|    clip_fraction        | 0.377       |
|    clip_range           | 0.2         |
|    entropy_loss         | -10.4       |
|    explained_variance   | 0.827       |
|    learning_rate        | 0.0003      |
|    loss                 | -0.171      |
|    n_updates            | 280         |
|    policy_gradient_loss | -0.0378     |
|    std                  | 1.07        |
|    value_loss           | 0.00131     |
-----------------------------------------
Eval num_timesteps=60000, episode_reward=0.50 +/- 0.50
Episode length: 165.65 +/- 34.59
-----------------------------------------
| eval/                   |             |
|    mean_ep_length       | 166         |
|    mean_reward          | 0.5         |
| time/                   |             |
|    total_timesteps      | 60000       |
| train/                  |             |
|    approx_kl            | 0.044338107 |
|    clip_fraction        | 0.399       |
|    clip_range           | 0.2         |
|    entropy_loss         | -10.4       |
|    explained_variance   | 0.945       |
|    learning_rate        | 0.0003      |
|    loss                 | -0.168      |
|    n_updates            | 290         |
|    policy_gradient_loss | -0.0413     |
|    std                  | 1.07        |
|    value_loss           | 0.000786    |
-----------------------------------------
---------------------------------
| rollout/           |          |
|    ep_len_mean     | 148      |
|    ep_rew_mean     | 0.76     |
| time/              |          |
|    fps             | 3        |
|    iterations      | 30       |
|    time_elapsed    | 19010    |
|    total_timesteps | 61440    |
---------------------------------
-----------------------------------------
| rollout/                |             |
|    ep_len_mean          | 148         |
|    ep_rew_mean          | 0.75        |
| time/                   |             |
|    fps                  | 3           |
|    iterations           | 31          |
|    time_elapsed         | 19503       |
|    total_timesteps      | 63488       |
| train/                  |             |
|    approx_kl            | 0.051497497 |
|    clip_fraction        | 0.384       |
|    clip_range           | 0.2         |
|    entropy_loss         | -10.4       |
|    explained_variance   | 0.933       |
|    learning_rate        | 0.0003      |
|    loss                 | -0.176      |
|    n_updates            | 300         |
|    policy_gradient_loss | -0.0423     |
|    std                  | 1.07        |
|    value_loss           | 0.000857    |
-----------------------------------------
-----------------------------------------
| rollout/                |             |
|    ep_len_mean          | 148         |
|    ep_rew_mean          | 0.74        |
| time/                   |             |
|    fps                  | 3           |
|    iterations           | 32          |
|    time_elapsed         | 19996       |
|    total_timesteps      | 65536       |
| train/                  |             |
|    approx_kl            | 0.056705073 |
|    clip_fraction        | 0.371       |
|    clip_range           | 0.2         |
|    entropy_loss         | -10.4       |
|    explained_variance   | 0.854       |
|    learning_rate        | 0.0003      |
|    loss                 | -0.173      |
|    n_updates            | 310         |
|    policy_gradient_loss | -0.045      |
|    std                  | 1.07        |
|    value_loss           | 0.00112     |
-----------------------------------------
----------------------------------------
| rollout/                |            |
|    ep_len_mean          | 147        |
|    ep_rew_mean          | 0.78       |
| time/                   |            |
|    fps                  | 3          |
|    iterations           | 33         |
|    time_elapsed         | 20493      |
|    total_timesteps      | 67584      |
| train/                  |            |
|    approx_kl            | 0.04956292 |
|    clip_fraction        | 0.403      |
|    clip_range           | 0.2        |
|    entropy_loss         | -10.4      |
|    explained_variance   | 0.855      |
|    learning_rate        | 0.0003     |
|    loss                 | -0.177     |
|    n_updates            | 320        |
|    policy_gradient_loss | -0.0516    |
|    std                  | 1.06       |
|    value_loss           | 0.00141    |
----------------------------------------
-----------------------------------------
| rollout/                |             |
|    ep_len_mean          | 148         |
|    ep_rew_mean          | 0.76        |
| time/                   |             |
|    fps                  | 3           |
|    iterations           | 34          |
|    time_elapsed         | 20988       |
|    total_timesteps      | 69632       |
| train/                  |             |
|    approx_kl            | 0.050095808 |
|    clip_fraction        | 0.402       |
|    clip_range           | 0.2         |
|    entropy_loss         | -10.4       |
|    explained_variance   | 0.92        |
|    learning_rate        | 0.0003      |
|    loss                 | -0.187      |
|    n_updates            | 330         |
|    policy_gradient_loss | -0.0445     |
|    std                  | 1.07        |
|    value_loss           | 0.000852    |
-----------------------------------------
Eval num_timesteps=70000, episode_reward=0.75 +/- 0.43
Episode length: 151.15 +/- 29.81
-----------------------------------------
| eval/                   |             |
|    mean_ep_length       | 151         |
|    mean_reward          | 0.75        |
| time/                   |             |
|    total_timesteps      | 70000       |
| train/                  |             |
|    approx_kl            | 0.044847574 |
|    clip_fraction        | 0.373       |
|    clip_range           | 0.2         |
|    entropy_loss         | -10.4       |
|    explained_variance   | 0.898       |
|    learning_rate        | 0.0003      |
|    loss                 | -0.164      |
|    n_updates            | 340         |
|    policy_gradient_loss | -0.04       |
|    std                  | 1.06        |
|    value_loss           | 0.00115     |
-----------------------------------------
---------------------------------
| rollout/           |          |
|    ep_len_mean     | 148      |
|    ep_rew_mean     | 0.76     |
| time/              |          |
|    fps             | 3        |
|    iterations      | 35       |
|    time_elapsed    | 22206    |
|    total_timesteps | 71680    |
---------------------------------
----------------------------------------
| rollout/                |            |
|    ep_len_mean          | 146        |
|    ep_rew_mean          | 0.78       |
| time/                   |            |
|    fps                  | 3          |
|    iterations           | 36         |
|    time_elapsed         | 22710      |
|    total_timesteps      | 73728      |
| train/                  |            |
|    approx_kl            | 0.05269519 |
|    clip_fraction        | 0.417      |
|    clip_range           | 0.2        |
|    entropy_loss         | -10.4      |
|    explained_variance   | 0.84       |
|    learning_rate        | 0.0003     |
|    loss                 | -0.17      |
|    n_updates            | 350        |
|    policy_gradient_loss | -0.0451    |
|    std                  | 1.06       |
|    value_loss           | 0.00109    |
----------------------------------------
----------------------------------------
| rollout/                |            |
|    ep_len_mean          | 147        |
|    ep_rew_mean          | 0.76       |
| time/                   |            |
|    fps                  | 3          |
|    iterations           | 37         |
|    time_elapsed         | 23202      |
|    total_timesteps      | 75776      |
| train/                  |            |
|    approx_kl            | 0.04832861 |
|    clip_fraction        | 0.406      |
|    clip_range           | 0.2        |
|    entropy_loss         | -10.4      |
|    explained_variance   | 0.923      |
|    learning_rate        | 0.0003     |
|    loss                 | -0.181     |
|    n_updates            | 360        |
|    policy_gradient_loss | -0.0433    |
|    std                  | 1.06       |
|    value_loss           | 0.000739   |
----------------------------------------
----------------------------------------
| rollout/                |            |
|    ep_len_mean          | 144        |
|    ep_rew_mean          | 0.81       |
| time/                   |            |
|    fps                  | 3          |
|    iterations           | 38         |
|    time_elapsed         | 23696      |
|    total_timesteps      | 77824      |
| train/                  |            |
|    approx_kl            | 0.08452518 |
|    clip_fraction        | 0.392      |
|    clip_range           | 0.2        |
|    entropy_loss         | -10.3      |
|    explained_variance   | 0.899      |
|    learning_rate        | 0.0003     |
|    loss                 | -0.191     |
|    n_updates            | 370        |
|    policy_gradient_loss | -0.0467    |
|    std                  | 1.06       |
|    value_loss           | 0.000811   |
----------------------------------------
-----------------------------------------
| rollout/                |             |
|    ep_len_mean          | 144         |
|    ep_rew_mean          | 0.82        |
| time/                   |             |
|    fps                  | 3           |
|    iterations           | 39          |
|    time_elapsed         | 24189       |
|    total_timesteps      | 79872       |
| train/                  |             |
|    approx_kl            | 0.048944958 |
|    clip_fraction        | 0.431       |
|    clip_range           | 0.2         |
|    entropy_loss         | -10.4       |
|    explained_variance   | 0.961       |
|    learning_rate        | 0.0003      |
|    loss                 | -0.151      |
|    n_updates            | 380         |
|    policy_gradient_loss | -0.0455     |
|    std                  | 1.07        |
|    value_loss           | 0.000588    |
-----------------------------------------
Eval num_timesteps=80000, episode_reward=0.45 +/- 0.50
Episode length: 172.30 +/- 32.19
----------------------------------------
| eval/                   |            |
|    mean_ep_length       | 172        |
|    mean_reward          | 0.45       |
| time/                   |            |
|    total_timesteps      | 80000      |
| train/                  |            |
|    approx_kl            | 0.06341113 |
|    clip_fraction        | 0.406      |
|    clip_range           | 0.2        |
|    entropy_loss         | -10.4      |
|    explained_variance   | 0.973      |
|    learning_rate        | 0.0003     |
|    loss                 | -0.182     |
|    n_updates            | 390        |
|    policy_gradient_loss | -0.0536    |
|    std                  | 1.07       |
|    value_loss           | 0.000503   |
----------------------------------------
---------------------------------
| rollout/           |          |
|    ep_len_mean     | 141      |
|    ep_rew_mean     | 0.84     |
| time/              |          |
|    fps             | 3        |
|    iterations      | 40       |
|    time_elapsed    | 25495    |
|    total_timesteps | 81920    |
---------------------------------
----------------------------------------
| rollout/                |            |
|    ep_len_mean          | 142        |
|    ep_rew_mean          | 0.85       |
| time/                   |            |
|    fps                  | 3          |
|    iterations           | 41         |
|    time_elapsed         | 25985      |
|    total_timesteps      | 83968      |
| train/                  |            |
|    approx_kl            | 0.05012451 |
|    clip_fraction        | 0.402      |
|    clip_range           | 0.2        |
|    entropy_loss         | -10.4      |
|    explained_variance   | 0.909      |
|    learning_rate        | 0.0003     |
|    loss                 | -0.164     |
|    n_updates            | 400        |
|    policy_gradient_loss | -0.0401    |
|    std                  | 1.08       |
|    value_loss           | 0.000948   |
----------------------------------------
----------------------------------------
| rollout/                |            |
|    ep_len_mean          | 140        |
|    ep_rew_mean          | 0.86       |
| time/                   |            |
|    fps                  | 3          |
|    iterations           | 42         |
|    time_elapsed         | 26475      |
|    total_timesteps      | 86016      |
| train/                  |            |
|    approx_kl            | 0.05762531 |
|    clip_fraction        | 0.415      |
|    clip_range           | 0.2        |
|    entropy_loss         | -10.5      |
|    explained_variance   | 0.827      |
|    learning_rate        | 0.0003     |
|    loss                 | -0.166     |
|    n_updates            | 410        |
|    policy_gradient_loss | -0.0495    |
|    std                  | 1.09       |
|    value_loss           | 0.00112    |
----------------------------------------
-----------------------------------------
| rollout/                |             |
|    ep_len_mean          | 142         |
|    ep_rew_mean          | 0.83        |
| time/                   |             |
|    fps                  | 3           |
|    iterations           | 43          |
|    time_elapsed         | 26970       |
|    total_timesteps      | 88064       |
| train/                  |             |
|    approx_kl            | 0.057968635 |
|    clip_fraction        | 0.396       |
|    clip_range           | 0.2         |
|    entropy_loss         | -10.6       |
|    explained_variance   | 0.789       |
|    learning_rate        | 0.0003      |
|    loss                 | -0.173      |
|    n_updates            | 420         |
|    policy_gradient_loss | -0.0344     |
|    std                  | 1.1         |
|    value_loss           | 0.0012      |
-----------------------------------------
Eval num_timesteps=90000, episode_reward=0.60 +/- 0.49
Episode length: 153.95 +/- 37.75
-----------------------------------------
| eval/                   |             |
|    mean_ep_length       | 154         |
|    mean_reward          | 0.6         |
| time/                   |             |
|    total_timesteps      | 90000       |
| train/                  |             |
|    approx_kl            | 0.063318804 |
|    clip_fraction        | 0.432       |
|    clip_range           | 0.2         |
|    entropy_loss         | -10.6       |
|    explained_variance   | 0.863       |
|    learning_rate        | 0.0003      |
|    loss                 | -0.182      |
|    n_updates            | 430         |
|    policy_gradient_loss | -0.0495     |
|    std                  | 1.1         |
|    value_loss           | 0.0014      |
-----------------------------------------
---------------------------------
| rollout/           |          |
|    ep_len_mean     | 145      |
|    ep_rew_mean     | 0.79     |
| time/              |          |
|    fps             | 3        |
|    iterations      | 44       |
|    time_elapsed    | 28194    |
|    total_timesteps | 90112    |
---------------------------------
----------------------------------------
| rollout/                |            |
|    ep_len_mean          | 146        |
|    ep_rew_mean          | 0.79       |
| time/                   |            |
|    fps                  | 3          |
|    iterations           | 45         |
|    time_elapsed         | 28692      |
|    total_timesteps      | 92160      |
| train/                  |            |
|    approx_kl            | 0.06078206 |
|    clip_fraction        | 0.399      |
|    clip_range           | 0.2        |
|    entropy_loss         | -10.6      |
|    explained_variance   | 0.819      |
|    learning_rate        | 0.0003     |
|    loss                 | -0.197     |
|    n_updates            | 440        |
|    policy_gradient_loss | -0.0451    |
|    std                  | 1.11       |
|    value_loss           | 0.00126    |
----------------------------------------
----------------------------------------
| rollout/                |            |
|    ep_len_mean          | 146        |
|    ep_rew_mean          | 0.78       |
| time/                   |            |
|    fps                  | 3          |
|    iterations           | 46         |
|    time_elapsed         | 29185      |
|    total_timesteps      | 94208      |
| train/                  |            |
|    approx_kl            | 0.05652505 |
|    clip_fraction        | 0.408      |
|    clip_range           | 0.2        |
|    entropy_loss         | -10.7      |
|    explained_variance   | 0.795      |
|    learning_rate        | 0.0003     |
|    loss                 | -0.158     |
|    n_updates            | 450        |
|    policy_gradient_loss | -0.0434    |
|    std                  | 1.12       |
|    value_loss           | 0.00176    |
----------------------------------------
----------------------------------------
| rollout/                |            |
|    ep_len_mean          | 148        |
|    ep_rew_mean          | 0.76       |
| time/                   |            |
|    fps                  | 3          |
|    iterations           | 47         |
|    time_elapsed         | 29682      |
|    total_timesteps      | 96256      |
| train/                  |            |
|    approx_kl            | 0.05838889 |
|    clip_fraction        | 0.414      |
|    clip_range           | 0.2        |
|    entropy_loss         | -10.7      |
|    explained_variance   | 0.892      |
|    learning_rate        | 0.0003     |
|    loss                 | -0.164     |
|    n_updates            | 460        |
|    policy_gradient_loss | -0.0438    |
|    std                  | 1.11       |
|    value_loss           | 0.000807   |
----------------------------------------
-----------------------------------------
| rollout/                |             |
|    ep_len_mean          | 147         |
|    ep_rew_mean          | 0.76        |
| time/                   |             |
|    fps                  | 3           |
|    iterations           | 48          |
|    time_elapsed         | 30179       |
|    total_timesteps      | 98304       |
| train/                  |             |
|    approx_kl            | 0.063954525 |
|    clip_fraction        | 0.403       |
|    clip_range           | 0.2         |
|    entropy_loss         | -10.7       |
|    explained_variance   | 0.737       |
|    learning_rate        | 0.0003      |
|    loss                 | -0.191      |
|    n_updates            | 470         |
|    policy_gradient_loss | -0.0401     |
|    std                  | 1.11        |
|    value_loss           | 0.00159     |
-----------------------------------------
Eval num_timesteps=100000, episode_reward=0.50 +/- 0.50
Episode length: 164.95 +/- 35.98
-----------------------------------------
| eval/                   |             |
|    mean_ep_length       | 165         |
|    mean_reward          | 0.5         |
| time/                   |             |
|    total_timesteps      | 100000      |
| train/                  |             |
|    approx_kl            | 0.055573888 |
|    clip_fraction        | 0.421       |
|    clip_range           | 0.2         |
|    entropy_loss         | -10.7       |
|    explained_variance   | 0.869       |
|    learning_rate        | 0.0003      |
|    loss                 | -0.163      |
|    n_updates            | 480         |
|    policy_gradient_loss | -0.0414     |
|    std                  | 1.12        |
|    value_loss           | 0.00119     |
-----------------------------------------
---------------------------------
| rollout/           |          |
|    ep_len_mean     | 148      |
|    ep_rew_mean     | 0.75     |
| time/              |          |
|    fps             | 3        |
|    iterations      | 49       |
|    time_elapsed    | 31449    |
|    total_timesteps | 100352   |
---------------------------------
----------------------------------------
| rollout/                |            |
|    ep_len_mean          | 146        |
|    ep_rew_mean          | 0.79       |
| time/                   |            |
|    fps                  | 3          |
|    iterations           | 50         |
|    time_elapsed         | 31943      |
|    total_timesteps      | 102400     |
| train/                  |            |
|    approx_kl            | 0.05771271 |
|    clip_fraction        | 0.39       |
|    clip_range           | 0.2        |
|    entropy_loss         | -10.7      |
|    explained_variance   | 0.835      |
|    learning_rate        | 0.0003     |
|    loss                 | -0.164     |
|    n_updates            | 490        |
|    policy_gradient_loss | -0.0389    |
|    std                  | 1.12       |
|    value_loss           | 0.00119    |
----------------------------------------
----------------------------------------
| rollout/                |            |
|    ep_len_mean          | 143        |
|    ep_rew_mean          | 0.84       |
| time/                   |            |
|    fps                  | 3          |
|    iterations           | 51         |
|    time_elapsed         | 32441      |
|    total_timesteps      | 104448     |
| train/                  |            |
|    approx_kl            | 0.06037392 |
|    clip_fraction        | 0.444      |
|    clip_range           | 0.2        |
|    entropy_loss         | -10.8      |
|    explained_variance   | 0.908      |
|    learning_rate        | 0.0003     |
|    loss                 | -0.191     |
|    n_updates            | 500        |
|    policy_gradient_loss | -0.0483    |
|    std                  | 1.13       |
|    value_loss           | 0.000721   |
----------------------------------------
----------------------------------------
| rollout/                |            |
|    ep_len_mean          | 144        |
|    ep_rew_mean          | 0.82       |
| time/                   |            |
|    fps                  | 3          |
|    iterations           | 52         |
|    time_elapsed         | 32939      |
|    total_timesteps      | 106496     |
| train/                  |            |
|    approx_kl            | 0.06413871 |
|    clip_fraction        | 0.426      |
|    clip_range           | 0.2        |
|    entropy_loss         | -10.8      |
|    explained_variance   | 0.924      |
|    learning_rate        | 0.0003     |
|    loss                 | -0.203     |
|    n_updates            | 510        |
|    policy_gradient_loss | -0.0448    |
|    std                  | 1.14       |
|    value_loss           | 0.000766   |
----------------------------------------
-----------------------------------------
| rollout/                |             |
|    ep_len_mean          | 142         |
|    ep_rew_mean          | 0.85        |
| time/                   |             |
|    fps                  | 3           |
|    iterations           | 53          |
|    time_elapsed         | 33436       |
|    total_timesteps      | 108544      |
| train/                  |             |
|    approx_kl            | 0.065732345 |
|    clip_fraction        | 0.43        |
|    clip_range           | 0.2         |
|    entropy_loss         | -10.8       |
|    explained_variance   | 0.865       |
|    learning_rate        | 0.0003      |
|    loss                 | -0.171      |
|    n_updates            | 520         |
|    policy_gradient_loss | -0.0471     |
|    std                  | 1.14        |
|    value_loss           | 0.00135     |
-----------------------------------------
Eval num_timesteps=110000, episode_reward=0.65 +/- 0.48
Episode length: 154.70 +/- 35.51
-----------------------------------------
| eval/                   |             |
|    mean_ep_length       | 155         |
|    mean_reward          | 0.65        |
| time/                   |             |
|    total_timesteps      | 110000      |
| train/                  |             |
|    approx_kl            | 0.060579404 |
|    clip_fraction        | 0.433       |
|    clip_range           | 0.2         |
|    entropy_loss         | -10.9       |
|    explained_variance   | 0.942       |
|    learning_rate        | 0.0003      |
|    loss                 | -0.198      |
|    n_updates            | 530         |
|    policy_gradient_loss | -0.0466     |
|    std                  | 1.14        |
|    value_loss           | 0.000535    |
-----------------------------------------
---------------------------------
| rollout/           |          |
|    ep_len_mean     | 142      |
|    ep_rew_mean     | 0.85     |
| time/              |          |
|    fps             | 3        |
|    iterations      | 54       |
|    time_elapsed    | 34652    |
|    total_timesteps | 110592   |
---------------------------------
----------------------------------------
| rollout/                |            |
|    ep_len_mean          | 144        |
|    ep_rew_mean          | 0.82       |
| time/                   |            |
|    fps                  | 3          |
|    iterations           | 55         |
|    time_elapsed         | 35146      |
|    total_timesteps      | 112640     |
| train/                  |            |
|    approx_kl            | 0.06280683 |
|    clip_fraction        | 0.415      |
|    clip_range           | 0.2        |
|    entropy_loss         | -10.9      |
|    explained_variance   | 0.9        |
|    learning_rate        | 0.0003     |
|    loss                 | -0.18      |
|    n_updates            | 540        |
|    policy_gradient_loss | -0.0456    |
|    std                  | 1.15       |
|    value_loss           | 0.00125    |
----------------------------------------
---------------------------------------
| rollout/                |           |
|    ep_len_mean          | 144       |
|    ep_rew_mean          | 0.83      |
| time/                   |           |
|    fps                  | 3         |
|    iterations           | 56        |
|    time_elapsed         | 35645     |
|    total_timesteps      | 114688    |
| train/                  |           |
|    approx_kl            | 0.0576379 |
|    clip_fraction        | 0.417     |
|    clip_range           | 0.2       |
|    entropy_loss         | -10.9     |
|    explained_variance   | 0.858     |
|    learning_rate        | 0.0003    |
|    loss                 | -0.198    |
|    n_updates            | 550       |
|    policy_gradient_loss | -0.0563   |
|    std                  | 1.15      |
|    value_loss           | 0.00112   |
---------------------------------------
---------------------------------------
| rollout/                |           |
|    ep_len_mean          | 146       |
|    ep_rew_mean          | 0.79      |
| time/                   |           |
|    fps                  | 3         |
|    iterations           | 57        |
|    time_elapsed         | 36140     |
|    total_timesteps      | 116736    |
| train/                  |           |
|    approx_kl            | 0.0713671 |
|    clip_fraction        | 0.414     |
|    clip_range           | 0.2       |
|    entropy_loss         | -10.9     |
|    explained_variance   | 0.886     |
|    learning_rate        | 0.0003    |
|    loss                 | -0.176    |
|    n_updates            | 560       |
|    policy_gradient_loss | -0.0523   |
|    std                  | 1.15      |
|    value_loss           | 0.000953  |
---------------------------------------
----------------------------------------
| rollout/                |            |
|    ep_len_mean          | 147        |
|    ep_rew_mean          | 0.79       |
| time/                   |            |
|    fps                  | 3          |
|    iterations           | 58         |
|    time_elapsed         | 36635      |
|    total_timesteps      | 118784     |
| train/                  |            |
|    approx_kl            | 0.06439766 |
|    clip_fraction        | 0.414      |
|    clip_range           | 0.2        |
|    entropy_loss         | -10.9      |
|    explained_variance   | 0.81       |
|    learning_rate        | 0.0003     |
|    loss                 | -0.184     |
|    n_updates            | 570        |
|    policy_gradient_loss | -0.0485    |
|    std                  | 1.15       |
|    value_loss           | 0.00143    |
----------------------------------------
Eval num_timesteps=120000, episode_reward=0.90 +/- 0.30
Episode length: 141.35 +/- 23.55
----------------------------------------
| eval/                   |            |
|    mean_ep_length       | 141        |
|    mean_reward          | 0.9        |
| time/                   |            |
|    total_timesteps      | 120000     |
| train/                  |            |
|    approx_kl            | 0.06176544 |
|    clip_fraction        | 0.411      |
|    clip_range           | 0.2        |
|    entropy_loss         | -10.9      |
|    explained_variance   | 0.845      |
|    learning_rate        | 0.0003     |
|    loss                 | -0.184     |
|    n_updates            | 580        |
|    policy_gradient_loss | -0.0487    |
|    std                  | 1.14       |
|    value_loss           | 0.00144    |
----------------------------------------
New best mean reward!
---------------------------------
| rollout/           |          |
|    ep_len_mean     | 147      |
|    ep_rew_mean     | 0.79     |
| time/              |          |
|    fps             | 3        |
|    iterations      | 59       |
|    time_elapsed    | 37799    |
|    total_timesteps | 120832   |
---------------------------------
-----------------------------------------
| rollout/                |             |
|    ep_len_mean          | 147         |
|    ep_rew_mean          | 0.78        |
| time/                   |             |
|    fps                  | 3           |
|    iterations           | 60          |
|    time_elapsed         | 38293       |
|    total_timesteps      | 122880      |
| train/                  |             |
|    approx_kl            | 0.055801675 |
|    clip_fraction        | 0.419       |
|    clip_range           | 0.2         |
|    entropy_loss         | -10.9       |
|    explained_variance   | 0.875       |
|    learning_rate        | 0.0003      |
|    loss                 | -0.149      |
|    n_updates            | 590         |
|    policy_gradient_loss | -0.0496     |
|    std                  | 1.15        |
|    value_loss           | 0.00121     |
-----------------------------------------
-----------------------------------------
| rollout/                |             |
|    ep_len_mean          | 150         |
|    ep_rew_mean          | 0.73        |
| time/                   |             |
|    fps                  | 3           |
|    iterations           | 61          |
|    time_elapsed         | 38791       |
|    total_timesteps      | 124928      |
| train/                  |             |
|    approx_kl            | 0.055084616 |
|    clip_fraction        | 0.42        |
|    clip_range           | 0.2         |
|    entropy_loss         | -10.9       |
|    explained_variance   | 0.934       |
|    learning_rate        | 0.0003      |
|    loss                 | -0.197      |
|    n_updates            | 600         |
|    policy_gradient_loss | -0.0501     |
|    std                  | 1.15        |
|    value_loss           | 0.000971    |
-----------------------------------------
-----------------------------------------
| rollout/                |             |
|    ep_len_mean          | 149         |
|    ep_rew_mean          | 0.73        |
| time/                   |             |
|    fps                  | 3           |
|    iterations           | 62          |
|    time_elapsed         | 39287       |
|    total_timesteps      | 126976      |
| train/                  |             |
|    approx_kl            | 0.067268305 |
|    clip_fraction        | 0.438       |
|    clip_range           | 0.2         |
|    entropy_loss         | -10.9       |
|    explained_variance   | 0.685       |
|    learning_rate        | 0.0003      |
|    loss                 | -0.196      |
|    n_updates            | 610         |
|    policy_gradient_loss | -0.0541     |
|    std                  | 1.15        |
|    value_loss           | 0.00144     |
-----------------------------------------
-----------------------------------------
| rollout/                |             |
|    ep_len_mean          | 146         |
|    ep_rew_mean          | 0.77        |
| time/                   |             |
|    fps                  | 3           |
|    iterations           | 63          |
|    time_elapsed         | 39783       |
|    total_timesteps      | 129024      |
| train/                  |             |
|    approx_kl            | 0.067180604 |
|    clip_fraction        | 0.434       |
|    clip_range           | 0.2         |
|    entropy_loss         | -10.9       |
|    explained_variance   | 0.818       |
|    learning_rate        | 0.0003      |
|    loss                 | -0.182      |
|    n_updates            | 620         |
|    policy_gradient_loss | -0.0485     |
|    std                  | 1.15        |
|    value_loss           | 0.00146     |
-----------------------------------------
Eval num_timesteps=130000, episode_reward=0.70 +/- 0.46
Episode length: 150.65 +/- 32.93
----------------------------------------
| eval/                   |            |
|    mean_ep_length       | 151        |
|    mean_reward          | 0.7        |
| time/                   |            |
|    total_timesteps      | 130000     |
| train/                  |            |
|    approx_kl            | 0.06265235 |
|    clip_fraction        | 0.458      |
|    clip_range           | 0.2        |
|    entropy_loss         | -10.9      |
|    explained_variance   | 0.965      |
|    learning_rate        | 0.0003     |
|    loss                 | -0.213     |
|    n_updates            | 630        |
|    policy_gradient_loss | -0.0608    |
|    std                  | 1.15       |
|    value_loss           | 0.000421   |
----------------------------------------
---------------------------------
| rollout/           |          |
|    ep_len_mean     | 146      |
|    ep_rew_mean     | 0.77     |
| time/              |          |
|    fps             | 3        |
|    iterations      | 64       |
|    time_elapsed    | 40988    |
|    total_timesteps | 131072   |
---------------------------------
---------------------------------------
| rollout/                |           |
|    ep_len_mean          | 147       |
|    ep_rew_mean          | 0.75      |
| time/                   |           |
|    fps                  | 3         |
|    iterations           | 65        |
|    time_elapsed         | 41484     |
|    total_timesteps      | 133120    |
| train/                  |           |
|    approx_kl            | 0.0817668 |
|    clip_fraction        | 0.418     |
|    clip_range           | 0.2       |
|    entropy_loss         | -10.9     |
|    explained_variance   | 0.775     |
|    learning_rate        | 0.0003    |
|    loss                 | -0.173    |
|    n_updates            | 640       |
|    policy_gradient_loss | -0.0578   |
|    std                  | 1.14      |
|    value_loss           | 0.0011    |
---------------------------------------
-----------------------------------------
| rollout/                |             |
|    ep_len_mean          | 150         |
|    ep_rew_mean          | 0.72        |
| time/                   |             |
|    fps                  | 3           |
|    iterations           | 66          |
|    time_elapsed         | 41980       |
|    total_timesteps      | 135168      |
| train/                  |             |
|    approx_kl            | 0.059670057 |
|    clip_fraction        | 0.438       |
|    clip_range           | 0.2         |
|    entropy_loss         | -10.9       |
|    explained_variance   | 0.837       |
|    learning_rate        | 0.0003      |
|    loss                 | -0.179      |
|    n_updates            | 650         |
|    policy_gradient_loss | -0.0481     |
|    std                  | 1.15        |
|    value_loss           | 0.00174     |
-----------------------------------------
----------------------------------------
| rollout/                |            |
|    ep_len_mean          | 149        |
|    ep_rew_mean          | 0.72       |
| time/                   |            |
|    fps                  | 3          |
|    iterations           | 67         |
|    time_elapsed         | 42477      |
|    total_timesteps      | 137216     |
| train/                  |            |
|    approx_kl            | 0.05806691 |
|    clip_fraction        | 0.428      |
|    clip_range           | 0.2        |
|    entropy_loss         | -10.9      |
|    explained_variance   | 0.842      |
|    learning_rate        | 0.0003     |
|    loss                 | -0.16      |
|    n_updates            | 660        |
|    policy_gradient_loss | -0.0471    |
|    std                  | 1.16       |
|    value_loss           | 0.00154    |
----------------------------------------
---------------------------------------
| rollout/                |           |
|    ep_len_mean          | 148       |
|    ep_rew_mean          | 0.75      |
| time/                   |           |
|    fps                  | 3         |
|    iterations           | 68        |
|    time_elapsed         | 42968     |
|    total_timesteps      | 139264    |
| train/                  |           |
|    approx_kl            | 0.0565739 |
|    clip_fraction        | 0.406     |
|    clip_range           | 0.2       |
|    entropy_loss         | -10.9     |
|    explained_variance   | 0.853     |
|    learning_rate        | 0.0003    |
|    loss                 | -0.173    |
|    n_updates            | 670       |
|    policy_gradient_loss | -0.0463   |
|    std                  | 1.15      |
|    value_loss           | 0.0019    |
---------------------------------------
Eval num_timesteps=140000, episode_reward=0.75 +/- 0.43
Episode length: 147.45 +/- 30.90
-----------------------------------------
| eval/                   |             |
|    mean_ep_length       | 147         |
|    mean_reward          | 0.75        |
| time/                   |             |
|    total_timesteps      | 140000      |
| train/                  |             |
|    approx_kl            | 0.061518505 |
|    clip_fraction        | 0.414       |
|    clip_range           | 0.2         |
|    entropy_loss         | -11         |
|    explained_variance   | 0.825       |
|    learning_rate        | 0.0003      |
|    loss                 | -0.186      |
|    n_updates            | 680         |
|    policy_gradient_loss | -0.0491     |
|    std                  | 1.16        |
|    value_loss           | 0.00168     |
-----------------------------------------
---------------------------------
| rollout/           |          |
|    ep_len_mean     | 148      |
|    ep_rew_mean     | 0.76     |
| time/              |          |
|    fps             | 3        |
|    iterations      | 69       |
|    time_elapsed    | 44160    |
|    total_timesteps | 141312   |
---------------------------------
-----------------------------------------
| rollout/                |             |
|    ep_len_mean          | 151         |
|    ep_rew_mean          | 0.72        |
| time/                   |             |
|    fps                  | 3           |
|    iterations           | 70          |
|    time_elapsed         | 44656       |
|    total_timesteps      | 143360      |
| train/                  |             |
|    approx_kl            | 0.055328876 |
|    clip_fraction        | 0.419       |
|    clip_range           | 0.2         |
|    entropy_loss         | -11         |
|    explained_variance   | 0.865       |
|    learning_rate        | 0.0003      |
|    loss                 | -0.158      |
|    n_updates            | 690         |
|    policy_gradient_loss | -0.0507     |
|    std                  | 1.16        |
|    value_loss           | 0.00186     |
-----------------------------------------
-----------------------------------------
| rollout/                |             |
|    ep_len_mean          | 149         |
|    ep_rew_mean          | 0.73        |
| time/                   |             |
|    fps                  | 3           |
|    iterations           | 71          |
|    time_elapsed         | 45157       |
|    total_timesteps      | 145408      |
| train/                  |             |
|    approx_kl            | 0.056586575 |
|    clip_fraction        | 0.408       |
|    clip_range           | 0.2         |
|    entropy_loss         | -11         |
|    explained_variance   | 0.829       |
|    learning_rate        | 0.0003      |
|    loss                 | -0.189      |
|    n_updates            | 700         |
|    policy_gradient_loss | -0.0475     |
|    std                  | 1.16        |
|    value_loss           | 0.00171     |
-----------------------------------------
----------------------------------------
| rollout/                |            |
|    ep_len_mean          | 148        |
|    ep_rew_mean          | 0.76       |
| time/                   |            |
|    fps                  | 3          |
|    iterations           | 72         |
|    time_elapsed         | 45651      |
|    total_timesteps      | 147456     |
| train/                  |            |
|    approx_kl            | 0.05746831 |
|    clip_fraction        | 0.419      |
|    clip_range           | 0.2        |
|    entropy_loss         | -11        |
|    explained_variance   | 0.775      |
|    learning_rate        | 0.0003     |
|    loss                 | -0.172     |
|    n_updates            | 710        |
|    policy_gradient_loss | -0.0471    |
|    std                  | 1.17       |
|    value_loss           | 0.00205    |
----------------------------------------
-----------------------------------------
| rollout/                |             |
|    ep_len_mean          | 147         |
|    ep_rew_mean          | 0.78        |
| time/                   |             |
|    fps                  | 3           |
|    iterations           | 73          |
|    time_elapsed         | 46154       |
|    total_timesteps      | 149504      |
| train/                  |             |
|    approx_kl            | 0.060213804 |
|    clip_fraction        | 0.447       |
|    clip_range           | 0.2         |
|    entropy_loss         | -11         |
|    explained_variance   | 0.805       |
|    learning_rate        | 0.0003      |
|    loss                 | -0.166      |
|    n_updates            | 720         |
|    policy_gradient_loss | -0.0486     |
|    std                  | 1.17        |
|    value_loss           | 0.0017      |
-----------------------------------------
Eval num_timesteps=150000, episode_reward=0.80 +/- 0.40
Episode length: 142.85 +/- 29.12
----------------------------------------
| eval/                   |            |
|    mean_ep_length       | 143        |
|    mean_reward          | 0.8        |
| time/                   |            |
|    total_timesteps      | 150000     |
| train/                  |            |
|    approx_kl            | 0.07115664 |
|    clip_fraction        | 0.442      |
|    clip_range           | 0.2        |
|    entropy_loss         | -11.1      |
|    explained_variance   | 0.868      |
|    learning_rate        | 0.0003     |
|    loss                 | -0.178     |
|    n_updates            | 730        |
|    policy_gradient_loss | -0.0551    |
|    std                  | 1.18       |
|    value_loss           | 0.00125    |
----------------------------------------
---------------------------------
| rollout/           |          |
|    ep_len_mean     | 146      |
|    ep_rew_mean     | 0.79     |
| time/              |          |
|    fps             | 3        |
|    iterations      | 74       |
|    time_elapsed    | 47330    |
|    total_timesteps | 151552   |
---------------------------------
-----------------------------------------
| rollout/                |             |
|    ep_len_mean          | 143         |
|    ep_rew_mean          | 0.82        |
| time/                   |             |
|    fps                  | 3           |
|    iterations           | 75          |
|    time_elapsed         | 47831       |
|    total_timesteps      | 153600      |
| train/                  |             |
|    approx_kl            | 0.061433703 |
|    clip_fraction        | 0.453       |
|    clip_range           | 0.2         |
|    entropy_loss         | -11.1       |
|    explained_variance   | 0.942       |
|    learning_rate        | 0.0003      |
|    loss                 | -0.186      |
|    n_updates            | 740         |
|    policy_gradient_loss | -0.0552     |
|    std                  | 1.18        |
|    value_loss           | 0.00071     |
-----------------------------------------
-----------------------------------------
| rollout/                |             |
|    ep_len_mean          | 142         |
|    ep_rew_mean          | 0.83        |
| time/                   |             |
|    fps                  | 3           |
|    iterations           | 76          |
|    time_elapsed         | 48327       |
|    total_timesteps      | 155648      |
| train/                  |             |
|    approx_kl            | 0.067527555 |
|    clip_fraction        | 0.444       |
|    clip_range           | 0.2         |
|    entropy_loss         | -11.1       |
|    explained_variance   | 0.959       |
|    learning_rate        | 0.0003      |
|    loss                 | -0.183      |
|    n_updates            | 750         |
|    policy_gradient_loss | -0.0602     |
|    std                  | 1.18        |
|    value_loss           | 0.000488    |
-----------------------------------------
----------------------------------------
| rollout/                |            |
|    ep_len_mean          | 143        |
|    ep_rew_mean          | 0.82       |
| time/                   |            |
|    fps                  | 3          |
|    iterations           | 77         |
|    time_elapsed         | 48822      |
|    total_timesteps      | 157696     |
| train/                  |            |
|    approx_kl            | 0.06341247 |
|    clip_fraction        | 0.43       |
|    clip_range           | 0.2        |
|    entropy_loss         | -11.1      |
|    explained_variance   | 0.859      |
|    learning_rate        | 0.0003     |
|    loss                 | -0.157     |
|    n_updates            | 760        |
|    policy_gradient_loss | -0.047     |
|    std                  | 1.19       |
|    value_loss           | 0.00105    |
----------------------------------------
-----------------------------------------
| rollout/                |             |
|    ep_len_mean          | 143         |
|    ep_rew_mean          | 0.82        |
| time/                   |             |
|    fps                  | 3           |
|    iterations           | 78          |
|    time_elapsed         | 49318       |
|    total_timesteps      | 159744      |
| train/                  |             |
|    approx_kl            | 0.065551296 |
|    clip_fraction        | 0.415       |
|    clip_range           | 0.2         |
|    entropy_loss         | -11.1       |
|    explained_variance   | 0.704       |
|    learning_rate        | 0.0003      |
|    loss                 | -0.203      |
|    n_updates            | 770         |
|    policy_gradient_loss | -0.0546     |
|    std                  | 1.18        |
|    value_loss           | 0.00179     |
-----------------------------------------
Eval num_timesteps=160000, episode_reward=0.50 +/- 0.50
Episode length: 164.35 +/- 36.04
----------------------------------------
| eval/                   |            |
|    mean_ep_length       | 164        |
|    mean_reward          | 0.5        |
| time/                   |            |
|    total_timesteps      | 160000     |
| train/                  |            |
|    approx_kl            | 0.06538038 |
|    clip_fraction        | 0.418      |
|    clip_range           | 0.2        |
|    entropy_loss         | -11.1      |
|    explained_variance   | 0.868      |
|    learning_rate        | 0.0003     |
|    loss                 | -0.19      |
|    n_updates            | 780        |
|    policy_gradient_loss | -0.0469    |
|    std                  | 1.18       |
|    value_loss           | 0.00086    |
----------------------------------------
---------------------------------
| rollout/           |          |
|    ep_len_mean     | 143      |
|    ep_rew_mean     | 0.81     |
| time/              |          |
|    fps             | 3        |
|    iterations      | 79       |
|    time_elapsed    | 50591    |
|    total_timesteps | 161792   |
---------------------------------
----------------------------------------
| rollout/                |            |
|    ep_len_mean          | 145        |
|    ep_rew_mean          | 0.79       |
| time/                   |            |
|    fps                  | 3          |
|    iterations           | 80         |
|    time_elapsed         | 51086      |
|    total_timesteps      | 163840     |
| train/                  |            |
|    approx_kl            | 0.10585082 |
|    clip_fraction        | 0.42       |
|    clip_range           | 0.2        |
|    entropy_loss         | -11.1      |
|    explained_variance   | 0.747      |
|    learning_rate        | 0.0003     |
|    loss                 | -0.186     |
|    n_updates            | 790        |
|    policy_gradient_loss | -0.0494    |
|    std                  | 1.18       |
|    value_loss           | 0.00171    |
----------------------------------------
----------------------------------------
| rollout/                |            |
|    ep_len_mean          | 145        |
|    ep_rew_mean          | 0.8        |
| time/                   |            |
|    fps                  | 3          |
|    iterations           | 81         |
|    time_elapsed         | 51586      |
|    total_timesteps      | 165888     |
| train/                  |            |
|    approx_kl            | 0.06510641 |
|    clip_fraction        | 0.423      |
|    clip_range           | 0.2        |
|    entropy_loss         | -11.1      |
|    explained_variance   | 0.792      |
|    learning_rate        | 0.0003     |
|    loss                 | -0.168     |
|    n_updates            | 800        |
|    policy_gradient_loss | -0.0549    |
|    std                  | 1.18       |
|    value_loss           | 0.00177    |
----------------------------------------
---------------------------------------
| rollout/                |           |
|    ep_len_mean          | 146       |
|    ep_rew_mean          | 0.77      |
| time/                   |           |
|    fps                  | 3         |
|    iterations           | 82        |
|    time_elapsed         | 52091     |
|    total_timesteps      | 167936    |
| train/                  |           |
|    approx_kl            | 0.0731603 |
|    clip_fraction        | 0.473     |
|    clip_range           | 0.2       |
|    entropy_loss         | -11.1     |
|    explained_variance   | 0.916     |
|    learning_rate        | 0.0003    |
|    loss                 | -0.179    |
|    n_updates            | 810       |
|    policy_gradient_loss | -0.055    |
|    std                  | 1.19      |
|    value_loss           | 0.000681  |
---------------------------------------
-----------------------------------------
| rollout/                |             |
|    ep_len_mean          | 146         |
|    ep_rew_mean          | 0.77        |
| time/                   |             |
|    fps                  | 3           |
|    iterations           | 83          |
|    time_elapsed         | 52585       |
|    total_timesteps      | 169984      |
| train/                  |             |
|    approx_kl            | 0.064612746 |
|    clip_fraction        | 0.428       |
|    clip_range           | 0.2         |
|    entropy_loss         | -11.1       |
|    explained_variance   | 0.89        |
|    learning_rate        | 0.0003      |
|    loss                 | -0.197      |
|    n_updates            | 820         |
|    policy_gradient_loss | -0.0516     |
|    std                  | 1.19        |
|    value_loss           | 0.00107     |
-----------------------------------------
Eval num_timesteps=170000, episode_reward=0.60 +/- 0.49
Episode length: 158.65 +/- 34.46
----------------------------------------
| eval/                   |            |
|    mean_ep_length       | 159        |
|    mean_reward          | 0.6        |
| time/                   |            |
|    total_timesteps      | 170000     |
| train/                  |            |
|    approx_kl            | 0.06374402 |
|    clip_fraction        | 0.436      |
|    clip_range           | 0.2        |
|    entropy_loss         | -11.1      |
|    explained_variance   | 0.837      |
|    learning_rate        | 0.0003     |
|    loss                 | -0.172     |
|    n_updates            | 830        |
|    policy_gradient_loss | -0.0541    |
|    std                  | 1.18       |
|    value_loss           | 0.00139    |
----------------------------------------
---------------------------------
| rollout/           |          |
|    ep_len_mean     | 144      |
|    ep_rew_mean     | 0.8      |
| time/              |          |
|    fps             | 3        |
|    iterations      | 84       |
|    time_elapsed    | 53818    |
|    total_timesteps | 172032   |
---------------------------------
----------------------------------------
| rollout/                |            |
|    ep_len_mean          | 145        |
|    ep_rew_mean          | 0.79       |
| time/                   |            |
|    fps                  | 3          |
|    iterations           | 85         |
|    time_elapsed         | 54318      |
|    total_timesteps      | 174080     |
| train/                  |            |
|    approx_kl            | 0.06549671 |
|    clip_fraction        | 0.432      |
|    clip_range           | 0.2        |
|    entropy_loss         | -11.1      |
|    explained_variance   | 0.834      |
|    learning_rate        | 0.0003     |
|    loss                 | -0.175     |
|    n_updates            | 840        |
|    policy_gradient_loss | -0.0463    |
|    std                  | 1.19       |
|    value_loss           | 0.00166    |
----------------------------------------
----------------------------------------
| rollout/                |            |
|    ep_len_mean          | 142        |
|    ep_rew_mean          | 0.82       |
| time/                   |            |
|    fps                  | 3          |
|    iterations           | 86         |
|    time_elapsed         | 54815      |
|    total_timesteps      | 176128     |
| train/                  |            |
|    approx_kl            | 0.06185933 |
|    clip_fraction        | 0.441      |
|    clip_range           | 0.2        |
|    entropy_loss         | -11.1      |
|    explained_variance   | 0.864      |
|    learning_rate        | 0.0003     |
|    loss                 | -0.172     |
|    n_updates            | 850        |
|    policy_gradient_loss | -0.0517    |
|    std                  | 1.19       |
|    value_loss           | 0.00187    |
----------------------------------------
---------------------------------------
| rollout/                |           |
|    ep_len_mean          | 143       |
|    ep_rew_mean          | 0.8       |
| time/                   |           |
|    fps                  | 3         |
|    iterations           | 87        |
|    time_elapsed         | 55309     |
|    total_timesteps      | 178176    |
| train/                  |           |
|    approx_kl            | 0.0675264 |
|    clip_fraction        | 0.435     |
|    clip_range           | 0.2       |
|    entropy_loss         | -11.1     |
|    explained_variance   | 0.906     |
|    learning_rate        | 0.0003    |
|    loss                 | -0.17     |
|    n_updates            | 860       |
|    policy_gradient_loss | -0.0527   |
|    std                  | 1.19      |
|    value_loss           | 0.000738  |
---------------------------------------
Eval num_timesteps=180000, episode_reward=0.85 +/- 0.36
Episode length: 138.00 +/- 28.28
-----------------------------------------
| eval/                   |             |
|    mean_ep_length       | 138         |
|    mean_reward          | 0.85        |
| time/                   |             |
|    total_timesteps      | 180000      |
| train/                  |             |
|    approx_kl            | 0.069158465 |
|    clip_fraction        | 0.453       |
|    clip_range           | 0.2         |
|    entropy_loss         | -11.1       |
|    explained_variance   | 0.812       |
|    learning_rate        | 0.0003      |
|    loss                 | -0.166      |
|    n_updates            | 870         |
|    policy_gradient_loss | -0.0533     |
|    std                  | 1.19        |
|    value_loss           | 0.00129     |
-----------------------------------------
---------------------------------
| rollout/           |          |
|    ep_len_mean     | 145      |
|    ep_rew_mean     | 0.77     |
| time/              |          |
|    fps             | 3        |
|    iterations      | 88       |
|    time_elapsed    | 56457    |
|    total_timesteps | 180224   |
---------------------------------
----------------------------------------
| rollout/                |            |
|    ep_len_mean          | 144        |
|    ep_rew_mean          | 0.78       |
| time/                   |            |
|    fps                  | 3          |
|    iterations           | 89         |
|    time_elapsed         | 56955      |
|    total_timesteps      | 182272     |
| train/                  |            |
|    approx_kl            | 0.07452504 |
|    clip_fraction        | 0.453      |
|    clip_range           | 0.2        |
|    entropy_loss         | -11.1      |
|    explained_variance   | 0.888      |
|    learning_rate        | 0.0003     |
|    loss                 | -0.183     |
|    n_updates            | 880        |
|    policy_gradient_loss | -0.0491    |
|    std                  | 1.18       |
|    value_loss           | 0.00167    |
----------------------------------------
----------------------------------------
| rollout/                |            |
|    ep_len_mean          | 143        |
|    ep_rew_mean          | 0.79       |
| time/                   |            |
|    fps                  | 3          |
|    iterations           | 90         |
|    time_elapsed         | 57452      |
|    total_timesteps      | 184320     |
| train/                  |            |
|    approx_kl            | 0.06471384 |
|    clip_fraction        | 0.419      |
|    clip_range           | 0.2        |
|    entropy_loss         | -11.1      |
|    explained_variance   | 0.744      |
|    learning_rate        | 0.0003     |
|    loss                 | -0.173     |
|    n_updates            | 890        |
|    policy_gradient_loss | -0.0483    |
|    std                  | 1.19       |
|    value_loss           | 0.00139    |
----------------------------------------
----------------------------------------
| rollout/                |            |
|    ep_len_mean          | 143        |
|    ep_rew_mean          | 0.79       |
| time/                   |            |
|    fps                  | 3          |
|    iterations           | 91         |
|    time_elapsed         | 57946      |
|    total_timesteps      | 186368     |
| train/                  |            |
|    approx_kl            | 0.07949055 |
|    clip_fraction        | 0.444      |
|    clip_range           | 0.2        |
|    entropy_loss         | -11.1      |
|    explained_variance   | 0.899      |
|    learning_rate        | 0.0003     |
|    loss                 | -0.188     |
|    n_updates            | 900        |
|    policy_gradient_loss | -0.0569    |
|    std                  | 1.18       |
|    value_loss           | 0.00103    |
----------------------------------------
-----------------------------------------
| rollout/                |             |
|    ep_len_mean          | 142         |
|    ep_rew_mean          | 0.8         |
| time/                   |             |
|    fps                  | 3           |
|    iterations           | 92          |
|    time_elapsed         | 58441       |
|    total_timesteps      | 188416      |
| train/                  |             |
|    approx_kl            | 0.089197576 |
|    clip_fraction        | 0.489       |
|    clip_range           | 0.2         |
|    entropy_loss         | -11.1       |
|    explained_variance   | 0.936       |
|    learning_rate        | 0.0003      |
|    loss                 | -0.182      |
|    n_updates            | 910         |
|    policy_gradient_loss | -0.0524     |
|    std                  | 1.18        |
|    value_loss           | 0.000818    |
-----------------------------------------
