Gym has been unmaintained since 2022 and does not support NumPy 2.0 amongst other critical functionality.
Please upgrade to Gymnasium, the maintained drop-in replacement of Gym, or contact the authors of your software and request that they upgrade.
See the migration guide at https://gymnasium.farama.org/introduction/migration_guide/ for additional information.
/234/miniconda/envs/libero/lib/python3.8/site-packages/torch/utils/tensorboard/__init__.py:4: DeprecationWarning: distutils Version classes are deprecated. Use packaging.version instead.
  if not hasattr(tensorboard, "__version__") or LooseVersion(
/234/miniconda/envs/libero/lib/python3.8/site-packages/robosuite/__init__.py:7: DeprecationWarning: The 'warn' method is deprecated, use 'warning' instead
  ROBOSUITE_DEFAULT_LOGGER.warn("No private macro file found!")
[robosuite WARNING] No private macro file found! (__init__.py:7)
[robosuite WARNING] It is recommended to use a private macro file (__init__.py:8)
[robosuite WARNING] To setup, run: python /234/miniconda/envs/libero/lib/python3.8/site-packages/robosuite/scripts/setup_macros.py (__init__.py:9)
/234/miniconda/envs/libero/lib/python3.8/site-packages/thop/profile.py:12: DeprecationWarning: distutils Version classes are deprecated. Use packaging.version instead.
  if LooseVersion(torch.__version__) < LooseVersion("1.0.0"):
[info] using task orders [0, 1, 2, 3, 4, 5, 6, 7, 8, 9]
Task 4: BC + Vanilla PPO (sparse reward only)...

============= Initialized Observation Utils with Obs Spec =============

using obs modality: rgb with keys: ['eye_in_hand_rgb', 'agentview_rgb']
using obs modality: depth with keys: []
using obs modality: low_dim with keys: ['gripper_states', 'joint_states']
SequenceDataset: loading dataset into memory...
  0%|          | 0/50 [00:00<?, ?it/s]100%|██████████| 50/50 [00:00<00:00, 1030.30it/s]
Using cuda device
Logging to /234/outputs/ppo_bc_vanilla/task4/tb_logs/PPO_1
---------------------------------
| rollout/           |          |
|    ep_len_mean     | 157      |
|    ep_rew_mean     | 0.769    |
| time/              |          |
|    fps             | 6        |
|    iterations      | 1        |
|    time_elapsed    | 331      |
|    total_timesteps | 2048     |
---------------------------------
-----------------------------------------
| rollout/                |             |
|    ep_len_mean          | 158         |
|    ep_rew_mean          | 0.76        |
| time/                   |             |
|    fps                  | 4           |
|    iterations           | 2           |
|    time_elapsed         | 826         |
|    total_timesteps      | 4096        |
| train/                  |             |
|    approx_kl            | 0.021474265 |
|    clip_fraction        | 0.239       |
|    clip_range           | 0.2         |
|    entropy_loss         | -9.96       |
|    explained_variance   | -1.55       |
|    learning_rate        | 0.0003      |
|    loss                 | -0.114      |
|    n_updates            | 10          |
|    policy_gradient_loss | -0.0252     |
|    std                  | 1.01        |
|    value_loss           | 0.00919     |
-----------------------------------------
-----------------------------------------
| rollout/                |             |
|    ep_len_mean          | 158         |
|    ep_rew_mean          | 0.737       |
| time/                   |             |
|    fps                  | 4           |
|    iterations           | 3           |
|    time_elapsed         | 1316        |
|    total_timesteps      | 6144        |
| train/                  |             |
|    approx_kl            | 0.024669668 |
|    clip_fraction        | 0.275       |
|    clip_range           | 0.2         |
|    entropy_loss         | -9.98       |
|    explained_variance   | 0.303       |
|    learning_rate        | 0.0003      |
|    loss                 | -0.11       |
|    n_updates            | 20          |
|    policy_gradient_loss | -0.029      |
|    std                  | 1.01        |
|    value_loss           | 0.00402     |
-----------------------------------------
----------------------------------------
| rollout/                |            |
|    ep_len_mean          | 158        |
|    ep_rew_mean          | 0.731      |
| time/                   |            |
|    fps                  | 4          |
|    iterations           | 4          |
|    time_elapsed         | 1803       |
|    total_timesteps      | 8192       |
| train/                  |            |
|    approx_kl            | 0.02870642 |
|    clip_fraction        | 0.281      |
|    clip_range           | 0.2        |
|    entropy_loss         | -10        |
|    explained_variance   | 0.592      |
|    learning_rate        | 0.0003     |
|    loss                 | -0.128     |
|    n_updates            | 30         |
|    policy_gradient_loss | -0.028     |
|    std                  | 1.01       |
|    value_loss           | 0.00283    |
----------------------------------------
Eval num_timesteps=10000, episode_reward=0.80 +/- 0.40
Episode length: 149.80 +/- 26.42
-----------------------------------------
| eval/                   |             |
|    mean_ep_length       | 150         |
|    mean_reward          | 0.8         |
| time/                   |             |
|    total_timesteps      | 10000       |
| train/                  |             |
|    approx_kl            | 0.031030469 |
|    clip_fraction        | 0.282       |
|    clip_range           | 0.2         |
|    entropy_loss         | -10         |
|    explained_variance   | 0.72        |
|    learning_rate        | 0.0003      |
|    loss                 | -0.137      |
|    n_updates            | 40          |
|    policy_gradient_loss | -0.0263     |
|    std                  | 1.01        |
|    value_loss           | 0.00287     |
-----------------------------------------
New best mean reward!
---------------------------------
| rollout/           |          |
|    ep_len_mean     | 157      |
|    ep_rew_mean     | 0.738    |
| time/              |          |
|    fps             | 3        |
|    iterations      | 5        |
|    time_elapsed    | 3003     |
|    total_timesteps | 10240    |
---------------------------------
-----------------------------------------
| rollout/                |             |
|    ep_len_mean          | 156         |
|    ep_rew_mean          | 0.731       |
| time/                   |             |
|    fps                  | 3           |
|    iterations           | 6           |
|    time_elapsed         | 3493        |
|    total_timesteps      | 12288       |
| train/                  |             |
|    approx_kl            | 0.030105686 |
|    clip_fraction        | 0.296       |
|    clip_range           | 0.2         |
|    entropy_loss         | -10.1       |
|    explained_variance   | 0.733       |
|    learning_rate        | 0.0003      |
|    loss                 | -0.176      |
|    n_updates            | 50          |
|    policy_gradient_loss | -0.0244     |
|    std                  | 1.03        |
|    value_loss           | 0.00205     |
-----------------------------------------
-----------------------------------------
| rollout/                |             |
|    ep_len_mean          | 154         |
|    ep_rew_mean          | 0.753       |
| time/                   |             |
|    fps                  | 3           |
|    iterations           | 7           |
|    time_elapsed         | 3982        |
|    total_timesteps      | 14336       |
| train/                  |             |
|    approx_kl            | 0.033050682 |
|    clip_fraction        | 0.289       |
|    clip_range           | 0.2         |
|    entropy_loss         | -10.1       |
|    explained_variance   | 0.788       |
|    learning_rate        | 0.0003      |
|    loss                 | -0.153      |
|    n_updates            | 60          |
|    policy_gradient_loss | -0.0246     |
|    std                  | 1.03        |
|    value_loss           | 0.00191     |
-----------------------------------------
-----------------------------------------
| rollout/                |             |
|    ep_len_mean          | 153         |
|    ep_rew_mean          | 0.75        |
| time/                   |             |
|    fps                  | 3           |
|    iterations           | 8           |
|    time_elapsed         | 4473        |
|    total_timesteps      | 16384       |
| train/                  |             |
|    approx_kl            | 0.024518836 |
|    clip_fraction        | 0.272       |
|    clip_range           | 0.2         |
|    entropy_loss         | -10.2       |
|    explained_variance   | 0.903       |
|    learning_rate        | 0.0003      |
|    loss                 | -0.162      |
|    n_updates            | 70          |
|    policy_gradient_loss | -0.0276     |
|    std                  | 1.03        |
|    value_loss           | 0.00154     |
-----------------------------------------
-----------------------------------------
| rollout/                |             |
|    ep_len_mean          | 153         |
|    ep_rew_mean          | 0.74        |
| time/                   |             |
|    fps                  | 3           |
|    iterations           | 9           |
|    time_elapsed         | 4966        |
|    total_timesteps      | 18432       |
| train/                  |             |
|    approx_kl            | 0.031254154 |
|    clip_fraction        | 0.292       |
|    clip_range           | 0.2         |
|    entropy_loss         | -10.2       |
|    explained_variance   | 0.826       |
|    learning_rate        | 0.0003      |
|    loss                 | -0.142      |
|    n_updates            | 80          |
|    policy_gradient_loss | -0.0285     |
|    std                  | 1.03        |
|    value_loss           | 0.00149     |
-----------------------------------------
Eval num_timesteps=20000, episode_reward=0.85 +/- 0.36
Episode length: 148.85 +/- 27.54
-----------------------------------------
| eval/                   |             |
|    mean_ep_length       | 149         |
|    mean_reward          | 0.85        |
| time/                   |             |
|    total_timesteps      | 20000       |
| train/                  |             |
|    approx_kl            | 0.037609056 |
|    clip_fraction        | 0.312       |
|    clip_range           | 0.2         |
|    entropy_loss         | -10.2       |
|    explained_variance   | 0.789       |
|    learning_rate        | 0.0003      |
|    loss                 | -0.124      |
|    n_updates            | 90          |
|    policy_gradient_loss | -0.0353     |
|    std                  | 1.04        |
|    value_loss           | 0.00174     |
-----------------------------------------
New best mean reward!
---------------------------------
| rollout/           |          |
|    ep_len_mean     | 153      |
|    ep_rew_mean     | 0.73     |
| time/              |          |
|    fps             | 3        |
|    iterations      | 10       |
|    time_elapsed    | 6163     |
|    total_timesteps | 20480    |
---------------------------------
-----------------------------------------
| rollout/                |             |
|    ep_len_mean          | 155         |
|    ep_rew_mean          | 0.69        |
| time/                   |             |
|    fps                  | 3           |
|    iterations           | 11          |
|    time_elapsed         | 6657        |
|    total_timesteps      | 22528       |
| train/                  |             |
|    approx_kl            | 0.037566915 |
|    clip_fraction        | 0.343       |
|    clip_range           | 0.2         |
|    entropy_loss         | -10.2       |
|    explained_variance   | 0.813       |
|    learning_rate        | 0.0003      |
|    loss                 | -0.18       |
|    n_updates            | 100         |
|    policy_gradient_loss | -0.032      |
|    std                  | 1.04        |
|    value_loss           | 0.0014      |
-----------------------------------------
-----------------------------------------
| rollout/                |             |
|    ep_len_mean          | 154         |
|    ep_rew_mean          | 0.71        |
| time/                   |             |
|    fps                  | 3           |
|    iterations           | 12          |
|    time_elapsed         | 7160        |
|    total_timesteps      | 24576       |
| train/                  |             |
|    approx_kl            | 0.033147253 |
|    clip_fraction        | 0.347       |
|    clip_range           | 0.2         |
|    entropy_loss         | -10.2       |
|    explained_variance   | 0.753       |
|    learning_rate        | 0.0003      |
|    loss                 | -0.144      |
|    n_updates            | 110         |
|    policy_gradient_loss | -0.0377     |
|    std                  | 1.04        |
|    value_loss           | 0.00132     |
-----------------------------------------
-----------------------------------------
| rollout/                |             |
|    ep_len_mean          | 156         |
|    ep_rew_mean          | 0.67        |
| time/                   |             |
|    fps                  | 3           |
|    iterations           | 13          |
|    time_elapsed         | 7646        |
|    total_timesteps      | 26624       |
| train/                  |             |
|    approx_kl            | 0.033395357 |
|    clip_fraction        | 0.315       |
|    clip_range           | 0.2         |
|    entropy_loss         | -10.2       |
|    explained_variance   | 0.652       |
|    learning_rate        | 0.0003      |
|    loss                 | -0.155      |
|    n_updates            | 120         |
|    policy_gradient_loss | -0.027      |
|    std                  | 1.04        |
|    value_loss           | 0.00194     |
-----------------------------------------
-----------------------------------------
| rollout/                |             |
|    ep_len_mean          | 157         |
|    ep_rew_mean          | 0.66        |
| time/                   |             |
|    fps                  | 3           |
|    iterations           | 14          |
|    time_elapsed         | 8138        |
|    total_timesteps      | 28672       |
| train/                  |             |
|    approx_kl            | 0.037121825 |
|    clip_fraction        | 0.353       |
|    clip_range           | 0.2         |
|    entropy_loss         | -10.2       |
|    explained_variance   | 0.7         |
|    learning_rate        | 0.0003      |
|    loss                 | -0.157      |
|    n_updates            | 130         |
|    policy_gradient_loss | -0.0367     |
|    std                  | 1.04        |
|    value_loss           | 0.0013      |
-----------------------------------------
Eval num_timesteps=30000, episode_reward=0.95 +/- 0.22
Episode length: 140.45 +/- 19.00
----------------------------------------
| eval/                   |            |
|    mean_ep_length       | 140        |
|    mean_reward          | 0.95       |
| time/                   |            |
|    total_timesteps      | 30000      |
| train/                  |            |
|    approx_kl            | 0.03489067 |
|    clip_fraction        | 0.335      |
|    clip_range           | 0.2        |
|    entropy_loss         | -10.2      |
|    explained_variance   | 0.76       |
|    learning_rate        | 0.0003     |
|    loss                 | -0.15      |
|    n_updates            | 140        |
|    policy_gradient_loss | -0.0343    |
|    std                  | 1.04       |
|    value_loss           | 0.00139    |
----------------------------------------
New best mean reward!
---------------------------------
| rollout/           |          |
|    ep_len_mean     | 156      |
|    ep_rew_mean     | 0.66     |
| time/              |          |
|    fps             | 3        |
|    iterations      | 15       |
|    time_elapsed    | 9306     |
|    total_timesteps | 30720    |
---------------------------------
-----------------------------------------
| rollout/                |             |
|    ep_len_mean          | 159         |
|    ep_rew_mean          | 0.63        |
| time/                   |             |
|    fps                  | 3           |
|    iterations           | 16          |
|    time_elapsed         | 9795        |
|    total_timesteps      | 32768       |
| train/                  |             |
|    approx_kl            | 0.040828943 |
|    clip_fraction        | 0.35        |
|    clip_range           | 0.2         |
|    entropy_loss         | -10.2       |
|    explained_variance   | 0.835       |
|    learning_rate        | 0.0003      |
|    loss                 | -0.174      |
|    n_updates            | 150         |
|    policy_gradient_loss | -0.0307     |
|    std                  | 1.04        |
|    value_loss           | 0.00152     |
-----------------------------------------
-----------------------------------------
| rollout/                |             |
|    ep_len_mean          | 156         |
|    ep_rew_mean          | 0.67        |
| time/                   |             |
|    fps                  | 3           |
|    iterations           | 17          |
|    time_elapsed         | 10288       |
|    total_timesteps      | 34816       |
| train/                  |             |
|    approx_kl            | 0.036496885 |
|    clip_fraction        | 0.329       |
|    clip_range           | 0.2         |
|    entropy_loss         | -10.3       |
|    explained_variance   | 0.753       |
|    learning_rate        | 0.0003      |
|    loss                 | -0.146      |
|    n_updates            | 160         |
|    policy_gradient_loss | -0.034      |
|    std                  | 1.05        |
|    value_loss           | 0.00165     |
-----------------------------------------
-----------------------------------------
| rollout/                |             |
|    ep_len_mean          | 152         |
|    ep_rew_mean          | 0.72        |
| time/                   |             |
|    fps                  | 3           |
|    iterations           | 18          |
|    time_elapsed         | 10778       |
|    total_timesteps      | 36864       |
| train/                  |             |
|    approx_kl            | 0.036145527 |
|    clip_fraction        | 0.326       |
|    clip_range           | 0.2         |
|    entropy_loss         | -10.3       |
|    explained_variance   | 0.808       |
|    learning_rate        | 0.0003      |
|    loss                 | -0.153      |
|    n_updates            | 170         |
|    policy_gradient_loss | -0.0282     |
|    std                  | 1.05        |
|    value_loss           | 0.00151     |
-----------------------------------------
-----------------------------------------
| rollout/                |             |
|    ep_len_mean          | 151         |
|    ep_rew_mean          | 0.74        |
| time/                   |             |
|    fps                  | 3           |
|    iterations           | 19          |
|    time_elapsed         | 11273       |
|    total_timesteps      | 38912       |
| train/                  |             |
|    approx_kl            | 0.035322614 |
|    clip_fraction        | 0.338       |
|    clip_range           | 0.2         |
|    entropy_loss         | -10.3       |
|    explained_variance   | 0.903       |
|    learning_rate        | 0.0003      |
|    loss                 | -0.15       |
|    n_updates            | 180         |
|    policy_gradient_loss | -0.0336     |
|    std                  | 1.06        |
|    value_loss           | 0.00106     |
-----------------------------------------
Eval num_timesteps=40000, episode_reward=0.85 +/- 0.36
Episode length: 141.65 +/- 25.85
----------------------------------------
| eval/                   |            |
|    mean_ep_length       | 142        |
|    mean_reward          | 0.85       |
| time/                   |            |
|    total_timesteps      | 40000      |
| train/                  |            |
|    approx_kl            | 0.04162866 |
|    clip_fraction        | 0.382      |
|    clip_range           | 0.2        |
|    entropy_loss         | -10.3      |
|    explained_variance   | 0.914      |
|    learning_rate        | 0.0003     |
|    loss                 | -0.122     |
|    n_updates            | 190        |
|    policy_gradient_loss | -0.0374    |
|    std                  | 1.06       |
|    value_loss           | 0.000957   |
----------------------------------------
---------------------------------
| rollout/           |          |
|    ep_len_mean     | 148      |
|    ep_rew_mean     | 0.78     |
| time/              |          |
|    fps             | 3        |
|    iterations      | 20       |
|    time_elapsed    | 12451    |
|    total_timesteps | 40960    |
---------------------------------
-----------------------------------------
| rollout/                |             |
|    ep_len_mean          | 146         |
|    ep_rew_mean          | 0.83        |
| time/                   |             |
|    fps                  | 3           |
|    iterations           | 21          |
|    time_elapsed         | 12945       |
|    total_timesteps      | 43008       |
| train/                  |             |
|    approx_kl            | 0.041526027 |
|    clip_fraction        | 0.363       |
|    clip_range           | 0.2         |
|    entropy_loss         | -10.4       |
|    explained_variance   | 0.872       |
|    learning_rate        | 0.0003      |
|    loss                 | -0.155      |
|    n_updates            | 200         |
|    policy_gradient_loss | -0.0376     |
|    std                  | 1.07        |
|    value_loss           | 0.00179     |
-----------------------------------------
----------------------------------------
| rollout/                |            |
|    ep_len_mean          | 146        |
|    ep_rew_mean          | 0.83       |
| time/                   |            |
|    fps                  | 3          |
|    iterations           | 22         |
|    time_elapsed         | 13440      |
|    total_timesteps      | 45056      |
| train/                  |            |
|    approx_kl            | 0.03816572 |
|    clip_fraction        | 0.364      |
|    clip_range           | 0.2        |
|    entropy_loss         | -10.5      |
|    explained_variance   | 0.834      |
|    learning_rate        | 0.0003     |
|    loss                 | -0.162     |
|    n_updates            | 210        |
|    policy_gradient_loss | -0.032     |
|    std                  | 1.08       |
|    value_loss           | 0.00106    |
----------------------------------------
----------------------------------------
| rollout/                |            |
|    ep_len_mean          | 142        |
|    ep_rew_mean          | 0.89       |
| time/                   |            |
|    fps                  | 3          |
|    iterations           | 23         |
|    time_elapsed         | 13935      |
|    total_timesteps      | 47104      |
| train/                  |            |
|    approx_kl            | 0.04179073 |
|    clip_fraction        | 0.339      |
|    clip_range           | 0.2        |
|    entropy_loss         | -10.5      |
|    explained_variance   | 0.718      |
|    learning_rate        | 0.0003     |
|    loss                 | -0.166     |
|    n_updates            | 220        |
|    policy_gradient_loss | -0.0357    |
|    std                  | 1.08       |
|    value_loss           | 0.00104    |
----------------------------------------
----------------------------------------
| rollout/                |            |
|    ep_len_mean          | 141        |
|    ep_rew_mean          | 0.9        |
| time/                   |            |
|    fps                  | 3          |
|    iterations           | 24         |
|    time_elapsed         | 14433      |
|    total_timesteps      | 49152      |
| train/                  |            |
|    approx_kl            | 0.03888485 |
|    clip_fraction        | 0.364      |
|    clip_range           | 0.2        |
|    entropy_loss         | -10.5      |
|    explained_variance   | 0.906      |
|    learning_rate        | 0.0003     |
|    loss                 | -0.174     |
|    n_updates            | 230        |
|    policy_gradient_loss | -0.0363    |
|    std                  | 1.09       |
|    value_loss           | 0.000674   |
----------------------------------------
Eval num_timesteps=50000, episode_reward=1.00 +/- 0.00
Episode length: 134.35 +/- 11.05
-----------------------------------------
| eval/                   |             |
|    mean_ep_length       | 134         |
|    mean_reward          | 1           |
| time/                   |             |
|    total_timesteps      | 50000       |
| train/                  |             |
|    approx_kl            | 0.048666768 |
|    clip_fraction        | 0.375       |
|    clip_range           | 0.2         |
|    entropy_loss         | -10.6       |
|    explained_variance   | 0.892       |
|    learning_rate        | 0.0003      |
|    loss                 | -0.166      |
|    n_updates            | 240         |
|    policy_gradient_loss | -0.0375     |
|    std                  | 1.1         |
|    value_loss           | 0.000843    |
-----------------------------------------
New best mean reward!
---------------------------------
| rollout/           |          |
|    ep_len_mean     | 141      |
|    ep_rew_mean     | 0.9      |
| time/              |          |
|    fps             | 3        |
|    iterations      | 25       |
|    time_elapsed    | 15574    |
|    total_timesteps | 51200    |
---------------------------------
----------------------------------------
| rollout/                |            |
|    ep_len_mean          | 143        |
|    ep_rew_mean          | 0.87       |
| time/                   |            |
|    fps                  | 3          |
|    iterations           | 26         |
|    time_elapsed         | 16068      |
|    total_timesteps      | 53248      |
| train/                  |            |
|    approx_kl            | 0.04512136 |
|    clip_fraction        | 0.351      |
|    clip_range           | 0.2        |
|    entropy_loss         | -10.6      |
|    explained_variance   | 0.924      |
|    learning_rate        | 0.0003     |
|    loss                 | -0.163     |
|    n_updates            | 250        |
|    policy_gradient_loss | -0.0393    |
|    std                  | 1.1        |
|    value_loss           | 0.000499   |
----------------------------------------
----------------------------------------
| rollout/                |            |
|    ep_len_mean          | 141        |
|    ep_rew_mean          | 0.88       |
| time/                   |            |
|    fps                  | 3          |
|    iterations           | 27         |
|    time_elapsed         | 16564      |
|    total_timesteps      | 55296      |
| train/                  |            |
|    approx_kl            | 0.04207763 |
|    clip_fraction        | 0.354      |
|    clip_range           | 0.2        |
|    entropy_loss         | -10.6      |
|    explained_variance   | 0.904      |
|    learning_rate        | 0.0003     |
|    loss                 | -0.179     |
|    n_updates            | 260        |
|    policy_gradient_loss | -0.0403    |
|    std                  | 1.11       |
|    value_loss           | 0.000687   |
----------------------------------------
-----------------------------------------
| rollout/                |             |
|    ep_len_mean          | 143         |
|    ep_rew_mean          | 0.85        |
| time/                   |             |
|    fps                  | 3           |
|    iterations           | 28          |
|    time_elapsed         | 17058       |
|    total_timesteps      | 57344       |
| train/                  |             |
|    approx_kl            | 0.040694162 |
|    clip_fraction        | 0.331       |
|    clip_range           | 0.2         |
|    entropy_loss         | -10.7       |
|    explained_variance   | 0.788       |
|    learning_rate        | 0.0003      |
|    loss                 | -0.168      |
|    n_updates            | 270         |
|    policy_gradient_loss | -0.0292     |
|    std                  | 1.11        |
|    value_loss           | 0.00132     |
-----------------------------------------
-----------------------------------------
| rollout/                |             |
|    ep_len_mean          | 143         |
|    ep_rew_mean          | 0.86        |
| time/                   |             |
|    fps                  | 3           |
|    iterations           | 29          |
|    time_elapsed         | 17554       |
|    total_timesteps      | 59392       |
| train/                  |             |
|    approx_kl            | 0.047874328 |
|    clip_fraction        | 0.348       |
|    clip_range           | 0.2         |
|    entropy_loss         | -10.7       |
|    explained_variance   | 0.872       |
|    learning_rate        | 0.0003      |
|    loss                 | -0.169      |
|    n_updates            | 280         |
|    policy_gradient_loss | -0.0372     |
|    std                  | 1.12        |
|    value_loss           | 0.000902    |
-----------------------------------------
Eval num_timesteps=60000, episode_reward=0.55 +/- 0.50
Episode length: 161.00 +/- 35.73
----------------------------------------
| eval/                   |            |
|    mean_ep_length       | 161        |
|    mean_reward          | 0.55       |
| time/                   |            |
|    total_timesteps      | 60000      |
| train/                  |            |
|    approx_kl            | 0.04403545 |
|    clip_fraction        | 0.376      |
|    clip_range           | 0.2        |
|    entropy_loss         | -10.7      |
|    explained_variance   | 0.885      |
|    learning_rate        | 0.0003     |
|    loss                 | -0.167     |
|    n_updates            | 290        |
|    policy_gradient_loss | -0.042     |
|    std                  | 1.12       |
|    value_loss           | 0.000796   |
----------------------------------------
---------------------------------
| rollout/           |          |
|    ep_len_mean     | 145      |
|    ep_rew_mean     | 0.83     |
| time/              |          |
|    fps             | 3        |
|    iterations      | 30       |
|    time_elapsed    | 18810    |
|    total_timesteps | 61440    |
---------------------------------
-----------------------------------------
| rollout/                |             |
|    ep_len_mean          | 146         |
|    ep_rew_mean          | 0.82        |
| time/                   |             |
|    fps                  | 3           |
|    iterations           | 31          |
|    time_elapsed         | 19306       |
|    total_timesteps      | 63488       |
| train/                  |             |
|    approx_kl            | 0.051549867 |
|    clip_fraction        | 0.368       |
|    clip_range           | 0.2         |
|    entropy_loss         | -10.7       |
|    explained_variance   | 0.889       |
|    learning_rate        | 0.0003      |
|    loss                 | -0.131      |
|    n_updates            | 300         |
|    policy_gradient_loss | -0.0383     |
|    std                  | 1.12        |
|    value_loss           | 0.000712    |
-----------------------------------------
-----------------------------------------
| rollout/                |             |
|    ep_len_mean          | 146         |
|    ep_rew_mean          | 0.82        |
| time/                   |             |
|    fps                  | 3           |
|    iterations           | 32          |
|    time_elapsed         | 19800       |
|    total_timesteps      | 65536       |
| train/                  |             |
|    approx_kl            | 0.041859128 |
|    clip_fraction        | 0.368       |
|    clip_range           | 0.2         |
|    entropy_loss         | -10.8       |
|    explained_variance   | 0.868       |
|    learning_rate        | 0.0003      |
|    loss                 | -0.15       |
|    n_updates            | 310         |
|    policy_gradient_loss | -0.0386     |
|    std                  | 1.13        |
|    value_loss           | 0.000823    |
-----------------------------------------
-----------------------------------------
| rollout/                |             |
|    ep_len_mean          | 147         |
|    ep_rew_mean          | 0.82        |
| time/                   |             |
|    fps                  | 3           |
|    iterations           | 33          |
|    time_elapsed         | 20300       |
|    total_timesteps      | 67584       |
| train/                  |             |
|    approx_kl            | 0.043409847 |
|    clip_fraction        | 0.347       |
|    clip_range           | 0.2         |
|    entropy_loss         | -10.8       |
|    explained_variance   | 0.879       |
|    learning_rate        | 0.0003      |
|    loss                 | -0.167      |
|    n_updates            | 320         |
|    policy_gradient_loss | -0.0322     |
|    std                  | 1.13        |
|    value_loss           | 0.00151     |
-----------------------------------------
-----------------------------------------
| rollout/                |             |
|    ep_len_mean          | 147         |
|    ep_rew_mean          | 0.82        |
| time/                   |             |
|    fps                  | 3           |
|    iterations           | 34          |
|    time_elapsed         | 20795       |
|    total_timesteps      | 69632       |
| train/                  |             |
|    approx_kl            | 0.037428916 |
|    clip_fraction        | 0.334       |
|    clip_range           | 0.2         |
|    entropy_loss         | -10.8       |
|    explained_variance   | 0.801       |
|    learning_rate        | 0.0003      |
|    loss                 | -0.14       |
|    n_updates            | 330         |
|    policy_gradient_loss | -0.0317     |
|    std                  | 1.13        |
|    value_loss           | 0.00143     |
-----------------------------------------
Eval num_timesteps=70000, episode_reward=0.75 +/- 0.43
Episode length: 151.95 +/- 29.08
-----------------------------------------
| eval/                   |             |
|    mean_ep_length       | 152         |
|    mean_reward          | 0.75        |
| time/                   |             |
|    total_timesteps      | 70000       |
| train/                  |             |
|    approx_kl            | 0.041345086 |
|    clip_fraction        | 0.374       |
|    clip_range           | 0.2         |
|    entropy_loss         | -10.8       |
|    explained_variance   | 0.943       |
|    learning_rate        | 0.0003      |
|    loss                 | -0.18       |
|    n_updates            | 340         |
|    policy_gradient_loss | -0.0382     |
|    std                  | 1.13        |
|    value_loss           | 0.000615    |
-----------------------------------------
---------------------------------
| rollout/           |          |
|    ep_len_mean     | 147      |
|    ep_rew_mean     | 0.81     |
| time/              |          |
|    fps             | 3        |
|    iterations      | 35       |
|    time_elapsed    | 22017    |
|    total_timesteps | 71680    |
---------------------------------
-----------------------------------------
| rollout/                |             |
|    ep_len_mean          | 144         |
|    ep_rew_mean          | 0.84        |
| time/                   |             |
|    fps                  | 3           |
|    iterations           | 36          |
|    time_elapsed         | 22514       |
|    total_timesteps      | 73728       |
| train/                  |             |
|    approx_kl            | 0.041809503 |
|    clip_fraction        | 0.365       |
|    clip_range           | 0.2         |
|    entropy_loss         | -10.8       |
|    explained_variance   | 0.925       |
|    learning_rate        | 0.0003      |
|    loss                 | -0.15       |
|    n_updates            | 350         |
|    policy_gradient_loss | -0.0385     |
|    std                  | 1.14        |
|    value_loss           | 0.000872    |
-----------------------------------------
-----------------------------------------
| rollout/                |             |
|    ep_len_mean          | 143         |
|    ep_rew_mean          | 0.86        |
| time/                   |             |
|    fps                  | 3           |
|    iterations           | 37          |
|    time_elapsed         | 23010       |
|    total_timesteps      | 75776       |
| train/                  |             |
|    approx_kl            | 0.039964892 |
|    clip_fraction        | 0.395       |
|    clip_range           | 0.2         |
|    entropy_loss         | -10.9       |
|    explained_variance   | 0.942       |
|    learning_rate        | 0.0003      |
|    loss                 | -0.163      |
|    n_updates            | 360         |
|    policy_gradient_loss | -0.0418     |
|    std                  | 1.15        |
|    value_loss           | 0.000509    |
-----------------------------------------
-----------------------------------------
| rollout/                |             |
|    ep_len_mean          | 143         |
|    ep_rew_mean          | 0.85        |
| time/                   |             |
|    fps                  | 3           |
|    iterations           | 38          |
|    time_elapsed         | 23506       |
|    total_timesteps      | 77824       |
| train/                  |             |
|    approx_kl            | 0.048245817 |
|    clip_fraction        | 0.364       |
|    clip_range           | 0.2         |
|    entropy_loss         | -10.9       |
|    explained_variance   | 0.933       |
|    learning_rate        | 0.0003      |
|    loss                 | -0.169      |
|    n_updates            | 370         |
|    policy_gradient_loss | -0.0469     |
|    std                  | 1.14        |
|    value_loss           | 0.000579    |
-----------------------------------------
-----------------------------------------
| rollout/                |             |
|    ep_len_mean          | 141         |
|    ep_rew_mean          | 0.87        |
| time/                   |             |
|    fps                  | 3           |
|    iterations           | 39          |
|    time_elapsed         | 24005       |
|    total_timesteps      | 79872       |
| train/                  |             |
|    approx_kl            | 0.069705434 |
|    clip_fraction        | 0.368       |
|    clip_range           | 0.2         |
|    entropy_loss         | -10.9       |
|    explained_variance   | 0.756       |
|    learning_rate        | 0.0003      |
|    loss                 | -0.185      |
|    n_updates            | 380         |
|    policy_gradient_loss | -0.032      |
|    std                  | 1.15        |
|    value_loss           | 0.000859    |
-----------------------------------------
Eval num_timesteps=80000, episode_reward=1.00 +/- 0.00
Episode length: 130.60 +/- 9.94
-----------------------------------------
| eval/                   |             |
|    mean_ep_length       | 131         |
|    mean_reward          | 1           |
| time/                   |             |
|    total_timesteps      | 80000       |
| train/                  |             |
|    approx_kl            | 0.034000166 |
|    clip_fraction        | 0.338       |
|    clip_range           | 0.2         |
|    entropy_loss         | -10.9       |
|    explained_variance   | 0.933       |
|    learning_rate        | 0.0003      |
|    loss                 | -0.154      |
|    n_updates            | 390         |
|    policy_gradient_loss | -0.0276     |
|    std                  | 1.15        |
|    value_loss           | 0.000824    |
-----------------------------------------
---------------------------------
| rollout/           |          |
|    ep_len_mean     | 139      |
|    ep_rew_mean     | 0.89     |
| time/              |          |
|    fps             | 3        |
|    iterations      | 40       |
|    time_elapsed    | 25127    |
|    total_timesteps | 81920    |
---------------------------------
-----------------------------------------
| rollout/                |             |
|    ep_len_mean          | 138         |
|    ep_rew_mean          | 0.9         |
| time/                   |             |
|    fps                  | 3           |
|    iterations           | 41          |
|    time_elapsed         | 25626       |
|    total_timesteps      | 83968       |
| train/                  |             |
|    approx_kl            | 0.040430147 |
|    clip_fraction        | 0.362       |
|    clip_range           | 0.2         |
|    entropy_loss         | -11         |
|    explained_variance   | 0.906       |
|    learning_rate        | 0.0003      |
|    loss                 | -0.184      |
|    n_updates            | 400         |
|    policy_gradient_loss | -0.0365     |
|    std                  | 1.16        |
|    value_loss           | 0.00238     |
-----------------------------------------
-----------------------------------------
| rollout/                |             |
|    ep_len_mean          | 139         |
|    ep_rew_mean          | 0.9         |
| time/                   |             |
|    fps                  | 3           |
|    iterations           | 42          |
|    time_elapsed         | 26125       |
|    total_timesteps      | 86016       |
| train/                  |             |
|    approx_kl            | 0.047064453 |
|    clip_fraction        | 0.367       |
|    clip_range           | 0.2         |
|    entropy_loss         | -11         |
|    explained_variance   | 0.927       |
|    learning_rate        | 0.0003      |
|    loss                 | -0.162      |
|    n_updates            | 410         |
|    policy_gradient_loss | -0.0341     |
|    std                  | 1.16        |
|    value_loss           | 0.000864    |
-----------------------------------------
----------------------------------------
| rollout/                |            |
|    ep_len_mean          | 141        |
|    ep_rew_mean          | 0.87       |
| time/                   |            |
|    fps                  | 3          |
|    iterations           | 43         |
|    time_elapsed         | 26618      |
|    total_timesteps      | 88064      |
| train/                  |            |
|    approx_kl            | 0.06382824 |
|    clip_fraction        | 0.358      |
|    clip_range           | 0.2        |
|    entropy_loss         | -10.9      |
|    explained_variance   | 0.825      |
|    learning_rate        | 0.0003     |
|    loss                 | -0.116     |
|    n_updates            | 420        |
|    policy_gradient_loss | -0.0328    |
|    std                  | 1.16       |
|    value_loss           | 0.00127    |
----------------------------------------
Eval num_timesteps=90000, episode_reward=0.95 +/- 0.22
Episode length: 129.65 +/- 16.87
-----------------------------------------
| eval/                   |             |
|    mean_ep_length       | 130         |
|    mean_reward          | 0.95        |
| time/                   |             |
|    total_timesteps      | 90000       |
| train/                  |             |
|    approx_kl            | 0.047893208 |
|    clip_fraction        | 0.362       |
|    clip_range           | 0.2         |
|    entropy_loss         | -10.9       |
|    explained_variance   | 0.784       |
|    learning_rate        | 0.0003      |
|    loss                 | -0.169      |
|    n_updates            | 430         |
|    policy_gradient_loss | -0.0402     |
|    std                  | 1.15        |
|    value_loss           | 0.00175     |
-----------------------------------------
---------------------------------
| rollout/           |          |
|    ep_len_mean     | 140      |
|    ep_rew_mean     | 0.88     |
| time/              |          |
|    fps             | 3        |
|    iterations      | 44       |
|    time_elapsed    | 27733    |
|    total_timesteps | 90112    |
---------------------------------
-----------------------------------------
| rollout/                |             |
|    ep_len_mean          | 141         |
|    ep_rew_mean          | 0.89        |
| time/                   |             |
|    fps                  | 3           |
|    iterations           | 45          |
|    time_elapsed         | 28227       |
|    total_timesteps      | 92160       |
| train/                  |             |
|    approx_kl            | 0.061720088 |
|    clip_fraction        | 0.399       |
|    clip_range           | 0.2         |
|    entropy_loss         | -10.9       |
|    explained_variance   | 0.805       |
|    learning_rate        | 0.0003      |
|    loss                 | -0.162      |
|    n_updates            | 440         |
|    policy_gradient_loss | -0.0478     |
|    std                  | 1.15        |
|    value_loss           | 0.00109     |
-----------------------------------------
-----------------------------------------
| rollout/                |             |
|    ep_len_mean          | 141         |
|    ep_rew_mean          | 0.9         |
| time/                   |             |
|    fps                  | 3           |
|    iterations           | 46          |
|    time_elapsed         | 28728       |
|    total_timesteps      | 94208       |
| train/                  |             |
|    approx_kl            | 0.048150964 |
|    clip_fraction        | 0.38        |
|    clip_range           | 0.2         |
|    entropy_loss         | -10.9       |
|    explained_variance   | 0.89        |
|    learning_rate        | 0.0003      |
|    loss                 | -0.181      |
|    n_updates            | 450         |
|    policy_gradient_loss | -0.0401     |
|    std                  | 1.15        |
|    value_loss           | 0.000931    |
-----------------------------------------
----------------------------------------
| rollout/                |            |
|    ep_len_mean          | 140        |
|    ep_rew_mean          | 0.91       |
| time/                   |            |
|    fps                  | 3          |
|    iterations           | 47         |
|    time_elapsed         | 29232      |
|    total_timesteps      | 96256      |
| train/                  |            |
|    approx_kl            | 0.05110032 |
|    clip_fraction        | 0.406      |
|    clip_range           | 0.2        |
|    entropy_loss         | -10.9      |
|    explained_variance   | 0.974      |
|    learning_rate        | 0.0003     |
|    loss                 | -0.161     |
|    n_updates            | 460        |
|    policy_gradient_loss | -0.0519    |
|    std                  | 1.15       |
|    value_loss           | 0.000342   |
----------------------------------------
-----------------------------------------
| rollout/                |             |
|    ep_len_mean          | 141         |
|    ep_rew_mean          | 0.91        |
| time/                   |             |
|    fps                  | 3           |
|    iterations           | 48          |
|    time_elapsed         | 29731       |
|    total_timesteps      | 98304       |
| train/                  |             |
|    approx_kl            | 0.041072734 |
|    clip_fraction        | 0.387       |
|    clip_range           | 0.2         |
|    entropy_loss         | -10.9       |
|    explained_variance   | 0.966       |
|    learning_rate        | 0.0003      |
|    loss                 | -0.178      |
|    n_updates            | 470         |
|    policy_gradient_loss | -0.0391     |
|    std                  | 1.14        |
|    value_loss           | 0.000513    |
-----------------------------------------
Eval num_timesteps=100000, episode_reward=0.90 +/- 0.30
Episode length: 132.85 +/- 23.06
-----------------------------------------
| eval/                   |             |
|    mean_ep_length       | 133         |
|    mean_reward          | 0.9         |
| time/                   |             |
|    total_timesteps      | 100000      |
| train/                  |             |
|    approx_kl            | 0.060762107 |
|    clip_fraction        | 0.38        |
|    clip_range           | 0.2         |
|    entropy_loss         | -10.9       |
|    explained_variance   | 0.856       |
|    learning_rate        | 0.0003      |
|    loss                 | -0.194      |
|    n_updates            | 480         |
|    policy_gradient_loss | -0.0451     |
|    std                  | 1.14        |
|    value_loss           | 0.000847    |
-----------------------------------------
---------------------------------
| rollout/           |          |
|    ep_len_mean     | 140      |
|    ep_rew_mean     | 0.92     |
| time/              |          |
|    fps             | 3        |
|    iterations      | 49       |
|    time_elapsed    | 30864    |
|    total_timesteps | 100352   |
---------------------------------
-----------------------------------------
| rollout/                |             |
|    ep_len_mean          | 136         |
|    ep_rew_mean          | 0.95        |
| time/                   |             |
|    fps                  | 3           |
|    iterations           | 50          |
|    time_elapsed         | 31368       |
|    total_timesteps      | 102400      |
| train/                  |             |
|    approx_kl            | 0.044827476 |
|    clip_fraction        | 0.385       |
|    clip_range           | 0.2         |
|    entropy_loss         | -10.9       |
|    explained_variance   | 0.98        |
|    learning_rate        | 0.0003      |
|    loss                 | -0.182      |
|    n_updates            | 490         |
|    policy_gradient_loss | -0.0488     |
|    std                  | 1.14        |
|    value_loss           | 0.000275    |
-----------------------------------------
-----------------------------------------
| rollout/                |             |
|    ep_len_mean          | 134         |
|    ep_rew_mean          | 0.96        |
| time/                   |             |
|    fps                  | 3           |
|    iterations           | 51          |
|    time_elapsed         | 31871       |
|    total_timesteps      | 104448      |
| train/                  |             |
|    approx_kl            | 0.057062067 |
|    clip_fraction        | 0.397       |
|    clip_range           | 0.2         |
|    entropy_loss         | -10.8       |
|    explained_variance   | 0.957       |
|    learning_rate        | 0.0003      |
|    loss                 | -0.179      |
|    n_updates            | 500         |
|    policy_gradient_loss | -0.0468     |
|    std                  | 1.14        |
|    value_loss           | 0.000409    |
-----------------------------------------
-----------------------------------------
| rollout/                |             |
|    ep_len_mean          | 136         |
|    ep_rew_mean          | 0.93        |
| time/                   |             |
|    fps                  | 3           |
|    iterations           | 52          |
|    time_elapsed         | 32364       |
|    total_timesteps      | 106496      |
| train/                  |             |
|    approx_kl            | 0.048839103 |
|    clip_fraction        | 0.415       |
|    clip_range           | 0.2         |
|    entropy_loss         | -10.8       |
|    explained_variance   | 0.985       |
|    learning_rate        | 0.0003      |
|    loss                 | -0.134      |
|    n_updates            | 510         |
|    policy_gradient_loss | -0.0539     |
|    std                  | 1.14        |
|    value_loss           | 0.000249    |
-----------------------------------------
----------------------------------------
| rollout/                |            |
|    ep_len_mean          | 135        |
|    ep_rew_mean          | 0.91       |
| time/                   |            |
|    fps                  | 3          |
|    iterations           | 53         |
|    time_elapsed         | 32860      |
|    total_timesteps      | 108544     |
| train/                  |            |
|    approx_kl            | 0.07665937 |
|    clip_fraction        | 0.397      |
|    clip_range           | 0.2        |
|    entropy_loss         | -10.8      |
|    explained_variance   | 0.815      |
|    learning_rate        | 0.0003     |
|    loss                 | -0.166     |
|    n_updates            | 520        |
|    policy_gradient_loss | -0.0551    |
|    std                  | 1.14       |
|    value_loss           | 0.000713   |
----------------------------------------
Eval num_timesteps=110000, episode_reward=0.65 +/- 0.48
Episode length: 152.00 +/- 35.33
----------------------------------------
| eval/                   |            |
|    mean_ep_length       | 152        |
|    mean_reward          | 0.65       |
| time/                   |            |
|    total_timesteps      | 110000     |
| train/                  |            |
|    approx_kl            | 0.06519255 |
|    clip_fraction        | 0.371      |
|    clip_range           | 0.2        |
|    entropy_loss         | -10.8      |
|    explained_variance   | 0.89       |
|    learning_rate        | 0.0003     |
|    loss                 | -0.179     |
|    n_updates            | 530        |
|    policy_gradient_loss | -0.0406    |
|    std                  | 1.13       |
|    value_loss           | 0.000654   |
----------------------------------------
---------------------------------
| rollout/           |          |
|    ep_len_mean     | 134      |
|    ep_rew_mean     | 0.92     |
| time/              |          |
|    fps             | 3        |
|    iterations      | 54       |
|    time_elapsed    | 34084    |
|    total_timesteps | 110592   |
---------------------------------
----------------------------------------
| rollout/                |            |
|    ep_len_mean          | 134        |
|    ep_rew_mean          | 0.9        |
| time/                   |            |
|    fps                  | 3          |
|    iterations           | 55         |
|    time_elapsed         | 34588      |
|    total_timesteps      | 112640     |
| train/                  |            |
|    approx_kl            | 0.05353921 |
|    clip_fraction        | 0.4        |
|    clip_range           | 0.2        |
|    entropy_loss         | -10.8      |
|    explained_variance   | 0.879      |
|    learning_rate        | 0.0003     |
|    loss                 | -0.171     |
|    n_updates            | 540        |
|    policy_gradient_loss | -0.0411    |
|    std                  | 1.13       |
|    value_loss           | 0.00132    |
----------------------------------------
----------------------------------------
| rollout/                |            |
|    ep_len_mean          | 136        |
|    ep_rew_mean          | 0.88       |
| time/                   |            |
|    fps                  | 3          |
|    iterations           | 56         |
|    time_elapsed         | 35091      |
|    total_timesteps      | 114688     |
| train/                  |            |
|    approx_kl            | 0.06199205 |
|    clip_fraction        | 0.385      |
|    clip_range           | 0.2        |
|    entropy_loss         | -10.8      |
|    explained_variance   | 0.812      |
|    learning_rate        | 0.0003     |
|    loss                 | -0.184     |
|    n_updates            | 550        |
|    policy_gradient_loss | -0.039     |
|    std                  | 1.14       |
|    value_loss           | 0.000792   |
----------------------------------------
----------------------------------------
| rollout/                |            |
|    ep_len_mean          | 136        |
|    ep_rew_mean          | 0.87       |
| time/                   |            |
|    fps                  | 3          |
|    iterations           | 57         |
|    time_elapsed         | 35596      |
|    total_timesteps      | 116736     |
| train/                  |            |
|    approx_kl            | 0.06539969 |
|    clip_fraction        | 0.38       |
|    clip_range           | 0.2        |
|    entropy_loss         | -10.9      |
|    explained_variance   | 0.915      |
|    learning_rate        | 0.0003     |
|    loss                 | -0.178     |
|    n_updates            | 560        |
|    policy_gradient_loss | -0.0446    |
|    std                  | 1.14       |
|    value_loss           | 0.000633   |
----------------------------------------
----------------------------------------
| rollout/                |            |
|    ep_len_mean          | 136        |
|    ep_rew_mean          | 0.87       |
| time/                   |            |
|    fps                  | 3          |
|    iterations           | 58         |
|    time_elapsed         | 36097      |
|    total_timesteps      | 118784     |
| train/                  |            |
|    approx_kl            | 0.07679753 |
|    clip_fraction        | 0.412      |
|    clip_range           | 0.2        |
|    entropy_loss         | -10.9      |
|    explained_variance   | 0.883      |
|    learning_rate        | 0.0003     |
|    loss                 | -0.165     |
|    n_updates            | 570        |
|    policy_gradient_loss | -0.049     |
|    std                  | 1.14       |
|    value_loss           | 0.000898   |
----------------------------------------
Eval num_timesteps=120000, episode_reward=0.75 +/- 0.43
Episode length: 143.95 +/- 33.08
-----------------------------------------
| eval/                   |             |
|    mean_ep_length       | 144         |
|    mean_reward          | 0.75        |
| time/                   |             |
|    total_timesteps      | 120000      |
| train/                  |             |
|    approx_kl            | 0.055953614 |
|    clip_fraction        | 0.411       |
|    clip_range           | 0.2         |
|    entropy_loss         | -10.9       |
|    explained_variance   | 0.945       |
|    learning_rate        | 0.0003      |
|    loss                 | -0.187      |
|    n_updates            | 580         |
|    policy_gradient_loss | -0.0427     |
|    std                  | 1.15        |
|    value_loss           | 0.000467    |
-----------------------------------------
---------------------------------
| rollout/           |          |
|    ep_len_mean     | 137      |
|    ep_rew_mean     | 0.86     |
| time/              |          |
|    fps             | 3        |
|    iterations      | 59       |
|    time_elapsed    | 37273    |
|    total_timesteps | 120832   |
---------------------------------
----------------------------------------
| rollout/                |            |
|    ep_len_mean          | 136        |
|    ep_rew_mean          | 0.86       |
| time/                   |            |
|    fps                  | 3          |
|    iterations           | 60         |
|    time_elapsed         | 37775      |
|    total_timesteps      | 122880     |
| train/                  |            |
|    approx_kl            | 0.06969677 |
|    clip_fraction        | 0.399      |
|    clip_range           | 0.2        |
|    entropy_loss         | -10.9      |
|    explained_variance   | 0.864      |
|    learning_rate        | 0.0003     |
|    loss                 | -0.168     |
|    n_updates            | 590        |
|    policy_gradient_loss | -0.0479    |
|    std                  | 1.15       |
|    value_loss           | 0.000661   |
----------------------------------------
-----------------------------------------
| rollout/                |             |
|    ep_len_mean          | 136         |
|    ep_rew_mean          | 0.86        |
| time/                   |             |
|    fps                  | 3           |
|    iterations           | 61          |
|    time_elapsed         | 38275       |
|    total_timesteps      | 124928      |
| train/                  |             |
|    approx_kl            | 0.052824073 |
|    clip_fraction        | 0.397       |
|    clip_range           | 0.2         |
|    entropy_loss         | -10.9       |
|    explained_variance   | 0.906       |
|    learning_rate        | 0.0003      |
|    loss                 | -0.16       |
|    n_updates            | 600         |
|    policy_gradient_loss | -0.0477     |
|    std                  | 1.15        |
|    value_loss           | 0.000717    |
-----------------------------------------
----------------------------------------
| rollout/                |            |
|    ep_len_mean          | 134        |
|    ep_rew_mean          | 0.88       |
| time/                   |            |
|    fps                  | 3          |
|    iterations           | 62         |
|    time_elapsed         | 38782      |
|    total_timesteps      | 126976     |
| train/                  |            |
|    approx_kl            | 0.06518612 |
|    clip_fraction        | 0.389      |
|    clip_range           | 0.2        |
|    entropy_loss         | -10.9      |
|    explained_variance   | 0.968      |
|    learning_rate        | 0.0003     |
|    loss                 | -0.203     |
|    n_updates            | 610        |
|    policy_gradient_loss | -0.0451    |
|    std                  | 1.16       |
|    value_loss           | 0.000316   |
----------------------------------------
-----------------------------------------
| rollout/                |             |
|    ep_len_mean          | 133         |
|    ep_rew_mean          | 0.89        |
| time/                   |             |
|    fps                  | 3           |
|    iterations           | 63          |
|    time_elapsed         | 39287       |
|    total_timesteps      | 129024      |
| train/                  |             |
|    approx_kl            | 0.043576967 |
|    clip_fraction        | 0.391       |
|    clip_range           | 0.2         |
|    entropy_loss         | -11         |
|    explained_variance   | 0.962       |
|    learning_rate        | 0.0003      |
|    loss                 | -0.195      |
|    n_updates            | 620         |
|    policy_gradient_loss | -0.045      |
|    std                  | 1.16        |
|    value_loss           | 0.00036     |
-----------------------------------------
Eval num_timesteps=130000, episode_reward=0.90 +/- 0.30
Episode length: 126.45 +/- 25.08
----------------------------------------
| eval/                   |            |
|    mean_ep_length       | 126        |
|    mean_reward          | 0.9        |
| time/                   |            |
|    total_timesteps      | 130000     |
| train/                  |            |
|    approx_kl            | 0.04862196 |
|    clip_fraction        | 0.398      |
|    clip_range           | 0.2        |
|    entropy_loss         | -11        |
|    explained_variance   | 0.942      |
|    learning_rate        | 0.0003     |
|    loss                 | -0.202     |
|    n_updates            | 630        |
|    policy_gradient_loss | -0.0482    |
|    std                  | 1.16       |
|    value_loss           | 0.000503   |
----------------------------------------
---------------------------------
| rollout/           |          |
|    ep_len_mean     | 133      |
|    ep_rew_mean     | 0.89     |
| time/              |          |
|    fps             | 3        |
|    iterations      | 64       |
|    time_elapsed    | 40394    |
|    total_timesteps | 131072   |
---------------------------------
-----------------------------------------
| rollout/                |             |
|    ep_len_mean          | 135         |
|    ep_rew_mean          | 0.86        |
| time/                   |             |
|    fps                  | 3           |
|    iterations           | 65          |
|    time_elapsed         | 40900       |
|    total_timesteps      | 133120      |
| train/                  |             |
|    approx_kl            | 0.062231973 |
|    clip_fraction        | 0.445       |
|    clip_range           | 0.2         |
|    entropy_loss         | -11         |
|    explained_variance   | 0.975       |
|    learning_rate        | 0.0003      |
|    loss                 | -0.155      |
|    n_updates            | 640         |
|    policy_gradient_loss | -0.0548     |
|    std                  | 1.16        |
|    value_loss           | 0.000438    |
-----------------------------------------
-----------------------------------------
| rollout/                |             |
|    ep_len_mean          | 132         |
|    ep_rew_mean          | 0.89        |
| time/                   |             |
|    fps                  | 3           |
|    iterations           | 66          |
|    time_elapsed         | 41406       |
|    total_timesteps      | 135168      |
| train/                  |             |
|    approx_kl            | 0.057530414 |
|    clip_fraction        | 0.419       |
|    clip_range           | 0.2         |
|    entropy_loss         | -11         |
|    explained_variance   | 0.96        |
|    learning_rate        | 0.0003      |
|    loss                 | -0.183      |
|    n_updates            | 650         |
|    policy_gradient_loss | -0.0451     |
|    std                  | 1.16        |
|    value_loss           | 0.000729    |
-----------------------------------------
-----------------------------------------
| rollout/                |             |
|    ep_len_mean          | 130         |
|    ep_rew_mean          | 0.92        |
| time/                   |             |
|    fps                  | 3           |
|    iterations           | 67          |
|    time_elapsed         | 41914       |
|    total_timesteps      | 137216      |
| train/                  |             |
|    approx_kl            | 0.056692425 |
|    clip_fraction        | 0.412       |
|    clip_range           | 0.2         |
|    entropy_loss         | -11         |
|    explained_variance   | 0.976       |
|    learning_rate        | 0.0003      |
|    loss                 | -0.164      |
|    n_updates            | 660         |
|    policy_gradient_loss | -0.0531     |
|    std                  | 1.16        |
|    value_loss           | 0.00028     |
-----------------------------------------
----------------------------------------
| rollout/                |            |
|    ep_len_mean          | 131        |
|    ep_rew_mean          | 0.9        |
| time/                   |            |
|    fps                  | 3          |
|    iterations           | 68         |
|    time_elapsed         | 42411      |
|    total_timesteps      | 139264     |
| train/                  |            |
|    approx_kl            | 0.04898245 |
|    clip_fraction        | 0.41       |
|    clip_range           | 0.2        |
|    entropy_loss         | -11        |
|    explained_variance   | 0.972      |
|    learning_rate        | 0.0003     |
|    loss                 | -0.176     |
|    n_updates            | 670        |
|    policy_gradient_loss | -0.0477    |
|    std                  | 1.16       |
|    value_loss           | 0.000321   |
----------------------------------------
Eval num_timesteps=140000, episode_reward=0.80 +/- 0.40
Episode length: 140.25 +/- 31.85
----------------------------------------
| eval/                   |            |
|    mean_ep_length       | 140        |
|    mean_reward          | 0.8        |
| time/                   |            |
|    total_timesteps      | 140000     |
| train/                  |            |
|    approx_kl            | 0.09750099 |
|    clip_fraction        | 0.41       |
|    clip_range           | 0.2        |
|    entropy_loss         | -10.9      |
|    explained_variance   | 0.905      |
|    learning_rate        | 0.0003     |
|    loss                 | -0.154     |
|    n_updates            | 680        |
|    policy_gradient_loss | -0.0366    |
|    std                  | 1.15       |
|    value_loss           | 0.000559   |
----------------------------------------
---------------------------------
| rollout/           |          |
|    ep_len_mean     | 129      |
|    ep_rew_mean     | 0.92     |
| time/              |          |
|    fps             | 3        |
|    iterations      | 69       |
|    time_elapsed    | 43584    |
|    total_timesteps | 141312   |
---------------------------------
----------------------------------------
| rollout/                |            |
|    ep_len_mean          | 130        |
|    ep_rew_mean          | 0.91       |
| time/                   |            |
|    fps                  | 3          |
|    iterations           | 70         |
|    time_elapsed         | 44089      |
|    total_timesteps      | 143360     |
| train/                  |            |
|    approx_kl            | 0.04670135 |
|    clip_fraction        | 0.405      |
|    clip_range           | 0.2        |
|    entropy_loss         | -10.9      |
|    explained_variance   | 0.99       |
|    learning_rate        | 0.0003     |
|    loss                 | -0.197     |
|    n_updates            | 690        |
|    policy_gradient_loss | -0.0537    |
|    std                  | 1.15       |
|    value_loss           | 0.000144   |
----------------------------------------
----------------------------------------
| rollout/                |            |
|    ep_len_mean          | 127        |
|    ep_rew_mean          | 0.94       |
| time/                   |            |
|    fps                  | 3          |
|    iterations           | 71         |
|    time_elapsed         | 44589      |
|    total_timesteps      | 145408     |
| train/                  |            |
|    approx_kl            | 0.07280133 |
|    clip_fraction        | 0.409      |
|    clip_range           | 0.2        |
|    entropy_loss         | -10.9      |
|    explained_variance   | 0.889      |
|    learning_rate        | 0.0003     |
|    loss                 | -0.177     |
|    n_updates            | 700        |
|    policy_gradient_loss | -0.052     |
|    std                  | 1.15       |
|    value_loss           | 0.000711   |
----------------------------------------
-----------------------------------------
| rollout/                |             |
|    ep_len_mean          | 130         |
|    ep_rew_mean          | 0.91        |
| time/                   |             |
|    fps                  | 3           |
|    iterations           | 72          |
|    time_elapsed         | 45092       |
|    total_timesteps      | 147456      |
| train/                  |             |
|    approx_kl            | 0.054656047 |
|    clip_fraction        | 0.398       |
|    clip_range           | 0.2         |
|    entropy_loss         | -10.9       |
|    explained_variance   | 0.925       |
|    learning_rate        | 0.0003      |
|    loss                 | -0.18       |
|    n_updates            | 710         |
|    policy_gradient_loss | -0.0432     |
|    std                  | 1.16        |
|    value_loss           | 0.000461    |
-----------------------------------------
----------------------------------------
| rollout/                |            |
|    ep_len_mean          | 131        |
|    ep_rew_mean          | 0.9        |
| time/                   |            |
|    fps                  | 3          |
|    iterations           | 73         |
|    time_elapsed         | 45600      |
|    total_timesteps      | 149504     |
| train/                  |            |
|    approx_kl            | 0.06869062 |
|    clip_fraction        | 0.425      |
|    clip_range           | 0.2        |
|    entropy_loss         | -10.9      |
|    explained_variance   | 0.889      |
|    learning_rate        | 0.0003     |
|    loss                 | -0.191     |
|    n_updates            | 720        |
|    policy_gradient_loss | -0.0472    |
|    std                  | 1.15       |
|    value_loss           | 0.000641   |
----------------------------------------
Eval num_timesteps=150000, episode_reward=0.85 +/- 0.36
Episode length: 128.40 +/- 30.66
-----------------------------------------
| eval/                   |             |
|    mean_ep_length       | 128         |
|    mean_reward          | 0.85        |
| time/                   |             |
|    total_timesteps      | 150000      |
| train/                  |             |
|    approx_kl            | 0.062393267 |
|    clip_fraction        | 0.426       |
|    clip_range           | 0.2         |
|    entropy_loss         | -10.9       |
|    explained_variance   | 0.95        |
|    learning_rate        | 0.0003      |
|    loss                 | -0.158      |
|    n_updates            | 730         |
|    policy_gradient_loss | -0.0401     |
|    std                  | 1.15        |
|    value_loss           | 0.000529    |
-----------------------------------------
---------------------------------
| rollout/           |          |
|    ep_len_mean     | 130      |
|    ep_rew_mean     | 0.91     |
| time/              |          |
|    fps             | 3        |
|    iterations      | 74       |
|    time_elapsed    | 46721    |
|    total_timesteps | 151552   |
---------------------------------
----------------------------------------
| rollout/                |            |
|    ep_len_mean          | 131        |
|    ep_rew_mean          | 0.9        |
| time/                   |            |
|    fps                  | 3          |
|    iterations           | 75         |
|    time_elapsed         | 47231      |
|    total_timesteps      | 153600     |
| train/                  |            |
|    approx_kl            | 0.07164383 |
|    clip_fraction        | 0.409      |
|    clip_range           | 0.2        |
|    entropy_loss         | -10.9      |
|    explained_variance   | 0.931      |
|    learning_rate        | 0.0003     |
|    loss                 | -0.183     |
|    n_updates            | 740        |
|    policy_gradient_loss | -0.0429    |
|    std                  | 1.15       |
|    value_loss           | 0.00056    |
----------------------------------------
----------------------------------------
| rollout/                |            |
|    ep_len_mean          | 131        |
|    ep_rew_mean          | 0.91       |
| time/                   |            |
|    fps                  | 3          |
|    iterations           | 76         |
|    time_elapsed         | 47732      |
|    total_timesteps      | 155648     |
| train/                  |            |
|    approx_kl            | 0.07283603 |
|    clip_fraction        | 0.434      |
|    clip_range           | 0.2        |
|    entropy_loss         | -10.9      |
|    explained_variance   | 0.964      |
|    learning_rate        | 0.0003     |
|    loss                 | -0.186     |
|    n_updates            | 750        |
|    policy_gradient_loss | -0.0514    |
|    std                  | 1.15       |
|    value_loss           | 0.000315   |
----------------------------------------
----------------------------------------
| rollout/                |            |
|    ep_len_mean          | 131        |
|    ep_rew_mean          | 0.91       |
| time/                   |            |
|    fps                  | 3          |
|    iterations           | 77         |
|    time_elapsed         | 48232      |
|    total_timesteps      | 157696     |
| train/                  |            |
|    approx_kl            | 0.06409346 |
|    clip_fraction        | 0.412      |
|    clip_range           | 0.2        |
|    entropy_loss         | -10.9      |
|    explained_variance   | 0.959      |
|    learning_rate        | 0.0003     |
|    loss                 | -0.177     |
|    n_updates            | 760        |
|    policy_gradient_loss | -0.0444    |
|    std                  | 1.15       |
|    value_loss           | 0.000442   |
----------------------------------------
-----------------------------------------
| rollout/                |             |
|    ep_len_mean          | 130         |
|    ep_rew_mean          | 0.92        |
| time/                   |             |
|    fps                  | 3           |
|    iterations           | 78          |
|    time_elapsed         | 48734       |
|    total_timesteps      | 159744      |
| train/                  |             |
|    approx_kl            | 0.054792285 |
|    clip_fraction        | 0.423       |
|    clip_range           | 0.2         |
|    entropy_loss         | -10.9       |
|    explained_variance   | 0.946       |
|    learning_rate        | 0.0003      |
|    loss                 | -0.215      |
|    n_updates            | 770         |
|    policy_gradient_loss | -0.0491     |
|    std                  | 1.16        |
|    value_loss           | 0.000465    |
-----------------------------------------
Eval num_timesteps=160000, episode_reward=0.90 +/- 0.30
Episode length: 130.25 +/- 24.53
----------------------------------------
| eval/                   |            |
|    mean_ep_length       | 130        |
|    mean_reward          | 0.9        |
| time/                   |            |
|    total_timesteps      | 160000     |
| train/                  |            |
|    approx_kl            | 0.06268777 |
|    clip_fraction        | 0.428      |
|    clip_range           | 0.2        |
|    entropy_loss         | -11        |
|    explained_variance   | 0.962      |
|    learning_rate        | 0.0003     |
|    loss                 | -0.187     |
|    n_updates            | 780        |
|    policy_gradient_loss | -0.0506    |
|    std                  | 1.16       |
|    value_loss           | 0.000415   |
----------------------------------------
---------------------------------
| rollout/           |          |
|    ep_len_mean     | 128      |
|    ep_rew_mean     | 0.94     |
| time/              |          |
|    fps             | 3        |
|    iterations      | 79       |
|    time_elapsed    | 49868    |
|    total_timesteps | 161792   |
---------------------------------
-----------------------------------------
| rollout/                |             |
|    ep_len_mean          | 129         |
|    ep_rew_mean          | 0.93        |
| time/                   |             |
|    fps                  | 3           |
|    iterations           | 80          |
|    time_elapsed         | 50368       |
|    total_timesteps      | 163840      |
| train/                  |             |
|    approx_kl            | 0.058407065 |
|    clip_fraction        | 0.445       |
|    clip_range           | 0.2         |
|    entropy_loss         | -11         |
|    explained_variance   | 0.977       |
|    learning_rate        | 0.0003      |
|    loss                 | -0.187      |
|    n_updates            | 790         |
|    policy_gradient_loss | -0.0535     |
|    std                  | 1.17        |
|    value_loss           | 0.000238    |
-----------------------------------------
----------------------------------------
| rollout/                |            |
|    ep_len_mean          | 131        |
|    ep_rew_mean          | 0.91       |
| time/                   |            |
|    fps                  | 3          |
|    iterations           | 81         |
|    time_elapsed         | 50867      |
|    total_timesteps      | 165888     |
| train/                  |            |
|    approx_kl            | 0.06726834 |
|    clip_fraction        | 0.417      |
|    clip_range           | 0.2        |
|    entropy_loss         | -11        |
|    explained_variance   | 0.932      |
|    learning_rate        | 0.0003     |
|    loss                 | -0.159     |
|    n_updates            | 800        |
|    policy_gradient_loss | -0.0453    |
|    std                  | 1.17       |
|    value_loss           | 0.000553   |
----------------------------------------
----------------------------------------
| rollout/                |            |
|    ep_len_mean          | 129        |
|    ep_rew_mean          | 0.92       |
| time/                   |            |
|    fps                  | 3          |
|    iterations           | 82         |
|    time_elapsed         | 51375      |
|    total_timesteps      | 167936     |
| train/                  |            |
|    approx_kl            | 0.06804742 |
|    clip_fraction        | 0.421      |
|    clip_range           | 0.2        |
|    entropy_loss         | -11        |
|    explained_variance   | 0.854      |
|    learning_rate        | 0.0003     |
|    loss                 | -0.181     |
|    n_updates            | 810        |
|    policy_gradient_loss | -0.0499    |
|    std                  | 1.17       |
|    value_loss           | 0.0014     |
----------------------------------------
-----------------------------------------
| rollout/                |             |
|    ep_len_mean          | 128         |
|    ep_rew_mean          | 0.93        |
| time/                   |             |
|    fps                  | 3           |
|    iterations           | 83          |
|    time_elapsed         | 51885       |
|    total_timesteps      | 169984      |
| train/                  |             |
|    approx_kl            | 0.054055866 |
|    clip_fraction        | 0.42        |
|    clip_range           | 0.2         |
|    entropy_loss         | -11         |
|    explained_variance   | 0.912       |
|    learning_rate        | 0.0003      |
|    loss                 | -0.172      |
|    n_updates            | 820         |
|    policy_gradient_loss | -0.0432     |
|    std                  | 1.18        |
|    value_loss           | 0.000537    |
-----------------------------------------
Eval num_timesteps=170000, episode_reward=0.90 +/- 0.30
Episode length: 129.75 +/- 24.70
-----------------------------------------
| eval/                   |             |
|    mean_ep_length       | 130         |
|    mean_reward          | 0.9         |
| time/                   |             |
|    total_timesteps      | 170000      |
| train/                  |             |
|    approx_kl            | 0.055443827 |
|    clip_fraction        | 0.422       |
|    clip_range           | 0.2         |
|    entropy_loss         | -11.1       |
|    explained_variance   | 0.929       |
|    learning_rate        | 0.0003      |
|    loss                 | -0.195      |
|    n_updates            | 830         |
|    policy_gradient_loss | -0.0462     |
|    std                  | 1.18        |
|    value_loss           | 0.000483    |
-----------------------------------------
---------------------------------
| rollout/           |          |
|    ep_len_mean     | 131      |
|    ep_rew_mean     | 0.9      |
| time/              |          |
|    fps             | 3        |
|    iterations      | 84       |
|    time_elapsed    | 53000    |
|    total_timesteps | 172032   |
---------------------------------
----------------------------------------
| rollout/                |            |
|    ep_len_mean          | 130        |
|    ep_rew_mean          | 0.91       |
| time/                   |            |
|    fps                  | 3          |
|    iterations           | 85         |
|    time_elapsed         | 53507      |
|    total_timesteps      | 174080     |
| train/                  |            |
|    approx_kl            | 0.06408264 |
|    clip_fraction        | 0.419      |
|    clip_range           | 0.2        |
|    entropy_loss         | -11.1      |
|    explained_variance   | 0.865      |
|    learning_rate        | 0.0003     |
|    loss                 | -0.207     |
|    n_updates            | 840        |
|    policy_gradient_loss | -0.0558    |
|    std                  | 1.18       |
|    value_loss           | 0.00106    |
----------------------------------------
-----------------------------------------
| rollout/                |             |
|    ep_len_mean          | 129         |
|    ep_rew_mean          | 0.92        |
| time/                   |             |
|    fps                  | 3           |
|    iterations           | 86          |
|    time_elapsed         | 54010       |
|    total_timesteps      | 176128      |
| train/                  |             |
|    approx_kl            | 0.061610486 |
|    clip_fraction        | 0.433       |
|    clip_range           | 0.2         |
|    entropy_loss         | -11.1       |
|    explained_variance   | 0.958       |
|    learning_rate        | 0.0003      |
|    loss                 | -0.196      |
|    n_updates            | 850         |
|    policy_gradient_loss | -0.0541     |
|    std                  | 1.19        |
|    value_loss           | 0.00045     |
-----------------------------------------
---------------------------------------
| rollout/                |           |
|    ep_len_mean          | 128       |
|    ep_rew_mean          | 0.93      |
| time/                   |           |
|    fps                  | 3         |
|    iterations           | 87        |
|    time_elapsed         | 54515     |
|    total_timesteps      | 178176    |
| train/                  |           |
|    approx_kl            | 0.0664672 |
|    clip_fraction        | 0.466     |
|    clip_range           | 0.2       |
|    entropy_loss         | -11.1     |
|    explained_variance   | 0.975     |
|    learning_rate        | 0.0003    |
|    loss                 | -0.212    |
|    n_updates            | 860       |
|    policy_gradient_loss | -0.0658   |
|    std                  | 1.18      |
|    value_loss           | 0.000333  |
---------------------------------------
Eval num_timesteps=180000, episode_reward=1.00 +/- 0.00
Episode length: 119.05 +/- 4.35
-----------------------------------------
| eval/                   |             |
|    mean_ep_length       | 119         |
|    mean_reward          | 1           |
| time/                   |             |
|    total_timesteps      | 180000      |
| train/                  |             |
|    approx_kl            | 0.061735053 |
|    clip_fraction        | 0.43        |
|    clip_range           | 0.2         |
|    entropy_loss         | -11.1       |
|    explained_variance   | 0.978       |
|    learning_rate        | 0.0003      |
|    loss                 | -0.201      |
|    n_updates            | 870         |
|    policy_gradient_loss | -0.0532     |
|    std                  | 1.18        |
|    value_loss           | 0.000299    |
-----------------------------------------
---------------------------------
| rollout/           |          |
|    ep_len_mean     | 126      |
|    ep_rew_mean     | 0.94     |
| time/              |          |
|    fps             | 3        |
|    iterations      | 88       |
|    time_elapsed    | 55585    |
|    total_timesteps | 180224   |
---------------------------------
----------------------------------------
| rollout/                |            |
|    ep_len_mean          | 127        |
|    ep_rew_mean          | 0.93       |
| time/                   |            |
|    fps                  | 3          |
|    iterations           | 89         |
|    time_elapsed         | 56094      |
|    total_timesteps      | 182272     |
| train/                  |            |
|    approx_kl            | 0.07074536 |
|    clip_fraction        | 0.428      |
|    clip_range           | 0.2        |
|    entropy_loss         | -11.1      |
|    explained_variance   | 0.966      |
|    learning_rate        | 0.0003     |
|    loss                 | -0.167     |
|    n_updates            | 880        |
|    policy_gradient_loss | -0.0505    |
|    std                  | 1.18       |
|    value_loss           | 0.000334   |
----------------------------------------
-----------------------------------------
| rollout/                |             |
|    ep_len_mean          | 124         |
|    ep_rew_mean          | 0.96        |
| time/                   |             |
|    fps                  | 3           |
|    iterations           | 90          |
|    time_elapsed         | 56597       |
|    total_timesteps      | 184320      |
| train/                  |             |
|    approx_kl            | 0.058683515 |
|    clip_fraction        | 0.424       |
|    clip_range           | 0.2         |
|    entropy_loss         | -11.1       |
|    explained_variance   | 0.939       |
|    learning_rate        | 0.0003      |
|    loss                 | -0.165      |
|    n_updates            | 890         |
|    policy_gradient_loss | -0.0533     |
|    std                  | 1.18        |
|    value_loss           | 0.000565    |
-----------------------------------------
----------------------------------------
| rollout/                |            |
|    ep_len_mean          | 124        |
|    ep_rew_mean          | 0.96       |
| time/                   |            |
|    fps                  | 3          |
|    iterations           | 91         |
|    time_elapsed         | 57104      |
|    total_timesteps      | 186368     |
| train/                  |            |
|    approx_kl            | 0.06851184 |
|    clip_fraction        | 0.427      |
|    clip_range           | 0.2        |
|    entropy_loss         | -11.1      |
|    explained_variance   | 0.964      |
|    learning_rate        | 0.0003     |
|    loss                 | -0.139     |
|    n_updates            | 900        |
|    policy_gradient_loss | -0.0501    |
|    std                  | 1.18       |
|    value_loss           | 0.000402   |
----------------------------------------
----------------------------------------
| rollout/                |            |
|    ep_len_mean          | 123        |
|    ep_rew_mean          | 0.96       |
| time/                   |            |
|    fps                  | 3          |
|    iterations           | 92         |
|    time_elapsed         | 57615      |
|    total_timesteps      | 188416     |
| train/                  |            |
|    approx_kl            | 0.05924291 |
|    clip_fraction        | 0.444      |
|    clip_range           | 0.2        |
|    entropy_loss         | -11.1      |
|    explained_variance   | 0.961      |
|    learning_rate        | 0.0003     |
|    loss                 | -0.186     |
|    n_updates            | 910        |
|    policy_gradient_loss | -0.0475    |
|    std                  | 1.18       |
|    value_loss           | 0.000376   |
----------------------------------------
Eval num_timesteps=190000, episode_reward=0.95 +/- 0.22
Episode length: 123.65 +/- 18.17
-----------------------------------------
| eval/                   |             |
|    mean_ep_length       | 124         |
|    mean_reward          | 0.95        |
| time/                   |             |
|    total_timesteps      | 190000      |
| train/                  |             |
|    approx_kl            | 0.063949905 |
|    clip_fraction        | 0.452       |
|    clip_range           | 0.2         |
|    entropy_loss         | -11.1       |
|    explained_variance   | 0.982       |
|    learning_rate        | 0.0003      |
|    loss                 | -0.2        |
|    n_updates            | 920         |
|    policy_gradient_loss | -0.0611     |
|    std                  | 1.18        |
|    value_loss           | 0.000239    |
-----------------------------------------
---------------------------------
| rollout/           |          |
|    ep_len_mean     | 122      |
|    ep_rew_mean     | 0.97     |
| time/              |          |
|    fps             | 3        |
|    iterations      | 93       |
|    time_elapsed    | 58707    |
|    total_timesteps | 190464   |
---------------------------------
